[0.442s] Invoking command in '/home/erds/barns_ws/build/pickn_place': CMAKE_PREFIX_PATH=${CMAKE_PREFIX_PATH}:/home/erds/ws_moveit/install/launch_param_builder:/home/erds/barns_ws/install/servo_action:/home/erds/barns_ws/install/dobot_bringup_v3:/home/erds/barns_ws/install/dobot_moveit:/home/erds/barns_ws/install/dobot_demo:/opt/ros/humble /usr/bin/cmake --build /home/erds/barns_ws/build/pickn_place -- -j16 -l16
[0.461s] -- Found ament_cmake: 1.3.11 (/opt/ros/humble/share/ament_cmake/cmake)
[0.576s] -- Found ament_index_cpp: 1.4.0 (/opt/ros/humble/share/ament_index_cpp/cmake)
[0.576s] -- Found rclcpp: 16.0.11 (/opt/ros/humble/share/rclcpp/cmake)
[0.600s] -- Found rosidl_generator_c: 3.1.6 (/opt/ros/humble/share/rosidl_generator_c/cmake)
[0.602s] -- Found rosidl_adapter: 3.1.6 (/opt/ros/humble/share/rosidl_adapter/cmake)
[0.606s] -- Found rosidl_generator_cpp: 3.1.6 (/opt/ros/humble/share/rosidl_generator_cpp/cmake)
[0.614s] -- Using all available rosidl_typesupport_c: rosidl_typesupport_fastrtps_c;rosidl_typesupport_introspection_c
[0.625s] -- Using all available rosidl_typesupport_cpp: rosidl_typesupport_fastrtps_cpp;rosidl_typesupport_introspection_cpp
[0.651s] -- Found rmw_implementation_cmake: 6.1.2 (/opt/ros/humble/share/rmw_implementation_cmake/cmake)
[0.652s] -- Found rmw_fastrtps_cpp: 6.2.7 (/opt/ros/humble/share/rmw_fastrtps_cpp/cmake)
[0.849s] -- Using RMW implementation 'rmw_fastrtps_cpp' as default
[0.887s] -- Configuring done
[0.887s] -- Generating done
[0.888s] -- Build files have been written to: /home/erds/barns_ws/build/pickn_place
[0.908s] Invoked command in '/home/erds/barns_ws/build/pickn_place' returned '0': CMAKE_PREFIX_PATH=${CMAKE_PREFIX_PATH}:/home/erds/ws_moveit/install/launch_param_builder:/home/erds/barns_ws/install/servo_action:/home/erds/barns_ws/install/dobot_bringup_v3:/home/erds/barns_ws/install/dobot_moveit:/home/erds/barns_ws/install/dobot_demo:/opt/ros/humble /usr/bin/cmake --build /home/erds/barns_ws/build/pickn_place -- -j16 -l16
[0.910s] Invoking command in '/home/erds/barns_ws/build/pickn_place': CMAKE_PREFIX_PATH=${CMAKE_PREFIX_PATH}:/home/erds/ws_moveit/install/launch_param_builder:/home/erds/barns_ws/install/servo_action:/home/erds/barns_ws/install/dobot_bringup_v3:/home/erds/barns_ws/install/dobot_moveit:/home/erds/barns_ws/install/dobot_demo:/opt/ros/humble /usr/bin/cmake --install /home/erds/barns_ws/build/pickn_place
[0.917s] -- Install configuration: ""
[0.917s] -- Up-to-date: /home/erds/barns_ws/install/pickn_place/share/pickn_place/launch
[0.917s] -- Up-to-date: /home/erds/barns_ws/install/pickn_place/share/pickn_place/launch/display_urdf.launch.py
[0.917s] -- Installing: /home/erds/barns_ws/install/pickn_place/share/pickn_place/physical_things/urdf
[0.918s] -- Installing: /home/erds/barns_ws/install/pickn_place/share/pickn_place/physical_things/urdf/portafilter.urdf
[0.918s] -- Installing: /home/erds/barns_ws/install/pickn_place/share/pickn_place/physical_things/mesh
[0.918s] -- Installing: /home/erds/barns_ws/install/pickn_place/share/pickn_place/physical_things/mesh/portafilter.STL
[0.920s] -- Up-to-date: /home/erds/barns_ws/install/pickn_place/share/ament_index/resource_index/package_run_dependencies/pickn_place
[0.920s] -- Up-to-date: /home/erds/barns_ws/install/pickn_place/share/ament_index/resource_index/parent_prefix_path/pickn_place
[0.920s] -- Up-to-date: /home/erds/barns_ws/install/pickn_place/share/pickn_place/environment/ament_prefix_path.sh
[0.920s] -- Installing: /home/erds/barns_ws/install/pickn_place/share/pickn_place/environment/ament_prefix_path.dsv
[0.920s] -- Up-to-date: /home/erds/barns_ws/install/pickn_place/share/pickn_place/environment/path.sh
[0.920s] -- Installing: /home/erds/barns_ws/install/pickn_place/share/pickn_place/environment/path.dsv
[0.920s] -- Up-to-date: /home/erds/barns_ws/install/pickn_place/share/pickn_place/local_setup.bash
[0.920s] -- Up-to-date: /home/erds/barns_ws/install/pickn_place/share/pickn_place/local_setup.sh
[0.921s] -- Up-to-date: /home/erds/barns_ws/install/pickn_place/share/pickn_place/local_setup.zsh
[0.921s] -- Installing: /home/erds/barns_ws/install/pickn_place/share/pickn_place/local_setup.dsv
[0.921s] -- Installing: /home/erds/barns_ws/install/pickn_place/share/pickn_place/package.dsv
[0.921s] -- Up-to-date: /home/erds/barns_ws/install/pickn_place/share/ament_index/resource_index/packages/pickn_place
[0.921s] -- Up-to-date: /home/erds/barns_ws/install/pickn_place/share/pickn_place/cmake/pickn_placeConfig.cmake
[0.921s] -- Up-to-date: /home/erds/barns_ws/install/pickn_place/share/pickn_place/cmake/pickn_placeConfig-version.cmake
[0.921s] -- Up-to-date: /home/erds/barns_ws/install/pickn_place/share/pickn_place/package.xml
[1.137s] Invoked command in '/home/erds/barns_ws/build/pickn_place' returned '0': CMAKE_PREFIX_PATH=${CMAKE_PREFIX_PATH}:/home/erds/ws_moveit/install/launch_param_builder:/home/erds/barns_ws/install/servo_action:/home/erds/barns_ws/install/dobot_bringup_v3:/home/erds/barns_ws/install/dobot_moveit:/home/erds/barns_ws/install/dobot_demo:/opt/ros/humble /usr/bin/cmake --install /home/erds/barns_ws/build/pickn_place
