[1.843s] Invoking command in '/home/erds/barns_ws/src/pickn_place': PYTHONPATH=/home/erds/barns_ws/build/pickn_place/prefix_override:/usr/lib/python3/dist-packages/colcon_core/task/python/colcon_distutils_commands:/home/erds/barns_ws/install/pickn_place/lib/python3.10/site-packages:${PYTHONPATH} /usr/bin/python3 -W ignore:setup.py install is deprecated -W ignore:easy_install command is deprecated setup.py egg_info --egg-base ../../build/pickn_place build --build-base /home/erds/barns_ws/build/pickn_place/build install --record /home/erds/barns_ws/build/pickn_place/install.log --single-version-externally-managed install_data
[2.097s] /home/erds/.local/lib/python3.10/site-packages/setuptools/_distutils/dist.py:270: UserWarning: Unknown distribution option: 'tests_require'
[2.097s]   warnings.warn(msg)
[2.250s] running egg_info
[2.272s] writing ../../build/pickn_place/pickn_place.egg-info/PKG-INFO
[2.273s] writing dependency_links to ../../build/pickn_place/pickn_place.egg-info/dependency_links.txt
[2.273s] writing entry points to ../../build/pickn_place/pickn_place.egg-info/entry_points.txt
[2.273s] writing requirements to ../../build/pickn_place/pickn_place.egg-info/requires.txt
[2.274s] writing top-level names to ../../build/pickn_place/pickn_place.egg-info/top_level.txt
[2.320s] reading manifest file '../../build/pickn_place/pickn_place.egg-info/SOURCES.txt'
[2.323s] writing manifest file '../../build/pickn_place/pickn_place.egg-info/SOURCES.txt'
[2.323s] running build
[2.323s] running build_py
[2.324s] copying pickn_place/move.py -> /home/erds/barns_ws/build/pickn_place/build/lib/pickn_place
[2.324s] copying pickn_place/mount_frame_generator.py -> /home/erds/barns_ws/build/pickn_place/build/lib/pickn_place
[2.325s] copying pickn_place/calibrate_aruco.py -> /home/erds/barns_ws/build/pickn_place/build/lib/pickn_place
[2.325s] copying pickn_place/aruco_perception.py -> /home/erds/barns_ws/build/pickn_place/build/lib/pickn_place
[2.325s] copying pickn_place/perception_transform.py -> /home/erds/barns_ws/build/pickn_place/build/lib/pickn_place
[2.325s] copying pickn_place/calibrate_tool_mount.py -> /home/erds/barns_ws/build/pickn_place/build/lib/pickn_place
[2.325s] copying pickn_place/move2.py -> /home/erds/barns_ws/build/pickn_place/build/lib/pickn_place
[2.325s] running install
[2.333s] running install_lib
[2.357s] copying /home/erds/barns_ws/build/pickn_place/build/lib/pickn_place/move.py -> /home/erds/barns_ws/install/pickn_place/lib/python3.10/site-packages/pickn_place
[2.359s] byte-compiling /home/erds/barns_ws/install/pickn_place/lib/python3.10/site-packages/pickn_place/move.py to move.cpython-310.pyc
[2.362s] running install_data
[2.362s] copying package.xml -> /home/erds/barns_ws/install/pickn_place/share/pickn_place
[2.362s] copying share/aruco_config.yaml -> /home/erds/barns_ws/install/pickn_place/share/pickn_place
[2.363s] copying share/aruco_calibration.yaml -> /home/erds/barns_ws/install/pickn_place/share/pickn_place
[2.363s] copying share/arucoID_match.yaml -> /home/erds/barns_ws/install/pickn_place/share/pickn_place
[2.363s] copying share/portafilter_offsets.yaml -> /home/erds/barns_ws/install/pickn_place/share/pickn_place
[2.363s] running install_egg_info
[2.393s] removing '/home/erds/barns_ws/install/pickn_place/lib/python3.10/site-packages/pickn_place-0.0.0-py3.10.egg-info' (and everything under it)
[2.396s] Copying ../../build/pickn_place/pickn_place.egg-info to /home/erds/barns_ws/install/pickn_place/lib/python3.10/site-packages/pickn_place-0.0.0-py3.10.egg-info
[2.396s] running install_scripts
[2.604s] Installing aruco_perception script to /home/erds/barns_ws/install/pickn_place/lib/pickn_place
[2.604s] Installing calibrate_aruco script to /home/erds/barns_ws/install/pickn_place/lib/pickn_place
[2.605s] Installing mount_frame_generator script to /home/erds/barns_ws/install/pickn_place/lib/pickn_place
[2.605s] Installing perception_transform script to /home/erds/barns_ws/install/pickn_place/lib/pickn_place
[2.605s] writing list of installed files to '/home/erds/barns_ws/build/pickn_place/install.log'
[2.679s] Invoked command in '/home/erds/barns_ws/src/pickn_place' returned '0': PYTHONPATH=/home/erds/barns_ws/build/pickn_place/prefix_override:/usr/lib/python3/dist-packages/colcon_core/task/python/colcon_distutils_commands:/home/erds/barns_ws/install/pickn_place/lib/python3.10/site-packages:${PYTHONPATH} /usr/bin/python3 -W ignore:setup.py install is deprecated -W ignore:easy_install command is deprecated setup.py egg_info --egg-base ../../build/pickn_place build --build-base /home/erds/barns_ws/build/pickn_place/build install --record /home/erds/barns_ws/build/pickn_place/install.log --single-version-externally-managed install_data
