[1.780s] Invoking command in '/home/erds/barns_ws/src/servo_action': PYTHONPATH=/home/erds/barns_ws/build/servo_action/prefix_override:/usr/lib/python3/dist-packages/colcon_core/task/python/colcon_distutils_commands:/home/erds/barns_ws/install/servo_action/lib/python3.10/site-packages:${PYTHONPATH} /usr/bin/python3 -W ignore:setup.py install is deprecated -W ignore:easy_install command is deprecated setup.py egg_info --egg-base ../../build/servo_action build --build-base /home/erds/barns_ws/build/servo_action/build install --record /home/erds/barns_ws/build/servo_action/install.log --single-version-externally-managed install_data
[2.062s] running egg_info
[2.063s] writing ../../build/servo_action/servo_action.egg-info/PKG-INFO
[2.064s] writing dependency_links to ../../build/servo_action/servo_action.egg-info/dependency_links.txt
[2.064s] writing entry points to ../../build/servo_action/servo_action.egg-info/entry_points.txt
[2.064s] writing requirements to ../../build/servo_action/servo_action.egg-info/requires.txt
[2.064s] writing top-level names to ../../build/servo_action/servo_action.egg-info/top_level.txt
[2.067s] reading manifest file '../../build/servo_action/servo_action.egg-info/SOURCES.txt'
[2.068s] writing manifest file '../../build/servo_action/servo_action.egg-info/SOURCES.txt'
[2.068s] running build
[2.068s] running build_py
[2.069s] running install
[2.069s] running install_lib
[2.071s] running install_data
[2.071s] running install_egg_info
[2.073s] removing '/home/erds/barns_ws/install/servo_action/lib/python3.10/site-packages/servo_action-0.0.0-py3.10.egg-info' (and everything under it)
[2.073s] Copying ../../build/servo_action/servo_action.egg-info to /home/erds/barns_ws/install/servo_action/lib/python3.10/site-packages/servo_action-0.0.0-py3.10.egg-info
[2.074s] running install_scripts
[2.102s] Installing Joint_Position script to /home/erds/barns_ws/install/servo_action/lib/servo_action
[2.103s] Installing action_move_client script to /home/erds/barns_ws/install/servo_action/lib/servo_action
[2.104s] Installing action_move_client_reality script to /home/erds/barns_ws/install/servo_action/lib/servo_action
[2.104s] Installing action_move_server script to /home/erds/barns_ws/install/servo_action/lib/servo_action
[2.104s] Installing action_move_server_reality script to /home/erds/barns_ws/install/servo_action/lib/servo_action
[2.105s] writing list of installed files to '/home/erds/barns_ws/build/servo_action/install.log'
[2.165s] Invoked command in '/home/erds/barns_ws/src/servo_action' returned '0': PYTHONPATH=/home/erds/barns_ws/build/servo_action/prefix_override:/usr/lib/python3/dist-packages/colcon_core/task/python/colcon_distutils_commands:/home/erds/barns_ws/install/servo_action/lib/python3.10/site-packages:${PYTHONPATH} /usr/bin/python3 -W ignore:setup.py install is deprecated -W ignore:easy_install command is deprecated setup.py egg_info --egg-base ../../build/servo_action build --build-base /home/erds/barns_ws/build/servo_action/build install --record /home/erds/barns_ws/build/servo_action/install.log --single-version-externally-managed install_data
