[0.434s] Invoking command in '/home/erds/barns_ws/build/pickn_place': CMAKE_PREFIX_PATH=${CMAKE_PREFIX_PATH}:/home/erds/ws_moveit/install/launch_param_builder:/home/erds/barns_ws/install/servo_action:/home/erds/barns_ws/install/dobot_bringup_v3:/home/erds/barns_ws/install/dobot_moveit:/home/erds/barns_ws/install/dobot_demo:/opt/ros/humble /usr/bin/cmake --build /home/erds/barns_ws/build/pickn_place -- -j16 -l16
[0.660s] Invoked command in '/home/erds/barns_ws/build/pickn_place' returned '0': CMAKE_PREFIX_PATH=${CMAKE_PREFIX_PATH}:/home/erds/ws_moveit/install/launch_param_builder:/home/erds/barns_ws/install/servo_action:/home/erds/barns_ws/install/dobot_bringup_v3:/home/erds/barns_ws/install/dobot_moveit:/home/erds/barns_ws/install/dobot_demo:/opt/ros/humble /usr/bin/cmake --build /home/erds/barns_ws/build/pickn_place -- -j16 -l16
[0.662s] Invoking command in '/home/erds/barns_ws/build/pickn_place': CMAKE_PREFIX_PATH=${CMAKE_PREFIX_PATH}:/home/erds/ws_moveit/install/launch_param_builder:/home/erds/barns_ws/install/servo_action:/home/erds/barns_ws/install/dobot_bringup_v3:/home/erds/barns_ws/install/dobot_moveit:/home/erds/barns_ws/install/dobot_demo:/opt/ros/humble /usr/bin/cmake --install /home/erds/barns_ws/build/pickn_place
[0.695s] -- Install configuration: ""
[0.695s] -- Up-to-date: /home/erds/barns_ws/install/pickn_place/share/pickn_place/launch
[0.695s] -- Installing: /home/erds/barns_ws/install/pickn_place/share/pickn_place/launch/display_urdf.launch.py
[0.695s] -- Up-to-date: /home/erds/barns_ws/install/pickn_place/share/pickn_place/urdf
[0.695s] -- Up-to-date: /home/erds/barns_ws/install/pickn_place/share/pickn_place/urdf/portafilter.urdf
[0.695s] -- Up-to-date: /home/erds/barns_ws/install/pickn_place/share/pickn_place/mesh
[0.695s] -- Up-to-date: /home/erds/barns_ws/install/pickn_place/share/pickn_place/mesh/portafilter.STL
[0.696s] -- Up-to-date: /home/erds/barns_ws/install/pickn_place/share/ament_index/resource_index/package_run_dependencies/pickn_place
[0.698s] -- Up-to-date: /home/erds/barns_ws/install/pickn_place/share/ament_index/resource_index/parent_prefix_path/pickn_place
[0.699s] -- Up-to-date: /home/erds/barns_ws/install/pickn_place/share/pickn_place/environment/ament_prefix_path.sh
[0.699s] -- Up-to-date: /home/erds/barns_ws/install/pickn_place/share/pickn_place/environment/ament_prefix_path.dsv
[0.699s] -- Up-to-date: /home/erds/barns_ws/install/pickn_place/share/pickn_place/environment/path.sh
[0.699s] -- Up-to-date: /home/erds/barns_ws/install/pickn_place/share/pickn_place/environment/path.dsv
[0.699s] -- Up-to-date: /home/erds/barns_ws/install/pickn_place/share/pickn_place/local_setup.bash
[0.699s] -- Up-to-date: /home/erds/barns_ws/install/pickn_place/share/pickn_place/local_setup.sh
[0.699s] -- Up-to-date: /home/erds/barns_ws/install/pickn_place/share/pickn_place/local_setup.zsh
[0.699s] -- Up-to-date: /home/erds/barns_ws/install/pickn_place/share/pickn_place/local_setup.dsv
[0.699s] -- Up-to-date: /home/erds/barns_ws/install/pickn_place/share/pickn_place/package.dsv
[0.699s] -- Up-to-date: /home/erds/barns_ws/install/pickn_place/share/ament_index/resource_index/packages/pickn_place
[0.699s] -- Up-to-date: /home/erds/barns_ws/install/pickn_place/share/pickn_place/cmake/pickn_placeConfig.cmake
[0.699s] -- Up-to-date: /home/erds/barns_ws/install/pickn_place/share/pickn_place/cmake/pickn_placeConfig-version.cmake
[0.699s] -- Up-to-date: /home/erds/barns_ws/install/pickn_place/share/pickn_place/package.xml
[0.845s] Invoked command in '/home/erds/barns_ws/build/pickn_place' returned '0': CMAKE_PREFIX_PATH=${CMAKE_PREFIX_PATH}:/home/erds/ws_moveit/install/launch_param_builder:/home/erds/barns_ws/install/servo_action:/home/erds/barns_ws/install/dobot_bringup_v3:/home/erds/barns_ws/install/dobot_moveit:/home/erds/barns_ws/install/dobot_demo:/opt/ros/humble /usr/bin/cmake --install /home/erds/barns_ws/build/pickn_place
