[1.792s] Invoking command in '/home/erds/barns_ws/src/pickn_place': PYTHONPATH=/home/erds/barns_ws/build/pickn_place/prefix_override:/usr/lib/python3/dist-packages/colcon_core/task/python/colcon_distutils_commands:/home/erds/barns_ws/install/pickn_place/lib/python3.10/site-packages:${PYTHONPATH} /usr/bin/python3 -W ignore:setup.py install is deprecated -W ignore:easy_install command is deprecated setup.py egg_info --egg-base ../../build/pickn_place build --build-base /home/erds/barns_ws/build/pickn_place/build install --record /home/erds/barns_ws/build/pickn_place/install.log --single-version-externally-managed install_data
[2.076s] running egg_info
[2.077s] writing ../../build/pickn_place/pickn_place.egg-info/PKG-INFO
[2.077s] writing dependency_links to ../../build/pickn_place/pickn_place.egg-info/dependency_links.txt
[2.077s] writing entry points to ../../build/pickn_place/pickn_place.egg-info/entry_points.txt
[2.077s] writing requirements to ../../build/pickn_place/pickn_place.egg-info/requires.txt
[2.077s] writing top-level names to ../../build/pickn_place/pickn_place.egg-info/top_level.txt
[2.080s] reading manifest file '../../build/pickn_place/pickn_place.egg-info/SOURCES.txt'
[2.081s] writing manifest file '../../build/pickn_place/pickn_place.egg-info/SOURCES.txt'
[2.081s] running build
[2.081s] running build_py
[2.082s] running install
[2.082s] running install_lib
[2.084s] running install_data
[2.084s] running install_egg_info
[2.086s] removing '/home/erds/barns_ws/install/pickn_place/lib/python3.10/site-packages/pickn_place-0.0.0-py3.10.egg-info' (and everything under it)
[2.086s] Copying ../../build/pickn_place/pickn_place.egg-info to /home/erds/barns_ws/install/pickn_place/lib/python3.10/site-packages/pickn_place-0.0.0-py3.10.egg-info
[2.087s] running install_scripts
[2.116s] Installing aruco_perception script to /home/erds/barns_ws/install/pickn_place/lib/pickn_place
[2.116s] Installing calibrate_aruco script to /home/erds/barns_ws/install/pickn_place/lib/pickn_place
[2.116s] Installing perception_transform script to /home/erds/barns_ws/install/pickn_place/lib/pickn_place
[2.117s] writing list of installed files to '/home/erds/barns_ws/build/pickn_place/install.log'
[2.190s] Invoked command in '/home/erds/barns_ws/src/pickn_place' returned '0': PYTHONPATH=/home/erds/barns_ws/build/pickn_place/prefix_override:/usr/lib/python3/dist-packages/colcon_core/task/python/colcon_distutils_commands:/home/erds/barns_ws/install/pickn_place/lib/python3.10/site-packages:${PYTHONPATH} /usr/bin/python3 -W ignore:setup.py install is deprecated -W ignore:easy_install command is deprecated setup.py egg_info --egg-base ../../build/pickn_place build --build-base /home/erds/barns_ws/build/pickn_place/build install --record /home/erds/barns_ws/build/pickn_place/install.log --single-version-externally-managed install_data
