[1.806s] Invoking command in '/home/erds/barns_ws/src/dobot_demo': PYTHONPATH=/home/erds/barns_ws/build/dobot_demo/prefix_override:/usr/lib/python3/dist-packages/colcon_core/task/python/colcon_distutils_commands:/home/erds/barns_ws/install/dobot_demo/lib/python3.10/site-packages:${PYTHONPATH} /usr/bin/python3 -W ignore:setup.py install is deprecated -W ignore:easy_install command is deprecated setup.py egg_info --egg-base ../../build/dobot_demo build --build-base /home/erds/barns_ws/build/dobot_demo/build install --record /home/erds/barns_ws/build/dobot_demo/install.log --single-version-externally-managed install_data
[2.004s] /home/erds/.local/lib/python3.10/site-packages/setuptools/_distutils/dist.py:270: UserWarning: Unknown distribution option: 'tests_require'
[2.007s]   warnings.warn(msg)
[2.145s] running egg_info
[2.171s] writing ../../build/dobot_demo/dobot_demo.egg-info/PKG-INFO
[2.172s] writing dependency_links to ../../build/dobot_demo/dobot_demo.egg-info/dependency_links.txt
[2.172s] writing entry points to ../../build/dobot_demo/dobot_demo.egg-info/entry_points.txt
[2.173s] writing requirements to ../../build/dobot_demo/dobot_demo.egg-info/requires.txt
[2.173s] writing top-level names to ../../build/dobot_demo/dobot_demo.egg-info/top_level.txt
[2.228s] reading manifest file '../../build/dobot_demo/dobot_demo.egg-info/SOURCES.txt'
[2.228s] writing manifest file '../../build/dobot_demo/dobot_demo.egg-info/SOURCES.txt'
[2.228s] running build
[2.228s] running build_py
[2.230s] running install
[2.238s] running install_lib
[2.267s] running install_data
[2.267s] running install_egg_info
[2.305s] removing '/home/erds/barns_ws/install/dobot_demo/lib/python3.10/site-packages/dobot_demo-0.0.0-py3.10.egg-info' (and everything under it)
[2.305s] Copying ../../build/dobot_demo/dobot_demo.egg-info to /home/erds/barns_ws/install/dobot_demo/lib/python3.10/site-packages/dobot_demo-0.0.0-py3.10.egg-info
[2.308s] running install_scripts
[2.530s] Installing demo script to /home/erds/barns_ws/install/dobot_demo/lib/dobot_demo
[2.530s] writing list of installed files to '/home/erds/barns_ws/build/dobot_demo/install.log'
[2.612s] Invoked command in '/home/erds/barns_ws/src/dobot_demo' returned '0': PYTHONPATH=/home/erds/barns_ws/build/dobot_demo/prefix_override:/usr/lib/python3/dist-packages/colcon_core/task/python/colcon_distutils_commands:/home/erds/barns_ws/install/dobot_demo/lib/python3.10/site-packages:${PYTHONPATH} /usr/bin/python3 -W ignore:setup.py install is deprecated -W ignore:easy_install command is deprecated setup.py egg_info --egg-base ../../build/dobot_demo build --build-base /home/erds/barns_ws/build/dobot_demo/build install --record /home/erds/barns_ws/build/dobot_demo/install.log --single-version-externally-managed install_data
