[1.922s] Invoking command in '/home/erds/barns_ws/src/dobot_moveit': PYTHONPATH=/home/erds/barns_ws/build/dobot_moveit/prefix_override:/usr/lib/python3/dist-packages/colcon_core/task/python/colcon_distutils_commands:/home/erds/barns_ws/install/dobot_moveit/lib/python3.10/site-packages:${PYTHONPATH} /usr/bin/python3 -W ignore:setup.py install is deprecated -W ignore:easy_install command is deprecated setup.py egg_info --egg-base ../../build/dobot_moveit build --build-base /home/erds/barns_ws/build/dobot_moveit/build install --record /home/erds/barns_ws/build/dobot_moveit/install.log --single-version-externally-managed install_data
[2.194s] /home/erds/.local/lib/python3.10/site-packages/setuptools/_distutils/dist.py:270: UserWarning: Unknown distribution option: 'tests_require'
[2.194s]   warnings.warn(msg)
[2.344s] running egg_info
[2.368s] writing ../../build/dobot_moveit/dobot_moveit.egg-info/PKG-INFO
[2.368s] writing dependency_links to ../../build/dobot_moveit/dobot_moveit.egg-info/dependency_links.txt
[2.369s] writing requirements to ../../build/dobot_moveit/dobot_moveit.egg-info/requires.txt
[2.369s] writing top-level names to ../../build/dobot_moveit/dobot_moveit.egg-info/top_level.txt
[2.430s] reading manifest file '../../build/dobot_moveit/dobot_moveit.egg-info/SOURCES.txt'
[2.432s] writing manifest file '../../build/dobot_moveit/dobot_moveit.egg-info/SOURCES.txt'
[2.437s] running build
[2.437s] running build_py
[2.437s] running install
[2.452s] running install_lib
[2.477s] running install_data
[2.478s] running install_egg_info
[2.507s] removing '/home/erds/barns_ws/install/dobot_moveit/lib/python3.10/site-packages/dobot_moveit-0.0.0-py3.10.egg-info' (and everything under it)
[2.507s] Copying ../../build/dobot_moveit/dobot_moveit.egg-info to /home/erds/barns_ws/install/dobot_moveit/lib/python3.10/site-packages/dobot_moveit-0.0.0-py3.10.egg-info
[2.507s] running install_scripts
[2.709s] writing list of installed files to '/home/erds/barns_ws/build/dobot_moveit/install.log'
[2.803s] Invoked command in '/home/erds/barns_ws/src/dobot_moveit' returned '0': PYTHONPATH=/home/erds/barns_ws/build/dobot_moveit/prefix_override:/usr/lib/python3/dist-packages/colcon_core/task/python/colcon_distutils_commands:/home/erds/barns_ws/install/dobot_moveit/lib/python3.10/site-packages:${PYTHONPATH} /usr/bin/python3 -W ignore:setup.py install is deprecated -W ignore:easy_install command is deprecated setup.py egg_info --egg-base ../../build/dobot_moveit build --build-base /home/erds/barns_ws/build/dobot_moveit/build install --record /home/erds/barns_ws/build/dobot_moveit/install.log --single-version-externally-managed install_data
