[0.509s] Invoking command in '/home/erds/barns_ws/src/dobot_bringup_v3': CMAKE_PREFIX_PATH=/home/erds/barns_ws/install/dobot_msgs_v3:/home/erds/ws_moveit/install/srdfdom:/home/erds/ws_moveit/install/moveit_resources_prbt_support:/home/erds/ws_moveit/install/moveit_resources_pr2_description:/home/erds/ws_moveit/install/moveit_resources_panda_description:/home/erds/ws_moveit/install/moveit_resources_fanuc_moveit_config:/home/erds/ws_moveit/install/moveit_resources_fanuc_description:/home/erds/ws_moveit/install/moveit_common:/home/erds/barns_ws/install/pickn_place:/home/erds/barns_ws/install/nova5_moveit:/home/erds/barns_ws/install/dobot_rviz:/home/erds/barns_ws/install/dobot_gazebo:/home/erds/ros2_ws/install/realsense2_description:/home/erds/ros2_ws/install/realsense2_camera:/home/erds/ros2_ws/install/realsense2_camera_msgs LD_LIBRARY_PATH=/home/erds/barns_ws/install/dobot_msgs_v3/lib:/home/erds/ws_moveit/install/srdfdom/lib:/home/erds/ros2_ws/install/realsense2_camera/lib:/home/erds/ros2_ws/install/realsense2_camera_msgs/lib:/usr/lib/x86_64-linux-gnu/gazebo-11/plugins:/opt/ros/humble/opt/rviz_ogre_vendor/lib:/opt/ros/humble/lib/x86_64-linux-gnu:/opt/ros/humble/lib PYTHONPATH=/home/erds/barns_ws/build/dobot_bringup_v3/prefix_override:/usr/lib/python3/dist-packages/colcon_core/task/python/colcon_distutils_commands:/home/erds/barns_ws/install/dobot_bringup_v3/lib/python3.10/site-packages:${PYTHONPATH} /usr/bin/python3 -W ignore:setup.py install is deprecated -W ignore:easy_install command is deprecated setup.py egg_info --egg-base ../../build/dobot_bringup_v3 build --build-base /home/erds/barns_ws/build/dobot_bringup_v3/build install --record /home/erds/barns_ws/build/dobot_bringup_v3/install.log --single-version-externally-managed install_data
[0.695s] running egg_info
[0.695s] writing ../../build/dobot_bringup_v3/dobot_bringup_v3.egg-info/PKG-INFO
[0.695s] writing dependency_links to ../../build/dobot_bringup_v3/dobot_bringup_v3.egg-info/dependency_links.txt
[0.696s] writing entry points to ../../build/dobot_bringup_v3/dobot_bringup_v3.egg-info/entry_points.txt
[0.696s] writing requirements to ../../build/dobot_bringup_v3/dobot_bringup_v3.egg-info/requires.txt
[0.696s] writing top-level names to ../../build/dobot_bringup_v3/dobot_bringup_v3.egg-info/top_level.txt
[0.697s] reading manifest file '../../build/dobot_bringup_v3/dobot_bringup_v3.egg-info/SOURCES.txt'
[0.697s] writing manifest file '../../build/dobot_bringup_v3/dobot_bringup_v3.egg-info/SOURCES.txt'
[0.698s] running build
[0.698s] running build_py
[0.698s] running install
[0.698s] running install_lib
[0.699s] running install_data
[0.699s] running install_egg_info
[0.700s] removing '/home/erds/barns_ws/install/dobot_bringup_v3/lib/python3.10/site-packages/dobot_bringup_v3-0.0.0-py3.10.egg-info' (and everything under it)
[0.701s] Copying ../../build/dobot_bringup_v3/dobot_bringup_v3.egg-info to /home/erds/barns_ws/install/dobot_bringup_v3/lib/python3.10/site-packages/dobot_bringup_v3-0.0.0-py3.10.egg-info
[0.701s] running install_scripts
[0.717s] Installing dobot_bringup script to /home/erds/barns_ws/install/dobot_bringup_v3/lib/dobot_bringup_v3
[0.717s] Installing feedback script to /home/erds/barns_ws/install/dobot_bringup_v3/lib/dobot_bringup_v3
[0.717s] writing list of installed files to '/home/erds/barns_ws/build/dobot_bringup_v3/install.log'
[0.736s] Invoked command in '/home/erds/barns_ws/src/dobot_bringup_v3' returned '0': CMAKE_PREFIX_PATH=/home/erds/barns_ws/install/dobot_msgs_v3:/home/erds/ws_moveit/install/srdfdom:/home/erds/ws_moveit/install/moveit_resources_prbt_support:/home/erds/ws_moveit/install/moveit_resources_pr2_description:/home/erds/ws_moveit/install/moveit_resources_panda_description:/home/erds/ws_moveit/install/moveit_resources_fanuc_moveit_config:/home/erds/ws_moveit/install/moveit_resources_fanuc_description:/home/erds/ws_moveit/install/moveit_common:/home/erds/barns_ws/install/pickn_place:/home/erds/barns_ws/install/nova5_moveit:/home/erds/barns_ws/install/dobot_rviz:/home/erds/barns_ws/install/dobot_gazebo:/home/erds/ros2_ws/install/realsense2_description:/home/erds/ros2_ws/install/realsense2_camera:/home/erds/ros2_ws/install/realsense2_camera_msgs LD_LIBRARY_PATH=/home/erds/barns_ws/install/dobot_msgs_v3/lib:/home/erds/ws_moveit/install/srdfdom/lib:/home/erds/ros2_ws/install/realsense2_camera/lib:/home/erds/ros2_ws/install/realsense2_camera_msgs/lib:/usr/lib/x86_64-linux-gnu/gazebo-11/plugins:/opt/ros/humble/opt/rviz_ogre_vendor/lib:/opt/ros/humble/lib/x86_64-linux-gnu:/opt/ros/humble/lib PYTHONPATH=/home/erds/barns_ws/build/dobot_bringup_v3/prefix_override:/usr/lib/python3/dist-packages/colcon_core/task/python/colcon_distutils_commands:/home/erds/barns_ws/install/dobot_bringup_v3/lib/python3.10/site-packages:${PYTHONPATH} /usr/bin/python3 -W ignore:setup.py install is deprecated -W ignore:easy_install command is deprecated setup.py egg_info --egg-base ../../build/dobot_bringup_v3 build --build-base /home/erds/barns_ws/build/dobot_bringup_v3/build install --record /home/erds/barns_ws/build/dobot_bringup_v3/install.log --single-version-externally-managed install_data
