[0.099s] DEBUG:colcon:Command line arguments: ['/usr/bin/colcon', 'build']
[0.099s] DEBUG:colcon:Parsed command line arguments: Namespace(log_base=None, log_level=None, verb_name='build', build_base='build', install_base='install', merge_install=False, symlink_install=False, test_result_base=None, continue_on_error=False, executor='parallel', parallel_workers=16, event_handlers=None, ignore_user_meta=False, metas=['./colcon.meta'], base_paths=['.'], packages_ignore=None, packages_ignore_regex=None, paths=None, packages_up_to=None, packages_up_to_regex=None, packages_above=None, packages_above_and_dependencies=None, packages_above_depth=None, packages_select_by_dep=None, packages_skip_by_dep=None, packages_skip_up_to=None, packages_select_build_failed=False, packages_skip_build_finished=False, packages_select_test_failures=False, packages_skip_test_passed=False, packages_select=None, packages_skip=None, packages_select_regex=None, packages_skip_regex=None, packages_start=None, packages_end=None, allow_overriding=[], cmake_args=None, cmake_target=None, cmake_target_skip_unavailable=False, cmake_clean_cache=False, cmake_clean_first=False, cmake_force_configure=False, ament_cmake_args=None, catkin_cmake_args=None, catkin_skip_building_tests=False, mixin_files=None, mixin=None, verb_parser=<colcon_mixin.mixin.mixin_argument.MixinArgumentDecorator object at 0x746c71964790>, verb_extension=<colcon_core.verb.build.BuildVerb object at 0x746c7192fd00>, main=<bound method BuildVerb.main of <colcon_core.verb.build.BuildVerb object at 0x746c7192fd00>>, mixin_verb=('build',))
[0.129s] Level 1:colcon.colcon_core.package_discovery:discover_packages(colcon_meta) check parameters
[0.129s] Level 1:colcon.colcon_core.package_discovery:discover_packages(recursive) check parameters
[0.129s] Level 1:colcon.colcon_core.package_discovery:discover_packages(ignore) check parameters
[0.129s] Level 1:colcon.colcon_core.package_discovery:discover_packages(path) check parameters
[0.130s] Level 1:colcon.colcon_core.package_discovery:discover_packages(colcon_meta) discover
[0.130s] Level 1:colcon.colcon_core.package_discovery:discover_packages(recursive) discover
[0.130s] INFO:colcon.colcon_core.package_discovery:Crawling recursively for packages in '/home/erds/barns_ws'
[0.130s] Level 1:colcon.colcon_core.package_identification:_identify(.) by extensions ['ignore', 'ignore_ament_install']
[0.130s] Level 1:colcon.colcon_core.package_identification:_identify(.) by extension 'ignore'
[0.130s] Level 1:colcon.colcon_core.package_identification:_identify(.) by extension 'ignore_ament_install'
[0.130s] Level 1:colcon.colcon_core.package_identification:_identify(.) by extensions ['colcon_pkg']
[0.130s] Level 1:colcon.colcon_core.package_identification:_identify(.) by extension 'colcon_pkg'
[0.130s] Level 1:colcon.colcon_core.package_identification:_identify(.) by extensions ['colcon_meta']
[0.130s] Level 1:colcon.colcon_core.package_identification:_identify(.) by extension 'colcon_meta'
[0.130s] Level 1:colcon.colcon_core.package_identification:_identify(.) by extensions ['ros']
[0.130s] Level 1:colcon.colcon_core.package_identification:_identify(.) by extension 'ros'
[0.141s] Level 1:colcon.colcon_core.package_identification:_identify(.) by extensions ['cmake', 'python']
[0.142s] Level 1:colcon.colcon_core.package_identification:_identify(.) by extension 'cmake'
[0.142s] Level 1:colcon.colcon_core.package_identification:_identify(.) by extension 'python'
[0.142s] Level 1:colcon.colcon_core.package_identification:_identify(.) by extensions ['python_setup_py']
[0.142s] Level 1:colcon.colcon_core.package_identification:_identify(.) by extension 'python_setup_py'
[0.142s] Level 1:colcon.colcon_core.package_identification:_identify(build) by extensions ['ignore', 'ignore_ament_install']
[0.142s] Level 1:colcon.colcon_core.package_identification:_identify(build) by extension 'ignore'
[0.142s] Level 1:colcon.colcon_core.package_identification:_identify(build) ignored
[0.142s] Level 1:colcon.colcon_core.package_identification:_identify(install) by extensions ['ignore', 'ignore_ament_install']
[0.142s] Level 1:colcon.colcon_core.package_identification:_identify(install) by extension 'ignore'
[0.142s] Level 1:colcon.colcon_core.package_identification:_identify(install) ignored
[0.142s] Level 1:colcon.colcon_core.package_identification:_identify(log) by extensions ['ignore', 'ignore_ament_install']
[0.142s] Level 1:colcon.colcon_core.package_identification:_identify(log) by extension 'ignore'
[0.142s] Level 1:colcon.colcon_core.package_identification:_identify(log) ignored
[0.142s] Level 1:colcon.colcon_core.package_identification:_identify(src) by extensions ['ignore', 'ignore_ament_install']
[0.142s] Level 1:colcon.colcon_core.package_identification:_identify(src) by extension 'ignore'
[0.142s] Level 1:colcon.colcon_core.package_identification:_identify(src) by extension 'ignore_ament_install'
[0.143s] Level 1:colcon.colcon_core.package_identification:_identify(src) by extensions ['colcon_pkg']
[0.143s] Level 1:colcon.colcon_core.package_identification:_identify(src) by extension 'colcon_pkg'
[0.143s] Level 1:colcon.colcon_core.package_identification:_identify(src) by extensions ['colcon_meta']
[0.143s] Level 1:colcon.colcon_core.package_identification:_identify(src) by extension 'colcon_meta'
[0.143s] Level 1:colcon.colcon_core.package_identification:_identify(src) by extensions ['ros']
[0.143s] Level 1:colcon.colcon_core.package_identification:_identify(src) by extension 'ros'
[0.143s] Level 1:colcon.colcon_core.package_identification:_identify(src) by extensions ['cmake', 'python']
[0.143s] Level 1:colcon.colcon_core.package_identification:_identify(src) by extension 'cmake'
[0.143s] Level 1:colcon.colcon_core.package_identification:_identify(src) by extension 'python'
[0.143s] Level 1:colcon.colcon_core.package_identification:_identify(src) by extensions ['python_setup_py']
[0.143s] Level 1:colcon.colcon_core.package_identification:_identify(src) by extension 'python_setup_py'
[0.143s] Level 1:colcon.colcon_core.package_identification:_identify(src/dobot_bringup_v3) by extensions ['ignore', 'ignore_ament_install']
[0.143s] Level 1:colcon.colcon_core.package_identification:_identify(src/dobot_bringup_v3) by extension 'ignore'
[0.143s] Level 1:colcon.colcon_core.package_identification:_identify(src/dobot_bringup_v3) by extension 'ignore_ament_install'
[0.143s] Level 1:colcon.colcon_core.package_identification:_identify(src/dobot_bringup_v3) by extensions ['colcon_pkg']
[0.143s] Level 1:colcon.colcon_core.package_identification:_identify(src/dobot_bringup_v3) by extension 'colcon_pkg'
[0.143s] Level 1:colcon.colcon_core.package_identification:_identify(src/dobot_bringup_v3) by extensions ['colcon_meta']
[0.143s] Level 1:colcon.colcon_core.package_identification:_identify(src/dobot_bringup_v3) by extension 'colcon_meta'
[0.143s] Level 1:colcon.colcon_core.package_identification:_identify(src/dobot_bringup_v3) by extensions ['ros']
[0.143s] Level 1:colcon.colcon_core.package_identification:_identify(src/dobot_bringup_v3) by extension 'ros'
[0.145s] DEBUG:colcon.colcon_core.package_identification:Package 'src/dobot_bringup_v3' with type 'ros.ament_python' and name 'dobot_bringup_v3'
[0.145s] Level 1:colcon.colcon_core.package_identification:_identify(src/dobot_demo) by extensions ['ignore', 'ignore_ament_install']
[0.145s] Level 1:colcon.colcon_core.package_identification:_identify(src/dobot_demo) by extension 'ignore'
[0.145s] Level 1:colcon.colcon_core.package_identification:_identify(src/dobot_demo) by extension 'ignore_ament_install'
[0.145s] Level 1:colcon.colcon_core.package_identification:_identify(src/dobot_demo) by extensions ['colcon_pkg']
[0.146s] Level 1:colcon.colcon_core.package_identification:_identify(src/dobot_demo) by extension 'colcon_pkg'
[0.146s] Level 1:colcon.colcon_core.package_identification:_identify(src/dobot_demo) by extensions ['colcon_meta']
[0.146s] Level 1:colcon.colcon_core.package_identification:_identify(src/dobot_demo) by extension 'colcon_meta'
[0.146s] Level 1:colcon.colcon_core.package_identification:_identify(src/dobot_demo) by extensions ['ros']
[0.146s] Level 1:colcon.colcon_core.package_identification:_identify(src/dobot_demo) by extension 'ros'
[0.146s] DEBUG:colcon.colcon_core.package_identification:Package 'src/dobot_demo' with type 'ros.ament_python' and name 'dobot_demo'
[0.146s] Level 1:colcon.colcon_core.package_identification:_identify(src/dobot_gazebo) by extensions ['ignore', 'ignore_ament_install']
[0.146s] Level 1:colcon.colcon_core.package_identification:_identify(src/dobot_gazebo) by extension 'ignore'
[0.146s] Level 1:colcon.colcon_core.package_identification:_identify(src/dobot_gazebo) by extension 'ignore_ament_install'
[0.146s] Level 1:colcon.colcon_core.package_identification:_identify(src/dobot_gazebo) by extensions ['colcon_pkg']
[0.146s] Level 1:colcon.colcon_core.package_identification:_identify(src/dobot_gazebo) by extension 'colcon_pkg'
[0.146s] Level 1:colcon.colcon_core.package_identification:_identify(src/dobot_gazebo) by extensions ['colcon_meta']
[0.146s] Level 1:colcon.colcon_core.package_identification:_identify(src/dobot_gazebo) by extension 'colcon_meta'
[0.146s] Level 1:colcon.colcon_core.package_identification:_identify(src/dobot_gazebo) by extensions ['ros']
[0.146s] Level 1:colcon.colcon_core.package_identification:_identify(src/dobot_gazebo) by extension 'ros'
[0.147s] DEBUG:colcon.colcon_core.package_identification:Package 'src/dobot_gazebo' with type 'ros.ament_cmake' and name 'dobot_gazebo'
[0.147s] Level 1:colcon.colcon_core.package_identification:_identify(src/dobot_moveit) by extensions ['ignore', 'ignore_ament_install']
[0.147s] Level 1:colcon.colcon_core.package_identification:_identify(src/dobot_moveit) by extension 'ignore'
[0.147s] Level 1:colcon.colcon_core.package_identification:_identify(src/dobot_moveit) by extension 'ignore_ament_install'
[0.147s] Level 1:colcon.colcon_core.package_identification:_identify(src/dobot_moveit) by extensions ['colcon_pkg']
[0.147s] Level 1:colcon.colcon_core.package_identification:_identify(src/dobot_moveit) by extension 'colcon_pkg'
[0.147s] Level 1:colcon.colcon_core.package_identification:_identify(src/dobot_moveit) by extensions ['colcon_meta']
[0.147s] Level 1:colcon.colcon_core.package_identification:_identify(src/dobot_moveit) by extension 'colcon_meta'
[0.147s] Level 1:colcon.colcon_core.package_identification:_identify(src/dobot_moveit) by extensions ['ros']
[0.147s] Level 1:colcon.colcon_core.package_identification:_identify(src/dobot_moveit) by extension 'ros'
[0.148s] DEBUG:colcon.colcon_core.package_identification:Package 'src/dobot_moveit' with type 'ros.ament_python' and name 'dobot_moveit'
[0.148s] Level 1:colcon.colcon_core.package_identification:_identify(src/dobot_msgs_v3) by extensions ['ignore', 'ignore_ament_install']
[0.148s] Level 1:colcon.colcon_core.package_identification:_identify(src/dobot_msgs_v3) by extension 'ignore'
[0.148s] Level 1:colcon.colcon_core.package_identification:_identify(src/dobot_msgs_v3) by extension 'ignore_ament_install'
[0.148s] Level 1:colcon.colcon_core.package_identification:_identify(src/dobot_msgs_v3) by extensions ['colcon_pkg']
[0.148s] Level 1:colcon.colcon_core.package_identification:_identify(src/dobot_msgs_v3) by extension 'colcon_pkg'
[0.148s] Level 1:colcon.colcon_core.package_identification:_identify(src/dobot_msgs_v3) by extensions ['colcon_meta']
[0.148s] Level 1:colcon.colcon_core.package_identification:_identify(src/dobot_msgs_v3) by extension 'colcon_meta'
[0.148s] Level 1:colcon.colcon_core.package_identification:_identify(src/dobot_msgs_v3) by extensions ['ros']
[0.148s] Level 1:colcon.colcon_core.package_identification:_identify(src/dobot_msgs_v3) by extension 'ros'
[0.149s] DEBUG:colcon.colcon_core.package_identification:Package 'src/dobot_msgs_v3' with type 'ros.ament_cmake' and name 'dobot_msgs_v3'
[0.149s] Level 1:colcon.colcon_core.package_identification:_identify(src/dobot_rviz) by extensions ['ignore', 'ignore_ament_install']
[0.149s] Level 1:colcon.colcon_core.package_identification:_identify(src/dobot_rviz) by extension 'ignore'
[0.149s] Level 1:colcon.colcon_core.package_identification:_identify(src/dobot_rviz) by extension 'ignore_ament_install'
[0.149s] Level 1:colcon.colcon_core.package_identification:_identify(src/dobot_rviz) by extensions ['colcon_pkg']
[0.149s] Level 1:colcon.colcon_core.package_identification:_identify(src/dobot_rviz) by extension 'colcon_pkg'
[0.149s] Level 1:colcon.colcon_core.package_identification:_identify(src/dobot_rviz) by extensions ['colcon_meta']
[0.149s] Level 1:colcon.colcon_core.package_identification:_identify(src/dobot_rviz) by extension 'colcon_meta'
[0.149s] Level 1:colcon.colcon_core.package_identification:_identify(src/dobot_rviz) by extensions ['ros']
[0.149s] Level 1:colcon.colcon_core.package_identification:_identify(src/dobot_rviz) by extension 'ros'
[0.149s] DEBUG:colcon.colcon_core.package_identification:Package 'src/dobot_rviz' with type 'ros.ament_cmake' and name 'dobot_rviz'
[0.149s] Level 1:colcon.colcon_core.package_identification:_identify(src/nova5_moveit) by extensions ['ignore', 'ignore_ament_install']
[0.149s] Level 1:colcon.colcon_core.package_identification:_identify(src/nova5_moveit) by extension 'ignore'
[0.149s] Level 1:colcon.colcon_core.package_identification:_identify(src/nova5_moveit) by extension 'ignore_ament_install'
[0.150s] Level 1:colcon.colcon_core.package_identification:_identify(src/nova5_moveit) by extensions ['colcon_pkg']
[0.150s] Level 1:colcon.colcon_core.package_identification:_identify(src/nova5_moveit) by extension 'colcon_pkg'
[0.150s] Level 1:colcon.colcon_core.package_identification:_identify(src/nova5_moveit) by extensions ['colcon_meta']
[0.150s] Level 1:colcon.colcon_core.package_identification:_identify(src/nova5_moveit) by extension 'colcon_meta'
[0.150s] Level 1:colcon.colcon_core.package_identification:_identify(src/nova5_moveit) by extensions ['ros']
[0.150s] Level 1:colcon.colcon_core.package_identification:_identify(src/nova5_moveit) by extension 'ros'
[0.150s] DEBUG:colcon.colcon_core.package_identification:Package 'src/nova5_moveit' with type 'ros.ament_cmake' and name 'nova5_moveit'
[0.150s] Level 1:colcon.colcon_core.package_identification:_identify(src/pickn_place) by extensions ['ignore', 'ignore_ament_install']
[0.150s] Level 1:colcon.colcon_core.package_identification:_identify(src/pickn_place) by extension 'ignore'
[0.151s] Level 1:colcon.colcon_core.package_identification:_identify(src/pickn_place) by extension 'ignore_ament_install'
[0.151s] Level 1:colcon.colcon_core.package_identification:_identify(src/pickn_place) by extensions ['colcon_pkg']
[0.151s] Level 1:colcon.colcon_core.package_identification:_identify(src/pickn_place) by extension 'colcon_pkg'
[0.151s] Level 1:colcon.colcon_core.package_identification:_identify(src/pickn_place) by extensions ['colcon_meta']
[0.151s] Level 1:colcon.colcon_core.package_identification:_identify(src/pickn_place) by extension 'colcon_meta'
[0.151s] Level 1:colcon.colcon_core.package_identification:_identify(src/pickn_place) by extensions ['ros']
[0.151s] Level 1:colcon.colcon_core.package_identification:_identify(src/pickn_place) by extension 'ros'
[0.151s] DEBUG:colcon.colcon_core.package_identification:Package 'src/pickn_place' with type 'ros.ament_python' and name 'pickn_place'
[0.151s] Level 1:colcon.colcon_core.package_identification:_identify(src/servo_action) by extensions ['ignore', 'ignore_ament_install']
[0.152s] Level 1:colcon.colcon_core.package_identification:_identify(src/servo_action) by extension 'ignore'
[0.152s] Level 1:colcon.colcon_core.package_identification:_identify(src/servo_action) by extension 'ignore_ament_install'
[0.152s] Level 1:colcon.colcon_core.package_identification:_identify(src/servo_action) by extensions ['colcon_pkg']
[0.152s] Level 1:colcon.colcon_core.package_identification:_identify(src/servo_action) by extension 'colcon_pkg'
[0.152s] Level 1:colcon.colcon_core.package_identification:_identify(src/servo_action) by extensions ['colcon_meta']
[0.152s] Level 1:colcon.colcon_core.package_identification:_identify(src/servo_action) by extension 'colcon_meta'
[0.152s] Level 1:colcon.colcon_core.package_identification:_identify(src/servo_action) by extensions ['ros']
[0.152s] Level 1:colcon.colcon_core.package_identification:_identify(src/servo_action) by extension 'ros'
[0.152s] DEBUG:colcon.colcon_core.package_identification:Package 'src/servo_action' with type 'ros.ament_python' and name 'servo_action'
[0.152s] Level 1:colcon.colcon_core.package_discovery:discover_packages(recursive) using defaults
[0.152s] Level 1:colcon.colcon_core.package_discovery:discover_packages(ignore) discover
[0.152s] Level 1:colcon.colcon_core.package_discovery:discover_packages(ignore) using defaults
[0.152s] Level 1:colcon.colcon_core.package_discovery:discover_packages(path) discover
[0.152s] Level 1:colcon.colcon_core.package_discovery:discover_packages(path) using defaults
[0.170s] Level 1:colcon.colcon_core.package_discovery:discover_packages(prefix_path) check parameters
[0.170s] Level 1:colcon.colcon_core.package_discovery:discover_packages(prefix_path) discover
[0.171s] WARNING:colcon.colcon_ros.prefix_path.ament:The path '/home/erds/barns_ws/install/dobot_bringup_v3' in the environment variable AMENT_PREFIX_PATH doesn't exist
[0.171s] WARNING:colcon.colcon_ros.prefix_path.ament:The path '/home/erds/barns_ws/install/dobot_msgs_v3' in the environment variable AMENT_PREFIX_PATH doesn't exist
[0.171s] WARNING:colcon.colcon_ros.prefix_path.catkin:The path '/home/erds/barns_ws/install/dobot_msgs_v3' in the environment variable CMAKE_PREFIX_PATH doesn't exist
[0.172s] DEBUG:colcon.colcon_installed_package_information.package_discovery:Found 46 installed packages in /home/erds/ws_moveit2/install
[0.173s] DEBUG:colcon.colcon_installed_package_information.package_discovery:Found 3 installed packages in /home/erds/barns_ws/install
[0.173s] DEBUG:colcon.colcon_installed_package_information.package_discovery:Found 6 installed packages in /home/erds/ros2_ws/install
[0.175s] DEBUG:colcon.colcon_installed_package_information.package_discovery:Found 360 installed packages in /opt/ros/humble
[0.177s] Level 1:colcon.colcon_core.package_discovery:discover_packages(prefix_path) using defaults
[0.219s] Level 5:colcon.colcon_core.verb:set package 'dobot_demo' build argument 'cmake_args' from command line to 'None'
[0.219s] Level 5:colcon.colcon_core.verb:set package 'dobot_demo' build argument 'cmake_target' from command line to 'None'
[0.219s] Level 5:colcon.colcon_core.verb:set package 'dobot_demo' build argument 'cmake_target_skip_unavailable' from command line to 'False'
[0.219s] Level 5:colcon.colcon_core.verb:set package 'dobot_demo' build argument 'cmake_clean_cache' from command line to 'False'
[0.219s] Level 5:colcon.colcon_core.verb:set package 'dobot_demo' build argument 'cmake_clean_first' from command line to 'False'
[0.219s] Level 5:colcon.colcon_core.verb:set package 'dobot_demo' build argument 'cmake_force_configure' from command line to 'False'
[0.219s] Level 5:colcon.colcon_core.verb:set package 'dobot_demo' build argument 'ament_cmake_args' from command line to 'None'
[0.219s] Level 5:colcon.colcon_core.verb:set package 'dobot_demo' build argument 'catkin_cmake_args' from command line to 'None'
[0.219s] Level 5:colcon.colcon_core.verb:set package 'dobot_demo' build argument 'catkin_skip_building_tests' from command line to 'False'
[0.219s] DEBUG:colcon.colcon_core.verb:Building package 'dobot_demo' with the following arguments: {'ament_cmake_args': None, 'build_base': '/home/erds/barns_ws/build/dobot_demo', 'catkin_cmake_args': None, 'catkin_skip_building_tests': False, 'cmake_args': None, 'cmake_clean_cache': False, 'cmake_clean_first': False, 'cmake_force_configure': False, 'cmake_target': None, 'cmake_target_skip_unavailable': False, 'install_base': '/home/erds/barns_ws/install/dobot_demo', 'merge_install': False, 'path': '/home/erds/barns_ws/src/dobot_demo', 'symlink_install': False, 'test_result_base': None}
[0.219s] Level 5:colcon.colcon_core.verb:set package 'dobot_gazebo' build argument 'cmake_args' from command line to 'None'
[0.219s] Level 5:colcon.colcon_core.verb:set package 'dobot_gazebo' build argument 'cmake_target' from command line to 'None'
[0.219s] Level 5:colcon.colcon_core.verb:set package 'dobot_gazebo' build argument 'cmake_target_skip_unavailable' from command line to 'False'
[0.219s] Level 5:colcon.colcon_core.verb:set package 'dobot_gazebo' build argument 'cmake_clean_cache' from command line to 'False'
[0.219s] Level 5:colcon.colcon_core.verb:set package 'dobot_gazebo' build argument 'cmake_clean_first' from command line to 'False'
[0.219s] Level 5:colcon.colcon_core.verb:set package 'dobot_gazebo' build argument 'cmake_force_configure' from command line to 'False'
[0.219s] Level 5:colcon.colcon_core.verb:set package 'dobot_gazebo' build argument 'ament_cmake_args' from command line to 'None'
[0.219s] Level 5:colcon.colcon_core.verb:set package 'dobot_gazebo' build argument 'catkin_cmake_args' from command line to 'None'
[0.220s] Level 5:colcon.colcon_core.verb:set package 'dobot_gazebo' build argument 'catkin_skip_building_tests' from command line to 'False'
[0.220s] DEBUG:colcon.colcon_core.verb:Building package 'dobot_gazebo' with the following arguments: {'ament_cmake_args': None, 'build_base': '/home/erds/barns_ws/build/dobot_gazebo', 'catkin_cmake_args': None, 'catkin_skip_building_tests': False, 'cmake_args': None, 'cmake_clean_cache': False, 'cmake_clean_first': False, 'cmake_force_configure': False, 'cmake_target': None, 'cmake_target_skip_unavailable': False, 'install_base': '/home/erds/barns_ws/install/dobot_gazebo', 'merge_install': False, 'path': '/home/erds/barns_ws/src/dobot_gazebo', 'symlink_install': False, 'test_result_base': None}
[0.220s] Level 5:colcon.colcon_core.verb:set package 'dobot_moveit' build argument 'cmake_args' from command line to 'None'
[0.220s] Level 5:colcon.colcon_core.verb:set package 'dobot_moveit' build argument 'cmake_target' from command line to 'None'
[0.220s] Level 5:colcon.colcon_core.verb:set package 'dobot_moveit' build argument 'cmake_target_skip_unavailable' from command line to 'False'
[0.220s] Level 5:colcon.colcon_core.verb:set package 'dobot_moveit' build argument 'cmake_clean_cache' from command line to 'False'
[0.220s] Level 5:colcon.colcon_core.verb:set package 'dobot_moveit' build argument 'cmake_clean_first' from command line to 'False'
[0.220s] Level 5:colcon.colcon_core.verb:set package 'dobot_moveit' build argument 'cmake_force_configure' from command line to 'False'
[0.220s] Level 5:colcon.colcon_core.verb:set package 'dobot_moveit' build argument 'ament_cmake_args' from command line to 'None'
[0.220s] Level 5:colcon.colcon_core.verb:set package 'dobot_moveit' build argument 'catkin_cmake_args' from command line to 'None'
[0.220s] Level 5:colcon.colcon_core.verb:set package 'dobot_moveit' build argument 'catkin_skip_building_tests' from command line to 'False'
[0.220s] DEBUG:colcon.colcon_core.verb:Building package 'dobot_moveit' with the following arguments: {'ament_cmake_args': None, 'build_base': '/home/erds/barns_ws/build/dobot_moveit', 'catkin_cmake_args': None, 'catkin_skip_building_tests': False, 'cmake_args': None, 'cmake_clean_cache': False, 'cmake_clean_first': False, 'cmake_force_configure': False, 'cmake_target': None, 'cmake_target_skip_unavailable': False, 'install_base': '/home/erds/barns_ws/install/dobot_moveit', 'merge_install': False, 'path': '/home/erds/barns_ws/src/dobot_moveit', 'symlink_install': False, 'test_result_base': None}
[0.220s] Level 5:colcon.colcon_core.verb:set package 'dobot_msgs_v3' build argument 'cmake_args' from command line to 'None'
[0.220s] Level 5:colcon.colcon_core.verb:set package 'dobot_msgs_v3' build argument 'cmake_target' from command line to 'None'
[0.220s] Level 5:colcon.colcon_core.verb:set package 'dobot_msgs_v3' build argument 'cmake_target_skip_unavailable' from command line to 'False'
[0.220s] Level 5:colcon.colcon_core.verb:set package 'dobot_msgs_v3' build argument 'cmake_clean_cache' from command line to 'False'
[0.220s] Level 5:colcon.colcon_core.verb:set package 'dobot_msgs_v3' build argument 'cmake_clean_first' from command line to 'False'
[0.220s] Level 5:colcon.colcon_core.verb:set package 'dobot_msgs_v3' build argument 'cmake_force_configure' from command line to 'False'
[0.220s] Level 5:colcon.colcon_core.verb:set package 'dobot_msgs_v3' build argument 'ament_cmake_args' from command line to 'None'
[0.220s] Level 5:colcon.colcon_core.verb:set package 'dobot_msgs_v3' build argument 'catkin_cmake_args' from command line to 'None'
[0.220s] Level 5:colcon.colcon_core.verb:set package 'dobot_msgs_v3' build argument 'catkin_skip_building_tests' from command line to 'False'
[0.221s] DEBUG:colcon.colcon_core.verb:Building package 'dobot_msgs_v3' with the following arguments: {'ament_cmake_args': None, 'build_base': '/home/erds/barns_ws/build/dobot_msgs_v3', 'catkin_cmake_args': None, 'catkin_skip_building_tests': False, 'cmake_args': None, 'cmake_clean_cache': False, 'cmake_clean_first': False, 'cmake_force_configure': False, 'cmake_target': None, 'cmake_target_skip_unavailable': False, 'install_base': '/home/erds/barns_ws/install/dobot_msgs_v3', 'merge_install': False, 'path': '/home/erds/barns_ws/src/dobot_msgs_v3', 'symlink_install': False, 'test_result_base': None}
[0.221s] Level 5:colcon.colcon_core.verb:set package 'dobot_rviz' build argument 'cmake_args' from command line to 'None'
[0.221s] Level 5:colcon.colcon_core.verb:set package 'dobot_rviz' build argument 'cmake_target' from command line to 'None'
[0.221s] Level 5:colcon.colcon_core.verb:set package 'dobot_rviz' build argument 'cmake_target_skip_unavailable' from command line to 'False'
[0.221s] Level 5:colcon.colcon_core.verb:set package 'dobot_rviz' build argument 'cmake_clean_cache' from command line to 'False'
[0.221s] Level 5:colcon.colcon_core.verb:set package 'dobot_rviz' build argument 'cmake_clean_first' from command line to 'False'
[0.221s] Level 5:colcon.colcon_core.verb:set package 'dobot_rviz' build argument 'cmake_force_configure' from command line to 'False'
[0.221s] Level 5:colcon.colcon_core.verb:set package 'dobot_rviz' build argument 'ament_cmake_args' from command line to 'None'
[0.221s] Level 5:colcon.colcon_core.verb:set package 'dobot_rviz' build argument 'catkin_cmake_args' from command line to 'None'
[0.221s] Level 5:colcon.colcon_core.verb:set package 'dobot_rviz' build argument 'catkin_skip_building_tests' from command line to 'False'
[0.221s] DEBUG:colcon.colcon_core.verb:Building package 'dobot_rviz' with the following arguments: {'ament_cmake_args': None, 'build_base': '/home/erds/barns_ws/build/dobot_rviz', 'catkin_cmake_args': None, 'catkin_skip_building_tests': False, 'cmake_args': None, 'cmake_clean_cache': False, 'cmake_clean_first': False, 'cmake_force_configure': False, 'cmake_target': None, 'cmake_target_skip_unavailable': False, 'install_base': '/home/erds/barns_ws/install/dobot_rviz', 'merge_install': False, 'path': '/home/erds/barns_ws/src/dobot_rviz', 'symlink_install': False, 'test_result_base': None}
[0.221s] Level 5:colcon.colcon_core.verb:set package 'pickn_place' build argument 'cmake_args' from command line to 'None'
[0.221s] Level 5:colcon.colcon_core.verb:set package 'pickn_place' build argument 'cmake_target' from command line to 'None'
[0.221s] Level 5:colcon.colcon_core.verb:set package 'pickn_place' build argument 'cmake_target_skip_unavailable' from command line to 'False'
[0.221s] Level 5:colcon.colcon_core.verb:set package 'pickn_place' build argument 'cmake_clean_cache' from command line to 'False'
[0.221s] Level 5:colcon.colcon_core.verb:set package 'pickn_place' build argument 'cmake_clean_first' from command line to 'False'
[0.221s] Level 5:colcon.colcon_core.verb:set package 'pickn_place' build argument 'cmake_force_configure' from command line to 'False'
[0.221s] Level 5:colcon.colcon_core.verb:set package 'pickn_place' build argument 'ament_cmake_args' from command line to 'None'
[0.221s] Level 5:colcon.colcon_core.verb:set package 'pickn_place' build argument 'catkin_cmake_args' from command line to 'None'
[0.221s] Level 5:colcon.colcon_core.verb:set package 'pickn_place' build argument 'catkin_skip_building_tests' from command line to 'False'
[0.221s] DEBUG:colcon.colcon_core.verb:Building package 'pickn_place' with the following arguments: {'ament_cmake_args': None, 'build_base': '/home/erds/barns_ws/build/pickn_place', 'catkin_cmake_args': None, 'catkin_skip_building_tests': False, 'cmake_args': None, 'cmake_clean_cache': False, 'cmake_clean_first': False, 'cmake_force_configure': False, 'cmake_target': None, 'cmake_target_skip_unavailable': False, 'install_base': '/home/erds/barns_ws/install/pickn_place', 'merge_install': False, 'path': '/home/erds/barns_ws/src/pickn_place', 'symlink_install': False, 'test_result_base': None}
[0.222s] Level 5:colcon.colcon_core.verb:set package 'servo_action' build argument 'cmake_args' from command line to 'None'
[0.222s] Level 5:colcon.colcon_core.verb:set package 'servo_action' build argument 'cmake_target' from command line to 'None'
[0.222s] Level 5:colcon.colcon_core.verb:set package 'servo_action' build argument 'cmake_target_skip_unavailable' from command line to 'False'
[0.222s] Level 5:colcon.colcon_core.verb:set package 'servo_action' build argument 'cmake_clean_cache' from command line to 'False'
[0.222s] Level 5:colcon.colcon_core.verb:set package 'servo_action' build argument 'cmake_clean_first' from command line to 'False'
[0.222s] Level 5:colcon.colcon_core.verb:set package 'servo_action' build argument 'cmake_force_configure' from command line to 'False'
[0.222s] Level 5:colcon.colcon_core.verb:set package 'servo_action' build argument 'ament_cmake_args' from command line to 'None'
[0.222s] Level 5:colcon.colcon_core.verb:set package 'servo_action' build argument 'catkin_cmake_args' from command line to 'None'
[0.222s] Level 5:colcon.colcon_core.verb:set package 'servo_action' build argument 'catkin_skip_building_tests' from command line to 'False'
[0.222s] DEBUG:colcon.colcon_core.verb:Building package 'servo_action' with the following arguments: {'ament_cmake_args': None, 'build_base': '/home/erds/barns_ws/build/servo_action', 'catkin_cmake_args': None, 'catkin_skip_building_tests': False, 'cmake_args': None, 'cmake_clean_cache': False, 'cmake_clean_first': False, 'cmake_force_configure': False, 'cmake_target': None, 'cmake_target_skip_unavailable': False, 'install_base': '/home/erds/barns_ws/install/servo_action', 'merge_install': False, 'path': '/home/erds/barns_ws/src/servo_action', 'symlink_install': False, 'test_result_base': None}
[0.222s] Level 5:colcon.colcon_core.verb:set package 'dobot_bringup_v3' build argument 'cmake_args' from command line to 'None'
[0.222s] Level 5:colcon.colcon_core.verb:set package 'dobot_bringup_v3' build argument 'cmake_target' from command line to 'None'
[0.222s] Level 5:colcon.colcon_core.verb:set package 'dobot_bringup_v3' build argument 'cmake_target_skip_unavailable' from command line to 'False'
[0.222s] Level 5:colcon.colcon_core.verb:set package 'dobot_bringup_v3' build argument 'cmake_clean_cache' from command line to 'False'
[0.222s] Level 5:colcon.colcon_core.verb:set package 'dobot_bringup_v3' build argument 'cmake_clean_first' from command line to 'False'
[0.222s] Level 5:colcon.colcon_core.verb:set package 'dobot_bringup_v3' build argument 'cmake_force_configure' from command line to 'False'
[0.222s] Level 5:colcon.colcon_core.verb:set package 'dobot_bringup_v3' build argument 'ament_cmake_args' from command line to 'None'
[0.222s] Level 5:colcon.colcon_core.verb:set package 'dobot_bringup_v3' build argument 'catkin_cmake_args' from command line to 'None'
[0.222s] Level 5:colcon.colcon_core.verb:set package 'dobot_bringup_v3' build argument 'catkin_skip_building_tests' from command line to 'False'
[0.222s] DEBUG:colcon.colcon_core.verb:Building package 'dobot_bringup_v3' with the following arguments: {'ament_cmake_args': None, 'build_base': '/home/erds/barns_ws/build/dobot_bringup_v3', 'catkin_cmake_args': None, 'catkin_skip_building_tests': False, 'cmake_args': None, 'cmake_clean_cache': False, 'cmake_clean_first': False, 'cmake_force_configure': False, 'cmake_target': None, 'cmake_target_skip_unavailable': False, 'install_base': '/home/erds/barns_ws/install/dobot_bringup_v3', 'merge_install': False, 'path': '/home/erds/barns_ws/src/dobot_bringup_v3', 'symlink_install': False, 'test_result_base': None}
[0.223s] Level 5:colcon.colcon_core.verb:set package 'nova5_moveit' build argument 'cmake_args' from command line to 'None'
[0.223s] Level 5:colcon.colcon_core.verb:set package 'nova5_moveit' build argument 'cmake_target' from command line to 'None'
[0.223s] Level 5:colcon.colcon_core.verb:set package 'nova5_moveit' build argument 'cmake_target_skip_unavailable' from command line to 'False'
[0.223s] Level 5:colcon.colcon_core.verb:set package 'nova5_moveit' build argument 'cmake_clean_cache' from command line to 'False'
[0.223s] Level 5:colcon.colcon_core.verb:set package 'nova5_moveit' build argument 'cmake_clean_first' from command line to 'False'
[0.223s] Level 5:colcon.colcon_core.verb:set package 'nova5_moveit' build argument 'cmake_force_configure' from command line to 'False'
[0.223s] Level 5:colcon.colcon_core.verb:set package 'nova5_moveit' build argument 'ament_cmake_args' from command line to 'None'
[0.223s] Level 5:colcon.colcon_core.verb:set package 'nova5_moveit' build argument 'catkin_cmake_args' from command line to 'None'
[0.223s] Level 5:colcon.colcon_core.verb:set package 'nova5_moveit' build argument 'catkin_skip_building_tests' from command line to 'False'
[0.223s] DEBUG:colcon.colcon_core.verb:Building package 'nova5_moveit' with the following arguments: {'ament_cmake_args': None, 'build_base': '/home/erds/barns_ws/build/nova5_moveit', 'catkin_cmake_args': None, 'catkin_skip_building_tests': False, 'cmake_args': None, 'cmake_clean_cache': False, 'cmake_clean_first': False, 'cmake_force_configure': False, 'cmake_target': None, 'cmake_target_skip_unavailable': False, 'install_base': '/home/erds/barns_ws/install/nova5_moveit', 'merge_install': False, 'path': '/home/erds/barns_ws/src/nova5_moveit', 'symlink_install': False, 'test_result_base': None}
[0.223s] INFO:colcon.colcon_core.executor:Executing jobs using 'parallel' executor
[0.224s] DEBUG:colcon.colcon_parallel_executor.executor.parallel:run_until_complete
[0.224s] INFO:colcon.colcon_ros.task.ament_cmake.build:Building ROS package in '/home/erds/barns_ws/src/dobot_msgs_v3' with build type 'ament_cmake'
[0.224s] INFO:colcon.colcon_cmake.task.cmake.build:Building CMake package in '/home/erds/barns_ws/src/dobot_msgs_v3'
[0.226s] INFO:colcon.colcon_core.plugin_system:Skipping extension 'colcon_core.shell.bat': Not used on non-Windows systems
[0.226s] INFO:colcon.colcon_core.shell:Skip shell extension 'powershell' for command environment: Not usable outside of PowerShell
[0.226s] DEBUG:colcon.colcon_core.shell:Skip shell extension 'dsv' for command environment
[0.231s] INFO:colcon.colcon_ros.task.ament_cmake.build:Building ROS package in '/home/erds/barns_ws/src/dobot_rviz' with build type 'ament_cmake'
[0.231s] INFO:colcon.colcon_cmake.task.cmake.build:Building CMake package in '/home/erds/barns_ws/src/dobot_rviz'
[0.231s] INFO:colcon.colcon_core.shell:Skip shell extension 'powershell' for command environment: Not usable outside of PowerShell
[0.232s] DEBUG:colcon.colcon_core.shell:Skip shell extension 'dsv' for command environment
[0.236s] INFO:colcon.colcon_ros.task.ament_python.build:Building ROS package in '/home/erds/barns_ws/src/dobot_demo' with build type 'ament_python'
[0.236s] Level 1:colcon.colcon_core.shell:create_environment_hook('dobot_demo', 'ament_prefix_path')
[0.236s] INFO:colcon.colcon_core.shell:Creating environment hook '/home/erds/barns_ws/install/dobot_demo/share/dobot_demo/hook/ament_prefix_path.ps1'
[0.237s] INFO:colcon.colcon_core.shell:Creating environment descriptor '/home/erds/barns_ws/install/dobot_demo/share/dobot_demo/hook/ament_prefix_path.dsv'
[0.237s] INFO:colcon.colcon_core.shell:Creating environment hook '/home/erds/barns_ws/install/dobot_demo/share/dobot_demo/hook/ament_prefix_path.sh'
[0.238s] INFO:colcon.colcon_core.shell:Skip shell extension 'powershell' for command environment: Not usable outside of PowerShell
[0.238s] DEBUG:colcon.colcon_core.shell:Skip shell extension 'dsv' for command environment
[0.242s] INFO:colcon.colcon_ros.task.ament_cmake.build:Building ROS package in '/home/erds/barns_ws/src/dobot_gazebo' with build type 'ament_cmake'
[0.242s] INFO:colcon.colcon_cmake.task.cmake.build:Building CMake package in '/home/erds/barns_ws/src/dobot_gazebo'
[0.242s] INFO:colcon.colcon_core.shell:Skip shell extension 'powershell' for command environment: Not usable outside of PowerShell
[0.242s] DEBUG:colcon.colcon_core.shell:Skip shell extension 'dsv' for command environment
[0.247s] INFO:colcon.colcon_ros.task.ament_python.build:Building ROS package in '/home/erds/barns_ws/src/dobot_moveit' with build type 'ament_python'
[0.247s] Level 1:colcon.colcon_core.shell:create_environment_hook('dobot_moveit', 'ament_prefix_path')
[0.248s] INFO:colcon.colcon_core.shell:Creating environment hook '/home/erds/barns_ws/install/dobot_moveit/share/dobot_moveit/hook/ament_prefix_path.ps1'
[0.248s] INFO:colcon.colcon_core.shell:Creating environment descriptor '/home/erds/barns_ws/install/dobot_moveit/share/dobot_moveit/hook/ament_prefix_path.dsv'
[0.249s] INFO:colcon.colcon_core.shell:Creating environment hook '/home/erds/barns_ws/install/dobot_moveit/share/dobot_moveit/hook/ament_prefix_path.sh'
[0.249s] INFO:colcon.colcon_core.shell:Skip shell extension 'powershell' for command environment: Not usable outside of PowerShell
[0.249s] DEBUG:colcon.colcon_core.shell:Skip shell extension 'dsv' for command environment
[0.253s] INFO:colcon.colcon_ros.task.ament_python.build:Building ROS package in '/home/erds/barns_ws/src/pickn_place' with build type 'ament_python'
[0.253s] Level 1:colcon.colcon_core.shell:create_environment_hook('pickn_place', 'ament_prefix_path')
[0.254s] INFO:colcon.colcon_core.shell:Creating environment hook '/home/erds/barns_ws/install/pickn_place/share/pickn_place/hook/ament_prefix_path.ps1'
[0.254s] INFO:colcon.colcon_core.shell:Creating environment descriptor '/home/erds/barns_ws/install/pickn_place/share/pickn_place/hook/ament_prefix_path.dsv'
[0.254s] INFO:colcon.colcon_core.shell:Creating environment hook '/home/erds/barns_ws/install/pickn_place/share/pickn_place/hook/ament_prefix_path.sh'
[0.255s] INFO:colcon.colcon_core.shell:Skip shell extension 'powershell' for command environment: Not usable outside of PowerShell
[0.255s] DEBUG:colcon.colcon_core.shell:Skip shell extension 'dsv' for command environment
[0.259s] INFO:colcon.colcon_ros.task.ament_python.build:Building ROS package in '/home/erds/barns_ws/src/servo_action' with build type 'ament_python'
[0.259s] Level 1:colcon.colcon_core.shell:create_environment_hook('servo_action', 'ament_prefix_path')
[0.260s] INFO:colcon.colcon_core.shell:Creating environment hook '/home/erds/barns_ws/install/servo_action/share/servo_action/hook/ament_prefix_path.ps1'
[0.260s] INFO:colcon.colcon_core.shell:Creating environment descriptor '/home/erds/barns_ws/install/servo_action/share/servo_action/hook/ament_prefix_path.dsv'
[0.260s] INFO:colcon.colcon_core.shell:Creating environment hook '/home/erds/barns_ws/install/servo_action/share/servo_action/hook/ament_prefix_path.sh'
[0.261s] INFO:colcon.colcon_core.shell:Skip shell extension 'powershell' for command environment: Not usable outside of PowerShell
[0.261s] DEBUG:colcon.colcon_core.shell:Skip shell extension 'dsv' for command environment
[0.270s] DEBUG:colcon.colcon_core.event_handler.log_command:Invoking command in '/home/erds/barns_ws/build/dobot_msgs_v3': CMAKE_PREFIX_PATH=${CMAKE_PREFIX_PATH}:/home/erds/barns_ws/install/servo_action:/home/erds/barns_ws/install/pickn_place:/home/erds/barns_ws/install/dobot_bringup_v3:/home/erds/barns_ws/install/dobot_moveit:/home/erds/barns_ws/install/dobot_demo:/opt/ros/humble /usr/bin/cmake --build /home/erds/barns_ws/build/dobot_msgs_v3 -- -j16 -l16
[0.273s] DEBUG:colcon.colcon_core.event_handler.log_command:Invoking command in '/home/erds/barns_ws/build/dobot_rviz': CMAKE_PREFIX_PATH=${CMAKE_PREFIX_PATH}:/home/erds/barns_ws/install/servo_action:/home/erds/barns_ws/install/pickn_place:/home/erds/barns_ws/install/dobot_bringup_v3:/home/erds/barns_ws/install/dobot_moveit:/home/erds/barns_ws/install/dobot_demo:/opt/ros/humble /usr/bin/cmake --build /home/erds/barns_ws/build/dobot_rviz -- -j16 -l16
[0.458s] INFO:colcon.colcon_core.task.python.build:Building Python package in '/home/erds/barns_ws/src/dobot_demo'
[0.458s] INFO:colcon.colcon_core.shell:Skip shell extension 'powershell' for command environment: Not usable outside of PowerShell
[0.458s] DEBUG:colcon.colcon_core.shell:Skip shell extension 'dsv' for command environment
[0.469s] DEBUG:colcon.colcon_core.event_handler.log_command:Invoking command in '/home/erds/barns_ws/build/dobot_gazebo': CMAKE_PREFIX_PATH=${CMAKE_PREFIX_PATH}:/home/erds/barns_ws/install/servo_action:/home/erds/barns_ws/install/pickn_place:/home/erds/barns_ws/install/dobot_bringup_v3:/home/erds/barns_ws/install/dobot_moveit:/home/erds/barns_ws/install/dobot_demo:/opt/ros/humble /usr/bin/cmake --build /home/erds/barns_ws/build/dobot_gazebo -- -j16 -l16
[0.659s] INFO:colcon.colcon_core.task.python.build:Building Python package in '/home/erds/barns_ws/src/dobot_moveit'
[0.659s] INFO:colcon.colcon_core.shell:Skip shell extension 'powershell' for command environment: Not usable outside of PowerShell
[0.659s] DEBUG:colcon.colcon_core.shell:Skip shell extension 'dsv' for command environment
[0.852s] INFO:colcon.colcon_core.task.python.build:Building Python package in '/home/erds/barns_ws/src/pickn_place'
[0.852s] INFO:colcon.colcon_core.shell:Skip shell extension 'powershell' for command environment: Not usable outside of PowerShell
[0.852s] DEBUG:colcon.colcon_core.shell:Skip shell extension 'dsv' for command environment
[0.862s] DEBUG:colcon.colcon_core.event_handler.log_command:Invoked command in '/home/erds/barns_ws/build/dobot_rviz' returned '0': CMAKE_PREFIX_PATH=${CMAKE_PREFIX_PATH}:/home/erds/barns_ws/install/servo_action:/home/erds/barns_ws/install/pickn_place:/home/erds/barns_ws/install/dobot_bringup_v3:/home/erds/barns_ws/install/dobot_moveit:/home/erds/barns_ws/install/dobot_demo:/opt/ros/humble /usr/bin/cmake --build /home/erds/barns_ws/build/dobot_rviz -- -j16 -l16
[0.872s] DEBUG:colcon.colcon_core.event_handler.log_command:Invoking command in '/home/erds/barns_ws/build/dobot_rviz': CMAKE_PREFIX_PATH=${CMAKE_PREFIX_PATH}:/home/erds/barns_ws/install/servo_action:/home/erds/barns_ws/install/pickn_place:/home/erds/barns_ws/install/dobot_bringup_v3:/home/erds/barns_ws/install/dobot_moveit:/home/erds/barns_ws/install/dobot_demo:/opt/ros/humble /usr/bin/cmake --install /home/erds/barns_ws/build/dobot_rviz
[0.873s] DEBUG:colcon.colcon_core.event_handler.log_command:Invoked command in '/home/erds/barns_ws/build/dobot_gazebo' returned '0': CMAKE_PREFIX_PATH=${CMAKE_PREFIX_PATH}:/home/erds/barns_ws/install/servo_action:/home/erds/barns_ws/install/pickn_place:/home/erds/barns_ws/install/dobot_bringup_v3:/home/erds/barns_ws/install/dobot_moveit:/home/erds/barns_ws/install/dobot_demo:/opt/ros/humble /usr/bin/cmake --build /home/erds/barns_ws/build/dobot_gazebo -- -j16 -l16
[0.874s] DEBUG:colcon.colcon_core.event_handler.log_command:Invoking command in '/home/erds/barns_ws/build/dobot_gazebo': CMAKE_PREFIX_PATH=${CMAKE_PREFIX_PATH}:/home/erds/barns_ws/install/servo_action:/home/erds/barns_ws/install/pickn_place:/home/erds/barns_ws/install/dobot_bringup_v3:/home/erds/barns_ws/install/dobot_moveit:/home/erds/barns_ws/install/dobot_demo:/opt/ros/humble /usr/bin/cmake --install /home/erds/barns_ws/build/dobot_gazebo
[0.874s] DEBUG:colcon.colcon_core.event_handler.log_command:Invoked command in '/home/erds/barns_ws/build/dobot_msgs_v3' returned '0': CMAKE_PREFIX_PATH=${CMAKE_PREFIX_PATH}:/home/erds/barns_ws/install/servo_action:/home/erds/barns_ws/install/pickn_place:/home/erds/barns_ws/install/dobot_bringup_v3:/home/erds/barns_ws/install/dobot_moveit:/home/erds/barns_ws/install/dobot_demo:/opt/ros/humble /usr/bin/cmake --build /home/erds/barns_ws/build/dobot_msgs_v3 -- -j16 -l16
[0.875s] DEBUG:colcon.colcon_core.event_handler.log_command:Invoking command in '/home/erds/barns_ws/build/dobot_msgs_v3': CMAKE_PREFIX_PATH=${CMAKE_PREFIX_PATH}:/home/erds/barns_ws/install/servo_action:/home/erds/barns_ws/install/pickn_place:/home/erds/barns_ws/install/dobot_bringup_v3:/home/erds/barns_ws/install/dobot_moveit:/home/erds/barns_ws/install/dobot_demo:/opt/ros/humble /usr/bin/cmake --install /home/erds/barns_ws/build/dobot_msgs_v3
[1.052s] INFO:colcon.colcon_core.task.python.build:Building Python package in '/home/erds/barns_ws/src/servo_action'
[1.053s] INFO:colcon.colcon_core.shell:Skip shell extension 'powershell' for command environment: Not usable outside of PowerShell
[1.053s] DEBUG:colcon.colcon_core.shell:Skip shell extension 'dsv' for command environment
[1.087s] Level 1:colcon.colcon_core.environment:create_environment_scripts_only(dobot_rviz)
[1.097s] Level 1:colcon.colcon_core.environment:checking '/home/erds/barns_ws/install/dobot_rviz' for CMake module files
[1.100s] Level 1:colcon.colcon_core.environment:checking '/home/erds/barns_ws/install/dobot_rviz' for CMake config files
[1.108s] Level 1:colcon.colcon_core.shell:create_environment_hook('dobot_rviz', 'cmake_prefix_path')
[1.108s] INFO:colcon.colcon_core.shell:Creating environment hook '/home/erds/barns_ws/install/dobot_rviz/share/dobot_rviz/hook/cmake_prefix_path.ps1'
[1.110s] INFO:colcon.colcon_core.shell:Creating environment descriptor '/home/erds/barns_ws/install/dobot_rviz/share/dobot_rviz/hook/cmake_prefix_path.dsv'
[1.112s] INFO:colcon.colcon_core.shell:Creating environment hook '/home/erds/barns_ws/install/dobot_rviz/share/dobot_rviz/hook/cmake_prefix_path.sh'
[1.114s] DEBUG:colcon.colcon_core.event_handler.log_command:Invoked command in '/home/erds/barns_ws/build/dobot_rviz' returned '0': CMAKE_PREFIX_PATH=${CMAKE_PREFIX_PATH}:/home/erds/barns_ws/install/servo_action:/home/erds/barns_ws/install/pickn_place:/home/erds/barns_ws/install/dobot_bringup_v3:/home/erds/barns_ws/install/dobot_moveit:/home/erds/barns_ws/install/dobot_demo:/opt/ros/humble /usr/bin/cmake --install /home/erds/barns_ws/build/dobot_rviz
[1.115s] Level 1:colcon.colcon_core.environment:checking '/home/erds/barns_ws/install/dobot_rviz/bin'
[1.115s] Level 1:colcon.colcon_core.environment:checking '/home/erds/barns_ws/install/dobot_rviz/lib/pkgconfig/dobot_rviz.pc'
[1.115s] Level 1:colcon.colcon_core.environment:checking '/home/erds/barns_ws/install/dobot_rviz/lib/python3.10/site-packages'
[1.115s] Level 1:colcon.colcon_core.environment:checking '/home/erds/barns_ws/install/dobot_rviz/bin'
[1.116s] INFO:colcon.colcon_core.shell:Creating package script '/home/erds/barns_ws/install/dobot_rviz/share/dobot_rviz/package.ps1'
[1.119s] INFO:colcon.colcon_core.shell:Creating package descriptor '/home/erds/barns_ws/install/dobot_rviz/share/dobot_rviz/package.dsv'
[1.120s] INFO:colcon.colcon_core.shell:Creating package script '/home/erds/barns_ws/install/dobot_rviz/share/dobot_rviz/package.sh'
[1.125s] INFO:colcon.colcon_core.shell:Creating package script '/home/erds/barns_ws/install/dobot_rviz/share/dobot_rviz/package.bash'
[1.131s] INFO:colcon.colcon_core.shell:Creating package script '/home/erds/barns_ws/install/dobot_rviz/share/dobot_rviz/package.zsh'
[1.135s] Level 1:colcon.colcon_core.environment:create_file_with_runtime_dependencies(/home/erds/barns_ws/install/dobot_rviz/share/colcon-core/packages/dobot_rviz)
[1.138s] Level 1:colcon.colcon_core.environment:create_environment_scripts_only(dobot_rviz)
[1.139s] Level 1:colcon.colcon_core.environment:checking '/home/erds/barns_ws/install/dobot_rviz' for CMake module files
[1.144s] Level 1:colcon.colcon_core.environment:checking '/home/erds/barns_ws/install/dobot_rviz' for CMake config files
[1.163s] Level 1:colcon.colcon_core.shell:create_environment_hook('dobot_rviz', 'cmake_prefix_path')
[1.165s] INFO:colcon.colcon_core.shell:Creating environment hook '/home/erds/barns_ws/install/dobot_rviz/share/dobot_rviz/hook/cmake_prefix_path.ps1'
[1.168s] INFO:colcon.colcon_core.shell:Creating environment descriptor '/home/erds/barns_ws/install/dobot_rviz/share/dobot_rviz/hook/cmake_prefix_path.dsv'
[1.171s] INFO:colcon.colcon_core.shell:Creating environment hook '/home/erds/barns_ws/install/dobot_rviz/share/dobot_rviz/hook/cmake_prefix_path.sh'
[1.172s] Level 1:colcon.colcon_core.environment:checking '/home/erds/barns_ws/install/dobot_rviz/bin'
[1.173s] Level 1:colcon.colcon_core.environment:checking '/home/erds/barns_ws/install/dobot_rviz/lib/pkgconfig/dobot_rviz.pc'
[1.173s] Level 1:colcon.colcon_core.environment:checking '/home/erds/barns_ws/install/dobot_rviz/lib/python3.10/site-packages'
[1.173s] Level 1:colcon.colcon_core.environment:checking '/home/erds/barns_ws/install/dobot_rviz/bin'
[1.173s] INFO:colcon.colcon_core.shell:Creating package script '/home/erds/barns_ws/install/dobot_rviz/share/dobot_rviz/package.ps1'
[1.177s] INFO:colcon.colcon_core.shell:Creating package descriptor '/home/erds/barns_ws/install/dobot_rviz/share/dobot_rviz/package.dsv'
[1.181s] INFO:colcon.colcon_core.shell:Creating package script '/home/erds/barns_ws/install/dobot_rviz/share/dobot_rviz/package.sh'
[1.186s] INFO:colcon.colcon_core.shell:Creating package script '/home/erds/barns_ws/install/dobot_rviz/share/dobot_rviz/package.bash'
[1.188s] INFO:colcon.colcon_core.shell:Creating package script '/home/erds/barns_ws/install/dobot_rviz/share/dobot_rviz/package.zsh'
[1.189s] Level 1:colcon.colcon_core.environment:create_file_with_runtime_dependencies(/home/erds/barns_ws/install/dobot_rviz/share/colcon-core/packages/dobot_rviz)
[1.190s] Level 1:colcon.colcon_core.environment:create_environment_scripts_only(dobot_gazebo)
[1.190s] Level 1:colcon.colcon_core.environment:checking '/home/erds/barns_ws/install/dobot_gazebo' for CMake module files
[1.191s] Level 1:colcon.colcon_core.environment:checking '/home/erds/barns_ws/install/dobot_gazebo' for CMake config files
[1.198s] Level 1:colcon.colcon_core.shell:create_environment_hook('dobot_gazebo', 'cmake_prefix_path')
[1.199s] INFO:colcon.colcon_core.shell:Creating environment hook '/home/erds/barns_ws/install/dobot_gazebo/share/dobot_gazebo/hook/cmake_prefix_path.ps1'
[1.202s] INFO:colcon.colcon_core.shell:Creating environment descriptor '/home/erds/barns_ws/install/dobot_gazebo/share/dobot_gazebo/hook/cmake_prefix_path.dsv'
[1.203s] INFO:colcon.colcon_core.shell:Creating environment hook '/home/erds/barns_ws/install/dobot_gazebo/share/dobot_gazebo/hook/cmake_prefix_path.sh'
[1.207s] Level 1:colcon.colcon_core.environment:checking '/home/erds/barns_ws/install/dobot_gazebo/bin'
[1.208s] Level 1:colcon.colcon_core.environment:checking '/home/erds/barns_ws/install/dobot_gazebo/lib/pkgconfig/dobot_gazebo.pc'
[1.209s] Level 1:colcon.colcon_core.environment:checking '/home/erds/barns_ws/install/dobot_gazebo/lib/python3.10/site-packages'
[1.210s] Level 1:colcon.colcon_core.environment:checking '/home/erds/barns_ws/install/dobot_gazebo/bin'
[1.211s] INFO:colcon.colcon_core.shell:Creating package script '/home/erds/barns_ws/install/dobot_gazebo/share/dobot_gazebo/package.ps1'
[1.212s] DEBUG:colcon.colcon_core.event_handler.log_command:Invoked command in '/home/erds/barns_ws/build/dobot_gazebo' returned '0': CMAKE_PREFIX_PATH=${CMAKE_PREFIX_PATH}:/home/erds/barns_ws/install/servo_action:/home/erds/barns_ws/install/pickn_place:/home/erds/barns_ws/install/dobot_bringup_v3:/home/erds/barns_ws/install/dobot_moveit:/home/erds/barns_ws/install/dobot_demo:/opt/ros/humble /usr/bin/cmake --install /home/erds/barns_ws/build/dobot_gazebo
[1.216s] INFO:colcon.colcon_core.shell:Creating package descriptor '/home/erds/barns_ws/install/dobot_gazebo/share/dobot_gazebo/package.dsv'
[1.219s] INFO:colcon.colcon_core.shell:Creating package script '/home/erds/barns_ws/install/dobot_gazebo/share/dobot_gazebo/package.sh'
[1.226s] INFO:colcon.colcon_core.shell:Creating package script '/home/erds/barns_ws/install/dobot_gazebo/share/dobot_gazebo/package.bash'
[1.231s] INFO:colcon.colcon_core.shell:Creating package script '/home/erds/barns_ws/install/dobot_gazebo/share/dobot_gazebo/package.zsh'
[1.236s] Level 1:colcon.colcon_core.environment:create_file_with_runtime_dependencies(/home/erds/barns_ws/install/dobot_gazebo/share/colcon-core/packages/dobot_gazebo)
[1.242s] Level 1:colcon.colcon_core.environment:create_environment_scripts_only(dobot_gazebo)
[1.243s] Level 1:colcon.colcon_core.environment:checking '/home/erds/barns_ws/install/dobot_gazebo' for CMake module files
[1.245s] Level 1:colcon.colcon_core.environment:checking '/home/erds/barns_ws/install/dobot_gazebo' for CMake config files
[1.257s] Level 1:colcon.colcon_core.shell:create_environment_hook('dobot_gazebo', 'cmake_prefix_path')
[1.258s] INFO:colcon.colcon_core.shell:Creating environment hook '/home/erds/barns_ws/install/dobot_gazebo/share/dobot_gazebo/hook/cmake_prefix_path.ps1'
[1.263s] INFO:colcon.colcon_core.shell:Creating environment descriptor '/home/erds/barns_ws/install/dobot_gazebo/share/dobot_gazebo/hook/cmake_prefix_path.dsv'
[1.266s] INFO:colcon.colcon_core.shell:Creating environment hook '/home/erds/barns_ws/install/dobot_gazebo/share/dobot_gazebo/hook/cmake_prefix_path.sh'
[1.274s] Level 1:colcon.colcon_core.environment:checking '/home/erds/barns_ws/install/dobot_gazebo/bin'
[1.275s] Level 1:colcon.colcon_core.environment:checking '/home/erds/barns_ws/install/dobot_gazebo/lib/pkgconfig/dobot_gazebo.pc'
[1.275s] Level 1:colcon.colcon_core.environment:checking '/home/erds/barns_ws/install/dobot_gazebo/lib/python3.10/site-packages'
[1.275s] Level 1:colcon.colcon_core.environment:checking '/home/erds/barns_ws/install/dobot_gazebo/bin'
[1.276s] INFO:colcon.colcon_core.shell:Creating package script '/home/erds/barns_ws/install/dobot_gazebo/share/dobot_gazebo/package.ps1'
[1.278s] INFO:colcon.colcon_core.shell:Creating package descriptor '/home/erds/barns_ws/install/dobot_gazebo/share/dobot_gazebo/package.dsv'
[1.282s] INFO:colcon.colcon_core.shell:Creating package script '/home/erds/barns_ws/install/dobot_gazebo/share/dobot_gazebo/package.sh'
[1.282s] INFO:colcon.colcon_core.shell:Creating package script '/home/erds/barns_ws/install/dobot_gazebo/share/dobot_gazebo/package.bash'
[1.283s] INFO:colcon.colcon_core.shell:Creating package script '/home/erds/barns_ws/install/dobot_gazebo/share/dobot_gazebo/package.zsh'
[1.283s] Level 1:colcon.colcon_core.environment:create_file_with_runtime_dependencies(/home/erds/barns_ws/install/dobot_gazebo/share/colcon-core/packages/dobot_gazebo)
[1.284s] INFO:colcon.colcon_ros.task.ament_cmake.build:Building ROS package in '/home/erds/barns_ws/src/nova5_moveit' with build type 'ament_cmake'
[1.284s] INFO:colcon.colcon_cmake.task.cmake.build:Building CMake package in '/home/erds/barns_ws/src/nova5_moveit'
[1.285s] INFO:colcon.colcon_core.shell:Skip shell extension 'powershell' for command environment: Not usable outside of PowerShell
[1.285s] DEBUG:colcon.colcon_core.shell:Skip shell extension 'dsv' for command environment
[1.300s] DEBUG:colcon.colcon_core.event_handler.log_command:Invoking command in '/home/erds/barns_ws/build/nova5_moveit': CMAKE_PREFIX_PATH=/home/erds/barns_ws/install/dobot_rviz:/home/erds/ws_moveit2/install:/home/erds/ros2_ws/install/realsense2_description:/home/erds/ros2_ws/install/realsense2_camera:/home/erds/ros2_ws/install/realsense2_camera_msgs:/home/erds/barns_ws/install/nova5_moveit:/home/erds/barns_ws/install/dobot_msgs_v3:/home/erds/barns_ws/install/dobot_gazebo:/home/erds/barns_ws/install/servo_action:/home/erds/barns_ws/install/pickn_place:/home/erds/barns_ws/install/dobot_bringup_v3:/home/erds/barns_ws/install/dobot_moveit:/home/erds/barns_ws/install/dobot_demo:/opt/ros/humble /usr/bin/cmake --build /home/erds/barns_ws/build/nova5_moveit -- -j16 -l16
[1.340s] DEBUG:colcon.colcon_core.event_handler.log_command:Invoked command in '/home/erds/barns_ws/build/nova5_moveit' returned '0': CMAKE_PREFIX_PATH=/home/erds/barns_ws/install/dobot_rviz:/home/erds/ws_moveit2/install:/home/erds/ros2_ws/install/realsense2_description:/home/erds/ros2_ws/install/realsense2_camera:/home/erds/ros2_ws/install/realsense2_camera_msgs:/home/erds/barns_ws/install/nova5_moveit:/home/erds/barns_ws/install/dobot_msgs_v3:/home/erds/barns_ws/install/dobot_gazebo:/home/erds/barns_ws/install/servo_action:/home/erds/barns_ws/install/pickn_place:/home/erds/barns_ws/install/dobot_bringup_v3:/home/erds/barns_ws/install/dobot_moveit:/home/erds/barns_ws/install/dobot_demo:/opt/ros/humble /usr/bin/cmake --build /home/erds/barns_ws/build/nova5_moveit -- -j16 -l16
[1.342s] DEBUG:colcon.colcon_core.event_handler.log_command:Invoking command in '/home/erds/barns_ws/build/nova5_moveit': CMAKE_PREFIX_PATH=/home/erds/barns_ws/install/dobot_rviz:/home/erds/ws_moveit2/install:/home/erds/ros2_ws/install/realsense2_description:/home/erds/ros2_ws/install/realsense2_camera:/home/erds/ros2_ws/install/realsense2_camera_msgs:/home/erds/barns_ws/install/nova5_moveit:/home/erds/barns_ws/install/dobot_msgs_v3:/home/erds/barns_ws/install/dobot_gazebo:/home/erds/barns_ws/install/servo_action:/home/erds/barns_ws/install/pickn_place:/home/erds/barns_ws/install/dobot_bringup_v3:/home/erds/barns_ws/install/dobot_moveit:/home/erds/barns_ws/install/dobot_demo:/opt/ros/humble /usr/bin/cmake --install /home/erds/barns_ws/build/nova5_moveit
[1.354s] Level 1:colcon.colcon_core.environment:create_environment_scripts_only(nova5_moveit)
[1.354s] Level 1:colcon.colcon_core.environment:checking '/home/erds/barns_ws/install/nova5_moveit' for CMake module files
[1.354s] DEBUG:colcon.colcon_core.event_handler.log_command:Invoked command in '/home/erds/barns_ws/build/nova5_moveit' returned '0': CMAKE_PREFIX_PATH=/home/erds/barns_ws/install/dobot_rviz:/home/erds/ws_moveit2/install:/home/erds/ros2_ws/install/realsense2_description:/home/erds/ros2_ws/install/realsense2_camera:/home/erds/ros2_ws/install/realsense2_camera_msgs:/home/erds/barns_ws/install/nova5_moveit:/home/erds/barns_ws/install/dobot_msgs_v3:/home/erds/barns_ws/install/dobot_gazebo:/home/erds/barns_ws/install/servo_action:/home/erds/barns_ws/install/pickn_place:/home/erds/barns_ws/install/dobot_bringup_v3:/home/erds/barns_ws/install/dobot_moveit:/home/erds/barns_ws/install/dobot_demo:/opt/ros/humble /usr/bin/cmake --install /home/erds/barns_ws/build/nova5_moveit
[1.355s] Level 1:colcon.colcon_core.environment:checking '/home/erds/barns_ws/install/nova5_moveit' for CMake config files
[1.355s] Level 1:colcon.colcon_core.shell:create_environment_hook('nova5_moveit', 'cmake_prefix_path')
[1.355s] INFO:colcon.colcon_core.shell:Creating environment hook '/home/erds/barns_ws/install/nova5_moveit/share/nova5_moveit/hook/cmake_prefix_path.ps1'
[1.356s] INFO:colcon.colcon_core.shell:Creating environment descriptor '/home/erds/barns_ws/install/nova5_moveit/share/nova5_moveit/hook/cmake_prefix_path.dsv'
[1.356s] INFO:colcon.colcon_core.shell:Creating environment hook '/home/erds/barns_ws/install/nova5_moveit/share/nova5_moveit/hook/cmake_prefix_path.sh'
[1.357s] Level 1:colcon.colcon_core.environment:checking '/home/erds/barns_ws/install/nova5_moveit/bin'
[1.357s] Level 1:colcon.colcon_core.environment:checking '/home/erds/barns_ws/install/nova5_moveit/lib/pkgconfig/nova5_moveit.pc'
[1.357s] Level 1:colcon.colcon_core.environment:checking '/home/erds/barns_ws/install/nova5_moveit/lib/python3.10/site-packages'
[1.357s] Level 1:colcon.colcon_core.environment:checking '/home/erds/barns_ws/install/nova5_moveit/bin'
[1.357s] INFO:colcon.colcon_core.shell:Creating package script '/home/erds/barns_ws/install/nova5_moveit/share/nova5_moveit/package.ps1'
[1.358s] INFO:colcon.colcon_core.shell:Creating package descriptor '/home/erds/barns_ws/install/nova5_moveit/share/nova5_moveit/package.dsv'
[1.358s] INFO:colcon.colcon_core.shell:Creating package script '/home/erds/barns_ws/install/nova5_moveit/share/nova5_moveit/package.sh'
[1.359s] INFO:colcon.colcon_core.shell:Creating package script '/home/erds/barns_ws/install/nova5_moveit/share/nova5_moveit/package.bash'
[1.359s] INFO:colcon.colcon_core.shell:Creating package script '/home/erds/barns_ws/install/nova5_moveit/share/nova5_moveit/package.zsh'
[1.359s] Level 1:colcon.colcon_core.environment:create_file_with_runtime_dependencies(/home/erds/barns_ws/install/nova5_moveit/share/colcon-core/packages/nova5_moveit)
[1.360s] Level 1:colcon.colcon_core.environment:create_environment_scripts_only(nova5_moveit)
[1.360s] Level 1:colcon.colcon_core.environment:checking '/home/erds/barns_ws/install/nova5_moveit' for CMake module files
[1.360s] Level 1:colcon.colcon_core.environment:checking '/home/erds/barns_ws/install/nova5_moveit' for CMake config files
[1.361s] Level 1:colcon.colcon_core.shell:create_environment_hook('nova5_moveit', 'cmake_prefix_path')
[1.361s] INFO:colcon.colcon_core.shell:Creating environment hook '/home/erds/barns_ws/install/nova5_moveit/share/nova5_moveit/hook/cmake_prefix_path.ps1'
[1.361s] INFO:colcon.colcon_core.shell:Creating environment descriptor '/home/erds/barns_ws/install/nova5_moveit/share/nova5_moveit/hook/cmake_prefix_path.dsv'
[1.361s] INFO:colcon.colcon_core.shell:Creating environment hook '/home/erds/barns_ws/install/nova5_moveit/share/nova5_moveit/hook/cmake_prefix_path.sh'
[1.362s] Level 1:colcon.colcon_core.environment:checking '/home/erds/barns_ws/install/nova5_moveit/bin'
[1.362s] Level 1:colcon.colcon_core.environment:checking '/home/erds/barns_ws/install/nova5_moveit/lib/pkgconfig/nova5_moveit.pc'
[1.362s] Level 1:colcon.colcon_core.environment:checking '/home/erds/barns_ws/install/nova5_moveit/lib/python3.10/site-packages'
[1.363s] Level 1:colcon.colcon_core.environment:checking '/home/erds/barns_ws/install/nova5_moveit/bin'
[1.363s] INFO:colcon.colcon_core.shell:Creating package script '/home/erds/barns_ws/install/nova5_moveit/share/nova5_moveit/package.ps1'
[1.364s] INFO:colcon.colcon_core.shell:Creating package descriptor '/home/erds/barns_ws/install/nova5_moveit/share/nova5_moveit/package.dsv'
[1.364s] INFO:colcon.colcon_core.shell:Creating package script '/home/erds/barns_ws/install/nova5_moveit/share/nova5_moveit/package.sh'
[1.364s] INFO:colcon.colcon_core.shell:Creating package script '/home/erds/barns_ws/install/nova5_moveit/share/nova5_moveit/package.bash'
[1.365s] INFO:colcon.colcon_core.shell:Creating package script '/home/erds/barns_ws/install/nova5_moveit/share/nova5_moveit/package.zsh'
[1.365s] Level 1:colcon.colcon_core.environment:create_file_with_runtime_dependencies(/home/erds/barns_ws/install/nova5_moveit/share/colcon-core/packages/nova5_moveit)
[1.544s] Level 1:colcon.colcon_core.environment:create_environment_scripts_only(dobot_msgs_v3)
[1.544s] Level 1:colcon.colcon_core.environment:checking '/home/erds/barns_ws/install/dobot_msgs_v3' for CMake module files
[1.545s] DEBUG:colcon.colcon_core.event_handler.log_command:Invoked command in '/home/erds/barns_ws/build/dobot_msgs_v3' returned '0': CMAKE_PREFIX_PATH=${CMAKE_PREFIX_PATH}:/home/erds/barns_ws/install/servo_action:/home/erds/barns_ws/install/pickn_place:/home/erds/barns_ws/install/dobot_bringup_v3:/home/erds/barns_ws/install/dobot_moveit:/home/erds/barns_ws/install/dobot_demo:/opt/ros/humble /usr/bin/cmake --install /home/erds/barns_ws/build/dobot_msgs_v3
[1.545s] Level 1:colcon.colcon_core.environment:checking '/home/erds/barns_ws/install/dobot_msgs_v3' for CMake config files
[1.546s] Level 1:colcon.colcon_core.shell:create_environment_hook('dobot_msgs_v3', 'cmake_prefix_path')
[1.546s] INFO:colcon.colcon_core.shell:Creating environment hook '/home/erds/barns_ws/install/dobot_msgs_v3/share/dobot_msgs_v3/hook/cmake_prefix_path.ps1'
[1.546s] INFO:colcon.colcon_core.shell:Creating environment descriptor '/home/erds/barns_ws/install/dobot_msgs_v3/share/dobot_msgs_v3/hook/cmake_prefix_path.dsv'
[1.547s] INFO:colcon.colcon_core.shell:Creating environment hook '/home/erds/barns_ws/install/dobot_msgs_v3/share/dobot_msgs_v3/hook/cmake_prefix_path.sh'
[1.547s] Level 1:colcon.colcon_core.environment:checking '/home/erds/barns_ws/install/dobot_msgs_v3/lib'
[1.548s] Level 1:colcon.colcon_core.shell:create_environment_hook('dobot_msgs_v3', 'ld_library_path_lib')
[1.548s] INFO:colcon.colcon_core.shell:Creating environment hook '/home/erds/barns_ws/install/dobot_msgs_v3/share/dobot_msgs_v3/hook/ld_library_path_lib.ps1'
[1.548s] INFO:colcon.colcon_core.shell:Creating environment descriptor '/home/erds/barns_ws/install/dobot_msgs_v3/share/dobot_msgs_v3/hook/ld_library_path_lib.dsv'
[1.549s] INFO:colcon.colcon_core.shell:Creating environment hook '/home/erds/barns_ws/install/dobot_msgs_v3/share/dobot_msgs_v3/hook/ld_library_path_lib.sh'
[1.549s] Level 1:colcon.colcon_core.environment:checking '/home/erds/barns_ws/install/dobot_msgs_v3/bin'
[1.549s] Level 1:colcon.colcon_core.environment:checking '/home/erds/barns_ws/install/dobot_msgs_v3/lib/pkgconfig/dobot_msgs_v3.pc'
[1.549s] Level 1:colcon.colcon_core.environment:checking '/home/erds/barns_ws/install/dobot_msgs_v3/lib/python3.10/site-packages'
[1.549s] Level 1:colcon.colcon_core.environment:checking '/home/erds/barns_ws/install/dobot_msgs_v3/bin'
[1.550s] INFO:colcon.colcon_core.shell:Creating package script '/home/erds/barns_ws/install/dobot_msgs_v3/share/dobot_msgs_v3/package.ps1'
[1.550s] INFO:colcon.colcon_core.shell:Creating package descriptor '/home/erds/barns_ws/install/dobot_msgs_v3/share/dobot_msgs_v3/package.dsv'
[1.550s] INFO:colcon.colcon_core.shell:Creating package script '/home/erds/barns_ws/install/dobot_msgs_v3/share/dobot_msgs_v3/package.sh'
[1.551s] INFO:colcon.colcon_core.shell:Creating package script '/home/erds/barns_ws/install/dobot_msgs_v3/share/dobot_msgs_v3/package.bash'
[1.551s] INFO:colcon.colcon_core.shell:Creating package script '/home/erds/barns_ws/install/dobot_msgs_v3/share/dobot_msgs_v3/package.zsh'
[1.551s] Level 1:colcon.colcon_core.environment:create_file_with_runtime_dependencies(/home/erds/barns_ws/install/dobot_msgs_v3/share/colcon-core/packages/dobot_msgs_v3)
[1.552s] Level 1:colcon.colcon_core.environment:create_environment_scripts_only(dobot_msgs_v3)
[1.552s] Level 1:colcon.colcon_core.environment:checking '/home/erds/barns_ws/install/dobot_msgs_v3' for CMake module files
[1.553s] Level 1:colcon.colcon_core.environment:checking '/home/erds/barns_ws/install/dobot_msgs_v3' for CMake config files
[1.553s] Level 1:colcon.colcon_core.shell:create_environment_hook('dobot_msgs_v3', 'cmake_prefix_path')
[1.553s] INFO:colcon.colcon_core.shell:Creating environment hook '/home/erds/barns_ws/install/dobot_msgs_v3/share/dobot_msgs_v3/hook/cmake_prefix_path.ps1'
[1.554s] INFO:colcon.colcon_core.shell:Creating environment descriptor '/home/erds/barns_ws/install/dobot_msgs_v3/share/dobot_msgs_v3/hook/cmake_prefix_path.dsv'
[1.554s] INFO:colcon.colcon_core.shell:Creating environment hook '/home/erds/barns_ws/install/dobot_msgs_v3/share/dobot_msgs_v3/hook/cmake_prefix_path.sh'
[1.555s] Level 1:colcon.colcon_core.environment:checking '/home/erds/barns_ws/install/dobot_msgs_v3/lib'
[1.555s] Level 1:colcon.colcon_core.shell:create_environment_hook('dobot_msgs_v3', 'ld_library_path_lib')
[1.555s] INFO:colcon.colcon_core.shell:Creating environment hook '/home/erds/barns_ws/install/dobot_msgs_v3/share/dobot_msgs_v3/hook/ld_library_path_lib.ps1'
[1.555s] INFO:colcon.colcon_core.shell:Creating environment descriptor '/home/erds/barns_ws/install/dobot_msgs_v3/share/dobot_msgs_v3/hook/ld_library_path_lib.dsv'
[1.556s] INFO:colcon.colcon_core.shell:Creating environment hook '/home/erds/barns_ws/install/dobot_msgs_v3/share/dobot_msgs_v3/hook/ld_library_path_lib.sh'
[1.556s] Level 1:colcon.colcon_core.environment:checking '/home/erds/barns_ws/install/dobot_msgs_v3/bin'
[1.556s] Level 1:colcon.colcon_core.environment:checking '/home/erds/barns_ws/install/dobot_msgs_v3/lib/pkgconfig/dobot_msgs_v3.pc'
[1.556s] Level 1:colcon.colcon_core.environment:checking '/home/erds/barns_ws/install/dobot_msgs_v3/lib/python3.10/site-packages'
[1.557s] Level 1:colcon.colcon_core.environment:checking '/home/erds/barns_ws/install/dobot_msgs_v3/bin'
[1.557s] INFO:colcon.colcon_core.shell:Creating package script '/home/erds/barns_ws/install/dobot_msgs_v3/share/dobot_msgs_v3/package.ps1'
[1.557s] INFO:colcon.colcon_core.shell:Creating package descriptor '/home/erds/barns_ws/install/dobot_msgs_v3/share/dobot_msgs_v3/package.dsv'
[1.559s] INFO:colcon.colcon_core.shell:Creating package script '/home/erds/barns_ws/install/dobot_msgs_v3/share/dobot_msgs_v3/package.sh'
[1.559s] INFO:colcon.colcon_core.shell:Creating package script '/home/erds/barns_ws/install/dobot_msgs_v3/share/dobot_msgs_v3/package.bash'
[1.560s] INFO:colcon.colcon_core.shell:Creating package script '/home/erds/barns_ws/install/dobot_msgs_v3/share/dobot_msgs_v3/package.zsh'
[1.560s] Level 1:colcon.colcon_core.environment:create_file_with_runtime_dependencies(/home/erds/barns_ws/install/dobot_msgs_v3/share/colcon-core/packages/dobot_msgs_v3)
[1.560s] INFO:colcon.colcon_ros.task.ament_python.build:Building ROS package in '/home/erds/barns_ws/src/dobot_bringup_v3' with build type 'ament_python'
[1.561s] Level 1:colcon.colcon_core.shell:create_environment_hook('dobot_bringup_v3', 'ament_prefix_path')
[1.561s] INFO:colcon.colcon_core.shell:Creating environment hook '/home/erds/barns_ws/install/dobot_bringup_v3/share/dobot_bringup_v3/hook/ament_prefix_path.ps1'
[1.562s] INFO:colcon.colcon_core.shell:Creating environment descriptor '/home/erds/barns_ws/install/dobot_bringup_v3/share/dobot_bringup_v3/hook/ament_prefix_path.dsv'
[1.562s] INFO:colcon.colcon_core.shell:Creating environment hook '/home/erds/barns_ws/install/dobot_bringup_v3/share/dobot_bringup_v3/hook/ament_prefix_path.sh'
[1.563s] INFO:colcon.colcon_core.shell:Skip shell extension 'powershell' for command environment: Not usable outside of PowerShell
[1.563s] DEBUG:colcon.colcon_core.shell:Skip shell extension 'dsv' for command environment
[1.754s] INFO:colcon.colcon_core.task.python.build:Building Python package in '/home/erds/barns_ws/src/dobot_bringup_v3'
[1.754s] INFO:colcon.colcon_core.shell:Skip shell extension 'powershell' for command environment: Not usable outside of PowerShell
[1.754s] DEBUG:colcon.colcon_core.shell:Skip shell extension 'dsv' for command environment
[1.763s] DEBUG:colcon.colcon_core.event_handler.log_command:Invoking command in '/home/erds/barns_ws/src/pickn_place': PYTHONPATH=/home/erds/barns_ws/build/pickn_place/prefix_override:/usr/lib/python3/dist-packages/colcon_core/task/python/colcon_distutils_commands:/home/erds/barns_ws/install/pickn_place/lib/python3.10/site-packages:${PYTHONPATH} /usr/bin/python3 -W ignore:setup.py install is deprecated -W ignore:easy_install command is deprecated setup.py egg_info --egg-base ../../build/pickn_place build --build-base /home/erds/barns_ws/build/pickn_place/build install --record /home/erds/barns_ws/build/pickn_place/install.log --single-version-externally-managed install_data
[1.767s] DEBUG:colcon.colcon_core.event_handler.log_command:Invoking command in '/home/erds/barns_ws/src/dobot_demo': PYTHONPATH=/home/erds/barns_ws/build/dobot_demo/prefix_override:/usr/lib/python3/dist-packages/colcon_core/task/python/colcon_distutils_commands:/home/erds/barns_ws/install/dobot_demo/lib/python3.10/site-packages:${PYTHONPATH} /usr/bin/python3 -W ignore:setup.py install is deprecated -W ignore:easy_install command is deprecated setup.py egg_info --egg-base ../../build/dobot_demo build --build-base /home/erds/barns_ws/build/dobot_demo/build install --record /home/erds/barns_ws/build/dobot_demo/install.log --single-version-externally-managed install_data
[1.769s] DEBUG:colcon.colcon_core.event_handler.log_command:Invoking command in '/home/erds/barns_ws/src/dobot_moveit': PYTHONPATH=/home/erds/barns_ws/build/dobot_moveit/prefix_override:/usr/lib/python3/dist-packages/colcon_core/task/python/colcon_distutils_commands:/home/erds/barns_ws/install/dobot_moveit/lib/python3.10/site-packages:${PYTHONPATH} /usr/bin/python3 -W ignore:setup.py install is deprecated -W ignore:easy_install command is deprecated setup.py egg_info --egg-base ../../build/dobot_moveit build --build-base /home/erds/barns_ws/build/dobot_moveit/build install --record /home/erds/barns_ws/build/dobot_moveit/install.log --single-version-externally-managed install_data
[1.770s] DEBUG:colcon.colcon_core.event_handler.log_command:Invoking command in '/home/erds/barns_ws/src/servo_action': PYTHONPATH=/home/erds/barns_ws/build/servo_action/prefix_override:/usr/lib/python3/dist-packages/colcon_core/task/python/colcon_distutils_commands:/home/erds/barns_ws/install/servo_action/lib/python3.10/site-packages:${PYTHONPATH} /usr/bin/python3 -W ignore:setup.py install is deprecated -W ignore:easy_install command is deprecated setup.py egg_info --egg-base ../../build/servo_action build --build-base /home/erds/barns_ws/build/servo_action/build install --record /home/erds/barns_ws/build/servo_action/install.log --single-version-externally-managed install_data
[2.226s] Level 1:colcon.colcon_core.environment:checking '/home/erds/barns_ws/install/dobot_demo' for CMake module files
[2.226s] DEBUG:colcon.colcon_core.event_handler.log_command:Invoked command in '/home/erds/barns_ws/src/dobot_demo' returned '0': PYTHONPATH=/home/erds/barns_ws/build/dobot_demo/prefix_override:/usr/lib/python3/dist-packages/colcon_core/task/python/colcon_distutils_commands:/home/erds/barns_ws/install/dobot_demo/lib/python3.10/site-packages:${PYTHONPATH} /usr/bin/python3 -W ignore:setup.py install is deprecated -W ignore:easy_install command is deprecated setup.py egg_info --egg-base ../../build/dobot_demo build --build-base /home/erds/barns_ws/build/dobot_demo/build install --record /home/erds/barns_ws/build/dobot_demo/install.log --single-version-externally-managed install_data
[2.227s] Level 1:colcon.colcon_core.environment:checking '/home/erds/barns_ws/install/dobot_demo' for CMake config files
[2.227s] Level 1:colcon.colcon_core.environment:checking '/home/erds/barns_ws/install/dobot_demo/lib'
[2.227s] Level 1:colcon.colcon_core.environment:checking '/home/erds/barns_ws/install/dobot_demo/bin'
[2.228s] Level 1:colcon.colcon_core.environment:checking '/home/erds/barns_ws/install/dobot_demo/lib/pkgconfig/dobot_demo.pc'
[2.228s] Level 1:colcon.colcon_core.environment:checking '/home/erds/barns_ws/install/dobot_demo/lib/python3.10/site-packages'
[2.228s] Level 1:colcon.colcon_core.shell:create_environment_hook('dobot_demo', 'pythonpath')
[2.228s] INFO:colcon.colcon_core.shell:Creating environment hook '/home/erds/barns_ws/install/dobot_demo/share/dobot_demo/hook/pythonpath.ps1'
[2.228s] INFO:colcon.colcon_core.shell:Creating environment descriptor '/home/erds/barns_ws/install/dobot_demo/share/dobot_demo/hook/pythonpath.dsv'
[2.229s] INFO:colcon.colcon_core.shell:Creating environment hook '/home/erds/barns_ws/install/dobot_demo/share/dobot_demo/hook/pythonpath.sh'
[2.229s] Level 1:colcon.colcon_core.environment:checking '/home/erds/barns_ws/install/dobot_demo/bin'
[2.229s] Level 1:colcon.colcon_core.environment:create_environment_scripts_only(dobot_demo)
[2.230s] INFO:colcon.colcon_core.shell:Creating package script '/home/erds/barns_ws/install/dobot_demo/share/dobot_demo/package.ps1'
[2.230s] INFO:colcon.colcon_core.shell:Creating package descriptor '/home/erds/barns_ws/install/dobot_demo/share/dobot_demo/package.dsv'
[2.231s] INFO:colcon.colcon_core.shell:Creating package script '/home/erds/barns_ws/install/dobot_demo/share/dobot_demo/package.sh'
[2.231s] INFO:colcon.colcon_core.shell:Creating package script '/home/erds/barns_ws/install/dobot_demo/share/dobot_demo/package.bash'
[2.231s] INFO:colcon.colcon_core.shell:Creating package script '/home/erds/barns_ws/install/dobot_demo/share/dobot_demo/package.zsh'
[2.232s] Level 1:colcon.colcon_core.environment:create_file_with_runtime_dependencies(/home/erds/barns_ws/install/dobot_demo/share/colcon-core/packages/dobot_demo)
[2.242s] Level 1:colcon.colcon_core.environment:checking '/home/erds/barns_ws/install/pickn_place' for CMake module files
[2.243s] DEBUG:colcon.colcon_core.event_handler.log_command:Invoked command in '/home/erds/barns_ws/src/pickn_place' returned '0': PYTHONPATH=/home/erds/barns_ws/build/pickn_place/prefix_override:/usr/lib/python3/dist-packages/colcon_core/task/python/colcon_distutils_commands:/home/erds/barns_ws/install/pickn_place/lib/python3.10/site-packages:${PYTHONPATH} /usr/bin/python3 -W ignore:setup.py install is deprecated -W ignore:easy_install command is deprecated setup.py egg_info --egg-base ../../build/pickn_place build --build-base /home/erds/barns_ws/build/pickn_place/build install --record /home/erds/barns_ws/build/pickn_place/install.log --single-version-externally-managed install_data
[2.243s] Level 1:colcon.colcon_core.environment:checking '/home/erds/barns_ws/install/pickn_place' for CMake config files
[2.244s] Level 1:colcon.colcon_core.environment:checking '/home/erds/barns_ws/install/pickn_place/lib'
[2.244s] Level 1:colcon.colcon_core.environment:checking '/home/erds/barns_ws/install/pickn_place/bin'
[2.244s] Level 1:colcon.colcon_core.environment:checking '/home/erds/barns_ws/install/pickn_place/lib/pkgconfig/pickn_place.pc'
[2.244s] Level 1:colcon.colcon_core.environment:checking '/home/erds/barns_ws/install/pickn_place/lib/python3.10/site-packages'
[2.244s] Level 1:colcon.colcon_core.shell:create_environment_hook('pickn_place', 'pythonpath')
[2.244s] INFO:colcon.colcon_core.shell:Creating environment hook '/home/erds/barns_ws/install/pickn_place/share/pickn_place/hook/pythonpath.ps1'
[2.245s] INFO:colcon.colcon_core.shell:Creating environment descriptor '/home/erds/barns_ws/install/pickn_place/share/pickn_place/hook/pythonpath.dsv'
[2.245s] INFO:colcon.colcon_core.shell:Creating environment hook '/home/erds/barns_ws/install/pickn_place/share/pickn_place/hook/pythonpath.sh'
[2.246s] Level 1:colcon.colcon_core.environment:checking '/home/erds/barns_ws/install/pickn_place/bin'
[2.246s] Level 1:colcon.colcon_core.environment:create_environment_scripts_only(pickn_place)
[2.246s] INFO:colcon.colcon_core.shell:Creating package script '/home/erds/barns_ws/install/pickn_place/share/pickn_place/package.ps1'
[2.246s] INFO:colcon.colcon_core.shell:Creating package descriptor '/home/erds/barns_ws/install/pickn_place/share/pickn_place/package.dsv'
[2.247s] INFO:colcon.colcon_core.shell:Creating package script '/home/erds/barns_ws/install/pickn_place/share/pickn_place/package.sh'
[2.247s] INFO:colcon.colcon_core.shell:Creating package script '/home/erds/barns_ws/install/pickn_place/share/pickn_place/package.bash'
[2.247s] INFO:colcon.colcon_core.shell:Creating package script '/home/erds/barns_ws/install/pickn_place/share/pickn_place/package.zsh'
[2.248s] Level 1:colcon.colcon_core.environment:create_file_with_runtime_dependencies(/home/erds/barns_ws/install/pickn_place/share/colcon-core/packages/pickn_place)
[2.249s] Level 1:colcon.colcon_core.environment:checking '/home/erds/barns_ws/install/servo_action' for CMake module files
[2.250s] DEBUG:colcon.colcon_core.event_handler.log_command:Invoked command in '/home/erds/barns_ws/src/servo_action' returned '0': PYTHONPATH=/home/erds/barns_ws/build/servo_action/prefix_override:/usr/lib/python3/dist-packages/colcon_core/task/python/colcon_distutils_commands:/home/erds/barns_ws/install/servo_action/lib/python3.10/site-packages:${PYTHONPATH} /usr/bin/python3 -W ignore:setup.py install is deprecated -W ignore:easy_install command is deprecated setup.py egg_info --egg-base ../../build/servo_action build --build-base /home/erds/barns_ws/build/servo_action/build install --record /home/erds/barns_ws/build/servo_action/install.log --single-version-externally-managed install_data
[2.250s] Level 1:colcon.colcon_core.environment:checking '/home/erds/barns_ws/install/servo_action' for CMake config files
[2.250s] Level 1:colcon.colcon_core.environment:checking '/home/erds/barns_ws/install/servo_action/lib'
[2.250s] Level 1:colcon.colcon_core.environment:checking '/home/erds/barns_ws/install/servo_action/bin'
[2.250s] Level 1:colcon.colcon_core.environment:checking '/home/erds/barns_ws/install/servo_action/lib/pkgconfig/servo_action.pc'
[2.251s] Level 1:colcon.colcon_core.environment:checking '/home/erds/barns_ws/install/servo_action/lib/python3.10/site-packages'
[2.251s] Level 1:colcon.colcon_core.shell:create_environment_hook('servo_action', 'pythonpath')
[2.251s] INFO:colcon.colcon_core.shell:Creating environment hook '/home/erds/barns_ws/install/servo_action/share/servo_action/hook/pythonpath.ps1'
[2.251s] INFO:colcon.colcon_core.shell:Creating environment descriptor '/home/erds/barns_ws/install/servo_action/share/servo_action/hook/pythonpath.dsv'
[2.251s] INFO:colcon.colcon_core.shell:Creating environment hook '/home/erds/barns_ws/install/servo_action/share/servo_action/hook/pythonpath.sh'
[2.252s] Level 1:colcon.colcon_core.environment:checking '/home/erds/barns_ws/install/servo_action/bin'
[2.252s] Level 1:colcon.colcon_core.environment:create_environment_scripts_only(servo_action)
[2.252s] INFO:colcon.colcon_core.shell:Creating package script '/home/erds/barns_ws/install/servo_action/share/servo_action/package.ps1'
[2.253s] INFO:colcon.colcon_core.shell:Creating package descriptor '/home/erds/barns_ws/install/servo_action/share/servo_action/package.dsv'
[2.253s] INFO:colcon.colcon_core.shell:Creating package script '/home/erds/barns_ws/install/servo_action/share/servo_action/package.sh'
[2.253s] INFO:colcon.colcon_core.shell:Creating package script '/home/erds/barns_ws/install/servo_action/share/servo_action/package.bash'
[2.253s] INFO:colcon.colcon_core.shell:Creating package script '/home/erds/barns_ws/install/servo_action/share/servo_action/package.zsh'
[2.254s] Level 1:colcon.colcon_core.environment:create_file_with_runtime_dependencies(/home/erds/barns_ws/install/servo_action/share/colcon-core/packages/servo_action)
[2.254s] Level 1:colcon.colcon_core.environment:checking '/home/erds/barns_ws/install/dobot_moveit' for CMake module files
[2.255s] Level 1:colcon.colcon_core.environment:checking '/home/erds/barns_ws/install/dobot_moveit' for CMake config files
[2.255s] DEBUG:colcon.colcon_core.event_handler.log_command:Invoked command in '/home/erds/barns_ws/src/dobot_moveit' returned '0': PYTHONPATH=/home/erds/barns_ws/build/dobot_moveit/prefix_override:/usr/lib/python3/dist-packages/colcon_core/task/python/colcon_distutils_commands:/home/erds/barns_ws/install/dobot_moveit/lib/python3.10/site-packages:${PYTHONPATH} /usr/bin/python3 -W ignore:setup.py install is deprecated -W ignore:easy_install command is deprecated setup.py egg_info --egg-base ../../build/dobot_moveit build --build-base /home/erds/barns_ws/build/dobot_moveit/build install --record /home/erds/barns_ws/build/dobot_moveit/install.log --single-version-externally-managed install_data
[2.256s] Level 1:colcon.colcon_core.environment:checking '/home/erds/barns_ws/install/dobot_moveit/lib'
[2.256s] Level 1:colcon.colcon_core.environment:checking '/home/erds/barns_ws/install/dobot_moveit/bin'
[2.256s] Level 1:colcon.colcon_core.environment:checking '/home/erds/barns_ws/install/dobot_moveit/lib/pkgconfig/dobot_moveit.pc'
[2.256s] Level 1:colcon.colcon_core.environment:checking '/home/erds/barns_ws/install/dobot_moveit/lib/python3.10/site-packages'
[2.256s] Level 1:colcon.colcon_core.shell:create_environment_hook('dobot_moveit', 'pythonpath')
[2.256s] INFO:colcon.colcon_core.shell:Creating environment hook '/home/erds/barns_ws/install/dobot_moveit/share/dobot_moveit/hook/pythonpath.ps1'
[2.256s] INFO:colcon.colcon_core.shell:Creating environment descriptor '/home/erds/barns_ws/install/dobot_moveit/share/dobot_moveit/hook/pythonpath.dsv'
[2.257s] INFO:colcon.colcon_core.shell:Creating environment hook '/home/erds/barns_ws/install/dobot_moveit/share/dobot_moveit/hook/pythonpath.sh'
[2.257s] Level 1:colcon.colcon_core.environment:checking '/home/erds/barns_ws/install/dobot_moveit/bin'
[2.257s] Level 1:colcon.colcon_core.environment:create_environment_scripts_only(dobot_moveit)
[2.257s] INFO:colcon.colcon_core.shell:Creating package script '/home/erds/barns_ws/install/dobot_moveit/share/dobot_moveit/package.ps1'
[2.258s] INFO:colcon.colcon_core.shell:Creating package descriptor '/home/erds/barns_ws/install/dobot_moveit/share/dobot_moveit/package.dsv'
[2.258s] INFO:colcon.colcon_core.shell:Creating package script '/home/erds/barns_ws/install/dobot_moveit/share/dobot_moveit/package.sh'
[2.258s] INFO:colcon.colcon_core.shell:Creating package script '/home/erds/barns_ws/install/dobot_moveit/share/dobot_moveit/package.bash'
[2.259s] INFO:colcon.colcon_core.shell:Creating package script '/home/erds/barns_ws/install/dobot_moveit/share/dobot_moveit/package.zsh'
[2.259s] Level 1:colcon.colcon_core.environment:create_file_with_runtime_dependencies(/home/erds/barns_ws/install/dobot_moveit/share/colcon-core/packages/dobot_moveit)
[2.261s] DEBUG:colcon.colcon_core.event_handler.log_command:Invoking command in '/home/erds/barns_ws/src/dobot_bringup_v3': CMAKE_PREFIX_PATH=/home/erds/barns_ws/install/dobot_msgs_v3:/home/erds/ws_moveit2/install:/home/erds/ros2_ws/install/realsense2_description:/home/erds/ros2_ws/install/realsense2_camera:/home/erds/ros2_ws/install/realsense2_camera_msgs:/home/erds/barns_ws/install/nova5_moveit:/home/erds/barns_ws/install/dobot_rviz:/home/erds/barns_ws/install/dobot_gazebo LD_LIBRARY_PATH=/home/erds/barns_ws/install/dobot_msgs_v3/lib:/usr/local/cuda/lib64:/home/erds/ws_moveit2/install/lib:/home/erds/ros2_ws/install/realsense2_camera/lib:/home/erds/ros2_ws/install/realsense2_camera_msgs/lib:/usr/lib/x86_64-linux-gnu/gazebo-11/plugins:/opt/ros/humble/opt/rviz_ogre_vendor/lib:/opt/ros/humble/lib/x86_64-linux-gnu:/opt/ros/humble/lib PYTHONPATH=/home/erds/barns_ws/build/dobot_bringup_v3/prefix_override:/usr/lib/python3/dist-packages/colcon_core/task/python/colcon_distutils_commands:/home/erds/barns_ws/install/dobot_bringup_v3/lib/python3.10/site-packages:${PYTHONPATH} /usr/bin/python3 -W ignore:setup.py install is deprecated -W ignore:easy_install command is deprecated setup.py egg_info --egg-base ../../build/dobot_bringup_v3 build --build-base /home/erds/barns_ws/build/dobot_bringup_v3/build install --record /home/erds/barns_ws/build/dobot_bringup_v3/install.log --single-version-externally-managed install_data
[2.717s] Level 1:colcon.colcon_core.environment:checking '/home/erds/barns_ws/install/dobot_bringup_v3' for CMake module files
[2.717s] DEBUG:colcon.colcon_core.event_handler.log_command:Invoked command in '/home/erds/barns_ws/src/dobot_bringup_v3' returned '0': CMAKE_PREFIX_PATH=/home/erds/barns_ws/install/dobot_msgs_v3:/home/erds/ws_moveit2/install:/home/erds/ros2_ws/install/realsense2_description:/home/erds/ros2_ws/install/realsense2_camera:/home/erds/ros2_ws/install/realsense2_camera_msgs:/home/erds/barns_ws/install/nova5_moveit:/home/erds/barns_ws/install/dobot_rviz:/home/erds/barns_ws/install/dobot_gazebo LD_LIBRARY_PATH=/home/erds/barns_ws/install/dobot_msgs_v3/lib:/usr/local/cuda/lib64:/home/erds/ws_moveit2/install/lib:/home/erds/ros2_ws/install/realsense2_camera/lib:/home/erds/ros2_ws/install/realsense2_camera_msgs/lib:/usr/lib/x86_64-linux-gnu/gazebo-11/plugins:/opt/ros/humble/opt/rviz_ogre_vendor/lib:/opt/ros/humble/lib/x86_64-linux-gnu:/opt/ros/humble/lib PYTHONPATH=/home/erds/barns_ws/build/dobot_bringup_v3/prefix_override:/usr/lib/python3/dist-packages/colcon_core/task/python/colcon_distutils_commands:/home/erds/barns_ws/install/dobot_bringup_v3/lib/python3.10/site-packages:${PYTHONPATH} /usr/bin/python3 -W ignore:setup.py install is deprecated -W ignore:easy_install command is deprecated setup.py egg_info --egg-base ../../build/dobot_bringup_v3 build --build-base /home/erds/barns_ws/build/dobot_bringup_v3/build install --record /home/erds/barns_ws/build/dobot_bringup_v3/install.log --single-version-externally-managed install_data
[2.717s] Level 1:colcon.colcon_core.environment:checking '/home/erds/barns_ws/install/dobot_bringup_v3' for CMake config files
[2.718s] Level 1:colcon.colcon_core.environment:checking '/home/erds/barns_ws/install/dobot_bringup_v3/lib'
[2.718s] Level 1:colcon.colcon_core.environment:checking '/home/erds/barns_ws/install/dobot_bringup_v3/bin'
[2.718s] Level 1:colcon.colcon_core.environment:checking '/home/erds/barns_ws/install/dobot_bringup_v3/lib/pkgconfig/dobot_bringup_v3.pc'
[2.718s] Level 1:colcon.colcon_core.environment:checking '/home/erds/barns_ws/install/dobot_bringup_v3/lib/python3.10/site-packages'
[2.718s] Level 1:colcon.colcon_core.shell:create_environment_hook('dobot_bringup_v3', 'pythonpath')
[2.718s] INFO:colcon.colcon_core.shell:Creating environment hook '/home/erds/barns_ws/install/dobot_bringup_v3/share/dobot_bringup_v3/hook/pythonpath.ps1'
[2.719s] INFO:colcon.colcon_core.shell:Creating environment descriptor '/home/erds/barns_ws/install/dobot_bringup_v3/share/dobot_bringup_v3/hook/pythonpath.dsv'
[2.719s] INFO:colcon.colcon_core.shell:Creating environment hook '/home/erds/barns_ws/install/dobot_bringup_v3/share/dobot_bringup_v3/hook/pythonpath.sh'
[2.719s] Level 1:colcon.colcon_core.environment:checking '/home/erds/barns_ws/install/dobot_bringup_v3/bin'
[2.719s] Level 1:colcon.colcon_core.environment:create_environment_scripts_only(dobot_bringup_v3)
[2.720s] INFO:colcon.colcon_core.shell:Creating package script '/home/erds/barns_ws/install/dobot_bringup_v3/share/dobot_bringup_v3/package.ps1'
[2.720s] INFO:colcon.colcon_core.shell:Creating package descriptor '/home/erds/barns_ws/install/dobot_bringup_v3/share/dobot_bringup_v3/package.dsv'
[2.720s] INFO:colcon.colcon_core.shell:Creating package script '/home/erds/barns_ws/install/dobot_bringup_v3/share/dobot_bringup_v3/package.sh'
[2.721s] INFO:colcon.colcon_core.shell:Creating package script '/home/erds/barns_ws/install/dobot_bringup_v3/share/dobot_bringup_v3/package.bash'
[2.721s] INFO:colcon.colcon_core.shell:Creating package script '/home/erds/barns_ws/install/dobot_bringup_v3/share/dobot_bringup_v3/package.zsh'
[2.721s] Level 1:colcon.colcon_core.environment:create_file_with_runtime_dependencies(/home/erds/barns_ws/install/dobot_bringup_v3/share/colcon-core/packages/dobot_bringup_v3)
[2.721s] DEBUG:colcon.colcon_parallel_executor.executor.parallel:closing loop
[2.722s] DEBUG:colcon.colcon_parallel_executor.executor.parallel:loop closed
[2.722s] DEBUG:colcon.colcon_parallel_executor.executor.parallel:run_until_complete finished with '0'
[2.722s] DEBUG:colcon.colcon_core.event_reactor:joining thread
[2.726s] INFO:colcon.colcon_core.plugin_system:Skipping extension 'colcon_notification.desktop_notification.terminal_notifier': Not used on non-Darwin systems
[2.727s] INFO:colcon.colcon_core.plugin_system:Skipping extension 'colcon_notification.desktop_notification.win32': Not used on non-Windows systems
[2.727s] INFO:colcon.colcon_notification.desktop_notification:Sending desktop notification using 'notify2'
[2.737s] DEBUG:colcon.colcon_core.event_reactor:joined thread
[2.737s] INFO:colcon.colcon_core.shell:Creating prefix script '/home/erds/barns_ws/install/local_setup.ps1'
[2.738s] INFO:colcon.colcon_core.shell:Creating prefix util module '/home/erds/barns_ws/install/_local_setup_util_ps1.py'
[2.740s] INFO:colcon.colcon_core.shell:Creating prefix chain script '/home/erds/barns_ws/install/setup.ps1'
[2.741s] INFO:colcon.colcon_core.shell:Creating prefix script '/home/erds/barns_ws/install/local_setup.sh'
[2.741s] INFO:colcon.colcon_core.shell:Creating prefix util module '/home/erds/barns_ws/install/_local_setup_util_sh.py'
[2.742s] INFO:colcon.colcon_core.shell:Creating prefix chain script '/home/erds/barns_ws/install/setup.sh'
[2.743s] INFO:colcon.colcon_core.shell:Creating prefix script '/home/erds/barns_ws/install/local_setup.bash'
[2.743s] INFO:colcon.colcon_core.shell:Creating prefix chain script '/home/erds/barns_ws/install/setup.bash'
[2.744s] INFO:colcon.colcon_core.shell:Creating prefix script '/home/erds/barns_ws/install/local_setup.zsh'
[2.745s] INFO:colcon.colcon_core.shell:Creating prefix chain script '/home/erds/barns_ws/install/setup.zsh'
