[1.265s] Invoking command in '/home/erds/barns_ws/src/pickn_place': PYTHONPATH=/home/erds/barns_ws/build/pickn_place/prefix_override:/usr/lib/python3/dist-packages/colcon_core/task/python/colcon_distutils_commands:/home/erds/barns_ws/install/pickn_place/lib/python3.10/site-packages:${PYTHONPATH} /usr/bin/python3 -W ignore:setup.py install is deprecated -W ignore:easy_install command is deprecated setup.py egg_info --egg-base ../../build/pickn_place build --build-base /home/erds/barns_ws/build/pickn_place/build install --record /home/erds/barns_ws/build/pickn_place/install.log --single-version-externally-managed install_data
[1.454s] running egg_info
[1.454s] writing ../../build/pickn_place/pickn_place.egg-info/PKG-INFO
[1.455s] writing dependency_links to ../../build/pickn_place/pickn_place.egg-info/dependency_links.txt
[1.455s] writing entry points to ../../build/pickn_place/pickn_place.egg-info/entry_points.txt
[1.455s] writing requirements to ../../build/pickn_place/pickn_place.egg-info/requires.txt
[1.455s] writing top-level names to ../../build/pickn_place/pickn_place.egg-info/top_level.txt
[1.456s] reading manifest file '../../build/pickn_place/pickn_place.egg-info/SOURCES.txt'
[1.457s] writing manifest file '../../build/pickn_place/pickn_place.egg-info/SOURCES.txt'
[1.457s] running build
[1.457s] running build_py
[1.457s] running install
[1.457s] running install_lib
[1.458s] running install_data
[1.458s] running install_egg_info
[1.460s] removing '/home/erds/barns_ws/install/pickn_place/lib/python3.10/site-packages/pickn_place-0.0.0-py3.10.egg-info' (and everything under it)
[1.460s] Copying ../../build/pickn_place/pickn_place.egg-info to /home/erds/barns_ws/install/pickn_place/lib/python3.10/site-packages/pickn_place-0.0.0-py3.10.egg-info
[1.461s] running install_scripts
[1.478s] Installing aruco_perception script to /home/erds/barns_ws/install/pickn_place/lib/pickn_place
[1.478s] Installing perception_transform script to /home/erds/barns_ws/install/pickn_place/lib/pickn_place
[1.478s] writing list of installed files to '/home/erds/barns_ws/build/pickn_place/install.log'
[1.512s] Invoked command in '/home/erds/barns_ws/src/pickn_place' returned '0': PYTHONPATH=/home/erds/barns_ws/build/pickn_place/prefix_override:/usr/lib/python3/dist-packages/colcon_core/task/python/colcon_distutils_commands:/home/erds/barns_ws/install/pickn_place/lib/python3.10/site-packages:${PYTHONPATH} /usr/bin/python3 -W ignore:setup.py install is deprecated -W ignore:easy_install command is deprecated setup.py egg_info --egg-base ../../build/pickn_place build --build-base /home/erds/barns_ws/build/pickn_place/build install --record /home/erds/barns_ws/build/pickn_place/install.log --single-version-externally-managed install_data
