[0.045s] Invoking command in '/home/erds/barns_ws/build/dobot_rviz': CMAKE_PREFIX_PATH=${CMAKE_PREFIX_PATH}:/home/erds/ws_moveit/install/moveit_configs_utils:/home/erds/ws_moveit/install/launch_param_builder:/opt/ros/humble /usr/bin/cmake /home/erds/barns_ws/src/dobot_rviz -DCMAKE_INSTALL_PREFIX=/home/erds/barns_ws/install/dobot_rviz
[0.673s] -- The C compiler identification is GNU 11.4.0
[0.673s] -- The CXX compiler identification is GNU 11.4.0
[0.673s] -- Detecting C compiler ABI info
[0.673s] -- Detecting C compiler ABI info - done
[0.673s] -- Check for working C compiler: /usr/bin/cc - skipped
[0.673s] -- Detecting C compile features
[0.673s] -- Detecting C compile features - done
[0.673s] -- Detecting CXX compiler ABI info
[0.674s] -- Detecting CXX compiler ABI info - done
[0.674s] -- Check for working CXX compiler: /usr/bin/c++ - skipped
[0.674s] -- Detecting CXX compile features
[0.674s] -- Detecting CXX compile features - done
[0.674s] -- Found ament_cmake: 1.3.11 (/opt/ros/humble/share/ament_cmake/cmake)
[0.674s] -- Found Python3: /usr/bin/python3 (found version "3.10.12") found components: Interpreter 
[0.679s] -- Found ament_lint_auto: 0.12.11 (/opt/ros/humble/share/ament_lint_auto/cmake)
[0.791s] -- Added test 'flake8' to check Python code syntax and style conventions
[0.793s] -- Added test 'lint_cmake' to check CMake code style
[0.794s] -- Added test 'pep257' to check Python code against some of the docstring style conventions in PEP 257
[0.798s] -- Added test 'xmllint' to check XML markup files
[0.800s] -- Configuring done
[0.803s] -- Generating done
[0.804s] -- Build files have been written to: /home/erds/barns_ws/build/dobot_rviz
[0.889s] Invoked command in '/home/erds/barns_ws/build/dobot_rviz' returned '0': CMAKE_PREFIX_PATH=${CMAKE_PREFIX_PATH}:/home/erds/ws_moveit/install/moveit_configs_utils:/home/erds/ws_moveit/install/launch_param_builder:/opt/ros/humble /usr/bin/cmake /home/erds/barns_ws/src/dobot_rviz -DCMAKE_INSTALL_PREFIX=/home/erds/barns_ws/install/dobot_rviz
[0.891s] Invoking command in '/home/erds/barns_ws/build/dobot_rviz': CMAKE_PREFIX_PATH=${CMAKE_PREFIX_PATH}:/home/erds/ws_moveit/install/moveit_configs_utils:/home/erds/ws_moveit/install/launch_param_builder:/opt/ros/humble /usr/bin/cmake --build /home/erds/barns_ws/build/dobot_rviz -- -j16 -l16
[0.944s] Invoked command in '/home/erds/barns_ws/build/dobot_rviz' returned '0': CMAKE_PREFIX_PATH=${CMAKE_PREFIX_PATH}:/home/erds/ws_moveit/install/moveit_configs_utils:/home/erds/ws_moveit/install/launch_param_builder:/opt/ros/humble /usr/bin/cmake --build /home/erds/barns_ws/build/dobot_rviz -- -j16 -l16
[0.956s] Invoking command in '/home/erds/barns_ws/build/dobot_rviz': CMAKE_PREFIX_PATH=${CMAKE_PREFIX_PATH}:/home/erds/ws_moveit/install/moveit_configs_utils:/home/erds/ws_moveit/install/launch_param_builder:/opt/ros/humble /usr/bin/cmake --install /home/erds/barns_ws/build/dobot_rviz
[0.967s] -- Install configuration: ""
[0.967s] -- Installing: /home/erds/barns_ws/install/dobot_rviz/share/dobot_rviz/launch
[0.967s] -- Installing: /home/erds/barns_ws/install/dobot_rviz/share/dobot_rviz/launch/dobot_rviz.launch.py
[0.967s] -- Installing: /home/erds/barns_ws/install/dobot_rviz/share/dobot_rviz/urdf
[0.967s] -- Installing: /home/erds/barns_ws/install/dobot_rviz/share/dobot_rviz/urdf/nova5_robot.urdf
[0.968s] -- Installing: /home/erds/barns_ws/install/dobot_rviz/share/dobot_rviz/rviz
[0.968s] -- Installing: /home/erds/barns_ws/install/dobot_rviz/share/dobot_rviz/rviz/urdf.rviz
[0.968s] -- Installing: /home/erds/barns_ws/install/dobot_rviz/share/dobot_rviz/meshes
[0.968s] -- Installing: /home/erds/barns_ws/install/dobot_rviz/share/dobot_rviz/meshes/robotiq2f85
[0.968s] -- Installing: /home/erds/barns_ws/install/dobot_rviz/share/dobot_rviz/meshes/robotiq2f85/outer_knuckle_fine.STL
[0.968s] -- Installing: /home/erds/barns_ws/install/dobot_rviz/share/dobot_rviz/meshes/robotiq2f85/d435.dae
[0.985s] -- Installing: /home/erds/barns_ws/install/dobot_rviz/share/dobot_rviz/meshes/robotiq2f85/outer_knuckle_coarse.STL
[0.985s] -- Installing: /home/erds/barns_ws/install/dobot_rviz/share/dobot_rviz/meshes/robotiq2f85/outer_finger_fine.STL
[0.985s] -- Installing: /home/erds/barns_ws/install/dobot_rviz/share/dobot_rviz/meshes/robotiq2f85/robotiq_85_base_link_coarse.STL
[0.985s] -- Installing: /home/erds/barns_ws/install/dobot_rviz/share/dobot_rviz/meshes/robotiq2f85/inner_knuckle_fine.STL
[0.986s] -- Installing: /home/erds/barns_ws/install/dobot_rviz/share/dobot_rviz/meshes/robotiq2f85/inner_knuckle_coarse.STL
[0.986s] -- Installing: /home/erds/barns_ws/install/dobot_rviz/share/dobot_rviz/meshes/robotiq2f85/camera_mount.STL
[0.986s] -- Installing: /home/erds/barns_ws/install/dobot_rviz/share/dobot_rviz/meshes/robotiq2f85/inner_finger_fine.STL
[0.986s] -- Installing: /home/erds/barns_ws/install/dobot_rviz/share/dobot_rviz/meshes/robotiq2f85/realsense_345.STL
[0.989s] -- Installing: /home/erds/barns_ws/install/dobot_rviz/share/dobot_rviz/meshes/robotiq2f85/inner_finger_coarse.STL
[0.989s] -- Installing: /home/erds/barns_ws/install/dobot_rviz/share/dobot_rviz/meshes/robotiq2f85/fingertips_R.STL
[0.989s] -- Installing: /home/erds/barns_ws/install/dobot_rviz/share/dobot_rviz/meshes/robotiq2f85/fingertips_L.STL
[0.989s] -- Installing: /home/erds/barns_ws/install/dobot_rviz/share/dobot_rviz/meshes/robotiq2f85/outer_finger_coarse.STL
[0.990s] -- Installing: /home/erds/barns_ws/install/dobot_rviz/share/dobot_rviz/meshes/robotiq2f85/robotiq_85_base_link_fine.STL
[0.992s] -- Installing: /home/erds/barns_ws/install/dobot_rviz/share/dobot_rviz/meshes/nova2
[0.992s] -- Installing: /home/erds/barns_ws/install/dobot_rviz/share/dobot_rviz/meshes/nova2/Link2.STL
[0.992s] -- Installing: /home/erds/barns_ws/install/dobot_rviz/share/dobot_rviz/meshes/nova2/Link1.STL
[0.993s] -- Installing: /home/erds/barns_ws/install/dobot_rviz/share/dobot_rviz/meshes/nova2/base_link.STL
[0.993s] -- Installing: /home/erds/barns_ws/install/dobot_rviz/share/dobot_rviz/meshes/nova2/Link6.STL
[0.994s] -- Installing: /home/erds/barns_ws/install/dobot_rviz/share/dobot_rviz/meshes/nova2/Link3.STL
[0.995s] -- Installing: /home/erds/barns_ws/install/dobot_rviz/share/dobot_rviz/meshes/nova2/Link4.STL
[0.995s] -- Installing: /home/erds/barns_ws/install/dobot_rviz/share/dobot_rviz/meshes/nova2/Link5.STL
[0.996s] -- Installing: /home/erds/barns_ws/install/dobot_rviz/share/dobot_rviz/meshes/nova5
[0.996s] -- Installing: /home/erds/barns_ws/install/dobot_rviz/share/dobot_rviz/meshes/nova5/Link2.STL
[0.997s] -- Installing: /home/erds/barns_ws/install/dobot_rviz/share/dobot_rviz/meshes/nova5/Link1.STL
[0.998s] -- Installing: /home/erds/barns_ws/install/dobot_rviz/share/dobot_rviz/meshes/nova5/base_link.STL
[0.998s] -- Installing: /home/erds/barns_ws/install/dobot_rviz/share/dobot_rviz/meshes/nova5/Link6.STL
[0.999s] -- Installing: /home/erds/barns_ws/install/dobot_rviz/share/dobot_rviz/meshes/nova5/gripper_coupler.STL
[0.999s] -- Installing: /home/erds/barns_ws/install/dobot_rviz/share/dobot_rviz/meshes/nova5/Link3.STL
[1.000s] -- Installing: /home/erds/barns_ws/install/dobot_rviz/share/dobot_rviz/meshes/nova5/Link4.STL
[1.000s] -- Installing: /home/erds/barns_ws/install/dobot_rviz/share/dobot_rviz/meshes/nova5/Link5.STL
[1.002s] -- Installing: /home/erds/barns_ws/install/dobot_rviz/share/ament_index/resource_index/package_run_dependencies/dobot_rviz
[1.002s] -- Installing: /home/erds/barns_ws/install/dobot_rviz/share/ament_index/resource_index/parent_prefix_path/dobot_rviz
[1.002s] -- Installing: /home/erds/barns_ws/install/dobot_rviz/share/dobot_rviz/environment/ament_prefix_path.sh
[1.002s] -- Installing: /home/erds/barns_ws/install/dobot_rviz/share/dobot_rviz/environment/ament_prefix_path.dsv
[1.002s] -- Installing: /home/erds/barns_ws/install/dobot_rviz/share/dobot_rviz/environment/path.sh
[1.002s] -- Installing: /home/erds/barns_ws/install/dobot_rviz/share/dobot_rviz/environment/path.dsv
[1.003s] -- Installing: /home/erds/barns_ws/install/dobot_rviz/share/dobot_rviz/local_setup.bash
[1.003s] -- Installing: /home/erds/barns_ws/install/dobot_rviz/share/dobot_rviz/local_setup.sh
[1.003s] -- Installing: /home/erds/barns_ws/install/dobot_rviz/share/dobot_rviz/local_setup.zsh
[1.003s] -- Installing: /home/erds/barns_ws/install/dobot_rviz/share/dobot_rviz/local_setup.dsv
[1.003s] -- Installing: /home/erds/barns_ws/install/dobot_rviz/share/dobot_rviz/package.dsv
[1.003s] -- Installing: /home/erds/barns_ws/install/dobot_rviz/share/ament_index/resource_index/packages/dobot_rviz
[1.003s] -- Installing: /home/erds/barns_ws/install/dobot_rviz/share/dobot_rviz/cmake/dobot_rvizConfig.cmake
[1.003s] -- Installing: /home/erds/barns_ws/install/dobot_rviz/share/dobot_rviz/cmake/dobot_rvizConfig-version.cmake
[1.003s] -- Installing: /home/erds/barns_ws/install/dobot_rviz/share/dobot_rviz/package.xml
[1.014s] Invoked command in '/home/erds/barns_ws/build/dobot_rviz' returned '0': CMAKE_PREFIX_PATH=${CMAKE_PREFIX_PATH}:/home/erds/ws_moveit/install/moveit_configs_utils:/home/erds/ws_moveit/install/launch_param_builder:/opt/ros/humble /usr/bin/cmake --install /home/erds/barns_ws/build/dobot_rviz
