[0.127s] DEBUG:colcon:Command line arguments: ['/usr/bin/colcon', 'build']
[0.127s] DEBUG:colcon:Parsed command line arguments: Namespace(log_base=None, log_level=None, verb_name='build', build_base='build', install_base='install', merge_install=False, symlink_install=False, test_result_base=None, continue_on_error=False, executor='parallel', parallel_workers=16, event_handlers=None, ignore_user_meta=False, metas=['./colcon.meta'], base_paths=['.'], packages_ignore=None, packages_ignore_regex=None, paths=None, packages_up_to=None, packages_up_to_regex=None, packages_above=None, packages_above_and_dependencies=None, packages_above_depth=None, packages_select_by_dep=None, packages_skip_by_dep=None, packages_skip_up_to=None, packages_select_build_failed=False, packages_skip_build_finished=False, packages_select_test_failures=False, packages_skip_test_passed=False, packages_select=None, packages_skip=None, packages_select_regex=None, packages_skip_regex=None, packages_start=None, packages_end=None, allow_overriding=[], cmake_args=None, cmake_target=None, cmake_target_skip_unavailable=False, cmake_clean_cache=False, cmake_clean_first=False, cmake_force_configure=False, ament_cmake_args=None, catkin_cmake_args=None, catkin_skip_building_tests=False, mixin_files=None, mixin=None, verb_parser=<colcon_mixin.mixin.mixin_argument.MixinArgumentDecorator object at 0x77e5d50587c0>, verb_extension=<colcon_core.verb.build.BuildVerb object at 0x77e5d5027d30>, main=<bound method BuildVerb.main of <colcon_core.verb.build.BuildVerb object at 0x77e5d5027d30>>, mixin_verb=('build',))
[0.171s] Level 1:colcon.colcon_core.package_discovery:discover_packages(colcon_meta) check parameters
[0.171s] Level 1:colcon.colcon_core.package_discovery:discover_packages(recursive) check parameters
[0.171s] Level 1:colcon.colcon_core.package_discovery:discover_packages(ignore) check parameters
[0.171s] Level 1:colcon.colcon_core.package_discovery:discover_packages(path) check parameters
[0.171s] Level 1:colcon.colcon_core.package_discovery:discover_packages(colcon_meta) discover
[0.171s] Level 1:colcon.colcon_core.package_discovery:discover_packages(recursive) discover
[0.171s] INFO:colcon.colcon_core.package_discovery:Crawling recursively for packages in '/home/erds/barns_ws'
[0.171s] Level 1:colcon.colcon_core.package_identification:_identify(.) by extensions ['ignore', 'ignore_ament_install']
[0.171s] Level 1:colcon.colcon_core.package_identification:_identify(.) by extension 'ignore'
[0.171s] Level 1:colcon.colcon_core.package_identification:_identify(.) by extension 'ignore_ament_install'
[0.172s] Level 1:colcon.colcon_core.package_identification:_identify(.) by extensions ['colcon_pkg']
[0.172s] Level 1:colcon.colcon_core.package_identification:_identify(.) by extension 'colcon_pkg'
[0.172s] Level 1:colcon.colcon_core.package_identification:_identify(.) by extensions ['colcon_meta']
[0.172s] Level 1:colcon.colcon_core.package_identification:_identify(.) by extension 'colcon_meta'
[0.172s] Level 1:colcon.colcon_core.package_identification:_identify(.) by extensions ['ros']
[0.172s] Level 1:colcon.colcon_core.package_identification:_identify(.) by extension 'ros'
[0.186s] Level 1:colcon.colcon_core.package_identification:_identify(.) by extensions ['cmake', 'python']
[0.187s] Level 1:colcon.colcon_core.package_identification:_identify(.) by extension 'cmake'
[0.187s] Level 1:colcon.colcon_core.package_identification:_identify(.) by extension 'python'
[0.187s] Level 1:colcon.colcon_core.package_identification:_identify(.) by extensions ['python_setup_py']
[0.187s] Level 1:colcon.colcon_core.package_identification:_identify(.) by extension 'python_setup_py'
[0.187s] Level 1:colcon.colcon_core.package_identification:_identify(build) by extensions ['ignore', 'ignore_ament_install']
[0.187s] Level 1:colcon.colcon_core.package_identification:_identify(build) by extension 'ignore'
[0.187s] Level 1:colcon.colcon_core.package_identification:_identify(build) ignored
[0.187s] Level 1:colcon.colcon_core.package_identification:_identify(install) by extensions ['ignore', 'ignore_ament_install']
[0.187s] Level 1:colcon.colcon_core.package_identification:_identify(install) by extension 'ignore'
[0.187s] Level 1:colcon.colcon_core.package_identification:_identify(install) ignored
[0.187s] Level 1:colcon.colcon_core.package_identification:_identify(log) by extensions ['ignore', 'ignore_ament_install']
[0.187s] Level 1:colcon.colcon_core.package_identification:_identify(log) by extension 'ignore'
[0.187s] Level 1:colcon.colcon_core.package_identification:_identify(log) ignored
[0.187s] Level 1:colcon.colcon_core.package_identification:_identify(src) by extensions ['ignore', 'ignore_ament_install']
[0.188s] Level 1:colcon.colcon_core.package_identification:_identify(src) by extension 'ignore'
[0.188s] Level 1:colcon.colcon_core.package_identification:_identify(src) by extension 'ignore_ament_install'
[0.188s] Level 1:colcon.colcon_core.package_identification:_identify(src) by extensions ['colcon_pkg']
[0.188s] Level 1:colcon.colcon_core.package_identification:_identify(src) by extension 'colcon_pkg'
[0.188s] Level 1:colcon.colcon_core.package_identification:_identify(src) by extensions ['colcon_meta']
[0.188s] Level 1:colcon.colcon_core.package_identification:_identify(src) by extension 'colcon_meta'
[0.188s] Level 1:colcon.colcon_core.package_identification:_identify(src) by extensions ['ros']
[0.188s] Level 1:colcon.colcon_core.package_identification:_identify(src) by extension 'ros'
[0.188s] Level 1:colcon.colcon_core.package_identification:_identify(src) by extensions ['cmake', 'python']
[0.188s] Level 1:colcon.colcon_core.package_identification:_identify(src) by extension 'cmake'
[0.188s] Level 1:colcon.colcon_core.package_identification:_identify(src) by extension 'python'
[0.188s] Level 1:colcon.colcon_core.package_identification:_identify(src) by extensions ['python_setup_py']
[0.188s] Level 1:colcon.colcon_core.package_identification:_identify(src) by extension 'python_setup_py'
[0.188s] Level 1:colcon.colcon_core.package_identification:_identify(src/dobot_bringup_v3) by extensions ['ignore', 'ignore_ament_install']
[0.188s] Level 1:colcon.colcon_core.package_identification:_identify(src/dobot_bringup_v3) by extension 'ignore'
[0.188s] Level 1:colcon.colcon_core.package_identification:_identify(src/dobot_bringup_v3) by extension 'ignore_ament_install'
[0.188s] Level 1:colcon.colcon_core.package_identification:_identify(src/dobot_bringup_v3) by extensions ['colcon_pkg']
[0.188s] Level 1:colcon.colcon_core.package_identification:_identify(src/dobot_bringup_v3) by extension 'colcon_pkg'
[0.188s] Level 1:colcon.colcon_core.package_identification:_identify(src/dobot_bringup_v3) by extensions ['colcon_meta']
[0.188s] Level 1:colcon.colcon_core.package_identification:_identify(src/dobot_bringup_v3) by extension 'colcon_meta'
[0.188s] Level 1:colcon.colcon_core.package_identification:_identify(src/dobot_bringup_v3) by extensions ['ros']
[0.188s] Level 1:colcon.colcon_core.package_identification:_identify(src/dobot_bringup_v3) by extension 'ros'
[0.190s] DEBUG:colcon.colcon_core.package_identification:Package 'src/dobot_bringup_v3' with type 'ros.ament_python' and name 'dobot_bringup_v3'
[0.190s] Level 1:colcon.colcon_core.package_identification:_identify(src/dobot_demo) by extensions ['ignore', 'ignore_ament_install']
[0.191s] Level 1:colcon.colcon_core.package_identification:_identify(src/dobot_demo) by extension 'ignore'
[0.191s] Level 1:colcon.colcon_core.package_identification:_identify(src/dobot_demo) by extension 'ignore_ament_install'
[0.191s] Level 1:colcon.colcon_core.package_identification:_identify(src/dobot_demo) by extensions ['colcon_pkg']
[0.191s] Level 1:colcon.colcon_core.package_identification:_identify(src/dobot_demo) by extension 'colcon_pkg'
[0.191s] Level 1:colcon.colcon_core.package_identification:_identify(src/dobot_demo) by extensions ['colcon_meta']
[0.191s] Level 1:colcon.colcon_core.package_identification:_identify(src/dobot_demo) by extension 'colcon_meta'
[0.191s] Level 1:colcon.colcon_core.package_identification:_identify(src/dobot_demo) by extensions ['ros']
[0.191s] Level 1:colcon.colcon_core.package_identification:_identify(src/dobot_demo) by extension 'ros'
[0.191s] DEBUG:colcon.colcon_core.package_identification:Package 'src/dobot_demo' with type 'ros.ament_python' and name 'dobot_demo'
[0.191s] Level 1:colcon.colcon_core.package_identification:_identify(src/dobot_gazebo) by extensions ['ignore', 'ignore_ament_install']
[0.191s] Level 1:colcon.colcon_core.package_identification:_identify(src/dobot_gazebo) by extension 'ignore'
[0.191s] Level 1:colcon.colcon_core.package_identification:_identify(src/dobot_gazebo) by extension 'ignore_ament_install'
[0.191s] Level 1:colcon.colcon_core.package_identification:_identify(src/dobot_gazebo) by extensions ['colcon_pkg']
[0.192s] Level 1:colcon.colcon_core.package_identification:_identify(src/dobot_gazebo) by extension 'colcon_pkg'
[0.192s] Level 1:colcon.colcon_core.package_identification:_identify(src/dobot_gazebo) by extensions ['colcon_meta']
[0.192s] Level 1:colcon.colcon_core.package_identification:_identify(src/dobot_gazebo) by extension 'colcon_meta'
[0.192s] Level 1:colcon.colcon_core.package_identification:_identify(src/dobot_gazebo) by extensions ['ros']
[0.192s] Level 1:colcon.colcon_core.package_identification:_identify(src/dobot_gazebo) by extension 'ros'
[0.192s] DEBUG:colcon.colcon_core.package_identification:Package 'src/dobot_gazebo' with type 'ros.ament_cmake' and name 'dobot_gazebo'
[0.192s] Level 1:colcon.colcon_core.package_identification:_identify(src/dobot_moveit) by extensions ['ignore', 'ignore_ament_install']
[0.192s] Level 1:colcon.colcon_core.package_identification:_identify(src/dobot_moveit) by extension 'ignore'
[0.192s] Level 1:colcon.colcon_core.package_identification:_identify(src/dobot_moveit) by extension 'ignore_ament_install'
[0.192s] Level 1:colcon.colcon_core.package_identification:_identify(src/dobot_moveit) by extensions ['colcon_pkg']
[0.192s] Level 1:colcon.colcon_core.package_identification:_identify(src/dobot_moveit) by extension 'colcon_pkg'
[0.192s] Level 1:colcon.colcon_core.package_identification:_identify(src/dobot_moveit) by extensions ['colcon_meta']
[0.192s] Level 1:colcon.colcon_core.package_identification:_identify(src/dobot_moveit) by extension 'colcon_meta'
[0.192s] Level 1:colcon.colcon_core.package_identification:_identify(src/dobot_moveit) by extensions ['ros']
[0.192s] Level 1:colcon.colcon_core.package_identification:_identify(src/dobot_moveit) by extension 'ros'
[0.193s] DEBUG:colcon.colcon_core.package_identification:Package 'src/dobot_moveit' with type 'ros.ament_python' and name 'dobot_moveit'
[0.193s] Level 1:colcon.colcon_core.package_identification:_identify(src/dobot_msgs_v3) by extensions ['ignore', 'ignore_ament_install']
[0.193s] Level 1:colcon.colcon_core.package_identification:_identify(src/dobot_msgs_v3) by extension 'ignore'
[0.193s] Level 1:colcon.colcon_core.package_identification:_identify(src/dobot_msgs_v3) by extension 'ignore_ament_install'
[0.193s] Level 1:colcon.colcon_core.package_identification:_identify(src/dobot_msgs_v3) by extensions ['colcon_pkg']
[0.193s] Level 1:colcon.colcon_core.package_identification:_identify(src/dobot_msgs_v3) by extension 'colcon_pkg'
[0.193s] Level 1:colcon.colcon_core.package_identification:_identify(src/dobot_msgs_v3) by extensions ['colcon_meta']
[0.193s] Level 1:colcon.colcon_core.package_identification:_identify(src/dobot_msgs_v3) by extension 'colcon_meta'
[0.193s] Level 1:colcon.colcon_core.package_identification:_identify(src/dobot_msgs_v3) by extensions ['ros']
[0.193s] Level 1:colcon.colcon_core.package_identification:_identify(src/dobot_msgs_v3) by extension 'ros'
[0.194s] DEBUG:colcon.colcon_core.package_identification:Package 'src/dobot_msgs_v3' with type 'ros.ament_cmake' and name 'dobot_msgs_v3'
[0.194s] Level 1:colcon.colcon_core.package_identification:_identify(src/dobot_rviz) by extensions ['ignore', 'ignore_ament_install']
[0.194s] Level 1:colcon.colcon_core.package_identification:_identify(src/dobot_rviz) by extension 'ignore'
[0.194s] Level 1:colcon.colcon_core.package_identification:_identify(src/dobot_rviz) by extension 'ignore_ament_install'
[0.194s] Level 1:colcon.colcon_core.package_identification:_identify(src/dobot_rviz) by extensions ['colcon_pkg']
[0.194s] Level 1:colcon.colcon_core.package_identification:_identify(src/dobot_rviz) by extension 'colcon_pkg'
[0.194s] Level 1:colcon.colcon_core.package_identification:_identify(src/dobot_rviz) by extensions ['colcon_meta']
[0.194s] Level 1:colcon.colcon_core.package_identification:_identify(src/dobot_rviz) by extension 'colcon_meta'
[0.194s] Level 1:colcon.colcon_core.package_identification:_identify(src/dobot_rviz) by extensions ['ros']
[0.194s] Level 1:colcon.colcon_core.package_identification:_identify(src/dobot_rviz) by extension 'ros'
[0.195s] DEBUG:colcon.colcon_core.package_identification:Package 'src/dobot_rviz' with type 'ros.ament_cmake' and name 'dobot_rviz'
[0.195s] Level 1:colcon.colcon_core.package_identification:_identify(src/nova5_moveit) by extensions ['ignore', 'ignore_ament_install']
[0.195s] Level 1:colcon.colcon_core.package_identification:_identify(src/nova5_moveit) by extension 'ignore'
[0.195s] Level 1:colcon.colcon_core.package_identification:_identify(src/nova5_moveit) by extension 'ignore_ament_install'
[0.195s] Level 1:colcon.colcon_core.package_identification:_identify(src/nova5_moveit) by extensions ['colcon_pkg']
[0.195s] Level 1:colcon.colcon_core.package_identification:_identify(src/nova5_moveit) by extension 'colcon_pkg'
[0.195s] Level 1:colcon.colcon_core.package_identification:_identify(src/nova5_moveit) by extensions ['colcon_meta']
[0.195s] Level 1:colcon.colcon_core.package_identification:_identify(src/nova5_moveit) by extension 'colcon_meta'
[0.195s] Level 1:colcon.colcon_core.package_identification:_identify(src/nova5_moveit) by extensions ['ros']
[0.195s] Level 1:colcon.colcon_core.package_identification:_identify(src/nova5_moveit) by extension 'ros'
[0.196s] DEBUG:colcon.colcon_core.package_identification:Package 'src/nova5_moveit' with type 'ros.ament_cmake' and name 'nova5_moveit'
[0.196s] Level 1:colcon.colcon_core.package_identification:_identify(src/pickn_place) by extensions ['ignore', 'ignore_ament_install']
[0.196s] Level 1:colcon.colcon_core.package_identification:_identify(src/pickn_place) by extension 'ignore'
[0.196s] Level 1:colcon.colcon_core.package_identification:_identify(src/pickn_place) by extension 'ignore_ament_install'
[0.196s] Level 1:colcon.colcon_core.package_identification:_identify(src/pickn_place) by extensions ['colcon_pkg']
[0.196s] Level 1:colcon.colcon_core.package_identification:_identify(src/pickn_place) by extension 'colcon_pkg'
[0.196s] Level 1:colcon.colcon_core.package_identification:_identify(src/pickn_place) by extensions ['colcon_meta']
[0.196s] Level 1:colcon.colcon_core.package_identification:_identify(src/pickn_place) by extension 'colcon_meta'
[0.196s] Level 1:colcon.colcon_core.package_identification:_identify(src/pickn_place) by extensions ['ros']
[0.196s] Level 1:colcon.colcon_core.package_identification:_identify(src/pickn_place) by extension 'ros'
[0.197s] DEBUG:colcon.colcon_core.package_identification:Package 'src/pickn_place' with type 'ros.ament_python' and name 'pickn_place'
[0.197s] Level 1:colcon.colcon_core.package_identification:_identify(src/servo_action) by extensions ['ignore', 'ignore_ament_install']
[0.197s] Level 1:colcon.colcon_core.package_identification:_identify(src/servo_action) by extension 'ignore'
[0.197s] Level 1:colcon.colcon_core.package_identification:_identify(src/servo_action) by extension 'ignore_ament_install'
[0.197s] Level 1:colcon.colcon_core.package_identification:_identify(src/servo_action) by extensions ['colcon_pkg']
[0.197s] Level 1:colcon.colcon_core.package_identification:_identify(src/servo_action) by extension 'colcon_pkg'
[0.197s] Level 1:colcon.colcon_core.package_identification:_identify(src/servo_action) by extensions ['colcon_meta']
[0.197s] Level 1:colcon.colcon_core.package_identification:_identify(src/servo_action) by extension 'colcon_meta'
[0.197s] Level 1:colcon.colcon_core.package_identification:_identify(src/servo_action) by extensions ['ros']
[0.197s] Level 1:colcon.colcon_core.package_identification:_identify(src/servo_action) by extension 'ros'
[0.197s] DEBUG:colcon.colcon_core.package_identification:Package 'src/servo_action' with type 'ros.ament_python' and name 'servo_action'
[0.197s] Level 1:colcon.colcon_core.package_discovery:discover_packages(recursive) using defaults
[0.197s] Level 1:colcon.colcon_core.package_discovery:discover_packages(ignore) discover
[0.198s] Level 1:colcon.colcon_core.package_discovery:discover_packages(ignore) using defaults
[0.198s] Level 1:colcon.colcon_core.package_discovery:discover_packages(path) discover
[0.198s] Level 1:colcon.colcon_core.package_discovery:discover_packages(path) using defaults
[0.217s] Level 1:colcon.colcon_core.package_discovery:discover_packages(prefix_path) check parameters
[0.217s] Level 1:colcon.colcon_core.package_discovery:discover_packages(prefix_path) discover
[0.219s] DEBUG:colcon.colcon_installed_package_information.package_discovery:Found 46 installed packages in /home/erds/ws_moveit2/install
[0.220s] DEBUG:colcon.colcon_installed_package_information.package_discovery:Found 9 installed packages in /home/erds/barns_ws/install
[0.221s] DEBUG:colcon.colcon_installed_package_information.package_discovery:Found 6 installed packages in /home/erds/ros2_ws/install
[0.223s] DEBUG:colcon.colcon_installed_package_information.package_discovery:Found 360 installed packages in /opt/ros/humble
[0.225s] Level 1:colcon.colcon_core.package_discovery:discover_packages(prefix_path) using defaults
[0.271s] Level 5:colcon.colcon_core.verb:set package 'dobot_demo' build argument 'cmake_args' from command line to 'None'
[0.271s] Level 5:colcon.colcon_core.verb:set package 'dobot_demo' build argument 'cmake_target' from command line to 'None'
[0.272s] Level 5:colcon.colcon_core.verb:set package 'dobot_demo' build argument 'cmake_target_skip_unavailable' from command line to 'False'
[0.272s] Level 5:colcon.colcon_core.verb:set package 'dobot_demo' build argument 'cmake_clean_cache' from command line to 'False'
[0.272s] Level 5:colcon.colcon_core.verb:set package 'dobot_demo' build argument 'cmake_clean_first' from command line to 'False'
[0.272s] Level 5:colcon.colcon_core.verb:set package 'dobot_demo' build argument 'cmake_force_configure' from command line to 'False'
[0.272s] Level 5:colcon.colcon_core.verb:set package 'dobot_demo' build argument 'ament_cmake_args' from command line to 'None'
[0.272s] Level 5:colcon.colcon_core.verb:set package 'dobot_demo' build argument 'catkin_cmake_args' from command line to 'None'
[0.272s] Level 5:colcon.colcon_core.verb:set package 'dobot_demo' build argument 'catkin_skip_building_tests' from command line to 'False'
[0.272s] DEBUG:colcon.colcon_core.verb:Building package 'dobot_demo' with the following arguments: {'ament_cmake_args': None, 'build_base': '/home/erds/barns_ws/build/dobot_demo', 'catkin_cmake_args': None, 'catkin_skip_building_tests': False, 'cmake_args': None, 'cmake_clean_cache': False, 'cmake_clean_first': False, 'cmake_force_configure': False, 'cmake_target': None, 'cmake_target_skip_unavailable': False, 'install_base': '/home/erds/barns_ws/install/dobot_demo', 'merge_install': False, 'path': '/home/erds/barns_ws/src/dobot_demo', 'symlink_install': False, 'test_result_base': None}
[0.272s] Level 5:colcon.colcon_core.verb:set package 'dobot_gazebo' build argument 'cmake_args' from command line to 'None'
[0.272s] Level 5:colcon.colcon_core.verb:set package 'dobot_gazebo' build argument 'cmake_target' from command line to 'None'
[0.272s] Level 5:colcon.colcon_core.verb:set package 'dobot_gazebo' build argument 'cmake_target_skip_unavailable' from command line to 'False'
[0.272s] Level 5:colcon.colcon_core.verb:set package 'dobot_gazebo' build argument 'cmake_clean_cache' from command line to 'False'
[0.272s] Level 5:colcon.colcon_core.verb:set package 'dobot_gazebo' build argument 'cmake_clean_first' from command line to 'False'
[0.272s] Level 5:colcon.colcon_core.verb:set package 'dobot_gazebo' build argument 'cmake_force_configure' from command line to 'False'
[0.272s] Level 5:colcon.colcon_core.verb:set package 'dobot_gazebo' build argument 'ament_cmake_args' from command line to 'None'
[0.272s] Level 5:colcon.colcon_core.verb:set package 'dobot_gazebo' build argument 'catkin_cmake_args' from command line to 'None'
[0.272s] Level 5:colcon.colcon_core.verb:set package 'dobot_gazebo' build argument 'catkin_skip_building_tests' from command line to 'False'
[0.273s] DEBUG:colcon.colcon_core.verb:Building package 'dobot_gazebo' with the following arguments: {'ament_cmake_args': None, 'build_base': '/home/erds/barns_ws/build/dobot_gazebo', 'catkin_cmake_args': None, 'catkin_skip_building_tests': False, 'cmake_args': None, 'cmake_clean_cache': False, 'cmake_clean_first': False, 'cmake_force_configure': False, 'cmake_target': None, 'cmake_target_skip_unavailable': False, 'install_base': '/home/erds/barns_ws/install/dobot_gazebo', 'merge_install': False, 'path': '/home/erds/barns_ws/src/dobot_gazebo', 'symlink_install': False, 'test_result_base': None}
[0.273s] Level 5:colcon.colcon_core.verb:set package 'dobot_moveit' build argument 'cmake_args' from command line to 'None'
[0.273s] Level 5:colcon.colcon_core.verb:set package 'dobot_moveit' build argument 'cmake_target' from command line to 'None'
[0.273s] Level 5:colcon.colcon_core.verb:set package 'dobot_moveit' build argument 'cmake_target_skip_unavailable' from command line to 'False'
[0.273s] Level 5:colcon.colcon_core.verb:set package 'dobot_moveit' build argument 'cmake_clean_cache' from command line to 'False'
[0.273s] Level 5:colcon.colcon_core.verb:set package 'dobot_moveit' build argument 'cmake_clean_first' from command line to 'False'
[0.273s] Level 5:colcon.colcon_core.verb:set package 'dobot_moveit' build argument 'cmake_force_configure' from command line to 'False'
[0.273s] Level 5:colcon.colcon_core.verb:set package 'dobot_moveit' build argument 'ament_cmake_args' from command line to 'None'
[0.273s] Level 5:colcon.colcon_core.verb:set package 'dobot_moveit' build argument 'catkin_cmake_args' from command line to 'None'
[0.273s] Level 5:colcon.colcon_core.verb:set package 'dobot_moveit' build argument 'catkin_skip_building_tests' from command line to 'False'
[0.273s] DEBUG:colcon.colcon_core.verb:Building package 'dobot_moveit' with the following arguments: {'ament_cmake_args': None, 'build_base': '/home/erds/barns_ws/build/dobot_moveit', 'catkin_cmake_args': None, 'catkin_skip_building_tests': False, 'cmake_args': None, 'cmake_clean_cache': False, 'cmake_clean_first': False, 'cmake_force_configure': False, 'cmake_target': None, 'cmake_target_skip_unavailable': False, 'install_base': '/home/erds/barns_ws/install/dobot_moveit', 'merge_install': False, 'path': '/home/erds/barns_ws/src/dobot_moveit', 'symlink_install': False, 'test_result_base': None}
[0.274s] Level 5:colcon.colcon_core.verb:set package 'dobot_msgs_v3' build argument 'cmake_args' from command line to 'None'
[0.274s] Level 5:colcon.colcon_core.verb:set package 'dobot_msgs_v3' build argument 'cmake_target' from command line to 'None'
[0.274s] Level 5:colcon.colcon_core.verb:set package 'dobot_msgs_v3' build argument 'cmake_target_skip_unavailable' from command line to 'False'
[0.274s] Level 5:colcon.colcon_core.verb:set package 'dobot_msgs_v3' build argument 'cmake_clean_cache' from command line to 'False'
[0.274s] Level 5:colcon.colcon_core.verb:set package 'dobot_msgs_v3' build argument 'cmake_clean_first' from command line to 'False'
[0.274s] Level 5:colcon.colcon_core.verb:set package 'dobot_msgs_v3' build argument 'cmake_force_configure' from command line to 'False'
[0.274s] Level 5:colcon.colcon_core.verb:set package 'dobot_msgs_v3' build argument 'ament_cmake_args' from command line to 'None'
[0.274s] Level 5:colcon.colcon_core.verb:set package 'dobot_msgs_v3' build argument 'catkin_cmake_args' from command line to 'None'
[0.274s] Level 5:colcon.colcon_core.verb:set package 'dobot_msgs_v3' build argument 'catkin_skip_building_tests' from command line to 'False'
[0.274s] DEBUG:colcon.colcon_core.verb:Building package 'dobot_msgs_v3' with the following arguments: {'ament_cmake_args': None, 'build_base': '/home/erds/barns_ws/build/dobot_msgs_v3', 'catkin_cmake_args': None, 'catkin_skip_building_tests': False, 'cmake_args': None, 'cmake_clean_cache': False, 'cmake_clean_first': False, 'cmake_force_configure': False, 'cmake_target': None, 'cmake_target_skip_unavailable': False, 'install_base': '/home/erds/barns_ws/install/dobot_msgs_v3', 'merge_install': False, 'path': '/home/erds/barns_ws/src/dobot_msgs_v3', 'symlink_install': False, 'test_result_base': None}
[0.274s] Level 5:colcon.colcon_core.verb:set package 'dobot_rviz' build argument 'cmake_args' from command line to 'None'
[0.274s] Level 5:colcon.colcon_core.verb:set package 'dobot_rviz' build argument 'cmake_target' from command line to 'None'
[0.274s] Level 5:colcon.colcon_core.verb:set package 'dobot_rviz' build argument 'cmake_target_skip_unavailable' from command line to 'False'
[0.274s] Level 5:colcon.colcon_core.verb:set package 'dobot_rviz' build argument 'cmake_clean_cache' from command line to 'False'
[0.274s] Level 5:colcon.colcon_core.verb:set package 'dobot_rviz' build argument 'cmake_clean_first' from command line to 'False'
[0.274s] Level 5:colcon.colcon_core.verb:set package 'dobot_rviz' build argument 'cmake_force_configure' from command line to 'False'
[0.274s] Level 5:colcon.colcon_core.verb:set package 'dobot_rviz' build argument 'ament_cmake_args' from command line to 'None'
[0.274s] Level 5:colcon.colcon_core.verb:set package 'dobot_rviz' build argument 'catkin_cmake_args' from command line to 'None'
[0.274s] Level 5:colcon.colcon_core.verb:set package 'dobot_rviz' build argument 'catkin_skip_building_tests' from command line to 'False'
[0.274s] DEBUG:colcon.colcon_core.verb:Building package 'dobot_rviz' with the following arguments: {'ament_cmake_args': None, 'build_base': '/home/erds/barns_ws/build/dobot_rviz', 'catkin_cmake_args': None, 'catkin_skip_building_tests': False, 'cmake_args': None, 'cmake_clean_cache': False, 'cmake_clean_first': False, 'cmake_force_configure': False, 'cmake_target': None, 'cmake_target_skip_unavailable': False, 'install_base': '/home/erds/barns_ws/install/dobot_rviz', 'merge_install': False, 'path': '/home/erds/barns_ws/src/dobot_rviz', 'symlink_install': False, 'test_result_base': None}
[0.275s] Level 5:colcon.colcon_core.verb:set package 'pickn_place' build argument 'cmake_args' from command line to 'None'
[0.275s] Level 5:colcon.colcon_core.verb:set package 'pickn_place' build argument 'cmake_target' from command line to 'None'
[0.275s] Level 5:colcon.colcon_core.verb:set package 'pickn_place' build argument 'cmake_target_skip_unavailable' from command line to 'False'
[0.275s] Level 5:colcon.colcon_core.verb:set package 'pickn_place' build argument 'cmake_clean_cache' from command line to 'False'
[0.275s] Level 5:colcon.colcon_core.verb:set package 'pickn_place' build argument 'cmake_clean_first' from command line to 'False'
[0.275s] Level 5:colcon.colcon_core.verb:set package 'pickn_place' build argument 'cmake_force_configure' from command line to 'False'
[0.275s] Level 5:colcon.colcon_core.verb:set package 'pickn_place' build argument 'ament_cmake_args' from command line to 'None'
[0.275s] Level 5:colcon.colcon_core.verb:set package 'pickn_place' build argument 'catkin_cmake_args' from command line to 'None'
[0.275s] Level 5:colcon.colcon_core.verb:set package 'pickn_place' build argument 'catkin_skip_building_tests' from command line to 'False'
[0.275s] DEBUG:colcon.colcon_core.verb:Building package 'pickn_place' with the following arguments: {'ament_cmake_args': None, 'build_base': '/home/erds/barns_ws/build/pickn_place', 'catkin_cmake_args': None, 'catkin_skip_building_tests': False, 'cmake_args': None, 'cmake_clean_cache': False, 'cmake_clean_first': False, 'cmake_force_configure': False, 'cmake_target': None, 'cmake_target_skip_unavailable': False, 'install_base': '/home/erds/barns_ws/install/pickn_place', 'merge_install': False, 'path': '/home/erds/barns_ws/src/pickn_place', 'symlink_install': False, 'test_result_base': None}
[0.275s] Level 5:colcon.colcon_core.verb:set package 'servo_action' build argument 'cmake_args' from command line to 'None'
[0.276s] Level 5:colcon.colcon_core.verb:set package 'servo_action' build argument 'cmake_target' from command line to 'None'
[0.276s] Level 5:colcon.colcon_core.verb:set package 'servo_action' build argument 'cmake_target_skip_unavailable' from command line to 'False'
[0.276s] Level 5:colcon.colcon_core.verb:set package 'servo_action' build argument 'cmake_clean_cache' from command line to 'False'
[0.276s] Level 5:colcon.colcon_core.verb:set package 'servo_action' build argument 'cmake_clean_first' from command line to 'False'
[0.276s] Level 5:colcon.colcon_core.verb:set package 'servo_action' build argument 'cmake_force_configure' from command line to 'False'
[0.276s] Level 5:colcon.colcon_core.verb:set package 'servo_action' build argument 'ament_cmake_args' from command line to 'None'
[0.276s] Level 5:colcon.colcon_core.verb:set package 'servo_action' build argument 'catkin_cmake_args' from command line to 'None'
[0.276s] Level 5:colcon.colcon_core.verb:set package 'servo_action' build argument 'catkin_skip_building_tests' from command line to 'False'
[0.276s] DEBUG:colcon.colcon_core.verb:Building package 'servo_action' with the following arguments: {'ament_cmake_args': None, 'build_base': '/home/erds/barns_ws/build/servo_action', 'catkin_cmake_args': None, 'catkin_skip_building_tests': False, 'cmake_args': None, 'cmake_clean_cache': False, 'cmake_clean_first': False, 'cmake_force_configure': False, 'cmake_target': None, 'cmake_target_skip_unavailable': False, 'install_base': '/home/erds/barns_ws/install/servo_action', 'merge_install': False, 'path': '/home/erds/barns_ws/src/servo_action', 'symlink_install': False, 'test_result_base': None}
[0.276s] Level 5:colcon.colcon_core.verb:set package 'dobot_bringup_v3' build argument 'cmake_args' from command line to 'None'
[0.276s] Level 5:colcon.colcon_core.verb:set package 'dobot_bringup_v3' build argument 'cmake_target' from command line to 'None'
[0.276s] Level 5:colcon.colcon_core.verb:set package 'dobot_bringup_v3' build argument 'cmake_target_skip_unavailable' from command line to 'False'
[0.276s] Level 5:colcon.colcon_core.verb:set package 'dobot_bringup_v3' build argument 'cmake_clean_cache' from command line to 'False'
[0.276s] Level 5:colcon.colcon_core.verb:set package 'dobot_bringup_v3' build argument 'cmake_clean_first' from command line to 'False'
[0.276s] Level 5:colcon.colcon_core.verb:set package 'dobot_bringup_v3' build argument 'cmake_force_configure' from command line to 'False'
[0.276s] Level 5:colcon.colcon_core.verb:set package 'dobot_bringup_v3' build argument 'ament_cmake_args' from command line to 'None'
[0.276s] Level 5:colcon.colcon_core.verb:set package 'dobot_bringup_v3' build argument 'catkin_cmake_args' from command line to 'None'
[0.276s] Level 5:colcon.colcon_core.verb:set package 'dobot_bringup_v3' build argument 'catkin_skip_building_tests' from command line to 'False'
[0.276s] DEBUG:colcon.colcon_core.verb:Building package 'dobot_bringup_v3' with the following arguments: {'ament_cmake_args': None, 'build_base': '/home/erds/barns_ws/build/dobot_bringup_v3', 'catkin_cmake_args': None, 'catkin_skip_building_tests': False, 'cmake_args': None, 'cmake_clean_cache': False, 'cmake_clean_first': False, 'cmake_force_configure': False, 'cmake_target': None, 'cmake_target_skip_unavailable': False, 'install_base': '/home/erds/barns_ws/install/dobot_bringup_v3', 'merge_install': False, 'path': '/home/erds/barns_ws/src/dobot_bringup_v3', 'symlink_install': False, 'test_result_base': None}
[0.277s] Level 5:colcon.colcon_core.verb:set package 'nova5_moveit' build argument 'cmake_args' from command line to 'None'
[0.277s] Level 5:colcon.colcon_core.verb:set package 'nova5_moveit' build argument 'cmake_target' from command line to 'None'
[0.277s] Level 5:colcon.colcon_core.verb:set package 'nova5_moveit' build argument 'cmake_target_skip_unavailable' from command line to 'False'
[0.277s] Level 5:colcon.colcon_core.verb:set package 'nova5_moveit' build argument 'cmake_clean_cache' from command line to 'False'
[0.277s] Level 5:colcon.colcon_core.verb:set package 'nova5_moveit' build argument 'cmake_clean_first' from command line to 'False'
[0.277s] Level 5:colcon.colcon_core.verb:set package 'nova5_moveit' build argument 'cmake_force_configure' from command line to 'False'
[0.277s] Level 5:colcon.colcon_core.verb:set package 'nova5_moveit' build argument 'ament_cmake_args' from command line to 'None'
[0.277s] Level 5:colcon.colcon_core.verb:set package 'nova5_moveit' build argument 'catkin_cmake_args' from command line to 'None'
[0.277s] Level 5:colcon.colcon_core.verb:set package 'nova5_moveit' build argument 'catkin_skip_building_tests' from command line to 'False'
[0.277s] DEBUG:colcon.colcon_core.verb:Building package 'nova5_moveit' with the following arguments: {'ament_cmake_args': None, 'build_base': '/home/erds/barns_ws/build/nova5_moveit', 'catkin_cmake_args': None, 'catkin_skip_building_tests': False, 'cmake_args': None, 'cmake_clean_cache': False, 'cmake_clean_first': False, 'cmake_force_configure': False, 'cmake_target': None, 'cmake_target_skip_unavailable': False, 'install_base': '/home/erds/barns_ws/install/nova5_moveit', 'merge_install': False, 'path': '/home/erds/barns_ws/src/nova5_moveit', 'symlink_install': False, 'test_result_base': None}
[0.278s] INFO:colcon.colcon_core.executor:Executing jobs using 'parallel' executor
[0.279s] DEBUG:colcon.colcon_parallel_executor.executor.parallel:run_until_complete
[0.279s] INFO:colcon.colcon_ros.task.ament_cmake.build:Building ROS package in '/home/erds/barns_ws/src/dobot_msgs_v3' with build type 'ament_cmake'
[0.280s] INFO:colcon.colcon_cmake.task.cmake.build:Building CMake package in '/home/erds/barns_ws/src/dobot_msgs_v3'
[0.282s] INFO:colcon.colcon_core.plugin_system:Skipping extension 'colcon_core.shell.bat': Not used on non-Windows systems
[0.282s] INFO:colcon.colcon_core.shell:Skip shell extension 'powershell' for command environment: Not usable outside of PowerShell
[0.282s] DEBUG:colcon.colcon_core.shell:Skip shell extension 'dsv' for command environment
[0.287s] INFO:colcon.colcon_ros.task.ament_cmake.build:Building ROS package in '/home/erds/barns_ws/src/dobot_rviz' with build type 'ament_cmake'
[0.287s] INFO:colcon.colcon_cmake.task.cmake.build:Building CMake package in '/home/erds/barns_ws/src/dobot_rviz'
[0.287s] INFO:colcon.colcon_core.shell:Skip shell extension 'powershell' for command environment: Not usable outside of PowerShell
[0.288s] DEBUG:colcon.colcon_core.shell:Skip shell extension 'dsv' for command environment
[0.295s] INFO:colcon.colcon_ros.task.ament_python.build:Building ROS package in '/home/erds/barns_ws/src/dobot_demo' with build type 'ament_python'
[0.295s] Level 1:colcon.colcon_core.shell:create_environment_hook('dobot_demo', 'ament_prefix_path')
[0.296s] INFO:colcon.colcon_core.shell:Creating environment hook '/home/erds/barns_ws/install/dobot_demo/share/dobot_demo/hook/ament_prefix_path.ps1'
[0.297s] INFO:colcon.colcon_core.shell:Creating environment descriptor '/home/erds/barns_ws/install/dobot_demo/share/dobot_demo/hook/ament_prefix_path.dsv'
[0.297s] INFO:colcon.colcon_core.shell:Creating environment hook '/home/erds/barns_ws/install/dobot_demo/share/dobot_demo/hook/ament_prefix_path.sh'
[0.299s] INFO:colcon.colcon_core.shell:Skip shell extension 'powershell' for command environment: Not usable outside of PowerShell
[0.299s] DEBUG:colcon.colcon_core.shell:Skip shell extension 'dsv' for command environment
[0.305s] INFO:colcon.colcon_ros.task.ament_cmake.build:Building ROS package in '/home/erds/barns_ws/src/dobot_gazebo' with build type 'ament_cmake'
[0.306s] INFO:colcon.colcon_cmake.task.cmake.build:Building CMake package in '/home/erds/barns_ws/src/dobot_gazebo'
[0.306s] INFO:colcon.colcon_core.shell:Skip shell extension 'powershell' for command environment: Not usable outside of PowerShell
[0.306s] DEBUG:colcon.colcon_core.shell:Skip shell extension 'dsv' for command environment
[0.313s] INFO:colcon.colcon_ros.task.ament_python.build:Building ROS package in '/home/erds/barns_ws/src/dobot_moveit' with build type 'ament_python'
[0.313s] Level 1:colcon.colcon_core.shell:create_environment_hook('dobot_moveit', 'ament_prefix_path')
[0.313s] INFO:colcon.colcon_core.shell:Creating environment hook '/home/erds/barns_ws/install/dobot_moveit/share/dobot_moveit/hook/ament_prefix_path.ps1'
[0.314s] INFO:colcon.colcon_core.shell:Creating environment descriptor '/home/erds/barns_ws/install/dobot_moveit/share/dobot_moveit/hook/ament_prefix_path.dsv'
[0.314s] INFO:colcon.colcon_core.shell:Creating environment hook '/home/erds/barns_ws/install/dobot_moveit/share/dobot_moveit/hook/ament_prefix_path.sh'
[0.315s] INFO:colcon.colcon_core.shell:Skip shell extension 'powershell' for command environment: Not usable outside of PowerShell
[0.315s] DEBUG:colcon.colcon_core.shell:Skip shell extension 'dsv' for command environment
[0.320s] INFO:colcon.colcon_ros.task.ament_python.build:Building ROS package in '/home/erds/barns_ws/src/pickn_place' with build type 'ament_python'
[0.320s] Level 1:colcon.colcon_core.shell:create_environment_hook('pickn_place', 'ament_prefix_path')
[0.320s] INFO:colcon.colcon_core.shell:Creating environment hook '/home/erds/barns_ws/install/pickn_place/share/pickn_place/hook/ament_prefix_path.ps1'
[0.320s] INFO:colcon.colcon_core.shell:Creating environment descriptor '/home/erds/barns_ws/install/pickn_place/share/pickn_place/hook/ament_prefix_path.dsv'
[0.321s] INFO:colcon.colcon_core.shell:Creating environment hook '/home/erds/barns_ws/install/pickn_place/share/pickn_place/hook/ament_prefix_path.sh'
[0.321s] INFO:colcon.colcon_core.shell:Skip shell extension 'powershell' for command environment: Not usable outside of PowerShell
[0.321s] DEBUG:colcon.colcon_core.shell:Skip shell extension 'dsv' for command environment
[0.328s] INFO:colcon.colcon_ros.task.ament_python.build:Building ROS package in '/home/erds/barns_ws/src/servo_action' with build type 'ament_python'
[0.328s] Level 1:colcon.colcon_core.shell:create_environment_hook('servo_action', 'ament_prefix_path')
[0.329s] INFO:colcon.colcon_core.shell:Creating environment hook '/home/erds/barns_ws/install/servo_action/share/servo_action/hook/ament_prefix_path.ps1'
[0.329s] INFO:colcon.colcon_core.shell:Creating environment descriptor '/home/erds/barns_ws/install/servo_action/share/servo_action/hook/ament_prefix_path.dsv'
[0.330s] INFO:colcon.colcon_core.shell:Creating environment hook '/home/erds/barns_ws/install/servo_action/share/servo_action/hook/ament_prefix_path.sh'
[0.331s] INFO:colcon.colcon_core.shell:Skip shell extension 'powershell' for command environment: Not usable outside of PowerShell
[0.331s] DEBUG:colcon.colcon_core.shell:Skip shell extension 'dsv' for command environment
[0.345s] DEBUG:colcon.colcon_core.event_handler.log_command:Invoking command in '/home/erds/barns_ws/build/dobot_msgs_v3': CMAKE_PREFIX_PATH=${CMAKE_PREFIX_PATH}:/home/erds/barns_ws/install/servo_action:/home/erds/barns_ws/install/pickn_place:/home/erds/barns_ws/install/dobot_bringup_v3:/home/erds/barns_ws/install/dobot_moveit:/home/erds/barns_ws/install/dobot_demo:/opt/ros/humble /usr/bin/cmake --build /home/erds/barns_ws/build/dobot_msgs_v3 -- -j16 -l16
[0.348s] DEBUG:colcon.colcon_core.event_handler.log_command:Invoking command in '/home/erds/barns_ws/build/dobot_rviz': CMAKE_PREFIX_PATH=${CMAKE_PREFIX_PATH}:/home/erds/barns_ws/install/servo_action:/home/erds/barns_ws/install/pickn_place:/home/erds/barns_ws/install/dobot_bringup_v3:/home/erds/barns_ws/install/dobot_moveit:/home/erds/barns_ws/install/dobot_demo:/opt/ros/humble /usr/bin/cmake --build /home/erds/barns_ws/build/dobot_rviz -- -j16 -l16
[0.614s] INFO:colcon.colcon_core.task.python.build:Building Python package in '/home/erds/barns_ws/src/dobot_demo'
[0.615s] INFO:colcon.colcon_core.shell:Skip shell extension 'powershell' for command environment: Not usable outside of PowerShell
[0.615s] DEBUG:colcon.colcon_core.shell:Skip shell extension 'dsv' for command environment
[0.625s] DEBUG:colcon.colcon_core.event_handler.log_command:Invoking command in '/home/erds/barns_ws/build/dobot_gazebo': CMAKE_PREFIX_PATH=${CMAKE_PREFIX_PATH}:/home/erds/barns_ws/install/servo_action:/home/erds/barns_ws/install/pickn_place:/home/erds/barns_ws/install/dobot_bringup_v3:/home/erds/barns_ws/install/dobot_moveit:/home/erds/barns_ws/install/dobot_demo:/opt/ros/humble /usr/bin/cmake --build /home/erds/barns_ws/build/dobot_gazebo -- -j16 -l16
[0.904s] INFO:colcon.colcon_core.task.python.build:Building Python package in '/home/erds/barns_ws/src/dobot_moveit'
[0.904s] INFO:colcon.colcon_core.shell:Skip shell extension 'powershell' for command environment: Not usable outside of PowerShell
[0.904s] DEBUG:colcon.colcon_core.shell:Skip shell extension 'dsv' for command environment
[1.171s] INFO:colcon.colcon_core.task.python.build:Building Python package in '/home/erds/barns_ws/src/pickn_place'
[1.172s] INFO:colcon.colcon_core.shell:Skip shell extension 'powershell' for command environment: Not usable outside of PowerShell
[1.172s] DEBUG:colcon.colcon_core.shell:Skip shell extension 'dsv' for command environment
[1.438s] INFO:colcon.colcon_core.task.python.build:Building Python package in '/home/erds/barns_ws/src/servo_action'
[1.438s] INFO:colcon.colcon_core.shell:Skip shell extension 'powershell' for command environment: Not usable outside of PowerShell
[1.439s] DEBUG:colcon.colcon_core.shell:Skip shell extension 'dsv' for command environment
[1.449s] DEBUG:colcon.colcon_core.event_handler.log_command:Invoked command in '/home/erds/barns_ws/build/dobot_rviz' returned '0': CMAKE_PREFIX_PATH=${CMAKE_PREFIX_PATH}:/home/erds/barns_ws/install/servo_action:/home/erds/barns_ws/install/pickn_place:/home/erds/barns_ws/install/dobot_bringup_v3:/home/erds/barns_ws/install/dobot_moveit:/home/erds/barns_ws/install/dobot_demo:/opt/ros/humble /usr/bin/cmake --build /home/erds/barns_ws/build/dobot_rviz -- -j16 -l16
[1.464s] DEBUG:colcon.colcon_core.event_handler.log_command:Invoking command in '/home/erds/barns_ws/build/dobot_rviz': CMAKE_PREFIX_PATH=${CMAKE_PREFIX_PATH}:/home/erds/barns_ws/install/servo_action:/home/erds/barns_ws/install/pickn_place:/home/erds/barns_ws/install/dobot_bringup_v3:/home/erds/barns_ws/install/dobot_moveit:/home/erds/barns_ws/install/dobot_demo:/opt/ros/humble /usr/bin/cmake --install /home/erds/barns_ws/build/dobot_rviz
[1.469s] DEBUG:colcon.colcon_core.event_handler.log_command:Invoked command in '/home/erds/barns_ws/build/dobot_msgs_v3' returned '0': CMAKE_PREFIX_PATH=${CMAKE_PREFIX_PATH}:/home/erds/barns_ws/install/servo_action:/home/erds/barns_ws/install/pickn_place:/home/erds/barns_ws/install/dobot_bringup_v3:/home/erds/barns_ws/install/dobot_moveit:/home/erds/barns_ws/install/dobot_demo:/opt/ros/humble /usr/bin/cmake --build /home/erds/barns_ws/build/dobot_msgs_v3 -- -j16 -l16
[1.478s] DEBUG:colcon.colcon_core.event_handler.log_command:Invoking command in '/home/erds/barns_ws/build/dobot_msgs_v3': CMAKE_PREFIX_PATH=${CMAKE_PREFIX_PATH}:/home/erds/barns_ws/install/servo_action:/home/erds/barns_ws/install/pickn_place:/home/erds/barns_ws/install/dobot_bringup_v3:/home/erds/barns_ws/install/dobot_moveit:/home/erds/barns_ws/install/dobot_demo:/opt/ros/humble /usr/bin/cmake --install /home/erds/barns_ws/build/dobot_msgs_v3
[1.479s] DEBUG:colcon.colcon_core.event_handler.log_command:Invoked command in '/home/erds/barns_ws/build/dobot_gazebo' returned '0': CMAKE_PREFIX_PATH=${CMAKE_PREFIX_PATH}:/home/erds/barns_ws/install/servo_action:/home/erds/barns_ws/install/pickn_place:/home/erds/barns_ws/install/dobot_bringup_v3:/home/erds/barns_ws/install/dobot_moveit:/home/erds/barns_ws/install/dobot_demo:/opt/ros/humble /usr/bin/cmake --build /home/erds/barns_ws/build/dobot_gazebo -- -j16 -l16
[1.480s] DEBUG:colcon.colcon_core.event_handler.log_command:Invoking command in '/home/erds/barns_ws/build/dobot_gazebo': CMAKE_PREFIX_PATH=${CMAKE_PREFIX_PATH}:/home/erds/barns_ws/install/servo_action:/home/erds/barns_ws/install/pickn_place:/home/erds/barns_ws/install/dobot_bringup_v3:/home/erds/barns_ws/install/dobot_moveit:/home/erds/barns_ws/install/dobot_demo:/opt/ros/humble /usr/bin/cmake --install /home/erds/barns_ws/build/dobot_gazebo
[1.511s] Level 1:colcon.colcon_core.environment:create_environment_scripts_only(dobot_gazebo)
[1.526s] Level 1:colcon.colcon_core.environment:checking '/home/erds/barns_ws/install/dobot_gazebo' for CMake module files
[1.528s] Level 1:colcon.colcon_core.environment:checking '/home/erds/barns_ws/install/dobot_gazebo' for CMake config files
[1.534s] Level 1:colcon.colcon_core.shell:create_environment_hook('dobot_gazebo', 'cmake_prefix_path')
[1.535s] INFO:colcon.colcon_core.shell:Creating environment hook '/home/erds/barns_ws/install/dobot_gazebo/share/dobot_gazebo/hook/cmake_prefix_path.ps1'
[1.536s] INFO:colcon.colcon_core.shell:Creating environment descriptor '/home/erds/barns_ws/install/dobot_gazebo/share/dobot_gazebo/hook/cmake_prefix_path.dsv'
[1.538s] INFO:colcon.colcon_core.shell:Creating environment hook '/home/erds/barns_ws/install/dobot_gazebo/share/dobot_gazebo/hook/cmake_prefix_path.sh'
[1.540s] Level 1:colcon.colcon_core.environment:checking '/home/erds/barns_ws/install/dobot_gazebo/bin'
[1.540s] Level 1:colcon.colcon_core.environment:checking '/home/erds/barns_ws/install/dobot_gazebo/lib/pkgconfig/dobot_gazebo.pc'
[1.541s] Level 1:colcon.colcon_core.environment:checking '/home/erds/barns_ws/install/dobot_gazebo/lib/python3.10/site-packages'
[1.541s] Level 1:colcon.colcon_core.environment:checking '/home/erds/barns_ws/install/dobot_gazebo/bin'
[1.541s] INFO:colcon.colcon_core.shell:Creating package script '/home/erds/barns_ws/install/dobot_gazebo/share/dobot_gazebo/package.ps1'
[1.542s] INFO:colcon.colcon_core.shell:Creating package descriptor '/home/erds/barns_ws/install/dobot_gazebo/share/dobot_gazebo/package.dsv'
[1.544s] INFO:colcon.colcon_core.shell:Creating package script '/home/erds/barns_ws/install/dobot_gazebo/share/dobot_gazebo/package.sh'
[1.549s] INFO:colcon.colcon_core.shell:Creating package script '/home/erds/barns_ws/install/dobot_gazebo/share/dobot_gazebo/package.bash'
[1.552s] INFO:colcon.colcon_core.shell:Creating package script '/home/erds/barns_ws/install/dobot_gazebo/share/dobot_gazebo/package.zsh'
[1.555s] Level 1:colcon.colcon_core.environment:create_file_with_runtime_dependencies(/home/erds/barns_ws/install/dobot_gazebo/share/colcon-core/packages/dobot_gazebo)
[1.558s] Level 1:colcon.colcon_core.environment:create_environment_scripts_only(dobot_gazebo)
[1.558s] Level 1:colcon.colcon_core.environment:checking '/home/erds/barns_ws/install/dobot_gazebo' for CMake module files
[1.568s] Level 1:colcon.colcon_core.environment:checking '/home/erds/barns_ws/install/dobot_gazebo' for CMake config files
[1.568s] Level 1:colcon.colcon_core.shell:create_environment_hook('dobot_gazebo', 'cmake_prefix_path')
[1.569s] INFO:colcon.colcon_core.shell:Creating environment hook '/home/erds/barns_ws/install/dobot_gazebo/share/dobot_gazebo/hook/cmake_prefix_path.ps1'
[1.570s] INFO:colcon.colcon_core.shell:Creating environment descriptor '/home/erds/barns_ws/install/dobot_gazebo/share/dobot_gazebo/hook/cmake_prefix_path.dsv'
[1.570s] INFO:colcon.colcon_core.shell:Creating environment hook '/home/erds/barns_ws/install/dobot_gazebo/share/dobot_gazebo/hook/cmake_prefix_path.sh'
[1.571s] Level 1:colcon.colcon_core.environment:checking '/home/erds/barns_ws/install/dobot_gazebo/bin'
[1.571s] Level 1:colcon.colcon_core.environment:checking '/home/erds/barns_ws/install/dobot_gazebo/lib/pkgconfig/dobot_gazebo.pc'
[1.572s] Level 1:colcon.colcon_core.environment:checking '/home/erds/barns_ws/install/dobot_gazebo/lib/python3.10/site-packages'
[1.572s] Level 1:colcon.colcon_core.environment:checking '/home/erds/barns_ws/install/dobot_gazebo/bin'
[1.573s] INFO:colcon.colcon_core.shell:Creating package script '/home/erds/barns_ws/install/dobot_gazebo/share/dobot_gazebo/package.ps1'
[1.575s] INFO:colcon.colcon_core.shell:Creating package descriptor '/home/erds/barns_ws/install/dobot_gazebo/share/dobot_gazebo/package.dsv'
[1.576s] INFO:colcon.colcon_core.shell:Creating package script '/home/erds/barns_ws/install/dobot_gazebo/share/dobot_gazebo/package.sh'
[1.578s] INFO:colcon.colcon_core.shell:Creating package script '/home/erds/barns_ws/install/dobot_gazebo/share/dobot_gazebo/package.bash'
[1.582s] INFO:colcon.colcon_core.shell:Creating package script '/home/erds/barns_ws/install/dobot_gazebo/share/dobot_gazebo/package.zsh'
[1.587s] Level 1:colcon.colcon_core.environment:create_file_with_runtime_dependencies(/home/erds/barns_ws/install/dobot_gazebo/share/colcon-core/packages/dobot_gazebo)
[1.588s] Level 1:colcon.colcon_core.environment:create_environment_scripts_only(dobot_rviz)
[1.588s] Level 1:colcon.colcon_core.environment:checking '/home/erds/barns_ws/install/dobot_rviz' for CMake module files
[1.590s] Level 1:colcon.colcon_core.environment:checking '/home/erds/barns_ws/install/dobot_rviz' for CMake config files
[1.591s] Level 1:colcon.colcon_core.shell:create_environment_hook('dobot_rviz', 'cmake_prefix_path')
[1.592s] INFO:colcon.colcon_core.shell:Creating environment hook '/home/erds/barns_ws/install/dobot_rviz/share/dobot_rviz/hook/cmake_prefix_path.ps1'
[1.594s] INFO:colcon.colcon_core.shell:Creating environment descriptor '/home/erds/barns_ws/install/dobot_rviz/share/dobot_rviz/hook/cmake_prefix_path.dsv'
[1.600s] INFO:colcon.colcon_core.shell:Creating environment hook '/home/erds/barns_ws/install/dobot_rviz/share/dobot_rviz/hook/cmake_prefix_path.sh'
[1.605s] Level 1:colcon.colcon_core.environment:checking '/home/erds/barns_ws/install/dobot_rviz/bin'
[1.605s] Level 1:colcon.colcon_core.environment:checking '/home/erds/barns_ws/install/dobot_rviz/lib/pkgconfig/dobot_rviz.pc'
[1.606s] Level 1:colcon.colcon_core.environment:checking '/home/erds/barns_ws/install/dobot_rviz/lib/python3.10/site-packages'
[1.606s] Level 1:colcon.colcon_core.environment:checking '/home/erds/barns_ws/install/dobot_rviz/bin'
[1.607s] INFO:colcon.colcon_core.shell:Creating package script '/home/erds/barns_ws/install/dobot_rviz/share/dobot_rviz/package.ps1'
[1.609s] INFO:colcon.colcon_core.shell:Creating package descriptor '/home/erds/barns_ws/install/dobot_rviz/share/dobot_rviz/package.dsv'
[1.614s] INFO:colcon.colcon_core.shell:Creating package script '/home/erds/barns_ws/install/dobot_rviz/share/dobot_rviz/package.sh'
[1.617s] INFO:colcon.colcon_core.shell:Creating package script '/home/erds/barns_ws/install/dobot_rviz/share/dobot_rviz/package.bash'
[1.619s] INFO:colcon.colcon_core.shell:Creating package script '/home/erds/barns_ws/install/dobot_rviz/share/dobot_rviz/package.zsh'
[1.621s] Level 1:colcon.colcon_core.environment:create_file_with_runtime_dependencies(/home/erds/barns_ws/install/dobot_rviz/share/colcon-core/packages/dobot_rviz)
[1.625s] Level 1:colcon.colcon_core.environment:create_environment_scripts_only(dobot_rviz)
[1.625s] Level 1:colcon.colcon_core.environment:checking '/home/erds/barns_ws/install/dobot_rviz' for CMake module files
[1.625s] Level 1:colcon.colcon_core.environment:checking '/home/erds/barns_ws/install/dobot_rviz' for CMake config files
[1.626s] Level 1:colcon.colcon_core.shell:create_environment_hook('dobot_rviz', 'cmake_prefix_path')
[1.626s] INFO:colcon.colcon_core.shell:Creating environment hook '/home/erds/barns_ws/install/dobot_rviz/share/dobot_rviz/hook/cmake_prefix_path.ps1'
[1.627s] INFO:colcon.colcon_core.shell:Creating environment descriptor '/home/erds/barns_ws/install/dobot_rviz/share/dobot_rviz/hook/cmake_prefix_path.dsv'
[1.636s] INFO:colcon.colcon_core.shell:Creating environment hook '/home/erds/barns_ws/install/dobot_rviz/share/dobot_rviz/hook/cmake_prefix_path.sh'
[1.637s] Level 1:colcon.colcon_core.environment:checking '/home/erds/barns_ws/install/dobot_rviz/bin'
[1.637s] Level 1:colcon.colcon_core.environment:checking '/home/erds/barns_ws/install/dobot_rviz/lib/pkgconfig/dobot_rviz.pc'
[1.638s] Level 1:colcon.colcon_core.environment:checking '/home/erds/barns_ws/install/dobot_rviz/lib/python3.10/site-packages'
[1.638s] Level 1:colcon.colcon_core.environment:checking '/home/erds/barns_ws/install/dobot_rviz/bin'
[1.638s] INFO:colcon.colcon_core.shell:Creating package script '/home/erds/barns_ws/install/dobot_rviz/share/dobot_rviz/package.ps1'
[1.639s] INFO:colcon.colcon_core.shell:Creating package descriptor '/home/erds/barns_ws/install/dobot_rviz/share/dobot_rviz/package.dsv'
[1.644s] INFO:colcon.colcon_core.shell:Creating package script '/home/erds/barns_ws/install/dobot_rviz/share/dobot_rviz/package.sh'
[1.645s] INFO:colcon.colcon_core.shell:Creating package script '/home/erds/barns_ws/install/dobot_rviz/share/dobot_rviz/package.bash'
[1.647s] INFO:colcon.colcon_core.shell:Creating package script '/home/erds/barns_ws/install/dobot_rviz/share/dobot_rviz/package.zsh'
[1.649s] Level 1:colcon.colcon_core.environment:create_file_with_runtime_dependencies(/home/erds/barns_ws/install/dobot_rviz/share/colcon-core/packages/dobot_rviz)
[1.654s] INFO:colcon.colcon_ros.task.ament_cmake.build:Building ROS package in '/home/erds/barns_ws/src/nova5_moveit' with build type 'ament_cmake'
[1.654s] INFO:colcon.colcon_cmake.task.cmake.build:Building CMake package in '/home/erds/barns_ws/src/nova5_moveit'
[1.655s] INFO:colcon.colcon_core.shell:Skip shell extension 'powershell' for command environment: Not usable outside of PowerShell
[1.655s] DEBUG:colcon.colcon_core.shell:Skip shell extension 'dsv' for command environment
[1.656s] DEBUG:colcon.colcon_core.event_handler.log_command:Invoked command in '/home/erds/barns_ws/build/dobot_gazebo' returned '0': CMAKE_PREFIX_PATH=${CMAKE_PREFIX_PATH}:/home/erds/barns_ws/install/servo_action:/home/erds/barns_ws/install/pickn_place:/home/erds/barns_ws/install/dobot_bringup_v3:/home/erds/barns_ws/install/dobot_moveit:/home/erds/barns_ws/install/dobot_demo:/opt/ros/humble /usr/bin/cmake --install /home/erds/barns_ws/build/dobot_gazebo
[1.790s] Level 1:colcon.colcon_core.environment:create_environment_scripts_only(dobot_msgs_v3)
[1.790s] Level 1:colcon.colcon_core.environment:checking '/home/erds/barns_ws/install/dobot_msgs_v3' for CMake module files
[1.793s] Level 1:colcon.colcon_core.environment:checking '/home/erds/barns_ws/install/dobot_msgs_v3' for CMake config files
[1.793s] Level 1:colcon.colcon_core.shell:create_environment_hook('dobot_msgs_v3', 'cmake_prefix_path')
[1.794s] INFO:colcon.colcon_core.shell:Creating environment hook '/home/erds/barns_ws/install/dobot_msgs_v3/share/dobot_msgs_v3/hook/cmake_prefix_path.ps1'
[1.795s] INFO:colcon.colcon_core.shell:Creating environment descriptor '/home/erds/barns_ws/install/dobot_msgs_v3/share/dobot_msgs_v3/hook/cmake_prefix_path.dsv'
[1.799s] INFO:colcon.colcon_core.shell:Creating environment hook '/home/erds/barns_ws/install/dobot_msgs_v3/share/dobot_msgs_v3/hook/cmake_prefix_path.sh'
[1.803s] Level 1:colcon.colcon_core.environment:checking '/home/erds/barns_ws/install/dobot_msgs_v3/lib'
[1.804s] Level 1:colcon.colcon_core.shell:create_environment_hook('dobot_msgs_v3', 'ld_library_path_lib')
[1.804s] INFO:colcon.colcon_core.shell:Creating environment hook '/home/erds/barns_ws/install/dobot_msgs_v3/share/dobot_msgs_v3/hook/ld_library_path_lib.ps1'
[1.805s] INFO:colcon.colcon_core.shell:Creating environment descriptor '/home/erds/barns_ws/install/dobot_msgs_v3/share/dobot_msgs_v3/hook/ld_library_path_lib.dsv'
[1.808s] INFO:colcon.colcon_core.shell:Creating environment hook '/home/erds/barns_ws/install/dobot_msgs_v3/share/dobot_msgs_v3/hook/ld_library_path_lib.sh'
[1.815s] Level 1:colcon.colcon_core.environment:checking '/home/erds/barns_ws/install/dobot_msgs_v3/bin'
[1.815s] Level 1:colcon.colcon_core.environment:checking '/home/erds/barns_ws/install/dobot_msgs_v3/lib/pkgconfig/dobot_msgs_v3.pc'
[1.815s] Level 1:colcon.colcon_core.environment:checking '/home/erds/barns_ws/install/dobot_msgs_v3/lib/python3.10/site-packages'
[1.816s] Level 1:colcon.colcon_core.environment:checking '/home/erds/barns_ws/install/dobot_msgs_v3/bin'
[1.816s] INFO:colcon.colcon_core.shell:Creating package script '/home/erds/barns_ws/install/dobot_msgs_v3/share/dobot_msgs_v3/package.ps1'
[1.817s] INFO:colcon.colcon_core.shell:Creating package descriptor '/home/erds/barns_ws/install/dobot_msgs_v3/share/dobot_msgs_v3/package.dsv'
[1.818s] INFO:colcon.colcon_core.shell:Creating package script '/home/erds/barns_ws/install/dobot_msgs_v3/share/dobot_msgs_v3/package.sh'
[1.826s] INFO:colcon.colcon_core.shell:Creating package script '/home/erds/barns_ws/install/dobot_msgs_v3/share/dobot_msgs_v3/package.bash'
[1.826s] INFO:colcon.colcon_core.shell:Creating package script '/home/erds/barns_ws/install/dobot_msgs_v3/share/dobot_msgs_v3/package.zsh'
[1.828s] Level 1:colcon.colcon_core.environment:create_file_with_runtime_dependencies(/home/erds/barns_ws/install/dobot_msgs_v3/share/colcon-core/packages/dobot_msgs_v3)
[1.829s] Level 1:colcon.colcon_core.environment:create_environment_scripts_only(dobot_msgs_v3)
[1.829s] Level 1:colcon.colcon_core.environment:checking '/home/erds/barns_ws/install/dobot_msgs_v3' for CMake module files
[1.832s] Level 1:colcon.colcon_core.environment:checking '/home/erds/barns_ws/install/dobot_msgs_v3' for CMake config files
[1.836s] Level 1:colcon.colcon_core.shell:create_environment_hook('dobot_msgs_v3', 'cmake_prefix_path')
[1.837s] INFO:colcon.colcon_core.shell:Creating environment hook '/home/erds/barns_ws/install/dobot_msgs_v3/share/dobot_msgs_v3/hook/cmake_prefix_path.ps1'
[1.838s] INFO:colcon.colcon_core.shell:Creating environment descriptor '/home/erds/barns_ws/install/dobot_msgs_v3/share/dobot_msgs_v3/hook/cmake_prefix_path.dsv'
[1.841s] INFO:colcon.colcon_core.shell:Creating environment hook '/home/erds/barns_ws/install/dobot_msgs_v3/share/dobot_msgs_v3/hook/cmake_prefix_path.sh'
[1.847s] Level 1:colcon.colcon_core.environment:checking '/home/erds/barns_ws/install/dobot_msgs_v3/lib'
[1.847s] Level 1:colcon.colcon_core.shell:create_environment_hook('dobot_msgs_v3', 'ld_library_path_lib')
[1.849s] INFO:colcon.colcon_core.shell:Creating environment hook '/home/erds/barns_ws/install/dobot_msgs_v3/share/dobot_msgs_v3/hook/ld_library_path_lib.ps1'
[1.850s] DEBUG:colcon.colcon_core.event_handler.log_command:Invoked command in '/home/erds/barns_ws/build/dobot_rviz' returned '0': CMAKE_PREFIX_PATH=${CMAKE_PREFIX_PATH}:/home/erds/barns_ws/install/servo_action:/home/erds/barns_ws/install/pickn_place:/home/erds/barns_ws/install/dobot_bringup_v3:/home/erds/barns_ws/install/dobot_moveit:/home/erds/barns_ws/install/dobot_demo:/opt/ros/humble /usr/bin/cmake --install /home/erds/barns_ws/build/dobot_rviz
[1.852s] INFO:colcon.colcon_core.shell:Creating environment descriptor '/home/erds/barns_ws/install/dobot_msgs_v3/share/dobot_msgs_v3/hook/ld_library_path_lib.dsv'
[1.855s] INFO:colcon.colcon_core.shell:Creating environment hook '/home/erds/barns_ws/install/dobot_msgs_v3/share/dobot_msgs_v3/hook/ld_library_path_lib.sh'
[1.859s] Level 1:colcon.colcon_core.environment:checking '/home/erds/barns_ws/install/dobot_msgs_v3/bin'
[1.859s] Level 1:colcon.colcon_core.environment:checking '/home/erds/barns_ws/install/dobot_msgs_v3/lib/pkgconfig/dobot_msgs_v3.pc'
[1.859s] Level 1:colcon.colcon_core.environment:checking '/home/erds/barns_ws/install/dobot_msgs_v3/lib/python3.10/site-packages'
[1.859s] Level 1:colcon.colcon_core.environment:checking '/home/erds/barns_ws/install/dobot_msgs_v3/bin'
[1.860s] INFO:colcon.colcon_core.shell:Creating package script '/home/erds/barns_ws/install/dobot_msgs_v3/share/dobot_msgs_v3/package.ps1'
[1.864s] INFO:colcon.colcon_core.shell:Creating package descriptor '/home/erds/barns_ws/install/dobot_msgs_v3/share/dobot_msgs_v3/package.dsv'
[1.865s] INFO:colcon.colcon_core.shell:Creating package script '/home/erds/barns_ws/install/dobot_msgs_v3/share/dobot_msgs_v3/package.sh'
[1.866s] INFO:colcon.colcon_core.shell:Creating package script '/home/erds/barns_ws/install/dobot_msgs_v3/share/dobot_msgs_v3/package.bash'
[1.867s] INFO:colcon.colcon_core.shell:Creating package script '/home/erds/barns_ws/install/dobot_msgs_v3/share/dobot_msgs_v3/package.zsh'
[1.868s] Level 1:colcon.colcon_core.environment:create_file_with_runtime_dependencies(/home/erds/barns_ws/install/dobot_msgs_v3/share/colcon-core/packages/dobot_msgs_v3)
[1.872s] INFO:colcon.colcon_ros.task.ament_python.build:Building ROS package in '/home/erds/barns_ws/src/dobot_bringup_v3' with build type 'ament_python'
[1.872s] Level 1:colcon.colcon_core.shell:create_environment_hook('dobot_bringup_v3', 'ament_prefix_path')
[1.873s] INFO:colcon.colcon_core.shell:Creating environment hook '/home/erds/barns_ws/install/dobot_bringup_v3/share/dobot_bringup_v3/hook/ament_prefix_path.ps1'
[1.875s] INFO:colcon.colcon_core.shell:Creating environment descriptor '/home/erds/barns_ws/install/dobot_bringup_v3/share/dobot_bringup_v3/hook/ament_prefix_path.dsv'
[1.879s] INFO:colcon.colcon_core.shell:Creating environment hook '/home/erds/barns_ws/install/dobot_bringup_v3/share/dobot_bringup_v3/hook/ament_prefix_path.sh'
[1.882s] INFO:colcon.colcon_core.shell:Skip shell extension 'powershell' for command environment: Not usable outside of PowerShell
[1.883s] DEBUG:colcon.colcon_core.shell:Skip shell extension 'dsv' for command environment
[1.933s] DEBUG:colcon.colcon_core.event_handler.log_command:Invoking command in '/home/erds/barns_ws/build/nova5_moveit': CMAKE_PREFIX_PATH=/home/erds/barns_ws/install/dobot_rviz:/home/erds/ws_moveit2/install:/home/erds/ros2_ws/install/realsense2_description:/home/erds/ros2_ws/install/realsense2_camera:/home/erds/ros2_ws/install/realsense2_camera_msgs:/home/erds/barns_ws/install/nova5_moveit:/home/erds/barns_ws/install/dobot_msgs_v3:/home/erds/barns_ws/install/dobot_gazebo:/home/erds/barns_ws/install/servo_action:/home/erds/barns_ws/install/pickn_place:/home/erds/barns_ws/install/dobot_bringup_v3:/home/erds/barns_ws/install/dobot_moveit:/home/erds/barns_ws/install/dobot_demo:/opt/ros/humble /usr/bin/cmake --build /home/erds/barns_ws/build/nova5_moveit -- -j16 -l16
[1.961s] DEBUG:colcon.colcon_core.event_handler.log_command:Invoked command in '/home/erds/barns_ws/build/dobot_msgs_v3' returned '0': CMAKE_PREFIX_PATH=${CMAKE_PREFIX_PATH}:/home/erds/barns_ws/install/servo_action:/home/erds/barns_ws/install/pickn_place:/home/erds/barns_ws/install/dobot_bringup_v3:/home/erds/barns_ws/install/dobot_moveit:/home/erds/barns_ws/install/dobot_demo:/opt/ros/humble /usr/bin/cmake --install /home/erds/barns_ws/build/dobot_msgs_v3
[1.962s] DEBUG:colcon.colcon_core.event_handler.log_command:Invoked command in '/home/erds/barns_ws/build/nova5_moveit' returned '0': CMAKE_PREFIX_PATH=/home/erds/barns_ws/install/dobot_rviz:/home/erds/ws_moveit2/install:/home/erds/ros2_ws/install/realsense2_description:/home/erds/ros2_ws/install/realsense2_camera:/home/erds/ros2_ws/install/realsense2_camera_msgs:/home/erds/barns_ws/install/nova5_moveit:/home/erds/barns_ws/install/dobot_msgs_v3:/home/erds/barns_ws/install/dobot_gazebo:/home/erds/barns_ws/install/servo_action:/home/erds/barns_ws/install/pickn_place:/home/erds/barns_ws/install/dobot_bringup_v3:/home/erds/barns_ws/install/dobot_moveit:/home/erds/barns_ws/install/dobot_demo:/opt/ros/humble /usr/bin/cmake --build /home/erds/barns_ws/build/nova5_moveit -- -j16 -l16
[1.963s] DEBUG:colcon.colcon_core.event_handler.log_command:Invoking command in '/home/erds/barns_ws/build/nova5_moveit': CMAKE_PREFIX_PATH=/home/erds/barns_ws/install/dobot_rviz:/home/erds/ws_moveit2/install:/home/erds/ros2_ws/install/realsense2_description:/home/erds/ros2_ws/install/realsense2_camera:/home/erds/ros2_ws/install/realsense2_camera_msgs:/home/erds/barns_ws/install/nova5_moveit:/home/erds/barns_ws/install/dobot_msgs_v3:/home/erds/barns_ws/install/dobot_gazebo:/home/erds/barns_ws/install/servo_action:/home/erds/barns_ws/install/pickn_place:/home/erds/barns_ws/install/dobot_bringup_v3:/home/erds/barns_ws/install/dobot_moveit:/home/erds/barns_ws/install/dobot_demo:/opt/ros/humble /usr/bin/cmake --install /home/erds/barns_ws/build/nova5_moveit
[2.258s] INFO:colcon.colcon_core.task.python.build:Building Python package in '/home/erds/barns_ws/src/dobot_bringup_v3'
[2.258s] INFO:colcon.colcon_core.shell:Skip shell extension 'powershell' for command environment: Not usable outside of PowerShell
[2.258s] DEBUG:colcon.colcon_core.shell:Skip shell extension 'dsv' for command environment
[2.267s] Level 1:colcon.colcon_core.environment:create_environment_scripts_only(nova5_moveit)
[2.267s] Level 1:colcon.colcon_core.environment:checking '/home/erds/barns_ws/install/nova5_moveit' for CMake module files
[2.267s] DEBUG:colcon.colcon_core.event_handler.log_command:Invoked command in '/home/erds/barns_ws/build/nova5_moveit' returned '0': CMAKE_PREFIX_PATH=/home/erds/barns_ws/install/dobot_rviz:/home/erds/ws_moveit2/install:/home/erds/ros2_ws/install/realsense2_description:/home/erds/ros2_ws/install/realsense2_camera:/home/erds/ros2_ws/install/realsense2_camera_msgs:/home/erds/barns_ws/install/nova5_moveit:/home/erds/barns_ws/install/dobot_msgs_v3:/home/erds/barns_ws/install/dobot_gazebo:/home/erds/barns_ws/install/servo_action:/home/erds/barns_ws/install/pickn_place:/home/erds/barns_ws/install/dobot_bringup_v3:/home/erds/barns_ws/install/dobot_moveit:/home/erds/barns_ws/install/dobot_demo:/opt/ros/humble /usr/bin/cmake --install /home/erds/barns_ws/build/nova5_moveit
[2.268s] Level 1:colcon.colcon_core.environment:checking '/home/erds/barns_ws/install/nova5_moveit' for CMake config files
[2.269s] Level 1:colcon.colcon_core.shell:create_environment_hook('nova5_moveit', 'cmake_prefix_path')
[2.269s] INFO:colcon.colcon_core.shell:Creating environment hook '/home/erds/barns_ws/install/nova5_moveit/share/nova5_moveit/hook/cmake_prefix_path.ps1'
[2.269s] INFO:colcon.colcon_core.shell:Creating environment descriptor '/home/erds/barns_ws/install/nova5_moveit/share/nova5_moveit/hook/cmake_prefix_path.dsv'
[2.270s] INFO:colcon.colcon_core.shell:Creating environment hook '/home/erds/barns_ws/install/nova5_moveit/share/nova5_moveit/hook/cmake_prefix_path.sh'
[2.271s] Level 1:colcon.colcon_core.environment:checking '/home/erds/barns_ws/install/nova5_moveit/bin'
[2.271s] Level 1:colcon.colcon_core.environment:checking '/home/erds/barns_ws/install/nova5_moveit/lib/pkgconfig/nova5_moveit.pc'
[2.271s] Level 1:colcon.colcon_core.environment:checking '/home/erds/barns_ws/install/nova5_moveit/lib/python3.10/site-packages'
[2.271s] Level 1:colcon.colcon_core.environment:checking '/home/erds/barns_ws/install/nova5_moveit/bin'
[2.272s] INFO:colcon.colcon_core.shell:Creating package script '/home/erds/barns_ws/install/nova5_moveit/share/nova5_moveit/package.ps1'
[2.272s] INFO:colcon.colcon_core.shell:Creating package descriptor '/home/erds/barns_ws/install/nova5_moveit/share/nova5_moveit/package.dsv'
[2.273s] INFO:colcon.colcon_core.shell:Creating package script '/home/erds/barns_ws/install/nova5_moveit/share/nova5_moveit/package.sh'
[2.273s] INFO:colcon.colcon_core.shell:Creating package script '/home/erds/barns_ws/install/nova5_moveit/share/nova5_moveit/package.bash'
[2.274s] INFO:colcon.colcon_core.shell:Creating package script '/home/erds/barns_ws/install/nova5_moveit/share/nova5_moveit/package.zsh'
[2.274s] Level 1:colcon.colcon_core.environment:create_file_with_runtime_dependencies(/home/erds/barns_ws/install/nova5_moveit/share/colcon-core/packages/nova5_moveit)
[2.275s] Level 1:colcon.colcon_core.environment:create_environment_scripts_only(nova5_moveit)
[2.275s] Level 1:colcon.colcon_core.environment:checking '/home/erds/barns_ws/install/nova5_moveit' for CMake module files
[2.276s] Level 1:colcon.colcon_core.environment:checking '/home/erds/barns_ws/install/nova5_moveit' for CMake config files
[2.276s] Level 1:colcon.colcon_core.shell:create_environment_hook('nova5_moveit', 'cmake_prefix_path')
[2.277s] INFO:colcon.colcon_core.shell:Creating environment hook '/home/erds/barns_ws/install/nova5_moveit/share/nova5_moveit/hook/cmake_prefix_path.ps1'
[2.277s] INFO:colcon.colcon_core.shell:Creating environment descriptor '/home/erds/barns_ws/install/nova5_moveit/share/nova5_moveit/hook/cmake_prefix_path.dsv'
[2.278s] INFO:colcon.colcon_core.shell:Creating environment hook '/home/erds/barns_ws/install/nova5_moveit/share/nova5_moveit/hook/cmake_prefix_path.sh'
[2.278s] Level 1:colcon.colcon_core.environment:checking '/home/erds/barns_ws/install/nova5_moveit/bin'
[2.279s] Level 1:colcon.colcon_core.environment:checking '/home/erds/barns_ws/install/nova5_moveit/lib/pkgconfig/nova5_moveit.pc'
[2.279s] Level 1:colcon.colcon_core.environment:checking '/home/erds/barns_ws/install/nova5_moveit/lib/python3.10/site-packages'
[2.279s] Level 1:colcon.colcon_core.environment:checking '/home/erds/barns_ws/install/nova5_moveit/bin'
[2.279s] INFO:colcon.colcon_core.shell:Creating package script '/home/erds/barns_ws/install/nova5_moveit/share/nova5_moveit/package.ps1'
[2.280s] INFO:colcon.colcon_core.shell:Creating package descriptor '/home/erds/barns_ws/install/nova5_moveit/share/nova5_moveit/package.dsv'
[2.280s] INFO:colcon.colcon_core.shell:Creating package script '/home/erds/barns_ws/install/nova5_moveit/share/nova5_moveit/package.sh'
[2.281s] INFO:colcon.colcon_core.shell:Creating package script '/home/erds/barns_ws/install/nova5_moveit/share/nova5_moveit/package.bash'
[2.281s] INFO:colcon.colcon_core.shell:Creating package script '/home/erds/barns_ws/install/nova5_moveit/share/nova5_moveit/package.zsh'
[2.282s] Level 1:colcon.colcon_core.environment:create_file_with_runtime_dependencies(/home/erds/barns_ws/install/nova5_moveit/share/colcon-core/packages/nova5_moveit)
[2.332s] DEBUG:colcon.colcon_core.event_handler.log_command:Invoking command in '/home/erds/barns_ws/src/servo_action': PYTHONPATH=/home/erds/barns_ws/build/servo_action/prefix_override:/usr/lib/python3/dist-packages/colcon_core/task/python/colcon_distutils_commands:/home/erds/barns_ws/install/servo_action/lib/python3.10/site-packages:${PYTHONPATH} /usr/bin/python3 -W ignore:setup.py install is deprecated -W ignore:easy_install command is deprecated setup.py egg_info --egg-base ../../build/servo_action build --build-base /home/erds/barns_ws/build/servo_action/build install --record /home/erds/barns_ws/build/servo_action/install.log --single-version-externally-managed install_data
[2.356s] DEBUG:colcon.colcon_core.event_handler.log_command:Invoking command in '/home/erds/barns_ws/src/dobot_moveit': PYTHONPATH=/home/erds/barns_ws/build/dobot_moveit/prefix_override:/usr/lib/python3/dist-packages/colcon_core/task/python/colcon_distutils_commands:/home/erds/barns_ws/install/dobot_moveit/lib/python3.10/site-packages:${PYTHONPATH} /usr/bin/python3 -W ignore:setup.py install is deprecated -W ignore:easy_install command is deprecated setup.py egg_info --egg-base ../../build/dobot_moveit build --build-base /home/erds/barns_ws/build/dobot_moveit/build install --record /home/erds/barns_ws/build/dobot_moveit/install.log --single-version-externally-managed install_data
[2.366s] DEBUG:colcon.colcon_core.event_handler.log_command:Invoking command in '/home/erds/barns_ws/src/dobot_demo': PYTHONPATH=/home/erds/barns_ws/build/dobot_demo/prefix_override:/usr/lib/python3/dist-packages/colcon_core/task/python/colcon_distutils_commands:/home/erds/barns_ws/install/dobot_demo/lib/python3.10/site-packages:${PYTHONPATH} /usr/bin/python3 -W ignore:setup.py install is deprecated -W ignore:easy_install command is deprecated setup.py egg_info --egg-base ../../build/dobot_demo build --build-base /home/erds/barns_ws/build/dobot_demo/build install --record /home/erds/barns_ws/build/dobot_demo/install.log --single-version-externally-managed install_data
[2.367s] DEBUG:colcon.colcon_core.event_handler.log_command:Invoking command in '/home/erds/barns_ws/src/pickn_place': PYTHONPATH=/home/erds/barns_ws/build/pickn_place/prefix_override:/usr/lib/python3/dist-packages/colcon_core/task/python/colcon_distutils_commands:/home/erds/barns_ws/install/pickn_place/lib/python3.10/site-packages:${PYTHONPATH} /usr/bin/python3 -W ignore:setup.py install is deprecated -W ignore:easy_install command is deprecated setup.py egg_info --egg-base ../../build/pickn_place build --build-base /home/erds/barns_ws/build/pickn_place/build install --record /home/erds/barns_ws/build/pickn_place/install.log --single-version-externally-managed install_data
[3.073s] DEBUG:colcon.colcon_core.event_handler.log_command:Invoking command in '/home/erds/barns_ws/src/dobot_bringup_v3': CMAKE_PREFIX_PATH=/home/erds/barns_ws/install/dobot_msgs_v3:/home/erds/ws_moveit2/install:/home/erds/ros2_ws/install/realsense2_description:/home/erds/ros2_ws/install/realsense2_camera:/home/erds/ros2_ws/install/realsense2_camera_msgs:/home/erds/barns_ws/install/nova5_moveit:/home/erds/barns_ws/install/dobot_rviz:/home/erds/barns_ws/install/dobot_gazebo LD_LIBRARY_PATH=/home/erds/barns_ws/install/dobot_msgs_v3/lib:/usr/local/cuda/lib64:/home/erds/ws_moveit2/install/lib:/home/erds/ros2_ws/install/realsense2_camera/lib:/home/erds/ros2_ws/install/realsense2_camera_msgs/lib:/usr/lib/x86_64-linux-gnu/gazebo-11/plugins:/opt/ros/humble/opt/rviz_ogre_vendor/lib:/opt/ros/humble/lib/x86_64-linux-gnu:/opt/ros/humble/lib PYTHONPATH=/home/erds/barns_ws/build/dobot_bringup_v3/prefix_override:/usr/lib/python3/dist-packages/colcon_core/task/python/colcon_distutils_commands:/home/erds/barns_ws/install/dobot_bringup_v3/lib/python3.10/site-packages:${PYTHONPATH} /usr/bin/python3 -W ignore:setup.py install is deprecated -W ignore:easy_install command is deprecated setup.py egg_info --egg-base ../../build/dobot_bringup_v3 build --build-base /home/erds/barns_ws/build/dobot_bringup_v3/build install --record /home/erds/barns_ws/build/dobot_bringup_v3/install.log --single-version-externally-managed install_data
[3.138s] Level 1:colcon.colcon_core.environment:checking '/home/erds/barns_ws/install/servo_action' for CMake module files
[3.139s] DEBUG:colcon.colcon_core.event_handler.log_command:Invoked command in '/home/erds/barns_ws/src/servo_action' returned '0': PYTHONPATH=/home/erds/barns_ws/build/servo_action/prefix_override:/usr/lib/python3/dist-packages/colcon_core/task/python/colcon_distutils_commands:/home/erds/barns_ws/install/servo_action/lib/python3.10/site-packages:${PYTHONPATH} /usr/bin/python3 -W ignore:setup.py install is deprecated -W ignore:easy_install command is deprecated setup.py egg_info --egg-base ../../build/servo_action build --build-base /home/erds/barns_ws/build/servo_action/build install --record /home/erds/barns_ws/build/servo_action/install.log --single-version-externally-managed install_data
[3.140s] Level 1:colcon.colcon_core.environment:checking '/home/erds/barns_ws/install/servo_action' for CMake config files
[3.141s] Level 1:colcon.colcon_core.environment:checking '/home/erds/barns_ws/install/servo_action/lib'
[3.141s] Level 1:colcon.colcon_core.environment:checking '/home/erds/barns_ws/install/servo_action/bin'
[3.141s] Level 1:colcon.colcon_core.environment:checking '/home/erds/barns_ws/install/servo_action/lib/pkgconfig/servo_action.pc'
[3.141s] Level 1:colcon.colcon_core.environment:checking '/home/erds/barns_ws/install/servo_action/lib/python3.10/site-packages'
[3.141s] Level 1:colcon.colcon_core.shell:create_environment_hook('servo_action', 'pythonpath')
[3.142s] INFO:colcon.colcon_core.shell:Creating environment hook '/home/erds/barns_ws/install/servo_action/share/servo_action/hook/pythonpath.ps1'
[3.142s] INFO:colcon.colcon_core.shell:Creating environment descriptor '/home/erds/barns_ws/install/servo_action/share/servo_action/hook/pythonpath.dsv'
[3.143s] INFO:colcon.colcon_core.shell:Creating environment hook '/home/erds/barns_ws/install/servo_action/share/servo_action/hook/pythonpath.sh'
[3.144s] Level 1:colcon.colcon_core.environment:checking '/home/erds/barns_ws/install/servo_action/bin'
[3.144s] Level 1:colcon.colcon_core.environment:create_environment_scripts_only(servo_action)
[3.145s] INFO:colcon.colcon_core.shell:Creating package script '/home/erds/barns_ws/install/servo_action/share/servo_action/package.ps1'
[3.146s] INFO:colcon.colcon_core.shell:Creating package descriptor '/home/erds/barns_ws/install/servo_action/share/servo_action/package.dsv'
[3.147s] INFO:colcon.colcon_core.shell:Creating package script '/home/erds/barns_ws/install/servo_action/share/servo_action/package.sh'
[3.149s] INFO:colcon.colcon_core.shell:Creating package script '/home/erds/barns_ws/install/servo_action/share/servo_action/package.bash'
[3.150s] INFO:colcon.colcon_core.shell:Creating package script '/home/erds/barns_ws/install/servo_action/share/servo_action/package.zsh'
[3.151s] Level 1:colcon.colcon_core.environment:create_file_with_runtime_dependencies(/home/erds/barns_ws/install/servo_action/share/colcon-core/packages/servo_action)
[3.214s] Level 1:colcon.colcon_core.environment:checking '/home/erds/barns_ws/install/dobot_moveit' for CMake module files
[3.215s] DEBUG:colcon.colcon_core.event_handler.log_command:Invoked command in '/home/erds/barns_ws/src/dobot_moveit' returned '0': PYTHONPATH=/home/erds/barns_ws/build/dobot_moveit/prefix_override:/usr/lib/python3/dist-packages/colcon_core/task/python/colcon_distutils_commands:/home/erds/barns_ws/install/dobot_moveit/lib/python3.10/site-packages:${PYTHONPATH} /usr/bin/python3 -W ignore:setup.py install is deprecated -W ignore:easy_install command is deprecated setup.py egg_info --egg-base ../../build/dobot_moveit build --build-base /home/erds/barns_ws/build/dobot_moveit/build install --record /home/erds/barns_ws/build/dobot_moveit/install.log --single-version-externally-managed install_data
[3.215s] Level 1:colcon.colcon_core.environment:checking '/home/erds/barns_ws/install/dobot_moveit' for CMake config files
[3.216s] Level 1:colcon.colcon_core.environment:checking '/home/erds/barns_ws/install/dobot_moveit/lib'
[3.216s] Level 1:colcon.colcon_core.environment:checking '/home/erds/barns_ws/install/dobot_moveit/bin'
[3.216s] Level 1:colcon.colcon_core.environment:checking '/home/erds/barns_ws/install/dobot_moveit/lib/pkgconfig/dobot_moveit.pc'
[3.217s] Level 1:colcon.colcon_core.environment:checking '/home/erds/barns_ws/install/dobot_moveit/lib/python3.10/site-packages'
[3.217s] Level 1:colcon.colcon_core.shell:create_environment_hook('dobot_moveit', 'pythonpath')
[3.217s] INFO:colcon.colcon_core.shell:Creating environment hook '/home/erds/barns_ws/install/dobot_moveit/share/dobot_moveit/hook/pythonpath.ps1'
[3.218s] INFO:colcon.colcon_core.shell:Creating environment descriptor '/home/erds/barns_ws/install/dobot_moveit/share/dobot_moveit/hook/pythonpath.dsv'
[3.218s] INFO:colcon.colcon_core.shell:Creating environment hook '/home/erds/barns_ws/install/dobot_moveit/share/dobot_moveit/hook/pythonpath.sh'
[3.219s] Level 1:colcon.colcon_core.environment:checking '/home/erds/barns_ws/install/dobot_moveit/bin'
[3.219s] Level 1:colcon.colcon_core.environment:create_environment_scripts_only(dobot_moveit)
[3.220s] INFO:colcon.colcon_core.shell:Creating package script '/home/erds/barns_ws/install/dobot_moveit/share/dobot_moveit/package.ps1'
[3.221s] INFO:colcon.colcon_core.shell:Creating package descriptor '/home/erds/barns_ws/install/dobot_moveit/share/dobot_moveit/package.dsv'
[3.221s] INFO:colcon.colcon_core.shell:Creating package script '/home/erds/barns_ws/install/dobot_moveit/share/dobot_moveit/package.sh'
[3.222s] INFO:colcon.colcon_core.shell:Creating package script '/home/erds/barns_ws/install/dobot_moveit/share/dobot_moveit/package.bash'
[3.222s] INFO:colcon.colcon_core.shell:Creating package script '/home/erds/barns_ws/install/dobot_moveit/share/dobot_moveit/package.zsh'
[3.223s] Level 1:colcon.colcon_core.environment:create_file_with_runtime_dependencies(/home/erds/barns_ws/install/dobot_moveit/share/colcon-core/packages/dobot_moveit)
[3.233s] Level 1:colcon.colcon_core.environment:checking '/home/erds/barns_ws/install/pickn_place' for CMake module files
[3.234s] DEBUG:colcon.colcon_core.event_handler.log_command:Invoked command in '/home/erds/barns_ws/src/pickn_place' returned '0': PYTHONPATH=/home/erds/barns_ws/build/pickn_place/prefix_override:/usr/lib/python3/dist-packages/colcon_core/task/python/colcon_distutils_commands:/home/erds/barns_ws/install/pickn_place/lib/python3.10/site-packages:${PYTHONPATH} /usr/bin/python3 -W ignore:setup.py install is deprecated -W ignore:easy_install command is deprecated setup.py egg_info --egg-base ../../build/pickn_place build --build-base /home/erds/barns_ws/build/pickn_place/build install --record /home/erds/barns_ws/build/pickn_place/install.log --single-version-externally-managed install_data
[3.235s] Level 1:colcon.colcon_core.environment:checking '/home/erds/barns_ws/install/pickn_place' for CMake config files
[3.236s] Level 1:colcon.colcon_core.environment:checking '/home/erds/barns_ws/install/pickn_place/lib'
[3.236s] Level 1:colcon.colcon_core.environment:checking '/home/erds/barns_ws/install/pickn_place/bin'
[3.237s] Level 1:colcon.colcon_core.environment:checking '/home/erds/barns_ws/install/pickn_place/lib/pkgconfig/pickn_place.pc'
[3.237s] Level 1:colcon.colcon_core.environment:checking '/home/erds/barns_ws/install/pickn_place/lib/python3.10/site-packages'
[3.237s] Level 1:colcon.colcon_core.shell:create_environment_hook('pickn_place', 'pythonpath')
[3.238s] INFO:colcon.colcon_core.shell:Creating environment hook '/home/erds/barns_ws/install/pickn_place/share/pickn_place/hook/pythonpath.ps1'
[3.239s] INFO:colcon.colcon_core.shell:Creating environment descriptor '/home/erds/barns_ws/install/pickn_place/share/pickn_place/hook/pythonpath.dsv'
[3.239s] INFO:colcon.colcon_core.shell:Creating environment hook '/home/erds/barns_ws/install/pickn_place/share/pickn_place/hook/pythonpath.sh'
[3.240s] Level 1:colcon.colcon_core.environment:checking '/home/erds/barns_ws/install/pickn_place/bin'
[3.241s] Level 1:colcon.colcon_core.environment:create_environment_scripts_only(pickn_place)
[3.241s] INFO:colcon.colcon_core.shell:Creating package script '/home/erds/barns_ws/install/pickn_place/share/pickn_place/package.ps1'
[3.242s] INFO:colcon.colcon_core.shell:Creating package descriptor '/home/erds/barns_ws/install/pickn_place/share/pickn_place/package.dsv'
[3.243s] INFO:colcon.colcon_core.shell:Creating package script '/home/erds/barns_ws/install/pickn_place/share/pickn_place/package.sh'
[3.244s] INFO:colcon.colcon_core.shell:Creating package script '/home/erds/barns_ws/install/pickn_place/share/pickn_place/package.bash'
[3.244s] INFO:colcon.colcon_core.shell:Creating package script '/home/erds/barns_ws/install/pickn_place/share/pickn_place/package.zsh'
[3.245s] Level 1:colcon.colcon_core.environment:create_file_with_runtime_dependencies(/home/erds/barns_ws/install/pickn_place/share/colcon-core/packages/pickn_place)
[3.246s] Level 1:colcon.colcon_core.environment:checking '/home/erds/barns_ws/install/dobot_demo' for CMake module files
[3.246s] Level 1:colcon.colcon_core.environment:checking '/home/erds/barns_ws/install/dobot_demo' for CMake config files
[3.247s] Level 1:colcon.colcon_core.environment:checking '/home/erds/barns_ws/install/dobot_demo/lib'
[3.247s] Level 1:colcon.colcon_core.environment:checking '/home/erds/barns_ws/install/dobot_demo/bin'
[3.247s] Level 1:colcon.colcon_core.environment:checking '/home/erds/barns_ws/install/dobot_demo/lib/pkgconfig/dobot_demo.pc'
[3.248s] Level 1:colcon.colcon_core.environment:checking '/home/erds/barns_ws/install/dobot_demo/lib/python3.10/site-packages'
[3.248s] Level 1:colcon.colcon_core.shell:create_environment_hook('dobot_demo', 'pythonpath')
[3.248s] INFO:colcon.colcon_core.shell:Creating environment hook '/home/erds/barns_ws/install/dobot_demo/share/dobot_demo/hook/pythonpath.ps1'
[3.249s] INFO:colcon.colcon_core.shell:Creating environment descriptor '/home/erds/barns_ws/install/dobot_demo/share/dobot_demo/hook/pythonpath.dsv'
[3.250s] INFO:colcon.colcon_core.shell:Creating environment hook '/home/erds/barns_ws/install/dobot_demo/share/dobot_demo/hook/pythonpath.sh'
[3.251s] Level 1:colcon.colcon_core.environment:checking '/home/erds/barns_ws/install/dobot_demo/bin'
[3.251s] Level 1:colcon.colcon_core.environment:create_environment_scripts_only(dobot_demo)
[3.252s] INFO:colcon.colcon_core.shell:Creating package script '/home/erds/barns_ws/install/dobot_demo/share/dobot_demo/package.ps1'
[3.253s] DEBUG:colcon.colcon_core.event_handler.log_command:Invoked command in '/home/erds/barns_ws/src/dobot_demo' returned '0': PYTHONPATH=/home/erds/barns_ws/build/dobot_demo/prefix_override:/usr/lib/python3/dist-packages/colcon_core/task/python/colcon_distutils_commands:/home/erds/barns_ws/install/dobot_demo/lib/python3.10/site-packages:${PYTHONPATH} /usr/bin/python3 -W ignore:setup.py install is deprecated -W ignore:easy_install command is deprecated setup.py egg_info --egg-base ../../build/dobot_demo build --build-base /home/erds/barns_ws/build/dobot_demo/build install --record /home/erds/barns_ws/build/dobot_demo/install.log --single-version-externally-managed install_data
[3.253s] INFO:colcon.colcon_core.shell:Creating package descriptor '/home/erds/barns_ws/install/dobot_demo/share/dobot_demo/package.dsv'
[3.254s] INFO:colcon.colcon_core.shell:Creating package script '/home/erds/barns_ws/install/dobot_demo/share/dobot_demo/package.sh'
[3.255s] INFO:colcon.colcon_core.shell:Creating package script '/home/erds/barns_ws/install/dobot_demo/share/dobot_demo/package.bash'
[3.256s] INFO:colcon.colcon_core.shell:Creating package script '/home/erds/barns_ws/install/dobot_demo/share/dobot_demo/package.zsh'
[3.256s] Level 1:colcon.colcon_core.environment:create_file_with_runtime_dependencies(/home/erds/barns_ws/install/dobot_demo/share/colcon-core/packages/dobot_demo)
[3.799s] Level 1:colcon.colcon_core.environment:checking '/home/erds/barns_ws/install/dobot_bringup_v3' for CMake module files
[3.800s] DEBUG:colcon.colcon_core.event_handler.log_command:Invoked command in '/home/erds/barns_ws/src/dobot_bringup_v3' returned '0': CMAKE_PREFIX_PATH=/home/erds/barns_ws/install/dobot_msgs_v3:/home/erds/ws_moveit2/install:/home/erds/ros2_ws/install/realsense2_description:/home/erds/ros2_ws/install/realsense2_camera:/home/erds/ros2_ws/install/realsense2_camera_msgs:/home/erds/barns_ws/install/nova5_moveit:/home/erds/barns_ws/install/dobot_rviz:/home/erds/barns_ws/install/dobot_gazebo LD_LIBRARY_PATH=/home/erds/barns_ws/install/dobot_msgs_v3/lib:/usr/local/cuda/lib64:/home/erds/ws_moveit2/install/lib:/home/erds/ros2_ws/install/realsense2_camera/lib:/home/erds/ros2_ws/install/realsense2_camera_msgs/lib:/usr/lib/x86_64-linux-gnu/gazebo-11/plugins:/opt/ros/humble/opt/rviz_ogre_vendor/lib:/opt/ros/humble/lib/x86_64-linux-gnu:/opt/ros/humble/lib PYTHONPATH=/home/erds/barns_ws/build/dobot_bringup_v3/prefix_override:/usr/lib/python3/dist-packages/colcon_core/task/python/colcon_distutils_commands:/home/erds/barns_ws/install/dobot_bringup_v3/lib/python3.10/site-packages:${PYTHONPATH} /usr/bin/python3 -W ignore:setup.py install is deprecated -W ignore:easy_install command is deprecated setup.py egg_info --egg-base ../../build/dobot_bringup_v3 build --build-base /home/erds/barns_ws/build/dobot_bringup_v3/build install --record /home/erds/barns_ws/build/dobot_bringup_v3/install.log --single-version-externally-managed install_data
[3.800s] Level 1:colcon.colcon_core.environment:checking '/home/erds/barns_ws/install/dobot_bringup_v3' for CMake config files
[3.801s] Level 1:colcon.colcon_core.environment:checking '/home/erds/barns_ws/install/dobot_bringup_v3/lib'
[3.802s] Level 1:colcon.colcon_core.environment:checking '/home/erds/barns_ws/install/dobot_bringup_v3/bin'
[3.802s] Level 1:colcon.colcon_core.environment:checking '/home/erds/barns_ws/install/dobot_bringup_v3/lib/pkgconfig/dobot_bringup_v3.pc'
[3.802s] Level 1:colcon.colcon_core.environment:checking '/home/erds/barns_ws/install/dobot_bringup_v3/lib/python3.10/site-packages'
[3.802s] Level 1:colcon.colcon_core.shell:create_environment_hook('dobot_bringup_v3', 'pythonpath')
[3.802s] INFO:colcon.colcon_core.shell:Creating environment hook '/home/erds/barns_ws/install/dobot_bringup_v3/share/dobot_bringup_v3/hook/pythonpath.ps1'
[3.803s] INFO:colcon.colcon_core.shell:Creating environment descriptor '/home/erds/barns_ws/install/dobot_bringup_v3/share/dobot_bringup_v3/hook/pythonpath.dsv'
[3.804s] INFO:colcon.colcon_core.shell:Creating environment hook '/home/erds/barns_ws/install/dobot_bringup_v3/share/dobot_bringup_v3/hook/pythonpath.sh'
[3.804s] Level 1:colcon.colcon_core.environment:checking '/home/erds/barns_ws/install/dobot_bringup_v3/bin'
[3.804s] Level 1:colcon.colcon_core.environment:create_environment_scripts_only(dobot_bringup_v3)
[3.805s] INFO:colcon.colcon_core.shell:Creating package script '/home/erds/barns_ws/install/dobot_bringup_v3/share/dobot_bringup_v3/package.ps1'
[3.806s] INFO:colcon.colcon_core.shell:Creating package descriptor '/home/erds/barns_ws/install/dobot_bringup_v3/share/dobot_bringup_v3/package.dsv'
[3.806s] INFO:colcon.colcon_core.shell:Creating package script '/home/erds/barns_ws/install/dobot_bringup_v3/share/dobot_bringup_v3/package.sh'
[3.807s] INFO:colcon.colcon_core.shell:Creating package script '/home/erds/barns_ws/install/dobot_bringup_v3/share/dobot_bringup_v3/package.bash'
[3.807s] INFO:colcon.colcon_core.shell:Creating package script '/home/erds/barns_ws/install/dobot_bringup_v3/share/dobot_bringup_v3/package.zsh'
[3.808s] Level 1:colcon.colcon_core.environment:create_file_with_runtime_dependencies(/home/erds/barns_ws/install/dobot_bringup_v3/share/colcon-core/packages/dobot_bringup_v3)
[3.808s] DEBUG:colcon.colcon_parallel_executor.executor.parallel:closing loop
[3.809s] DEBUG:colcon.colcon_parallel_executor.executor.parallel:loop closed
[3.809s] DEBUG:colcon.colcon_parallel_executor.executor.parallel:run_until_complete finished with '0'
[3.809s] DEBUG:colcon.colcon_core.event_reactor:joining thread
[3.817s] INFO:colcon.colcon_core.plugin_system:Skipping extension 'colcon_notification.desktop_notification.terminal_notifier': Not used on non-Darwin systems
[3.817s] INFO:colcon.colcon_core.plugin_system:Skipping extension 'colcon_notification.desktop_notification.win32': Not used on non-Windows systems
[3.817s] INFO:colcon.colcon_notification.desktop_notification:Sending desktop notification using 'notify2'
[3.828s] DEBUG:colcon.colcon_core.event_reactor:joined thread
[3.829s] INFO:colcon.colcon_core.shell:Creating prefix script '/home/erds/barns_ws/install/local_setup.ps1'
[3.830s] INFO:colcon.colcon_core.shell:Creating prefix util module '/home/erds/barns_ws/install/_local_setup_util_ps1.py'
[3.831s] INFO:colcon.colcon_core.shell:Creating prefix chain script '/home/erds/barns_ws/install/setup.ps1'
[3.833s] INFO:colcon.colcon_core.shell:Creating prefix script '/home/erds/barns_ws/install/local_setup.sh'
[3.833s] INFO:colcon.colcon_core.shell:Creating prefix util module '/home/erds/barns_ws/install/_local_setup_util_sh.py'
[3.834s] INFO:colcon.colcon_core.shell:Creating prefix chain script '/home/erds/barns_ws/install/setup.sh'
[3.835s] INFO:colcon.colcon_core.shell:Creating prefix script '/home/erds/barns_ws/install/local_setup.bash'
[3.836s] INFO:colcon.colcon_core.shell:Creating prefix chain script '/home/erds/barns_ws/install/setup.bash'
[3.837s] INFO:colcon.colcon_core.shell:Creating prefix script '/home/erds/barns_ws/install/local_setup.zsh'
[3.838s] INFO:colcon.colcon_core.shell:Creating prefix chain script '/home/erds/barns_ws/install/setup.zsh'
