[1.262s] Invoking command in '/home/erds/barns_ws/src/pickn_place': PYTHONPATH=/home/erds/barns_ws/build/pickn_place/prefix_override:/usr/lib/python3/dist-packages/colcon_core/task/python/colcon_distutils_commands:/home/erds/barns_ws/install/pickn_place/lib/python3.10/site-packages:${PYTHONPATH} /usr/bin/python3 -W ignore:setup.py install is deprecated -W ignore:easy_install command is deprecated setup.py egg_info --egg-base ../../build/pickn_place build --build-base /home/erds/barns_ws/build/pickn_place/build install --record /home/erds/barns_ws/build/pickn_place/install.log --single-version-externally-managed install_data
[1.398s] /home/erds/.local/lib/python3.10/site-packages/setuptools/_distutils/dist.py:270: UserWarning: Unknown distribution option: 'tests_require'
[1.398s]   warnings.warn(msg)
[1.492s] running egg_info
[1.506s] creating ../../build/pickn_place/pickn_place.egg-info
[1.506s] writing ../../build/pickn_place/pickn_place.egg-info/PKG-INFO
[1.506s] writing dependency_links to ../../build/pickn_place/pickn_place.egg-info/dependency_links.txt
[1.507s] writing entry points to ../../build/pickn_place/pickn_place.egg-info/entry_points.txt
[1.507s] writing requirements to ../../build/pickn_place/pickn_place.egg-info/requires.txt
[1.507s] writing top-level names to ../../build/pickn_place/pickn_place.egg-info/top_level.txt
[1.507s] writing manifest file '../../build/pickn_place/pickn_place.egg-info/SOURCES.txt'
[1.536s] reading manifest file '../../build/pickn_place/pickn_place.egg-info/SOURCES.txt'
[1.537s] writing manifest file '../../build/pickn_place/pickn_place.egg-info/SOURCES.txt'
[1.537s] running build
[1.537s] running build_py
[1.538s] creating /home/erds/barns_ws/build/pickn_place/build/lib/pickn_place
[1.538s] copying pickn_place/move.py -> /home/erds/barns_ws/build/pickn_place/build/lib/pickn_place
[1.538s] copying pickn_place/mount_frame_generator.py -> /home/erds/barns_ws/build/pickn_place/build/lib/pickn_place
[1.538s] copying pickn_place/calibrate_aruco.py -> /home/erds/barns_ws/build/pickn_place/build/lib/pickn_place
[1.538s] copying pickn_place/__init__.py -> /home/erds/barns_ws/build/pickn_place/build/lib/pickn_place
[1.538s] copying pickn_place/aruco_perception.py -> /home/erds/barns_ws/build/pickn_place/build/lib/pickn_place
[1.539s] copying pickn_place/perception_transform.py -> /home/erds/barns_ws/build/pickn_place/build/lib/pickn_place
[1.539s] copying pickn_place/calibrate_tool_mount.py -> /home/erds/barns_ws/build/pickn_place/build/lib/pickn_place
[1.539s] copying pickn_place/move2.py -> /home/erds/barns_ws/build/pickn_place/build/lib/pickn_place
[1.539s] running install
[1.543s] running install_lib
[1.557s] creating /home/erds/barns_ws/install/pickn_place/lib/python3.10/site-packages/pickn_place
[1.557s] copying /home/erds/barns_ws/build/pickn_place/build/lib/pickn_place/move.py -> /home/erds/barns_ws/install/pickn_place/lib/python3.10/site-packages/pickn_place
[1.557s] copying /home/erds/barns_ws/build/pickn_place/build/lib/pickn_place/mount_frame_generator.py -> /home/erds/barns_ws/install/pickn_place/lib/python3.10/site-packages/pickn_place
[1.557s] copying /home/erds/barns_ws/build/pickn_place/build/lib/pickn_place/calibrate_aruco.py -> /home/erds/barns_ws/install/pickn_place/lib/python3.10/site-packages/pickn_place
[1.558s] copying /home/erds/barns_ws/build/pickn_place/build/lib/pickn_place/__init__.py -> /home/erds/barns_ws/install/pickn_place/lib/python3.10/site-packages/pickn_place
[1.558s] copying /home/erds/barns_ws/build/pickn_place/build/lib/pickn_place/aruco_perception.py -> /home/erds/barns_ws/install/pickn_place/lib/python3.10/site-packages/pickn_place
[1.558s] copying /home/erds/barns_ws/build/pickn_place/build/lib/pickn_place/perception_transform.py -> /home/erds/barns_ws/install/pickn_place/lib/python3.10/site-packages/pickn_place
[1.558s] copying /home/erds/barns_ws/build/pickn_place/build/lib/pickn_place/calibrate_tool_mount.py -> /home/erds/barns_ws/install/pickn_place/lib/python3.10/site-packages/pickn_place
[1.558s] copying /home/erds/barns_ws/build/pickn_place/build/lib/pickn_place/move2.py -> /home/erds/barns_ws/install/pickn_place/lib/python3.10/site-packages/pickn_place
[1.559s] byte-compiling /home/erds/barns_ws/install/pickn_place/lib/python3.10/site-packages/pickn_place/move.py to move.cpython-310.pyc
[1.560s] byte-compiling /home/erds/barns_ws/install/pickn_place/lib/python3.10/site-packages/pickn_place/mount_frame_generator.py to mount_frame_generator.cpython-310.pyc
[1.560s] byte-compiling /home/erds/barns_ws/install/pickn_place/lib/python3.10/site-packages/pickn_place/calibrate_aruco.py to calibrate_aruco.cpython-310.pyc
[1.562s] byte-compiling /home/erds/barns_ws/install/pickn_place/lib/python3.10/site-packages/pickn_place/__init__.py to __init__.cpython-310.pyc
[1.562s] byte-compiling /home/erds/barns_ws/install/pickn_place/lib/python3.10/site-packages/pickn_place/aruco_perception.py to aruco_perception.cpython-310.pyc
[1.563s] byte-compiling /home/erds/barns_ws/install/pickn_place/lib/python3.10/site-packages/pickn_place/perception_transform.py to perception_transform.cpython-310.pyc
[1.565s] byte-compiling /home/erds/barns_ws/install/pickn_place/lib/python3.10/site-packages/pickn_place/calibrate_tool_mount.py to calibrate_tool_mount.cpython-310.pyc
[1.565s] byte-compiling /home/erds/barns_ws/install/pickn_place/lib/python3.10/site-packages/pickn_place/move2.py to move2.cpython-310.pyc
[1.566s] running install_data
[1.566s] creating /home/erds/barns_ws/install/pickn_place/share/ament_index/resource_index/packages
[1.566s] copying resource/pickn_place -> /home/erds/barns_ws/install/pickn_place/share/ament_index/resource_index/packages
[1.567s] copying package.xml -> /home/erds/barns_ws/install/pickn_place/share/pickn_place
[1.567s] copying share/aruco_config.yaml -> /home/erds/barns_ws/install/pickn_place/share/pickn_place
[1.567s] copying share/aruco_calibration.yaml -> /home/erds/barns_ws/install/pickn_place/share/pickn_place
[1.567s] copying share/arucoID_match.yaml -> /home/erds/barns_ws/install/pickn_place/share/pickn_place
[1.567s] error: can't copy 'share/portafilter_mount_offsets.yaml': doesn't exist or not a regular file
[1.591s] Invoked command in '/home/erds/barns_ws/src/pickn_place' returned '1': PYTHONPATH=/home/erds/barns_ws/build/pickn_place/prefix_override:/usr/lib/python3/dist-packages/colcon_core/task/python/colcon_distutils_commands:/home/erds/barns_ws/install/pickn_place/lib/python3.10/site-packages:${PYTHONPATH} /usr/bin/python3 -W ignore:setup.py install is deprecated -W ignore:easy_install command is deprecated setup.py egg_info --egg-base ../../build/pickn_place build --build-base /home/erds/barns_ws/build/pickn_place/build install --record /home/erds/barns_ws/build/pickn_place/install.log --single-version-externally-managed install_data
