[0.532s] Invoking command in '/home/erds/barns_ws/src/dobot_bringup_v3': AMENT_PREFIX_PATH=/home/erds/barns_ws/install/dobot_msgs_v3:${AMENT_PREFIX_PATH} CMAKE_PREFIX_PATH=/home/erds/barns_ws/install/dobot_msgs_v3:${CMAKE_PREFIX_PATH} LD_LIBRARY_PATH=/home/erds/barns_ws/install/dobot_msgs_v3/lib:${LD_LIBRARY_PATH} PYTHONPATH=/home/erds/barns_ws/build/dobot_bringup_v3/prefix_override:/usr/lib/python3/dist-packages/colcon_core/task/python/colcon_distutils_commands:/home/erds/barns_ws/install/dobot_bringup_v3/lib/python3.10/site-packages:/home/erds/barns_ws/install/dobot_msgs_v3/local/lib/python3.10/dist-packages:${PYTHONPATH} /usr/bin/python3 -W ignore:setup.py install is deprecated -W ignore:easy_install command is deprecated setup.py egg_info --egg-base ../../build/dobot_bringup_v3 build --build-base /home/erds/barns_ws/build/dobot_bringup_v3/build install --record /home/erds/barns_ws/build/dobot_bringup_v3/install.log --single-version-externally-managed install_data
[0.711s] running egg_info
[0.712s] writing ../../build/dobot_bringup_v3/dobot_bringup_v3.egg-info/PKG-INFO
[0.712s] writing dependency_links to ../../build/dobot_bringup_v3/dobot_bringup_v3.egg-info/dependency_links.txt
[0.712s] writing entry points to ../../build/dobot_bringup_v3/dobot_bringup_v3.egg-info/entry_points.txt
[0.712s] writing requirements to ../../build/dobot_bringup_v3/dobot_bringup_v3.egg-info/requires.txt
[0.712s] writing top-level names to ../../build/dobot_bringup_v3/dobot_bringup_v3.egg-info/top_level.txt
[0.713s] reading manifest file '../../build/dobot_bringup_v3/dobot_bringup_v3.egg-info/SOURCES.txt'
[0.714s] writing manifest file '../../build/dobot_bringup_v3/dobot_bringup_v3.egg-info/SOURCES.txt'
[0.714s] running build
[0.714s] running build_py
[0.714s] running install
[0.714s] running install_lib
[0.715s] running install_data
[0.716s] running install_egg_info
[0.717s] removing '/home/erds/barns_ws/install/dobot_bringup_v3/lib/python3.10/site-packages/dobot_bringup_v3-0.0.0-py3.10.egg-info' (and everything under it)
[0.717s] Copying ../../build/dobot_bringup_v3/dobot_bringup_v3.egg-info to /home/erds/barns_ws/install/dobot_bringup_v3/lib/python3.10/site-packages/dobot_bringup_v3-0.0.0-py3.10.egg-info
[0.718s] running install_scripts
[0.733s] Installing dobot_bringup script to /home/erds/barns_ws/install/dobot_bringup_v3/lib/dobot_bringup_v3
[0.733s] Installing feedback script to /home/erds/barns_ws/install/dobot_bringup_v3/lib/dobot_bringup_v3
[0.733s] writing list of installed files to '/home/erds/barns_ws/build/dobot_bringup_v3/install.log'
[0.751s] Invoked command in '/home/erds/barns_ws/src/dobot_bringup_v3' returned '0': AMENT_PREFIX_PATH=/home/erds/barns_ws/install/dobot_msgs_v3:${AMENT_PREFIX_PATH} CMAKE_PREFIX_PATH=/home/erds/barns_ws/install/dobot_msgs_v3:${CMAKE_PREFIX_PATH} LD_LIBRARY_PATH=/home/erds/barns_ws/install/dobot_msgs_v3/lib:${LD_LIBRARY_PATH} PYTHONPATH=/home/erds/barns_ws/build/dobot_bringup_v3/prefix_override:/usr/lib/python3/dist-packages/colcon_core/task/python/colcon_distutils_commands:/home/erds/barns_ws/install/dobot_bringup_v3/lib/python3.10/site-packages:/home/erds/barns_ws/install/dobot_msgs_v3/local/lib/python3.10/dist-packages:${PYTHONPATH} /usr/bin/python3 -W ignore:setup.py install is deprecated -W ignore:easy_install command is deprecated setup.py egg_info --egg-base ../../build/dobot_bringup_v3 build --build-base /home/erds/barns_ws/build/dobot_bringup_v3/build install --record /home/erds/barns_ws/build/dobot_bringup_v3/install.log --single-version-externally-managed install_data
