running egg_info
creating ../../build/pickn_place/pickn_place.egg-info
writing ../../build/pickn_place/pickn_place.egg-info/PKG-INFO
writing dependency_links to ../../build/pickn_place/pickn_place.egg-info/dependency_links.txt
writing entry points to ../../build/pickn_place/pickn_place.egg-info/entry_points.txt
writing requirements to ../../build/pickn_place/pickn_place.egg-info/requires.txt
writing top-level names to ../../build/pickn_place/pickn_place.egg-info/top_level.txt
writing manifest file '../../build/pickn_place/pickn_place.egg-info/SOURCES.txt'
reading manifest file '../../build/pickn_place/pickn_place.egg-info/SOURCES.txt'
writing manifest file '../../build/pickn_place/pickn_place.egg-info/SOURCES.txt'
running build
running build_py
creating /home/erds/barns_ws/build/pickn_place/build
creating /home/erds/barns_ws/build/pickn_place/build/lib
creating /home/erds/barns_ws/build/pickn_place/build/lib/pickn_place
copying pickn_place/calibrate_aruco.py -> /home/erds/barns_ws/build/pickn_place/build/lib/pickn_place
copying pickn_place/__init__.py -> /home/erds/barns_ws/build/pickn_place/build/lib/pickn_place
copying pickn_place/aruco_perception.py -> /home/erds/barns_ws/build/pickn_place/build/lib/pickn_place
copying pickn_place/perception_transform.py -> /home/erds/barns_ws/build/pickn_place/build/lib/pickn_place
running install
running install_lib
creating /home/erds/barns_ws/install/pickn_place/lib/python3.10/site-packages/pickn_place
copying /home/erds/barns_ws/build/pickn_place/build/lib/pickn_place/calibrate_aruco.py -> /home/erds/barns_ws/install/pickn_place/lib/python3.10/site-packages/pickn_place
copying /home/erds/barns_ws/build/pickn_place/build/lib/pickn_place/__init__.py -> /home/erds/barns_ws/install/pickn_place/lib/python3.10/site-packages/pickn_place
copying /home/erds/barns_ws/build/pickn_place/build/lib/pickn_place/aruco_perception.py -> /home/erds/barns_ws/install/pickn_place/lib/python3.10/site-packages/pickn_place
copying /home/erds/barns_ws/build/pickn_place/build/lib/pickn_place/perception_transform.py -> /home/erds/barns_ws/install/pickn_place/lib/python3.10/site-packages/pickn_place
byte-compiling /home/erds/barns_ws/install/pickn_place/lib/python3.10/site-packages/pickn_place/calibrate_aruco.py to calibrate_aruco.cpython-310.pyc
byte-compiling /home/erds/barns_ws/install/pickn_place/lib/python3.10/site-packages/pickn_place/__init__.py to __init__.cpython-310.pyc
byte-compiling /home/erds/barns_ws/install/pickn_place/lib/python3.10/site-packages/pickn_place/aruco_perception.py to aruco_perception.cpython-310.pyc
byte-compiling /home/erds/barns_ws/install/pickn_place/lib/python3.10/site-packages/pickn_place/perception_transform.py to perception_transform.cpython-310.pyc
running install_data
creating /home/erds/barns_ws/install/pickn_place/share/ament_index
creating /home/erds/barns_ws/install/pickn_place/share/ament_index/resource_index
creating /home/erds/barns_ws/install/pickn_place/share/ament_index/resource_index/packages
copying resource/pickn_place -> /home/erds/barns_ws/install/pickn_place/share/ament_index/resource_index/packages
copying package.xml -> /home/erds/barns_ws/install/pickn_place/share/pickn_place
copying share/aruco_config.yaml -> /home/erds/barns_ws/install/pickn_place/share/pickn_place
copying share/aruco_calibration.yaml -> /home/erds/barns_ws/install/pickn_place/share/pickn_place
running install_egg_info
Copying ../../build/pickn_place/pickn_place.egg-info to /home/erds/barns_ws/install/pickn_place/lib/python3.10/site-packages/pickn_place-0.0.0-py3.10.egg-info
running install_scripts
Installing aruco_perception script to /home/erds/barns_ws/install/pickn_place/lib/pickn_place
Installing perception_transform script to /home/erds/barns_ws/install/pickn_place/lib/pickn_place
writing list of installed files to '/home/erds/barns_ws/build/pickn_place/install.log'
