[0.451s] Invoking command in '/home/erds/barns_ws/build/pickn_place': CMAKE_PREFIX_PATH=${CMAKE_PREFIX_PATH}:/home/erds/ws_moveit/install/launch_param_builder:/home/erds/barns_ws/install/servo_action:/home/erds/barns_ws/install/dobot_bringup_v3:/home/erds/barns_ws/install/dobot_moveit:/home/erds/barns_ws/install/dobot_demo:/opt/ros/humble /usr/bin/cmake --build /home/erds/barns_ws/build/pickn_place -- -j16 -l16
[0.693s] Invoked command in '/home/erds/barns_ws/build/pickn_place' returned '0': CMAKE_PREFIX_PATH=${CMAKE_PREFIX_PATH}:/home/erds/ws_moveit/install/launch_param_builder:/home/erds/barns_ws/install/servo_action:/home/erds/barns_ws/install/dobot_bringup_v3:/home/erds/barns_ws/install/dobot_moveit:/home/erds/barns_ws/install/dobot_demo:/opt/ros/humble /usr/bin/cmake --build /home/erds/barns_ws/build/pickn_place -- -j16 -l16
[0.709s] Invoking command in '/home/erds/barns_ws/build/pickn_place': CMAKE_PREFIX_PATH=${CMAKE_PREFIX_PATH}:/home/erds/ws_moveit/install/launch_param_builder:/home/erds/barns_ws/install/servo_action:/home/erds/barns_ws/install/dobot_bringup_v3:/home/erds/barns_ws/install/dobot_moveit:/home/erds/barns_ws/install/dobot_demo:/opt/ros/humble /usr/bin/cmake --install /home/erds/barns_ws/build/pickn_place
[0.853s] -- Install configuration: ""
[0.853s] -- Up-to-date: /home/erds/barns_ws/install/pickn_place/share/pickn_place/launch
[0.853s] -- Up-to-date: /home/erds/barns_ws/install/pickn_place/share/pickn_place/launch/display_urdf.launch.py
[0.853s] -- Up-to-date: /home/erds/barns_ws/install/pickn_place/share/pickn_place/physical_things/urdf
[0.853s] -- Installing: /home/erds/barns_ws/install/pickn_place/share/pickn_place/physical_things/urdf/portafilter.urdf
[0.853s] -- Up-to-date: /home/erds/barns_ws/install/pickn_place/share/pickn_place/physical_things/mesh
[0.853s] -- Installing: /home/erds/barns_ws/install/pickn_place/share/pickn_place/physical_things/mesh/portafilter.stl
[0.853s] -- Up-to-date: /home/erds/barns_ws/install/pickn_place/share/ament_index/resource_index/package_run_dependencies/pickn_place
[0.853s] -- Up-to-date: /home/erds/barns_ws/install/pickn_place/share/ament_index/resource_index/parent_prefix_path/pickn_place
[0.854s] -- Up-to-date: /home/erds/barns_ws/install/pickn_place/share/pickn_place/environment/ament_prefix_path.sh
[0.854s] -- Up-to-date: /home/erds/barns_ws/install/pickn_place/share/pickn_place/environment/ament_prefix_path.dsv
[0.854s] -- Up-to-date: /home/erds/barns_ws/install/pickn_place/share/pickn_place/environment/path.sh
[0.854s] -- Up-to-date: /home/erds/barns_ws/install/pickn_place/share/pickn_place/environment/path.dsv
[0.854s] -- Up-to-date: /home/erds/barns_ws/install/pickn_place/share/pickn_place/local_setup.bash
[0.854s] -- Up-to-date: /home/erds/barns_ws/install/pickn_place/share/pickn_place/local_setup.sh
[0.854s] -- Up-to-date: /home/erds/barns_ws/install/pickn_place/share/pickn_place/local_setup.zsh
[0.854s] -- Up-to-date: /home/erds/barns_ws/install/pickn_place/share/pickn_place/local_setup.dsv
[0.854s] -- Installing: /home/erds/barns_ws/install/pickn_place/share/pickn_place/package.dsv
[0.854s] -- Up-to-date: /home/erds/barns_ws/install/pickn_place/share/ament_index/resource_index/packages/pickn_place
[0.855s] -- Up-to-date: /home/erds/barns_ws/install/pickn_place/share/pickn_place/cmake/pickn_placeConfig.cmake
[0.855s] -- Up-to-date: /home/erds/barns_ws/install/pickn_place/share/pickn_place/cmake/pickn_placeConfig-version.cmake
[0.855s] -- Up-to-date: /home/erds/barns_ws/install/pickn_place/share/pickn_place/package.xml
[0.895s] Invoked command in '/home/erds/barns_ws/build/pickn_place' returned '0': CMAKE_PREFIX_PATH=${CMAKE_PREFIX_PATH}:/home/erds/ws_moveit/install/launch_param_builder:/home/erds/barns_ws/install/servo_action:/home/erds/barns_ws/install/dobot_bringup_v3:/home/erds/barns_ws/install/dobot_moveit:/home/erds/barns_ws/install/dobot_demo:/opt/ros/humble /usr/bin/cmake --install /home/erds/barns_ws/build/pickn_place
