[1.271s] Invoking command in '/home/erds/barns_ws/src/dobot_moveit': PYTHONPATH=/home/erds/barns_ws/build/dobot_moveit/prefix_override:/usr/lib/python3/dist-packages/colcon_core/task/python/colcon_distutils_commands:/home/erds/barns_ws/install/dobot_moveit/lib/python3.10/site-packages:${PYTHONPATH} /usr/bin/python3 -W ignore:setup.py install is deprecated -W ignore:easy_install command is deprecated setup.py egg_info --egg-base ../../build/dobot_moveit build --build-base /home/erds/barns_ws/build/dobot_moveit/build install --record /home/erds/barns_ws/build/dobot_moveit/install.log --single-version-externally-managed install_data
[1.410s] /home/erds/.local/lib/python3.10/site-packages/setuptools/_distutils/dist.py:270: UserWarning: Unknown distribution option: 'tests_require'
[1.410s]   warnings.warn(msg)
[1.503s] running egg_info
[1.517s] creating ../../build/dobot_moveit/dobot_moveit.egg-info
[1.517s] writing ../../build/dobot_moveit/dobot_moveit.egg-info/PKG-INFO
[1.518s] writing dependency_links to ../../build/dobot_moveit/dobot_moveit.egg-info/dependency_links.txt
[1.518s] writing requirements to ../../build/dobot_moveit/dobot_moveit.egg-info/requires.txt
[1.518s] writing top-level names to ../../build/dobot_moveit/dobot_moveit.egg-info/top_level.txt
[1.518s] writing manifest file '../../build/dobot_moveit/dobot_moveit.egg-info/SOURCES.txt'
[1.548s] reading manifest file '../../build/dobot_moveit/dobot_moveit.egg-info/SOURCES.txt'
[1.549s] writing manifest file '../../build/dobot_moveit/dobot_moveit.egg-info/SOURCES.txt'
[1.549s] running build
[1.549s] running build_py
[1.549s] creating /home/erds/barns_ws/build/dobot_moveit/build/lib/dobot_moveit
[1.549s] copying dobot_moveit/__init__.py -> /home/erds/barns_ws/build/dobot_moveit/build/lib/dobot_moveit
[1.550s] running install
[1.553s] running install_lib
[1.568s] creating /home/erds/barns_ws/install/dobot_moveit/lib/python3.10/site-packages/dobot_moveit
[1.568s] copying /home/erds/barns_ws/build/dobot_moveit/build/lib/dobot_moveit/__init__.py -> /home/erds/barns_ws/install/dobot_moveit/lib/python3.10/site-packages/dobot_moveit
[1.568s] byte-compiling /home/erds/barns_ws/install/dobot_moveit/lib/python3.10/site-packages/dobot_moveit/__init__.py to __init__.cpython-310.pyc
[1.569s] running install_data
[1.569s] creating /home/erds/barns_ws/install/dobot_moveit/share/ament_index/resource_index/packages
[1.569s] copying resource/dobot_moveit -> /home/erds/barns_ws/install/dobot_moveit/share/ament_index/resource_index/packages
[1.569s] copying package.xml -> /home/erds/barns_ws/install/dobot_moveit/share/dobot_moveit
[1.569s] creating /home/erds/barns_ws/install/dobot_moveit/share/dobot_moveit/launch
[1.569s] copying launch/moveit_gazebo.launch.py -> /home/erds/barns_ws/install/dobot_moveit/share/dobot_moveit/launch
[1.569s] copying launch/dobot_moveit.launch.py -> /home/erds/barns_ws/install/dobot_moveit/share/dobot_moveit/launch
[1.569s] running install_egg_info
[1.586s] Copying ../../build/dobot_moveit/dobot_moveit.egg-info to /home/erds/barns_ws/install/dobot_moveit/lib/python3.10/site-packages/dobot_moveit-0.0.0-py3.10.egg-info
[1.587s] running install_scripts
[1.708s] writing list of installed files to '/home/erds/barns_ws/build/dobot_moveit/install.log'
