[1.185s] Invoking command in '/home/erds/barns_ws/src/dobot_demo': PYTHONPATH=/home/erds/barns_ws/build/dobot_demo/prefix_override:/usr/lib/python3/dist-packages/colcon_core/task/python/colcon_distutils_commands:/home/erds/barns_ws/install/dobot_demo/lib/python3.10/site-packages:${PYTHONPATH} /usr/bin/python3 -W ignore:setup.py install is deprecated -W ignore:easy_install command is deprecated setup.py egg_info --egg-base ../../build/dobot_demo build --build-base /home/erds/barns_ws/build/dobot_demo/build install --record /home/erds/barns_ws/build/dobot_demo/install.log --single-version-externally-managed install_data
[1.379s] running egg_info
[1.380s] creating ../../build/dobot_demo/dobot_demo.egg-info
[1.380s] writing ../../build/dobot_demo/dobot_demo.egg-info/PKG-INFO
[1.380s] writing dependency_links to ../../build/dobot_demo/dobot_demo.egg-info/dependency_links.txt
[1.380s] writing entry points to ../../build/dobot_demo/dobot_demo.egg-info/entry_points.txt
[1.380s] writing requirements to ../../build/dobot_demo/dobot_demo.egg-info/requires.txt
[1.380s] writing top-level names to ../../build/dobot_demo/dobot_demo.egg-info/top_level.txt
[1.380s] writing manifest file '../../build/dobot_demo/dobot_demo.egg-info/SOURCES.txt'
[1.381s] reading manifest file '../../build/dobot_demo/dobot_demo.egg-info/SOURCES.txt'
[1.382s] writing manifest file '../../build/dobot_demo/dobot_demo.egg-info/SOURCES.txt'
[1.382s] running build
[1.382s] running build_py
[1.382s] creating /home/erds/barns_ws/build/dobot_demo/build
[1.382s] creating /home/erds/barns_ws/build/dobot_demo/build/lib
[1.383s] creating /home/erds/barns_ws/build/dobot_demo/build/lib/dobot_demo
[1.383s] copying dobot_demo/__init__.py -> /home/erds/barns_ws/build/dobot_demo/build/lib/dobot_demo
[1.383s] copying dobot_demo/demo.py -> /home/erds/barns_ws/build/dobot_demo/build/lib/dobot_demo
[1.383s] running install
[1.383s] running install_lib
[1.383s] creating /home/erds/barns_ws/install/dobot_demo/lib/python3.10/site-packages/dobot_demo
[1.383s] copying /home/erds/barns_ws/build/dobot_demo/build/lib/dobot_demo/__init__.py -> /home/erds/barns_ws/install/dobot_demo/lib/python3.10/site-packages/dobot_demo
[1.383s] copying /home/erds/barns_ws/build/dobot_demo/build/lib/dobot_demo/demo.py -> /home/erds/barns_ws/install/dobot_demo/lib/python3.10/site-packages/dobot_demo
[1.384s] byte-compiling /home/erds/barns_ws/install/dobot_demo/lib/python3.10/site-packages/dobot_demo/__init__.py to __init__.cpython-310.pyc
[1.384s] byte-compiling /home/erds/barns_ws/install/dobot_demo/lib/python3.10/site-packages/dobot_demo/demo.py to demo.cpython-310.pyc
[1.385s] running install_data
[1.385s] creating /home/erds/barns_ws/install/dobot_demo/share/ament_index
[1.385s] creating /home/erds/barns_ws/install/dobot_demo/share/ament_index/resource_index
[1.385s] creating /home/erds/barns_ws/install/dobot_demo/share/ament_index/resource_index/packages
[1.385s] copying resource/dobot_demo -> /home/erds/barns_ws/install/dobot_demo/share/ament_index/resource_index/packages
[1.385s] copying package.xml -> /home/erds/barns_ws/install/dobot_demo/share/dobot_demo
[1.385s] running install_egg_info
[1.387s] Copying ../../build/dobot_demo/dobot_demo.egg-info to /home/erds/barns_ws/install/dobot_demo/lib/python3.10/site-packages/dobot_demo-0.0.0-py3.10.egg-info
[1.387s] running install_scripts
[1.405s] Installing demo script to /home/erds/barns_ws/install/dobot_demo/lib/dobot_demo
[1.405s] writing list of installed files to '/home/erds/barns_ws/build/dobot_demo/install.log'
[1.438s] Invoked command in '/home/erds/barns_ws/src/dobot_demo' returned '0': PYTHONPATH=/home/erds/barns_ws/build/dobot_demo/prefix_override:/usr/lib/python3/dist-packages/colcon_core/task/python/colcon_distutils_commands:/home/erds/barns_ws/install/dobot_demo/lib/python3.10/site-packages:${PYTHONPATH} /usr/bin/python3 -W ignore:setup.py install is deprecated -W ignore:easy_install command is deprecated setup.py egg_info --egg-base ../../build/dobot_demo build --build-base /home/erds/barns_ws/build/dobot_demo/build install --record /home/erds/barns_ws/build/dobot_demo/install.log --single-version-externally-managed install_data
