[1.261s] Invoking command in '/home/erds/barns_ws/src/dobot_demo': PYTHONPATH=/home/erds/barns_ws/build/dobot_demo/prefix_override:/usr/lib/python3/dist-packages/colcon_core/task/python/colcon_distutils_commands:/home/erds/barns_ws/install/dobot_demo/lib/python3.10/site-packages:${PYTHONPATH} /usr/bin/python3 -W ignore:setup.py install is deprecated -W ignore:easy_install command is deprecated setup.py egg_info --egg-base ../../build/dobot_demo build --build-base /home/erds/barns_ws/build/dobot_demo/build install --record /home/erds/barns_ws/build/dobot_demo/install.log --single-version-externally-managed install_data
[1.397s] /home/erds/.local/lib/python3.10/site-packages/setuptools/_distutils/dist.py:270: UserWarning: Unknown distribution option: 'tests_require'
[1.398s]   warnings.warn(msg)
[1.495s] running egg_info
[1.508s] creating ../../build/dobot_demo/dobot_demo.egg-info
[1.508s] writing ../../build/dobot_demo/dobot_demo.egg-info/PKG-INFO
[1.509s] writing dependency_links to ../../build/dobot_demo/dobot_demo.egg-info/dependency_links.txt
[1.509s] writing entry points to ../../build/dobot_demo/dobot_demo.egg-info/entry_points.txt
[1.509s] writing requirements to ../../build/dobot_demo/dobot_demo.egg-info/requires.txt
[1.509s] writing top-level names to ../../build/dobot_demo/dobot_demo.egg-info/top_level.txt
[1.509s] writing manifest file '../../build/dobot_demo/dobot_demo.egg-info/SOURCES.txt'
[1.539s] reading manifest file '../../build/dobot_demo/dobot_demo.egg-info/SOURCES.txt'
[1.539s] writing manifest file '../../build/dobot_demo/dobot_demo.egg-info/SOURCES.txt'
[1.540s] running build
[1.540s] running build_py
[1.540s] creating /home/erds/barns_ws/build/dobot_demo/build/lib/dobot_demo
[1.540s] copying dobot_demo/__init__.py -> /home/erds/barns_ws/build/dobot_demo/build/lib/dobot_demo
[1.540s] copying dobot_demo/demo.py -> /home/erds/barns_ws/build/dobot_demo/build/lib/dobot_demo
[1.540s] running install
[1.544s] running install_lib
[1.558s] creating /home/erds/barns_ws/install/dobot_demo/lib/python3.10/site-packages/dobot_demo
[1.558s] copying /home/erds/barns_ws/build/dobot_demo/build/lib/dobot_demo/__init__.py -> /home/erds/barns_ws/install/dobot_demo/lib/python3.10/site-packages/dobot_demo
[1.558s] copying /home/erds/barns_ws/build/dobot_demo/build/lib/dobot_demo/demo.py -> /home/erds/barns_ws/install/dobot_demo/lib/python3.10/site-packages/dobot_demo
[1.559s] byte-compiling /home/erds/barns_ws/install/dobot_demo/lib/python3.10/site-packages/dobot_demo/__init__.py to __init__.cpython-310.pyc
[1.559s] byte-compiling /home/erds/barns_ws/install/dobot_demo/lib/python3.10/site-packages/dobot_demo/demo.py to demo.cpython-310.pyc
[1.560s] running install_data
[1.560s] creating /home/erds/barns_ws/install/dobot_demo/share/ament_index/resource_index/packages
[1.560s] copying resource/dobot_demo -> /home/erds/barns_ws/install/dobot_demo/share/ament_index/resource_index/packages
[1.560s] copying package.xml -> /home/erds/barns_ws/install/dobot_demo/share/dobot_demo
[1.560s] running install_egg_info
[1.576s] Copying ../../build/dobot_demo/dobot_demo.egg-info to /home/erds/barns_ws/install/dobot_demo/lib/python3.10/site-packages/dobot_demo-0.0.0-py3.10.egg-info
[1.577s] running install_scripts
[1.700s] Installing demo script to /home/erds/barns_ws/install/dobot_demo/lib/dobot_demo
[1.700s] writing list of installed files to '/home/erds/barns_ws/build/dobot_demo/install.log'
