[1.539s] Invoking command in '/home/erds/barns_ws/src/pickn_place': PYTHONPATH=/home/erds/barns_ws/build/pickn_place/prefix_override:/usr/lib/python3/dist-packages/colcon_core/task/python/colcon_distutils_commands:/home/erds/barns_ws/install/pickn_place/lib/python3.10/site-packages:${PYTHONPATH} /usr/bin/python3 -W ignore:setup.py install is deprecated -W ignore:easy_install command is deprecated setup.py egg_info --egg-base ../../build/pickn_place build --build-base /home/erds/barns_ws/build/pickn_place/build install --record /home/erds/barns_ws/build/pickn_place/install.log --single-version-externally-managed install_data
[1.787s] running egg_info
[1.789s] writing ../../build/pickn_place/pickn_place.egg-info/PKG-INFO
[1.789s] writing dependency_links to ../../build/pickn_place/pickn_place.egg-info/dependency_links.txt
[1.789s] writing entry points to ../../build/pickn_place/pickn_place.egg-info/entry_points.txt
[1.789s] writing requirements to ../../build/pickn_place/pickn_place.egg-info/requires.txt
[1.789s] writing top-level names to ../../build/pickn_place/pickn_place.egg-info/top_level.txt
[1.792s] reading manifest file '../../build/pickn_place/pickn_place.egg-info/SOURCES.txt'
[1.793s] writing manifest file '../../build/pickn_place/pickn_place.egg-info/SOURCES.txt'
[1.793s] running build
[1.793s] running build_py
[1.793s] copying pickn_place/aruco_perception.py -> /home/erds/barns_ws/build/pickn_place/build/lib/pickn_place
[1.793s] copying pickn_place/perception_transform.py -> /home/erds/barns_ws/build/pickn_place/build/lib/pickn_place
[1.794s] running install
[1.794s] running install_lib
[1.795s] copying /home/erds/barns_ws/build/pickn_place/build/lib/pickn_place/aruco_perception.py -> /home/erds/barns_ws/install/pickn_place/lib/python3.10/site-packages/pickn_place
[1.795s] copying /home/erds/barns_ws/build/pickn_place/build/lib/pickn_place/perception_transform.py -> /home/erds/barns_ws/install/pickn_place/lib/python3.10/site-packages/pickn_place
[1.796s] byte-compiling /home/erds/barns_ws/install/pickn_place/lib/python3.10/site-packages/pickn_place/aruco_perception.py to aruco_perception.cpython-310.pyc
[1.798s] byte-compiling /home/erds/barns_ws/install/pickn_place/lib/python3.10/site-packages/pickn_place/perception_transform.py to perception_transform.cpython-310.pyc
[1.799s] running install_data
[1.800s] copying share/arucoID_match.yaml -> /home/erds/barns_ws/install/pickn_place/share/pickn_place
[1.800s] running install_egg_info
[1.801s] removing '/home/erds/barns_ws/install/pickn_place/lib/python3.10/site-packages/pickn_place-0.0.0-py3.10.egg-info' (and everything under it)
[1.802s] Copying ../../build/pickn_place/pickn_place.egg-info to /home/erds/barns_ws/install/pickn_place/lib/python3.10/site-packages/pickn_place-0.0.0-py3.10.egg-info
[1.803s] running install_scripts
[1.828s] Installing aruco_perception script to /home/erds/barns_ws/install/pickn_place/lib/pickn_place
[1.828s] Installing perception_transform script to /home/erds/barns_ws/install/pickn_place/lib/pickn_place
[1.828s] writing list of installed files to '/home/erds/barns_ws/build/pickn_place/install.log'
[1.866s] Invoked command in '/home/erds/barns_ws/src/pickn_place' returned '0': PYTHONPATH=/home/erds/barns_ws/build/pickn_place/prefix_override:/usr/lib/python3/dist-packages/colcon_core/task/python/colcon_distutils_commands:/home/erds/barns_ws/install/pickn_place/lib/python3.10/site-packages:${PYTHONPATH} /usr/bin/python3 -W ignore:setup.py install is deprecated -W ignore:easy_install command is deprecated setup.py egg_info --egg-base ../../build/pickn_place build --build-base /home/erds/barns_ws/build/pickn_place/build install --record /home/erds/barns_ws/build/pickn_place/install.log --single-version-externally-managed install_data
