-- Install configuration: ""
-- Up-to-date: /home/erds/barns_ws/install/dobot_rviz/share/dobot_rviz/launch
-- Up-to-date: /home/erds/barns_ws/install/dobot_rviz/share/dobot_rviz/launch/dobot_rviz.launch.py
-- Up-to-date: /home/erds/barns_ws/install/dobot_rviz/share/dobot_rviz/urdf
-- Up-to-date: /home/erds/barns_ws/install/dobot_rviz/share/dobot_rviz/urdf/nova5_robot.urdf
-- Up-to-date: /home/erds/barns_ws/install/dobot_rviz/share/dobot_rviz/rviz
-- Up-to-date: /home/erds/barns_ws/install/dobot_rviz/share/dobot_rviz/rviz/urdf.rviz
-- Up-to-date: /home/erds/barns_ws/install/dobot_rviz/share/dobot_rviz/meshes
-- Up-to-date: /home/erds/barns_ws/install/dobot_rviz/share/dobot_rviz/meshes/robotiq2f85
-- Up-to-date: /home/erds/barns_ws/install/dobot_rviz/share/dobot_rviz/meshes/robotiq2f85/outer_knuckle_fine.STL
-- Up-to-date: /home/erds/barns_ws/install/dobot_rviz/share/dobot_rviz/meshes/robotiq2f85/d435.dae
-- Up-to-date: /home/erds/barns_ws/install/dobot_rviz/share/dobot_rviz/meshes/robotiq2f85/outer_knuckle_coarse.STL
-- Up-to-date: /home/erds/barns_ws/install/dobot_rviz/share/dobot_rviz/meshes/robotiq2f85/outer_finger_fine.STL
-- Up-to-date: /home/erds/barns_ws/install/dobot_rviz/share/dobot_rviz/meshes/robotiq2f85/robotiq_85_base_link_coarse.STL
-- Up-to-date: /home/erds/barns_ws/install/dobot_rviz/share/dobot_rviz/meshes/robotiq2f85/inner_knuckle_fine.STL
-- Up-to-date: /home/erds/barns_ws/install/dobot_rviz/share/dobot_rviz/meshes/robotiq2f85/inner_knuckle_coarse.STL
-- Up-to-date: /home/erds/barns_ws/install/dobot_rviz/share/dobot_rviz/meshes/robotiq2f85/camera_mount.STL
-- Up-to-date: /home/erds/barns_ws/install/dobot_rviz/share/dobot_rviz/meshes/robotiq2f85/inner_finger_fine.STL
-- Up-to-date: /home/erds/barns_ws/install/dobot_rviz/share/dobot_rviz/meshes/robotiq2f85/realsense_345.STL
-- Up-to-date: /home/erds/barns_ws/install/dobot_rviz/share/dobot_rviz/meshes/robotiq2f85/inner_finger_coarse.STL
-- Up-to-date: /home/erds/barns_ws/install/dobot_rviz/share/dobot_rviz/meshes/robotiq2f85/fingertips_R.STL
-- Up-to-date: /home/erds/barns_ws/install/dobot_rviz/share/dobot_rviz/meshes/robotiq2f85/fingertips_L.STL
-- Up-to-date: /home/erds/barns_ws/install/dobot_rviz/share/dobot_rviz/meshes/robotiq2f85/outer_finger_coarse.STL
-- Up-to-date: /home/erds/barns_ws/install/dobot_rviz/share/dobot_rviz/meshes/robotiq2f85/robotiq_85_base_link_fine.STL
-- Up-to-date: /home/erds/barns_ws/install/dobot_rviz/share/dobot_rviz/meshes/nova2
-- Up-to-date: /home/erds/barns_ws/install/dobot_rviz/share/dobot_rviz/meshes/nova2/Link2.STL
-- Up-to-date: /home/erds/barns_ws/install/dobot_rviz/share/dobot_rviz/meshes/nova2/Link1.STL
-- Up-to-date: /home/erds/barns_ws/install/dobot_rviz/share/dobot_rviz/meshes/nova2/base_link.STL
-- Up-to-date: /home/erds/barns_ws/install/dobot_rviz/share/dobot_rviz/meshes/nova2/Link6.STL
-- Up-to-date: /home/erds/barns_ws/install/dobot_rviz/share/dobot_rviz/meshes/nova2/Link3.STL
-- Up-to-date: /home/erds/barns_ws/install/dobot_rviz/share/dobot_rviz/meshes/nova2/Link4.STL
-- Up-to-date: /home/erds/barns_ws/install/dobot_rviz/share/dobot_rviz/meshes/nova2/Link5.STL
-- Up-to-date: /home/erds/barns_ws/install/dobot_rviz/share/dobot_rviz/meshes/nova5
-- Up-to-date: /home/erds/barns_ws/install/dobot_rviz/share/dobot_rviz/meshes/nova5/Link2.STL
-- Up-to-date: /home/erds/barns_ws/install/dobot_rviz/share/dobot_rviz/meshes/nova5/Link1.STL
-- Up-to-date: /home/erds/barns_ws/install/dobot_rviz/share/dobot_rviz/meshes/nova5/base_link.STL
-- Up-to-date: /home/erds/barns_ws/install/dobot_rviz/share/dobot_rviz/meshes/nova5/Link6.STL
-- Up-to-date: /home/erds/barns_ws/install/dobot_rviz/share/dobot_rviz/meshes/nova5/gripper_coupler.STL
-- Up-to-date: /home/erds/barns_ws/install/dobot_rviz/share/dobot_rviz/meshes/nova5/Link3.STL
-- Up-to-date: /home/erds/barns_ws/install/dobot_rviz/share/dobot_rviz/meshes/nova5/Link4.STL
-- Up-to-date: /home/erds/barns_ws/install/dobot_rviz/share/dobot_rviz/meshes/nova5/Link5.STL
-- Up-to-date: /home/erds/barns_ws/install/dobot_rviz/share/ament_index/resource_index/package_run_dependencies/dobot_rviz
-- Up-to-date: /home/erds/barns_ws/install/dobot_rviz/share/ament_index/resource_index/parent_prefix_path/dobot_rviz
-- Up-to-date: /home/erds/barns_ws/install/dobot_rviz/share/dobot_rviz/environment/ament_prefix_path.sh
-- Up-to-date: /home/erds/barns_ws/install/dobot_rviz/share/dobot_rviz/environment/ament_prefix_path.dsv
-- Up-to-date: /home/erds/barns_ws/install/dobot_rviz/share/dobot_rviz/environment/path.sh
-- Up-to-date: /home/erds/barns_ws/install/dobot_rviz/share/dobot_rviz/environment/path.dsv
-- Up-to-date: /home/erds/barns_ws/install/dobot_rviz/share/dobot_rviz/local_setup.bash
-- Up-to-date: /home/erds/barns_ws/install/dobot_rviz/share/dobot_rviz/local_setup.sh
-- Up-to-date: /home/erds/barns_ws/install/dobot_rviz/share/dobot_rviz/local_setup.zsh
-- Up-to-date: /home/erds/barns_ws/install/dobot_rviz/share/dobot_rviz/local_setup.dsv
-- Up-to-date: /home/erds/barns_ws/install/dobot_rviz/share/dobot_rviz/package.dsv
-- Up-to-date: /home/erds/barns_ws/install/dobot_rviz/share/ament_index/resource_index/packages/dobot_rviz
-- Up-to-date: /home/erds/barns_ws/install/dobot_rviz/share/dobot_rviz/cmake/dobot_rvizConfig.cmake
-- Up-to-date: /home/erds/barns_ws/install/dobot_rviz/share/dobot_rviz/cmake/dobot_rvizConfig-version.cmake
-- Up-to-date: /home/erds/barns_ws/install/dobot_rviz/share/dobot_rviz/package.xml
