[1.842s] Invoking command in '/home/erds/barns_ws/src/pickn_place': PYTHONPATH=/home/erds/barns_ws/build/pickn_place/prefix_override:/usr/lib/python3/dist-packages/colcon_core/task/python/colcon_distutils_commands:/home/erds/barns_ws/install/pickn_place/lib/python3.10/site-packages:${PYTHONPATH} /usr/bin/python3 -W ignore:setup.py install is deprecated -W ignore:easy_install command is deprecated setup.py egg_info --egg-base ../../build/pickn_place build --build-base /home/erds/barns_ws/build/pickn_place/build install --record /home/erds/barns_ws/build/pickn_place/install.log --single-version-externally-managed install_data
[2.054s] /home/erds/.local/lib/python3.10/site-packages/setuptools/_distutils/dist.py:270: UserWarning: Unknown distribution option: 'tests_require'
[2.054s]   warnings.warn(msg)
[2.218s] running egg_info
[2.242s] writing ../../build/pickn_place/pickn_place.egg-info/PKG-INFO
[2.243s] writing dependency_links to ../../build/pickn_place/pickn_place.egg-info/dependency_links.txt
[2.243s] writing entry points to ../../build/pickn_place/pickn_place.egg-info/entry_points.txt
[2.243s] writing requirements to ../../build/pickn_place/pickn_place.egg-info/requires.txt
[2.243s] writing top-level names to ../../build/pickn_place/pickn_place.egg-info/top_level.txt
[2.306s] reading manifest file '../../build/pickn_place/pickn_place.egg-info/SOURCES.txt'
[2.307s] writing manifest file '../../build/pickn_place/pickn_place.egg-info/SOURCES.txt'
[2.307s] running build
[2.307s] running build_py
[2.307s] copying pickn_place/move.py -> /home/erds/barns_ws/build/pickn_place/build/lib/pickn_place
[2.308s] copying pickn_place/mount_frame_generator.py -> /home/erds/barns_ws/build/pickn_place/build/lib/pickn_place
[2.308s] copying pickn_place/calibrate_aruco.py -> /home/erds/barns_ws/build/pickn_place/build/lib/pickn_place
[2.309s] copying pickn_place/aruco_perception.py -> /home/erds/barns_ws/build/pickn_place/build/lib/pickn_place
[2.309s] copying pickn_place/perception_transform.py -> /home/erds/barns_ws/build/pickn_place/build/lib/pickn_place
[2.309s] copying pickn_place/calibrate_tool_mount.py -> /home/erds/barns_ws/build/pickn_place/build/lib/pickn_place
[2.309s] copying pickn_place/move2.py -> /home/erds/barns_ws/build/pickn_place/build/lib/pickn_place
[2.310s] running install
[2.320s] running install_lib
[2.345s] copying /home/erds/barns_ws/build/pickn_place/build/lib/pickn_place/calibrate_tool_mount.py -> /home/erds/barns_ws/install/pickn_place/lib/python3.10/site-packages/pickn_place
[2.345s] byte-compiling /home/erds/barns_ws/install/pickn_place/lib/python3.10/site-packages/pickn_place/calibrate_tool_mount.py to calibrate_tool_mount.cpython-310.pyc
[2.346s] running install_data
[2.346s] copying package.xml -> /home/erds/barns_ws/install/pickn_place/share/pickn_place
[2.347s] copying share/aruco_config.yaml -> /home/erds/barns_ws/install/pickn_place/share/pickn_place
[2.347s] copying share/aruco_calibration.yaml -> /home/erds/barns_ws/install/pickn_place/share/pickn_place
[2.347s] copying share/arucoID_match.yaml -> /home/erds/barns_ws/install/pickn_place/share/pickn_place
[2.347s] error: can't copy 'share/mount_offsets.yaml': doesn't exist or not a regular file
[2.404s] Invoked command in '/home/erds/barns_ws/src/pickn_place' returned '1': PYTHONPATH=/home/erds/barns_ws/build/pickn_place/prefix_override:/usr/lib/python3/dist-packages/colcon_core/task/python/colcon_distutils_commands:/home/erds/barns_ws/install/pickn_place/lib/python3.10/site-packages:${PYTHONPATH} /usr/bin/python3 -W ignore:setup.py install is deprecated -W ignore:easy_install command is deprecated setup.py egg_info --egg-base ../../build/pickn_place build --build-base /home/erds/barns_ws/build/pickn_place/build install --record /home/erds/barns_ws/build/pickn_place/install.log --single-version-externally-managed install_data
