[2.070s] Invoking command in '/home/erds/barns_ws/src/dobot_demo': PYTHONPATH=/home/erds/barns_ws/build/dobot_demo/prefix_override:/usr/lib/python3/dist-packages/colcon_core/task/python/colcon_distutils_commands:/home/erds/barns_ws/install/dobot_demo/lib/python3.10/site-packages:${PYTHONPATH} /usr/bin/python3 -W ignore:setup.py install is deprecated -W ignore:easy_install command is deprecated setup.py egg_info --egg-base ../../build/dobot_demo build --build-base /home/erds/barns_ws/build/dobot_demo/build install --record /home/erds/barns_ws/build/dobot_demo/install.log --single-version-externally-managed install_data
[2.312s] /home/erds/.local/lib/python3.10/site-packages/setuptools/_distutils/dist.py:270: UserWarning: Unknown distribution option: 'tests_require'
[2.313s]   warnings.warn(msg)
[2.476s] running egg_info
[2.506s] writing ../../build/dobot_demo/dobot_demo.egg-info/PKG-INFO
[2.507s] writing dependency_links to ../../build/dobot_demo/dobot_demo.egg-info/dependency_links.txt
[2.507s] writing entry points to ../../build/dobot_demo/dobot_demo.egg-info/entry_points.txt
[2.507s] writing requirements to ../../build/dobot_demo/dobot_demo.egg-info/requires.txt
[2.508s] writing top-level names to ../../build/dobot_demo/dobot_demo.egg-info/top_level.txt
[2.561s] reading manifest file '../../build/dobot_demo/dobot_demo.egg-info/SOURCES.txt'
[2.566s] writing manifest file '../../build/dobot_demo/dobot_demo.egg-info/SOURCES.txt'
[2.566s] running build
[2.566s] running build_py
[2.566s] running install
[2.572s] running install_lib
[2.597s] running install_data
[2.598s] running install_egg_info
[2.627s] removing '/home/erds/barns_ws/install/dobot_demo/lib/python3.10/site-packages/dobot_demo-0.0.0-py3.10.egg-info' (and everything under it)
[2.629s] Copying ../../build/dobot_demo/dobot_demo.egg-info to /home/erds/barns_ws/install/dobot_demo/lib/python3.10/site-packages/dobot_demo-0.0.0-py3.10.egg-info
[2.629s] running install_scripts
[2.859s] Installing demo script to /home/erds/barns_ws/install/dobot_demo/lib/dobot_demo
[2.860s] writing list of installed files to '/home/erds/barns_ws/build/dobot_demo/install.log'
[2.957s] Invoked command in '/home/erds/barns_ws/src/dobot_demo' returned '0': PYTHONPATH=/home/erds/barns_ws/build/dobot_demo/prefix_override:/usr/lib/python3/dist-packages/colcon_core/task/python/colcon_distutils_commands:/home/erds/barns_ws/install/dobot_demo/lib/python3.10/site-packages:${PYTHONPATH} /usr/bin/python3 -W ignore:setup.py install is deprecated -W ignore:easy_install command is deprecated setup.py egg_info --egg-base ../../build/dobot_demo build --build-base /home/erds/barns_ws/build/dobot_demo/build install --record /home/erds/barns_ws/build/dobot_demo/install.log --single-version-externally-managed install_data
