[0.054s] Invoking command in '/home/erds/barns_ws/build/dobot_rviz': CMAKE_PREFIX_PATH=${CMAKE_PREFIX_PATH}:/home/erds/barns_ws/install/servo_action:/home/erds/barns_ws/install/pickn_place:/home/erds/barns_ws/install/dobot_bringup_v3:/home/erds/barns_ws/install/dobot_moveit:/home/erds/barns_ws/install/dobot_demo:/opt/ros/humble /usr/bin/cmake --build /home/erds/barns_ws/build/dobot_rviz -- -j16 -l16
[0.966s] Invoked command in '/home/erds/barns_ws/build/dobot_rviz' returned '0': CMAKE_PREFIX_PATH=${CMAKE_PREFIX_PATH}:/home/erds/barns_ws/install/servo_action:/home/erds/barns_ws/install/pickn_place:/home/erds/barns_ws/install/dobot_bringup_v3:/home/erds/barns_ws/install/dobot_moveit:/home/erds/barns_ws/install/dobot_demo:/opt/ros/humble /usr/bin/cmake --build /home/erds/barns_ws/build/dobot_rviz -- -j16 -l16
[0.967s] Invoking command in '/home/erds/barns_ws/build/dobot_rviz': CMAKE_PREFIX_PATH=${CMAKE_PREFIX_PATH}:/home/erds/barns_ws/install/servo_action:/home/erds/barns_ws/install/pickn_place:/home/erds/barns_ws/install/dobot_bringup_v3:/home/erds/barns_ws/install/dobot_moveit:/home/erds/barns_ws/install/dobot_demo:/opt/ros/humble /usr/bin/cmake --install /home/erds/barns_ws/build/dobot_rviz
[0.990s] -- Install configuration: ""
[0.992s] -- Up-to-date: /home/erds/barns_ws/install/dobot_rviz/share/dobot_rviz/launch
[0.994s] -- Up-to-date: /home/erds/barns_ws/install/dobot_rviz/share/dobot_rviz/launch/dobot_rviz.launch.py
[0.994s] -- Up-to-date: /home/erds/barns_ws/install/dobot_rviz/share/dobot_rviz/urdf
[0.994s] -- Up-to-date: /home/erds/barns_ws/install/dobot_rviz/share/dobot_rviz/urdf/nova5_robot.urdf
[0.994s] -- Up-to-date: /home/erds/barns_ws/install/dobot_rviz/share/dobot_rviz/rviz
[0.994s] -- Up-to-date: /home/erds/barns_ws/install/dobot_rviz/share/dobot_rviz/rviz/urdf.rviz
[0.994s] -- Up-to-date: /home/erds/barns_ws/install/dobot_rviz/share/dobot_rviz/meshes
[0.994s] -- Up-to-date: /home/erds/barns_ws/install/dobot_rviz/share/dobot_rviz/meshes/robotiq2f85
[0.996s] -- Up-to-date: /home/erds/barns_ws/install/dobot_rviz/share/dobot_rviz/meshes/robotiq2f85/outer_knuckle_fine.STL
[0.996s] -- Up-to-date: /home/erds/barns_ws/install/dobot_rviz/share/dobot_rviz/meshes/robotiq2f85/d435.dae
[0.997s] -- Up-to-date: /home/erds/barns_ws/install/dobot_rviz/share/dobot_rviz/meshes/robotiq2f85/outer_knuckle_coarse.STL
[0.999s] -- Up-to-date: /home/erds/barns_ws/install/dobot_rviz/share/dobot_rviz/meshes/robotiq2f85/outer_finger_fine.STL
[1.000s] -- Up-to-date: /home/erds/barns_ws/install/dobot_rviz/share/dobot_rviz/meshes/robotiq2f85/robotiq_85_base_link_coarse.STL
[1.000s] -- Up-to-date: /home/erds/barns_ws/install/dobot_rviz/share/dobot_rviz/meshes/robotiq2f85/inner_knuckle_fine.STL
[1.000s] -- Up-to-date: /home/erds/barns_ws/install/dobot_rviz/share/dobot_rviz/meshes/robotiq2f85/inner_knuckle_coarse.STL
[1.000s] -- Up-to-date: /home/erds/barns_ws/install/dobot_rviz/share/dobot_rviz/meshes/robotiq2f85/camera_mount.STL
[1.000s] -- Up-to-date: /home/erds/barns_ws/install/dobot_rviz/share/dobot_rviz/meshes/robotiq2f85/inner_finger_fine.STL
[1.001s] -- Up-to-date: /home/erds/barns_ws/install/dobot_rviz/share/dobot_rviz/meshes/robotiq2f85/realsense_345.STL
[1.001s] -- Up-to-date: /home/erds/barns_ws/install/dobot_rviz/share/dobot_rviz/meshes/robotiq2f85/inner_finger_coarse.STL
[1.001s] -- Up-to-date: /home/erds/barns_ws/install/dobot_rviz/share/dobot_rviz/meshes/robotiq2f85/fingertips_R.STL
[1.002s] -- Up-to-date: /home/erds/barns_ws/install/dobot_rviz/share/dobot_rviz/meshes/robotiq2f85/fingertips_L.STL
[1.002s] -- Up-to-date: /home/erds/barns_ws/install/dobot_rviz/share/dobot_rviz/meshes/robotiq2f85/outer_finger_coarse.STL
[1.002s] -- Up-to-date: /home/erds/barns_ws/install/dobot_rviz/share/dobot_rviz/meshes/robotiq2f85/robotiq_85_base_link_fine.STL
[1.002s] -- Up-to-date: /home/erds/barns_ws/install/dobot_rviz/share/dobot_rviz/meshes/nova2
[1.003s] -- Up-to-date: /home/erds/barns_ws/install/dobot_rviz/share/dobot_rviz/meshes/nova2/Link2.STL
[1.003s] -- Up-to-date: /home/erds/barns_ws/install/dobot_rviz/share/dobot_rviz/meshes/nova2/Link1.STL
[1.003s] -- Up-to-date: /home/erds/barns_ws/install/dobot_rviz/share/dobot_rviz/meshes/nova2/base_link.STL
[1.003s] -- Up-to-date: /home/erds/barns_ws/install/dobot_rviz/share/dobot_rviz/meshes/nova2/Link6.STL
[1.003s] -- Up-to-date: /home/erds/barns_ws/install/dobot_rviz/share/dobot_rviz/meshes/nova2/Link3.STL
[1.004s] -- Up-to-date: /home/erds/barns_ws/install/dobot_rviz/share/dobot_rviz/meshes/nova2/Link4.STL
[1.004s] -- Up-to-date: /home/erds/barns_ws/install/dobot_rviz/share/dobot_rviz/meshes/nova2/Link5.STL
[1.004s] -- Up-to-date: /home/erds/barns_ws/install/dobot_rviz/share/dobot_rviz/meshes/nova5
[1.004s] -- Up-to-date: /home/erds/barns_ws/install/dobot_rviz/share/dobot_rviz/meshes/nova5/Link2.STL
[1.004s] -- Up-to-date: /home/erds/barns_ws/install/dobot_rviz/share/dobot_rviz/meshes/nova5/Link1.STL
[1.004s] -- Up-to-date: /home/erds/barns_ws/install/dobot_rviz/share/dobot_rviz/meshes/nova5/base_link.STL
[1.004s] -- Up-to-date: /home/erds/barns_ws/install/dobot_rviz/share/dobot_rviz/meshes/nova5/Link6.STL
[1.004s] -- Up-to-date: /home/erds/barns_ws/install/dobot_rviz/share/dobot_rviz/meshes/nova5/gripper_coupler.STL
[1.005s] -- Up-to-date: /home/erds/barns_ws/install/dobot_rviz/share/dobot_rviz/meshes/nova5/Link3.STL
[1.005s] -- Up-to-date: /home/erds/barns_ws/install/dobot_rviz/share/dobot_rviz/meshes/nova5/Link4.STL
[1.005s] -- Up-to-date: /home/erds/barns_ws/install/dobot_rviz/share/dobot_rviz/meshes/nova5/Link5.STL
[1.005s] -- Up-to-date: /home/erds/barns_ws/install/dobot_rviz/share/ament_index/resource_index/package_run_dependencies/dobot_rviz
[1.005s] -- Up-to-date: /home/erds/barns_ws/install/dobot_rviz/share/ament_index/resource_index/parent_prefix_path/dobot_rviz
[1.005s] -- Up-to-date: /home/erds/barns_ws/install/dobot_rviz/share/dobot_rviz/environment/ament_prefix_path.sh
[1.005s] -- Up-to-date: /home/erds/barns_ws/install/dobot_rviz/share/dobot_rviz/environment/ament_prefix_path.dsv
[1.005s] -- Up-to-date: /home/erds/barns_ws/install/dobot_rviz/share/dobot_rviz/environment/path.sh
[1.005s] -- Up-to-date: /home/erds/barns_ws/install/dobot_rviz/share/dobot_rviz/environment/path.dsv
[1.005s] -- Up-to-date: /home/erds/barns_ws/install/dobot_rviz/share/dobot_rviz/local_setup.bash
[1.006s] -- Up-to-date: /home/erds/barns_ws/install/dobot_rviz/share/dobot_rviz/local_setup.sh
[1.006s] -- Up-to-date: /home/erds/barns_ws/install/dobot_rviz/share/dobot_rviz/local_setup.zsh
[1.006s] -- Up-to-date: /home/erds/barns_ws/install/dobot_rviz/share/dobot_rviz/local_setup.dsv
[1.007s] -- Installing: /home/erds/barns_ws/install/dobot_rviz/share/dobot_rviz/package.dsv
[1.007s] -- Up-to-date: /home/erds/barns_ws/install/dobot_rviz/share/ament_index/resource_index/packages/dobot_rviz
[1.008s] -- Up-to-date: /home/erds/barns_ws/install/dobot_rviz/share/dobot_rviz/cmake/dobot_rvizConfig.cmake
[1.008s] -- Up-to-date: /home/erds/barns_ws/install/dobot_rviz/share/dobot_rviz/cmake/dobot_rvizConfig-version.cmake
[1.008s] -- Up-to-date: /home/erds/barns_ws/install/dobot_rviz/share/dobot_rviz/package.xml
[1.271s] Invoked command in '/home/erds/barns_ws/build/dobot_rviz' returned '0': CMAKE_PREFIX_PATH=${CMAKE_PREFIX_PATH}:/home/erds/barns_ws/install/servo_action:/home/erds/barns_ws/install/pickn_place:/home/erds/barns_ws/install/dobot_bringup_v3:/home/erds/barns_ws/install/dobot_moveit:/home/erds/barns_ws/install/dobot_demo:/opt/ros/humble /usr/bin/cmake --install /home/erds/barns_ws/build/dobot_rviz
