[0.044s] Invoking command in '/home/erds/barns_ws/build/nova5_moveit': CMAKE_PREFIX_PATH=/home/erds/barns_ws/install/dobot_rviz:/home/erds/ws_moveit2/install:/home/erds/ros2_ws/install/realsense2_description:/home/erds/ros2_ws/install/realsense2_camera:/home/erds/ros2_ws/install/realsense2_camera_msgs:/home/erds/barns_ws/install/nova5_moveit:/home/erds/barns_ws/install/dobot_msgs_v3:/home/erds/barns_ws/install/dobot_gazebo:/home/erds/barns_ws/install/servo_action:/home/erds/barns_ws/install/pickn_place:/home/erds/barns_ws/install/dobot_bringup_v3:/home/erds/barns_ws/install/dobot_moveit:/home/erds/barns_ws/install/dobot_demo:/opt/ros/humble /usr/bin/cmake --build /home/erds/barns_ws/build/nova5_moveit -- -j16 -l16
[0.353s] Invoked command in '/home/erds/barns_ws/build/nova5_moveit' returned '0': CMAKE_PREFIX_PATH=/home/erds/barns_ws/install/dobot_rviz:/home/erds/ws_moveit2/install:/home/erds/ros2_ws/install/realsense2_description:/home/erds/ros2_ws/install/realsense2_camera:/home/erds/ros2_ws/install/realsense2_camera_msgs:/home/erds/barns_ws/install/nova5_moveit:/home/erds/barns_ws/install/dobot_msgs_v3:/home/erds/barns_ws/install/dobot_gazebo:/home/erds/barns_ws/install/servo_action:/home/erds/barns_ws/install/pickn_place:/home/erds/barns_ws/install/dobot_bringup_v3:/home/erds/barns_ws/install/dobot_moveit:/home/erds/barns_ws/install/dobot_demo:/opt/ros/humble /usr/bin/cmake --build /home/erds/barns_ws/build/nova5_moveit -- -j16 -l16
[0.357s] Invoking command in '/home/erds/barns_ws/build/nova5_moveit': CMAKE_PREFIX_PATH=/home/erds/barns_ws/install/dobot_rviz:/home/erds/ws_moveit2/install:/home/erds/ros2_ws/install/realsense2_description:/home/erds/ros2_ws/install/realsense2_camera:/home/erds/ros2_ws/install/realsense2_camera_msgs:/home/erds/barns_ws/install/nova5_moveit:/home/erds/barns_ws/install/dobot_msgs_v3:/home/erds/barns_ws/install/dobot_gazebo:/home/erds/barns_ws/install/servo_action:/home/erds/barns_ws/install/pickn_place:/home/erds/barns_ws/install/dobot_bringup_v3:/home/erds/barns_ws/install/dobot_moveit:/home/erds/barns_ws/install/dobot_demo:/opt/ros/humble /usr/bin/cmake --install /home/erds/barns_ws/build/nova5_moveit
[0.368s] -- Install configuration: ""
[0.368s] -- Up-to-date: /home/erds/barns_ws/install/nova5_moveit/share/ament_index/resource_index/package_run_dependencies/nova5_moveit
[0.369s] -- Up-to-date: /home/erds/barns_ws/install/nova5_moveit/share/ament_index/resource_index/parent_prefix_path/nova5_moveit
[0.369s] -- Up-to-date: /home/erds/barns_ws/install/nova5_moveit/share/nova5_moveit/environment/ament_prefix_path.sh
[0.369s] -- Up-to-date: /home/erds/barns_ws/install/nova5_moveit/share/nova5_moveit/environment/ament_prefix_path.dsv
[0.369s] -- Up-to-date: /home/erds/barns_ws/install/nova5_moveit/share/nova5_moveit/environment/path.sh
[0.369s] -- Up-to-date: /home/erds/barns_ws/install/nova5_moveit/share/nova5_moveit/environment/path.dsv
[0.369s] -- Up-to-date: /home/erds/barns_ws/install/nova5_moveit/share/nova5_moveit/local_setup.bash
[0.369s] -- Up-to-date: /home/erds/barns_ws/install/nova5_moveit/share/nova5_moveit/local_setup.sh
[0.369s] -- Up-to-date: /home/erds/barns_ws/install/nova5_moveit/share/nova5_moveit/local_setup.zsh
[0.370s] -- Up-to-date: /home/erds/barns_ws/install/nova5_moveit/share/nova5_moveit/local_setup.dsv
[0.370s] -- Installing: /home/erds/barns_ws/install/nova5_moveit/share/nova5_moveit/package.dsv
[0.370s] -- Up-to-date: /home/erds/barns_ws/install/nova5_moveit/share/ament_index/resource_index/packages/nova5_moveit
[0.370s] -- Up-to-date: /home/erds/barns_ws/install/nova5_moveit/share/nova5_moveit/cmake/nova5_moveitConfig.cmake
[0.370s] -- Up-to-date: /home/erds/barns_ws/install/nova5_moveit/share/nova5_moveit/cmake/nova5_moveitConfig-version.cmake
[0.370s] -- Up-to-date: /home/erds/barns_ws/install/nova5_moveit/share/nova5_moveit/package.xml
[0.370s] -- Up-to-date: /home/erds/barns_ws/install/nova5_moveit/share/nova5_moveit/launch
[0.370s] -- Up-to-date: /home/erds/barns_ws/install/nova5_moveit/share/nova5_moveit/launch/rsp.launch.py
[0.370s] -- Up-to-date: /home/erds/barns_ws/install/nova5_moveit/share/nova5_moveit/launch/move_group.launch.py
[0.371s] -- Up-to-date: /home/erds/barns_ws/install/nova5_moveit/share/nova5_moveit/launch/moveit_rviz.launch.py
[0.371s] -- Up-to-date: /home/erds/barns_ws/install/nova5_moveit/share/nova5_moveit/launch/setup_assistant.launch.py
[0.371s] -- Up-to-date: /home/erds/barns_ws/install/nova5_moveit/share/nova5_moveit/launch/warehouse_db.launch.py
[0.371s] -- Up-to-date: /home/erds/barns_ws/install/nova5_moveit/share/nova5_moveit/launch/spawn_controllers.launch.py
[0.371s] -- Up-to-date: /home/erds/barns_ws/install/nova5_moveit/share/nova5_moveit/launch/demo.launch.py
[0.371s] -- Up-to-date: /home/erds/barns_ws/install/nova5_moveit/share/nova5_moveit/launch/static_virtual_joint_tfs.launch.py
[0.371s] -- Up-to-date: /home/erds/barns_ws/install/nova5_moveit/share/nova5_moveit/config
[0.371s] -- Up-to-date: /home/erds/barns_ws/install/nova5_moveit/share/nova5_moveit/config/ros2_controllers.yaml
[0.371s] -- Up-to-date: /home/erds/barns_ws/install/nova5_moveit/share/nova5_moveit/config/nova5_robot.ros2_control.xacro
[0.371s] -- Up-to-date: /home/erds/barns_ws/install/nova5_moveit/share/nova5_moveit/config/nova5_robot.urdf.xacro
[0.371s] -- Up-to-date: /home/erds/barns_ws/install/nova5_moveit/share/nova5_moveit/config/nova5_robot.srdf
[0.371s] -- Up-to-date: /home/erds/barns_ws/install/nova5_moveit/share/nova5_moveit/config/joint_limits.yaml
[0.372s] -- Up-to-date: /home/erds/barns_ws/install/nova5_moveit/share/nova5_moveit/config/kinematics.yaml
[0.372s] -- Up-to-date: /home/erds/barns_ws/install/nova5_moveit/share/nova5_moveit/config/initial_positions.yaml
[0.372s] -- Up-to-date: /home/erds/barns_ws/install/nova5_moveit/share/nova5_moveit/config/moveit_controllers.yaml
[0.372s] -- Installing: /home/erds/barns_ws/install/nova5_moveit/share/nova5_moveit/config/moveit.rviz
[0.372s] -- Up-to-date: /home/erds/barns_ws/install/nova5_moveit/share/nova5_moveit/config/pilz_cartesian_limits.yaml
[0.372s] -- Up-to-date: /home/erds/barns_ws/install/nova5_moveit/share/nova5_moveit/.setup_assistant
[0.374s] Invoked command in '/home/erds/barns_ws/build/nova5_moveit' returned '0': CMAKE_PREFIX_PATH=/home/erds/barns_ws/install/dobot_rviz:/home/erds/ws_moveit2/install:/home/erds/ros2_ws/install/realsense2_description:/home/erds/ros2_ws/install/realsense2_camera:/home/erds/ros2_ws/install/realsense2_camera_msgs:/home/erds/barns_ws/install/nova5_moveit:/home/erds/barns_ws/install/dobot_msgs_v3:/home/erds/barns_ws/install/dobot_gazebo:/home/erds/barns_ws/install/servo_action:/home/erds/barns_ws/install/pickn_place:/home/erds/barns_ws/install/dobot_bringup_v3:/home/erds/barns_ws/install/dobot_moveit:/home/erds/barns_ws/install/dobot_demo:/opt/ros/humble /usr/bin/cmake --install /home/erds/barns_ws/build/nova5_moveit
