[0.242s] Invoking command in '/home/erds/barns_ws/build/dobot_gazebo': CMAKE_PREFIX_PATH=${CMAKE_PREFIX_PATH}:/home/erds/ws_moveit/install/moveit_configs_utils:/home/erds/ws_moveit/install/launch_param_builder:/opt/ros/humble /usr/bin/cmake /home/erds/barns_ws/src/dobot_gazebo -DCMAKE_INSTALL_PREFIX=/home/erds/barns_ws/install/dobot_gazebo
[0.661s] -- The C compiler identification is GNU 11.4.0
[0.662s] -- The CXX compiler identification is GNU 11.4.0
[0.662s] -- Detecting C compiler ABI info
[0.662s] -- Detecting C compiler ABI info - done
[0.662s] -- Check for working C compiler: /usr/bin/cc - skipped
[0.662s] -- Detecting C compile features
[0.662s] -- Detecting C compile features - done
[0.662s] -- Detecting CXX compiler ABI info
[0.662s] -- Detecting CXX compiler ABI info - done
[0.662s] -- Check for working CXX compiler: /usr/bin/c++ - skipped
[0.662s] -- Detecting CXX compile features
[0.662s] -- Detecting CXX compile features - done
[0.662s] -- Found ament_cmake: 1.3.11 (/opt/ros/humble/share/ament_cmake/cmake)
[0.701s] -- Found Python3: /usr/bin/python3 (found version "3.10.12") found components: Interpreter 
[0.905s] -- Configuring done
[0.907s] -- Generating done
[0.909s] -- Build files have been written to: /home/erds/barns_ws/build/dobot_gazebo
[0.913s] Invoked command in '/home/erds/barns_ws/build/dobot_gazebo' returned '0': CMAKE_PREFIX_PATH=${CMAKE_PREFIX_PATH}:/home/erds/ws_moveit/install/moveit_configs_utils:/home/erds/ws_moveit/install/launch_param_builder:/opt/ros/humble /usr/bin/cmake /home/erds/barns_ws/src/dobot_gazebo -DCMAKE_INSTALL_PREFIX=/home/erds/barns_ws/install/dobot_gazebo
[0.914s] Invoking command in '/home/erds/barns_ws/build/dobot_gazebo': CMAKE_PREFIX_PATH=${CMAKE_PREFIX_PATH}:/home/erds/ws_moveit/install/moveit_configs_utils:/home/erds/ws_moveit/install/launch_param_builder:/opt/ros/humble /usr/bin/cmake --build /home/erds/barns_ws/build/dobot_gazebo -- -j16 -l16
[0.969s] Invoked command in '/home/erds/barns_ws/build/dobot_gazebo' returned '0': CMAKE_PREFIX_PATH=${CMAKE_PREFIX_PATH}:/home/erds/ws_moveit/install/moveit_configs_utils:/home/erds/ws_moveit/install/launch_param_builder:/opt/ros/humble /usr/bin/cmake --build /home/erds/barns_ws/build/dobot_gazebo -- -j16 -l16
[0.970s] Invoking command in '/home/erds/barns_ws/build/dobot_gazebo': CMAKE_PREFIX_PATH=${CMAKE_PREFIX_PATH}:/home/erds/ws_moveit/install/moveit_configs_utils:/home/erds/ws_moveit/install/launch_param_builder:/opt/ros/humble /usr/bin/cmake --install /home/erds/barns_ws/build/dobot_gazebo
[0.981s] -- Install configuration: ""
[0.981s] -- Installing: /home/erds/barns_ws/install/dobot_gazebo/share/dobot_gazebo/launch
[0.981s] -- Installing: /home/erds/barns_ws/install/dobot_gazebo/share/dobot_gazebo/launch/gazebo_moveit.launch.py
[0.981s] -- Installing: /home/erds/barns_ws/install/dobot_gazebo/share/dobot_gazebo/launch/dobot_gazebo.launch.py
[0.981s] -- Installing: /home/erds/barns_ws/install/dobot_gazebo/share/dobot_gazebo/worlds
[0.981s] -- Installing: /home/erds/barns_ws/install/dobot_gazebo/share/dobot_gazebo/worlds/ur10.world
[0.982s] -- Installing: /home/erds/barns_ws/install/dobot_gazebo/share/dobot_gazebo/config
[0.982s] -- Installing: /home/erds/barns_ws/install/dobot_gazebo/share/dobot_gazebo/config/moveitcpp.rviz
[0.982s] -- Installing: /home/erds/barns_ws/install/dobot_gazebo/share/ament_index/resource_index/package_run_dependencies/dobot_gazebo
[0.982s] -- Installing: /home/erds/barns_ws/install/dobot_gazebo/share/ament_index/resource_index/parent_prefix_path/dobot_gazebo
[0.982s] -- Installing: /home/erds/barns_ws/install/dobot_gazebo/share/dobot_gazebo/environment/ament_prefix_path.sh
[0.982s] -- Installing: /home/erds/barns_ws/install/dobot_gazebo/share/dobot_gazebo/environment/ament_prefix_path.dsv
[0.982s] -- Installing: /home/erds/barns_ws/install/dobot_gazebo/share/dobot_gazebo/environment/path.sh
[0.982s] -- Installing: /home/erds/barns_ws/install/dobot_gazebo/share/dobot_gazebo/environment/path.dsv
[0.983s] -- Installing: /home/erds/barns_ws/install/dobot_gazebo/share/dobot_gazebo/local_setup.bash
[0.983s] -- Installing: /home/erds/barns_ws/install/dobot_gazebo/share/dobot_gazebo/local_setup.sh
[0.983s] -- Installing: /home/erds/barns_ws/install/dobot_gazebo/share/dobot_gazebo/local_setup.zsh
[0.983s] -- Installing: /home/erds/barns_ws/install/dobot_gazebo/share/dobot_gazebo/local_setup.dsv
[0.983s] -- Installing: /home/erds/barns_ws/install/dobot_gazebo/share/dobot_gazebo/package.dsv
[0.983s] -- Installing: /home/erds/barns_ws/install/dobot_gazebo/share/ament_index/resource_index/packages/dobot_gazebo
[0.983s] -- Installing: /home/erds/barns_ws/install/dobot_gazebo/share/dobot_gazebo/cmake/dobot_gazeboConfig.cmake
[0.984s] -- Installing: /home/erds/barns_ws/install/dobot_gazebo/share/dobot_gazebo/cmake/dobot_gazeboConfig-version.cmake
[0.984s] -- Installing: /home/erds/barns_ws/install/dobot_gazebo/share/dobot_gazebo/package.xml
[0.986s] Invoked command in '/home/erds/barns_ws/build/dobot_gazebo' returned '0': CMAKE_PREFIX_PATH=${CMAKE_PREFIX_PATH}:/home/erds/ws_moveit/install/moveit_configs_utils:/home/erds/ws_moveit/install/launch_param_builder:/opt/ros/humble /usr/bin/cmake --install /home/erds/barns_ws/build/dobot_gazebo
