running egg_info
writing ../../build/pickn_place/pickn_place.egg-info/PKG-INFO
writing dependency_links to ../../build/pickn_place/pickn_place.egg-info/dependency_links.txt
writing entry points to ../../build/pickn_place/pickn_place.egg-info/entry_points.txt
writing requirements to ../../build/pickn_place/pickn_place.egg-info/requires.txt
writing top-level names to ../../build/pickn_place/pickn_place.egg-info/top_level.txt
reading manifest file '../../build/pickn_place/pickn_place.egg-info/SOURCES.txt'
writing manifest file '../../build/pickn_place/pickn_place.egg-info/SOURCES.txt'
running build
running build_py
copying pickn_place/move.py -> /home/erds/barns_ws/build/pickn_place/build/lib/pickn_place
copying pickn_place/mount_frame_generator.py -> /home/erds/barns_ws/build/pickn_place/build/lib/pickn_place
copying pickn_place/calibrate_aruco.py -> /home/erds/barns_ws/build/pickn_place/build/lib/pickn_place
copying pickn_place/aruco_perception.py -> /home/erds/barns_ws/build/pickn_place/build/lib/pickn_place
copying pickn_place/perception_transform.py -> /home/erds/barns_ws/build/pickn_place/build/lib/pickn_place
copying pickn_place/calibrate_tool_mount.py -> /home/erds/barns_ws/build/pickn_place/build/lib/pickn_place
copying pickn_place/move2.py -> /home/erds/barns_ws/build/pickn_place/build/lib/pickn_place
running install
running install_lib
running install_data
copying package.xml -> /home/erds/barns_ws/install/pickn_place/share/pickn_place
copying share/aruco_config.yaml -> /home/erds/barns_ws/install/pickn_place/share/pickn_place
copying share/aruco_calibration.yaml -> /home/erds/barns_ws/install/pickn_place/share/pickn_place
copying share/arucoID_match.yaml -> /home/erds/barns_ws/install/pickn_place/share/pickn_place
