[1.697s] Invoking command in '/home/erds/barns_ws/src/dobot_demo': PYTHONPATH=/home/erds/barns_ws/build/dobot_demo/prefix_override:/usr/lib/python3/dist-packages/colcon_core/task/python/colcon_distutils_commands:/home/erds/barns_ws/install/dobot_demo/lib/python3.10/site-packages:${PYTHONPATH} /usr/bin/python3 -W ignore:setup.py install is deprecated -W ignore:easy_install command is deprecated setup.py egg_info --egg-base ../../build/dobot_demo build --build-base /home/erds/barns_ws/build/dobot_demo/build install --record /home/erds/barns_ws/build/dobot_demo/install.log --single-version-externally-managed install_data
[1.883s] /home/erds/.local/lib/python3.10/site-packages/setuptools/_distutils/dist.py:270: UserWarning: Unknown distribution option: 'tests_require'
[1.883s]   warnings.warn(msg)
[2.016s] running egg_info
[2.036s] writing ../../build/dobot_demo/dobot_demo.egg-info/PKG-INFO
[2.037s] writing dependency_links to ../../build/dobot_demo/dobot_demo.egg-info/dependency_links.txt
[2.037s] writing entry points to ../../build/dobot_demo/dobot_demo.egg-info/entry_points.txt
[2.037s] writing requirements to ../../build/dobot_demo/dobot_demo.egg-info/requires.txt
[2.037s] writing top-level names to ../../build/dobot_demo/dobot_demo.egg-info/top_level.txt
[2.077s] reading manifest file '../../build/dobot_demo/dobot_demo.egg-info/SOURCES.txt'
[2.079s] writing manifest file '../../build/dobot_demo/dobot_demo.egg-info/SOURCES.txt'
[2.079s] running build
[2.079s] running build_py
[2.079s] running install
[2.085s] running install_lib
[2.104s] running install_data
[2.105s] running install_egg_info
[2.129s] removing '/home/erds/barns_ws/install/dobot_demo/lib/python3.10/site-packages/dobot_demo-0.0.0-py3.10.egg-info' (and everything under it)
[2.129s] Copying ../../build/dobot_demo/dobot_demo.egg-info to /home/erds/barns_ws/install/dobot_demo/lib/python3.10/site-packages/dobot_demo-0.0.0-py3.10.egg-info
[2.130s] running install_scripts
[2.305s] Installing demo script to /home/erds/barns_ws/install/dobot_demo/lib/dobot_demo
[2.305s] writing list of installed files to '/home/erds/barns_ws/build/dobot_demo/install.log'
