[0.196s] Invoking command in '/home/erds/barns_ws/build/dobot_gazebo': CMAKE_PREFIX_PATH=${CMAKE_PREFIX_PATH}:/home/erds/barns_ws/install/servo_action:/home/erds/barns_ws/install/pickn_place:/home/erds/barns_ws/install/dobot_bringup_v3:/home/erds/barns_ws/install/dobot_moveit:/home/erds/barns_ws/install/dobot_demo:/opt/ros/humble /usr/bin/cmake /home/erds/barns_ws/src/dobot_gazebo -DCMAKE_INSTALL_PREFIX=/home/erds/barns_ws/install/dobot_gazebo
[0.585s] -- The C compiler identification is GNU 11.4.0
[0.585s] -- The CXX compiler identification is GNU 11.4.0
[0.585s] -- Detecting C compiler ABI info
[0.585s] -- Detecting C compiler ABI info - done
[0.585s] -- Check for working C compiler: /usr/bin/cc - skipped
[0.585s] -- Detecting C compile features
[0.585s] -- Detecting C compile features - done
[0.585s] -- Detecting CXX compiler ABI info
[0.585s] -- Detecting CXX compiler ABI info - done
[0.585s] -- Check for working CXX compiler: /usr/bin/c++ - skipped
[0.585s] -- Detecting CXX compile features
[0.585s] -- Detecting CXX compile features - done
[0.585s] -- Found ament_cmake: 1.3.11 (/opt/ros/humble/share/ament_cmake/cmake)
[0.758s] -- Found Python3: /usr/bin/python3 (found version "3.10.12") found components: Interpreter 
[0.930s] -- Configuring done
[0.934s] -- Generating done
[0.936s] -- Build files have been written to: /home/erds/barns_ws/build/dobot_gazebo
[0.942s] Invoked command in '/home/erds/barns_ws/build/dobot_gazebo' returned '0': CMAKE_PREFIX_PATH=${CMAKE_PREFIX_PATH}:/home/erds/barns_ws/install/servo_action:/home/erds/barns_ws/install/pickn_place:/home/erds/barns_ws/install/dobot_bringup_v3:/home/erds/barns_ws/install/dobot_moveit:/home/erds/barns_ws/install/dobot_demo:/opt/ros/humble /usr/bin/cmake /home/erds/barns_ws/src/dobot_gazebo -DCMAKE_INSTALL_PREFIX=/home/erds/barns_ws/install/dobot_gazebo
[0.944s] Invoking command in '/home/erds/barns_ws/build/dobot_gazebo': CMAKE_PREFIX_PATH=${CMAKE_PREFIX_PATH}:/home/erds/barns_ws/install/servo_action:/home/erds/barns_ws/install/pickn_place:/home/erds/barns_ws/install/dobot_bringup_v3:/home/erds/barns_ws/install/dobot_moveit:/home/erds/barns_ws/install/dobot_demo:/opt/ros/humble /usr/bin/cmake --build /home/erds/barns_ws/build/dobot_gazebo -- -j16 -l16
[0.987s] Invoked command in '/home/erds/barns_ws/build/dobot_gazebo' returned '0': CMAKE_PREFIX_PATH=${CMAKE_PREFIX_PATH}:/home/erds/barns_ws/install/servo_action:/home/erds/barns_ws/install/pickn_place:/home/erds/barns_ws/install/dobot_bringup_v3:/home/erds/barns_ws/install/dobot_moveit:/home/erds/barns_ws/install/dobot_demo:/opt/ros/humble /usr/bin/cmake --build /home/erds/barns_ws/build/dobot_gazebo -- -j16 -l16
[0.990s] Invoking command in '/home/erds/barns_ws/build/dobot_gazebo': CMAKE_PREFIX_PATH=${CMAKE_PREFIX_PATH}:/home/erds/barns_ws/install/servo_action:/home/erds/barns_ws/install/pickn_place:/home/erds/barns_ws/install/dobot_bringup_v3:/home/erds/barns_ws/install/dobot_moveit:/home/erds/barns_ws/install/dobot_demo:/opt/ros/humble /usr/bin/cmake --install /home/erds/barns_ws/build/dobot_gazebo
[0.998s] -- Install configuration: ""
[0.998s] -- Installing: /home/erds/barns_ws/install/dobot_gazebo/share/dobot_gazebo/launch
[0.998s] -- Installing: /home/erds/barns_ws/install/dobot_gazebo/share/dobot_gazebo/launch/gazebo_moveit.launch.py
[0.998s] -- Installing: /home/erds/barns_ws/install/dobot_gazebo/share/dobot_gazebo/launch/dobot_gazebo.launch.py
[0.998s] -- Installing: /home/erds/barns_ws/install/dobot_gazebo/share/dobot_gazebo/worlds
[0.998s] -- Installing: /home/erds/barns_ws/install/dobot_gazebo/share/dobot_gazebo/worlds/ur10.world
[0.999s] -- Installing: /home/erds/barns_ws/install/dobot_gazebo/share/dobot_gazebo/config
[0.999s] -- Installing: /home/erds/barns_ws/install/dobot_gazebo/share/dobot_gazebo/config/moveitcpp.rviz
[0.999s] -- Installing: /home/erds/barns_ws/install/dobot_gazebo/share/ament_index/resource_index/package_run_dependencies/dobot_gazebo
[0.999s] -- Installing: /home/erds/barns_ws/install/dobot_gazebo/share/ament_index/resource_index/parent_prefix_path/dobot_gazebo
[1.000s] -- Installing: /home/erds/barns_ws/install/dobot_gazebo/share/dobot_gazebo/environment/ament_prefix_path.sh
[1.000s] -- Installing: /home/erds/barns_ws/install/dobot_gazebo/share/dobot_gazebo/environment/ament_prefix_path.dsv
[1.000s] -- Installing: /home/erds/barns_ws/install/dobot_gazebo/share/dobot_gazebo/environment/path.sh
[1.000s] -- Installing: /home/erds/barns_ws/install/dobot_gazebo/share/dobot_gazebo/environment/path.dsv
[1.000s] -- Installing: /home/erds/barns_ws/install/dobot_gazebo/share/dobot_gazebo/local_setup.bash
[1.000s] -- Installing: /home/erds/barns_ws/install/dobot_gazebo/share/dobot_gazebo/local_setup.sh
[1.001s] -- Installing: /home/erds/barns_ws/install/dobot_gazebo/share/dobot_gazebo/local_setup.zsh
[1.001s] -- Installing: /home/erds/barns_ws/install/dobot_gazebo/share/dobot_gazebo/local_setup.dsv
[1.001s] -- Installing: /home/erds/barns_ws/install/dobot_gazebo/share/dobot_gazebo/package.dsv
[1.001s] -- Installing: /home/erds/barns_ws/install/dobot_gazebo/share/ament_index/resource_index/packages/dobot_gazebo
[1.001s] -- Installing: /home/erds/barns_ws/install/dobot_gazebo/share/dobot_gazebo/cmake/dobot_gazeboConfig.cmake
[1.001s] -- Installing: /home/erds/barns_ws/install/dobot_gazebo/share/dobot_gazebo/cmake/dobot_gazeboConfig-version.cmake
[1.002s] -- Installing: /home/erds/barns_ws/install/dobot_gazebo/share/dobot_gazebo/package.xml
[1.004s] Invoked command in '/home/erds/barns_ws/build/dobot_gazebo' returned '0': CMAKE_PREFIX_PATH=${CMAKE_PREFIX_PATH}:/home/erds/barns_ws/install/servo_action:/home/erds/barns_ws/install/pickn_place:/home/erds/barns_ws/install/dobot_bringup_v3:/home/erds/barns_ws/install/dobot_moveit:/home/erds/barns_ws/install/dobot_demo:/opt/ros/humble /usr/bin/cmake --install /home/erds/barns_ws/build/dobot_gazebo
