[0.449s] Invoking command in '/home/erds/barns_ws/src/dobot_bringup_v3': AMENT_PREFIX_PATH=/home/erds/barns_ws/install/dobot_msgs_v3:${AMENT_PREFIX_PATH} CMAKE_PREFIX_PATH=/home/erds/barns_ws/install/dobot_msgs_v3:${CMAKE_PREFIX_PATH} LD_LIBRARY_PATH=/home/erds/barns_ws/install/dobot_msgs_v3/lib:${LD_LIBRARY_PATH} PYTHONPATH=/home/erds/barns_ws/build/dobot_bringup_v3/prefix_override:/usr/lib/python3/dist-packages/colcon_core/task/python/colcon_distutils_commands:/home/erds/barns_ws/install/dobot_bringup_v3/lib/python3.10/site-packages:/home/erds/barns_ws/install/dobot_msgs_v3/local/lib/python3.10/dist-packages:${PYTHONPATH} /usr/bin/python3 -W ignore:setup.py install is deprecated -W ignore:easy_install command is deprecated setup.py egg_info --egg-base ../../build/dobot_bringup_v3 build --build-base /home/erds/barns_ws/build/dobot_bringup_v3/build install --record /home/erds/barns_ws/build/dobot_bringup_v3/install.log --single-version-externally-managed install_data
[0.618s] running egg_info
[0.618s] creating ../../build/dobot_bringup_v3/dobot_bringup_v3.egg-info
[0.619s] writing ../../build/dobot_bringup_v3/dobot_bringup_v3.egg-info/PKG-INFO
[0.619s] writing dependency_links to ../../build/dobot_bringup_v3/dobot_bringup_v3.egg-info/dependency_links.txt
[0.619s] writing entry points to ../../build/dobot_bringup_v3/dobot_bringup_v3.egg-info/entry_points.txt
[0.619s] writing requirements to ../../build/dobot_bringup_v3/dobot_bringup_v3.egg-info/requires.txt
[0.619s] writing top-level names to ../../build/dobot_bringup_v3/dobot_bringup_v3.egg-info/top_level.txt
[0.619s] writing manifest file '../../build/dobot_bringup_v3/dobot_bringup_v3.egg-info/SOURCES.txt'
[0.620s] reading manifest file '../../build/dobot_bringup_v3/dobot_bringup_v3.egg-info/SOURCES.txt'
[0.621s] writing manifest file '../../build/dobot_bringup_v3/dobot_bringup_v3.egg-info/SOURCES.txt'
[0.621s] running build
[0.621s] running build_py
[0.621s] creating /home/erds/barns_ws/build/dobot_bringup_v3/build
[0.621s] creating /home/erds/barns_ws/build/dobot_bringup_v3/build/lib
[0.621s] creating /home/erds/barns_ws/build/dobot_bringup_v3/build/lib/dobot_bringup_v3
[0.622s] copying dobot_bringup_v3/dobot_api.py -> /home/erds/barns_ws/build/dobot_bringup_v3/build/lib/dobot_bringup_v3
[0.622s] copying dobot_bringup_v3/__init__.py -> /home/erds/barns_ws/build/dobot_bringup_v3/build/lib/dobot_bringup_v3
[0.622s] copying dobot_bringup_v3/dobot_bringup.py -> /home/erds/barns_ws/build/dobot_bringup_v3/build/lib/dobot_bringup_v3
[0.622s] copying dobot_bringup_v3/feedback.py -> /home/erds/barns_ws/build/dobot_bringup_v3/build/lib/dobot_bringup_v3
[0.622s] running install
[0.622s] running install_lib
[0.623s] creating /home/erds/barns_ws/install/dobot_bringup_v3/lib/python3.10/site-packages/dobot_bringup_v3
[0.623s] copying /home/erds/barns_ws/build/dobot_bringup_v3/build/lib/dobot_bringup_v3/dobot_api.py -> /home/erds/barns_ws/install/dobot_bringup_v3/lib/python3.10/site-packages/dobot_bringup_v3
[0.623s] copying /home/erds/barns_ws/build/dobot_bringup_v3/build/lib/dobot_bringup_v3/__init__.py -> /home/erds/barns_ws/install/dobot_bringup_v3/lib/python3.10/site-packages/dobot_bringup_v3
[0.623s] copying /home/erds/barns_ws/build/dobot_bringup_v3/build/lib/dobot_bringup_v3/dobot_bringup.py -> /home/erds/barns_ws/install/dobot_bringup_v3/lib/python3.10/site-packages/dobot_bringup_v3
[0.623s] copying /home/erds/barns_ws/build/dobot_bringup_v3/build/lib/dobot_bringup_v3/feedback.py -> /home/erds/barns_ws/install/dobot_bringup_v3/lib/python3.10/site-packages/dobot_bringup_v3
[0.624s] byte-compiling /home/erds/barns_ws/install/dobot_bringup_v3/lib/python3.10/site-packages/dobot_bringup_v3/dobot_api.py to dobot_api.cpython-310.pyc
[0.628s] byte-compiling /home/erds/barns_ws/install/dobot_bringup_v3/lib/python3.10/site-packages/dobot_bringup_v3/__init__.py to __init__.cpython-310.pyc
[0.628s] byte-compiling /home/erds/barns_ws/install/dobot_bringup_v3/lib/python3.10/site-packages/dobot_bringup_v3/dobot_bringup.py to dobot_bringup.cpython-310.pyc
[0.631s] byte-compiling /home/erds/barns_ws/install/dobot_bringup_v3/lib/python3.10/site-packages/dobot_bringup_v3/feedback.py to feedback.cpython-310.pyc
[0.632s] running install_data
[0.632s] creating /home/erds/barns_ws/install/dobot_bringup_v3/share/ament_index
[0.632s] creating /home/erds/barns_ws/install/dobot_bringup_v3/share/ament_index/resource_index
[0.632s] creating /home/erds/barns_ws/install/dobot_bringup_v3/share/ament_index/resource_index/packages
[0.632s] copying resource/dobot_bringup_v3 -> /home/erds/barns_ws/install/dobot_bringup_v3/share/ament_index/resource_index/packages
[0.632s] copying package.xml -> /home/erds/barns_ws/install/dobot_bringup_v3/share/dobot_bringup_v3
[0.632s] creating /home/erds/barns_ws/install/dobot_bringup_v3/share/dobot_bringup_v3/launch
[0.632s] copying launch/dobot_bringup_ros2.launch.py -> /home/erds/barns_ws/install/dobot_bringup_v3/share/dobot_bringup_v3/launch
[0.632s] running install_egg_info
[0.634s] Copying ../../build/dobot_bringup_v3/dobot_bringup_v3.egg-info to /home/erds/barns_ws/install/dobot_bringup_v3/lib/python3.10/site-packages/dobot_bringup_v3-0.0.0-py3.10.egg-info
[0.634s] running install_scripts
[0.648s] Installing dobot_bringup script to /home/erds/barns_ws/install/dobot_bringup_v3/lib/dobot_bringup_v3
[0.649s] Installing feedback script to /home/erds/barns_ws/install/dobot_bringup_v3/lib/dobot_bringup_v3
[0.649s] writing list of installed files to '/home/erds/barns_ws/build/dobot_bringup_v3/install.log'
[0.666s] Invoked command in '/home/erds/barns_ws/src/dobot_bringup_v3' returned '0': AMENT_PREFIX_PATH=/home/erds/barns_ws/install/dobot_msgs_v3:${AMENT_PREFIX_PATH} CMAKE_PREFIX_PATH=/home/erds/barns_ws/install/dobot_msgs_v3:${CMAKE_PREFIX_PATH} LD_LIBRARY_PATH=/home/erds/barns_ws/install/dobot_msgs_v3/lib:${LD_LIBRARY_PATH} PYTHONPATH=/home/erds/barns_ws/build/dobot_bringup_v3/prefix_override:/usr/lib/python3/dist-packages/colcon_core/task/python/colcon_distutils_commands:/home/erds/barns_ws/install/dobot_bringup_v3/lib/python3.10/site-packages:/home/erds/barns_ws/install/dobot_msgs_v3/local/lib/python3.10/dist-packages:${PYTHONPATH} /usr/bin/python3 -W ignore:setup.py install is deprecated -W ignore:easy_install command is deprecated setup.py egg_info --egg-base ../../build/dobot_bringup_v3 build --build-base /home/erds/barns_ws/build/dobot_bringup_v3/build install --record /home/erds/barns_ws/build/dobot_bringup_v3/install.log --single-version-externally-managed install_data
