/home/erds/barns_ws/install/pickn_place/lib/python3.10/site-packages/pickn_place/move.py
/home/erds/barns_ws/install/pickn_place/lib/python3.10/site-packages/pickn_place/mount_frame_generator.py
/home/erds/barns_ws/install/pickn_place/lib/python3.10/site-packages/pickn_place/calibrate_aruco.py
/home/erds/barns_ws/install/pickn_place/lib/python3.10/site-packages/pickn_place/__init__.py
/home/erds/barns_ws/install/pickn_place/lib/python3.10/site-packages/pickn_place/aruco_perception.py
/home/erds/barns_ws/install/pickn_place/lib/python3.10/site-packages/pickn_place/perception_transform.py
/home/erds/barns_ws/install/pickn_place/lib/python3.10/site-packages/pickn_place/calibrate_tool_mount.py
/home/erds/barns_ws/install/pickn_place/lib/python3.10/site-packages/pickn_place/move2.py
/home/erds/barns_ws/install/pickn_place/lib/python3.10/site-packages/pickn_place/__pycache__/move.cpython-310.pyc
/home/erds/barns_ws/install/pickn_place/lib/python3.10/site-packages/pickn_place/__pycache__/mount_frame_generator.cpython-310.pyc
/home/erds/barns_ws/install/pickn_place/lib/python3.10/site-packages/pickn_place/__pycache__/calibrate_aruco.cpython-310.pyc
/home/erds/barns_ws/install/pickn_place/lib/python3.10/site-packages/pickn_place/__pycache__/__init__.cpython-310.pyc
/home/erds/barns_ws/install/pickn_place/lib/python3.10/site-packages/pickn_place/__pycache__/aruco_perception.cpython-310.pyc
/home/erds/barns_ws/install/pickn_place/lib/python3.10/site-packages/pickn_place/__pycache__/perception_transform.cpython-310.pyc
/home/erds/barns_ws/install/pickn_place/lib/python3.10/site-packages/pickn_place/__pycache__/calibrate_tool_mount.cpython-310.pyc
/home/erds/barns_ws/install/pickn_place/lib/python3.10/site-packages/pickn_place/__pycache__/move2.cpython-310.pyc
/home/erds/barns_ws/install/pickn_place/share/ament_index/resource_index/packages/pickn_place
/home/erds/barns_ws/install/pickn_place/share/pickn_place/package.xml
/home/erds/barns_ws/install/pickn_place/share/pickn_place/aruco_config.yaml
/home/erds/barns_ws/install/pickn_place/share/pickn_place/aruco_calibration.yaml
/home/erds/barns_ws/install/pickn_place/share/pickn_place/arucoID_match.yaml
/home/erds/barns_ws/install/pickn_place/share/pickn_place/mount_offsets.yaml
/home/erds/barns_ws/install/pickn_place/lib/python3.10/site-packages/pickn_place-0.0.0-py3.10.egg-info/PKG-INFO
/home/erds/barns_ws/install/pickn_place/lib/python3.10/site-packages/pickn_place-0.0.0-py3.10.egg-info/requires.txt
/home/erds/barns_ws/install/pickn_place/lib/python3.10/site-packages/pickn_place-0.0.0-py3.10.egg-info/SOURCES.txt
/home/erds/barns_ws/install/pickn_place/lib/python3.10/site-packages/pickn_place-0.0.0-py3.10.egg-info/dependency_links.txt
/home/erds/barns_ws/install/pickn_place/lib/python3.10/site-packages/pickn_place-0.0.0-py3.10.egg-info/entry_points.txt
/home/erds/barns_ws/install/pickn_place/lib/python3.10/site-packages/pickn_place-0.0.0-py3.10.egg-info/top_level.txt
/home/erds/barns_ws/install/pickn_place/lib/python3.10/site-packages/pickn_place-0.0.0-py3.10.egg-info/zip-safe
/home/erds/barns_ws/install/pickn_place/lib/pickn_place/aruco_perception
/home/erds/barns_ws/install/pickn_place/lib/pickn_place/calibrate_aruco
/home/erds/barns_ws/install/pickn_place/lib/pickn_place/calibrate_tool_mount
/home/erds/barns_ws/install/pickn_place/lib/pickn_place/mount_frame_generator
/home/erds/barns_ws/install/pickn_place/lib/pickn_place/perception_transform
