[2.069s] Invoking command in '/home/erds/barns_ws/src/servo_action': PYTHONPATH=/home/erds/barns_ws/build/servo_action/prefix_override:/usr/lib/python3/dist-packages/colcon_core/task/python/colcon_distutils_commands:/home/erds/barns_ws/install/servo_action/lib/python3.10/site-packages:${PYTHONPATH} /usr/bin/python3 -W ignore:setup.py install is deprecated -W ignore:easy_install command is deprecated setup.py egg_info --egg-base ../../build/servo_action build --build-base /home/erds/barns_ws/build/servo_action/build install --record /home/erds/barns_ws/build/servo_action/install.log --single-version-externally-managed install_data
[2.308s] /home/erds/.local/lib/python3.10/site-packages/setuptools/_distutils/dist.py:270: UserWarning: Unknown distribution option: 'tests_require'
[2.308s]   warnings.warn(msg)
[2.484s] running egg_info
[2.514s] writing ../../build/servo_action/servo_action.egg-info/PKG-INFO
[2.515s] writing dependency_links to ../../build/servo_action/servo_action.egg-info/dependency_links.txt
[2.516s] writing entry points to ../../build/servo_action/servo_action.egg-info/entry_points.txt
[2.516s] writing requirements to ../../build/servo_action/servo_action.egg-info/requires.txt
[2.517s] writing top-level names to ../../build/servo_action/servo_action.egg-info/top_level.txt
[2.581s] reading manifest file '../../build/servo_action/servo_action.egg-info/SOURCES.txt'
[2.590s] writing manifest file '../../build/servo_action/servo_action.egg-info/SOURCES.txt'
[2.590s] running build
[2.591s] running build_py
[2.591s] copying servo_action/action_move_server_reality.py -> /home/erds/barns_ws/build/servo_action/build/lib/servo_action
[2.591s] copying servo_action/action_move_client_reality.py -> /home/erds/barns_ws/build/servo_action/build/lib/servo_action
[2.591s] running install
[2.596s] running install_lib
[2.621s] running install_data
[2.621s] running install_egg_info
[2.648s] removing '/home/erds/barns_ws/install/servo_action/lib/python3.10/site-packages/servo_action-0.0.0-py3.10.egg-info' (and everything under it)
[2.649s] Copying ../../build/servo_action/servo_action.egg-info to /home/erds/barns_ws/install/servo_action/lib/python3.10/site-packages/servo_action-0.0.0-py3.10.egg-info
[2.651s] running install_scripts
[2.874s] Installing Joint_Position script to /home/erds/barns_ws/install/servo_action/lib/servo_action
[2.875s] Installing action_move_client script to /home/erds/barns_ws/install/servo_action/lib/servo_action
[2.875s] Installing action_move_client_reality script to /home/erds/barns_ws/install/servo_action/lib/servo_action
[2.875s] Installing action_move_server script to /home/erds/barns_ws/install/servo_action/lib/servo_action
[2.876s] Installing action_move_server_reality script to /home/erds/barns_ws/install/servo_action/lib/servo_action
[2.876s] writing list of installed files to '/home/erds/barns_ws/build/servo_action/install.log'
[2.930s] Invoked command in '/home/erds/barns_ws/src/servo_action' returned '0': PYTHONPATH=/home/erds/barns_ws/build/servo_action/prefix_override:/usr/lib/python3/dist-packages/colcon_core/task/python/colcon_distutils_commands:/home/erds/barns_ws/install/servo_action/lib/python3.10/site-packages:${PYTHONPATH} /usr/bin/python3 -W ignore:setup.py install is deprecated -W ignore:easy_install command is deprecated setup.py egg_info --egg-base ../../build/servo_action build --build-base /home/erds/barns_ws/build/servo_action/build install --record /home/erds/barns_ws/build/servo_action/install.log --single-version-externally-managed install_data
