[1.178s] Invoking command in '/home/erds/barns_ws/src/pickn_place': PYTHONPATH=/home/erds/barns_ws/build/pickn_place/prefix_override:/usr/lib/python3/dist-packages/colcon_core/task/python/colcon_distutils_commands:/home/erds/barns_ws/install/pickn_place/lib/python3.10/site-packages:${PYTHONPATH} /usr/bin/python3 -W ignore:setup.py install is deprecated -W ignore:easy_install command is deprecated setup.py egg_info --egg-base ../../build/pickn_place build --build-base /home/erds/barns_ws/build/pickn_place/build install --record /home/erds/barns_ws/build/pickn_place/install.log --single-version-externally-managed install_data
[1.305s] /home/erds/.local/lib/python3.10/site-packages/setuptools/_distutils/dist.py:270: UserWarning: Unknown distribution option: 'tests_require'
[1.305s]   warnings.warn(msg)
[1.391s] running egg_info
[1.405s] writing ../../build/pickn_place/pickn_place.egg-info/PKG-INFO
[1.406s] writing dependency_links to ../../build/pickn_place/pickn_place.egg-info/dependency_links.txt
[1.406s] writing entry points to ../../build/pickn_place/pickn_place.egg-info/entry_points.txt
[1.406s] writing requirements to ../../build/pickn_place/pickn_place.egg-info/requires.txt
[1.406s] writing top-level names to ../../build/pickn_place/pickn_place.egg-info/top_level.txt
[1.435s] reading manifest file '../../build/pickn_place/pickn_place.egg-info/SOURCES.txt'
[1.436s] writing manifest file '../../build/pickn_place/pickn_place.egg-info/SOURCES.txt'
[1.436s] running build
[1.436s] running build_py
[1.437s] copying pickn_place/move.py -> /home/erds/barns_ws/build/pickn_place/build/lib/pickn_place
[1.437s] copying pickn_place/mount_frame_generator.py -> /home/erds/barns_ws/build/pickn_place/build/lib/pickn_place
[1.437s] copying pickn_place/calibrate_aruco.py -> /home/erds/barns_ws/build/pickn_place/build/lib/pickn_place
[1.437s] copying pickn_place/aruco_perception.py -> /home/erds/barns_ws/build/pickn_place/build/lib/pickn_place
[1.437s] copying pickn_place/perception_transform.py -> /home/erds/barns_ws/build/pickn_place/build/lib/pickn_place
[1.437s] copying pickn_place/calibrate_tool_mount.py -> /home/erds/barns_ws/build/pickn_place/build/lib/pickn_place
[1.438s] copying pickn_place/move2.py -> /home/erds/barns_ws/build/pickn_place/build/lib/pickn_place
[1.438s] running install
[1.443s] running install_lib
[1.459s] running install_data
[1.459s] copying package.xml -> /home/erds/barns_ws/install/pickn_place/share/pickn_place
[1.460s] copying share/aruco_config.yaml -> /home/erds/barns_ws/install/pickn_place/share/pickn_place
[1.460s] copying share/aruco_calibration.yaml -> /home/erds/barns_ws/install/pickn_place/share/pickn_place
[1.460s] copying share/arucoID_match.yaml -> /home/erds/barns_ws/install/pickn_place/share/pickn_place
[1.460s] copying share/Aruco_11_offsets.yaml -> /home/erds/barns_ws/install/pickn_place/share/pickn_place
[1.460s] running install_egg_info
[1.477s] removing '/home/erds/barns_ws/install/pickn_place/lib/python3.10/site-packages/pickn_place-0.0.0-py3.10.egg-info' (and everything under it)
[1.478s] Copying ../../build/pickn_place/pickn_place.egg-info to /home/erds/barns_ws/install/pickn_place/lib/python3.10/site-packages/pickn_place-0.0.0-py3.10.egg-info
[1.479s] running install_scripts
[1.598s] Installing aruco_perception script to /home/erds/barns_ws/install/pickn_place/lib/pickn_place
[1.598s] Installing calibrate_aruco script to /home/erds/barns_ws/install/pickn_place/lib/pickn_place
[1.598s] Installing mount_frame_generator script to /home/erds/barns_ws/install/pickn_place/lib/pickn_place
[1.598s] Installing perception_transform script to /home/erds/barns_ws/install/pickn_place/lib/pickn_place
[1.598s] writing list of installed files to '/home/erds/barns_ws/build/pickn_place/install.log'
[1.631s] Invoked command in '/home/erds/barns_ws/src/pickn_place' returned '0': PYTHONPATH=/home/erds/barns_ws/build/pickn_place/prefix_override:/usr/lib/python3/dist-packages/colcon_core/task/python/colcon_distutils_commands:/home/erds/barns_ws/install/pickn_place/lib/python3.10/site-packages:${PYTHONPATH} /usr/bin/python3 -W ignore:setup.py install is deprecated -W ignore:easy_install command is deprecated setup.py egg_info --egg-base ../../build/pickn_place build --build-base /home/erds/barns_ws/build/pickn_place/build install --record /home/erds/barns_ws/build/pickn_place/install.log --single-version-externally-managed install_data
