[1.690s] Invoking command in '/home/erds/barns_ws/src/pickn_place': PYTHONPATH=/home/erds/barns_ws/build/pickn_place/prefix_override:/usr/lib/python3/dist-packages/colcon_core/task/python/colcon_distutils_commands:/home/erds/barns_ws/install/pickn_place/lib/python3.10/site-packages:${PYTHONPATH} /usr/bin/python3 -W ignore:setup.py install is deprecated -W ignore:easy_install command is deprecated setup.py egg_info --egg-base ../../build/pickn_place build --build-base /home/erds/barns_ws/build/pickn_place/build install --record /home/erds/barns_ws/build/pickn_place/install.log --single-version-externally-managed install_data
[1.869s] /home/erds/.local/lib/python3.10/site-packages/setuptools/_distutils/dist.py:270: UserWarning: Unknown distribution option: 'tests_require'
[1.869s]   warnings.warn(msg)
[2.027s] running egg_info
[2.046s] writing ../../build/pickn_place/pickn_place.egg-info/PKG-INFO
[2.047s] writing dependency_links to ../../build/pickn_place/pickn_place.egg-info/dependency_links.txt
[2.047s] writing entry points to ../../build/pickn_place/pickn_place.egg-info/entry_points.txt
[2.047s] writing requirements to ../../build/pickn_place/pickn_place.egg-info/requires.txt
[2.047s] writing top-level names to ../../build/pickn_place/pickn_place.egg-info/top_level.txt
[2.089s] reading manifest file '../../build/pickn_place/pickn_place.egg-info/SOURCES.txt'
[2.091s] writing manifest file '../../build/pickn_place/pickn_place.egg-info/SOURCES.txt'
[2.091s] running build
[2.091s] running build_py
[2.091s] copying pickn_place/move.py -> /home/erds/barns_ws/build/pickn_place/build/lib/pickn_place
[2.092s] copying pickn_place/mount_frame_generator.py -> /home/erds/barns_ws/build/pickn_place/build/lib/pickn_place
[2.092s] copying pickn_place/calibrate_aruco.py -> /home/erds/barns_ws/build/pickn_place/build/lib/pickn_place
[2.092s] copying pickn_place/aruco_perception.py -> /home/erds/barns_ws/build/pickn_place/build/lib/pickn_place
[2.093s] copying pickn_place/perception_transform.py -> /home/erds/barns_ws/build/pickn_place/build/lib/pickn_place
[2.093s] copying pickn_place/calibrate_tool_mount.py -> /home/erds/barns_ws/build/pickn_place/build/lib/pickn_place
[2.093s] copying pickn_place/move2.py -> /home/erds/barns_ws/build/pickn_place/build/lib/pickn_place
[2.094s] running install
[2.100s] running install_lib
[2.124s] running install_data
[2.125s] copying package.xml -> /home/erds/barns_ws/install/pickn_place/share/pickn_place
[2.127s] copying share/aruco_config.yaml -> /home/erds/barns_ws/install/pickn_place/share/pickn_place
[2.127s] copying share/aruco_calibration.yaml -> /home/erds/barns_ws/install/pickn_place/share/pickn_place
[2.127s] copying share/arucoID_match.yaml -> /home/erds/barns_ws/install/pickn_place/share/pickn_place
[2.127s] error: can't copy 'share/mount_offsets.yaml': doesn't exist or not a regular file
[2.163s] Invoked command in '/home/erds/barns_ws/src/pickn_place' returned '1': PYTHONPATH=/home/erds/barns_ws/build/pickn_place/prefix_override:/usr/lib/python3/dist-packages/colcon_core/task/python/colcon_distutils_commands:/home/erds/barns_ws/install/pickn_place/lib/python3.10/site-packages:${PYTHONPATH} /usr/bin/python3 -W ignore:setup.py install is deprecated -W ignore:easy_install command is deprecated setup.py egg_info --egg-base ../../build/pickn_place build --build-base /home/erds/barns_ws/build/pickn_place/build install --record /home/erds/barns_ws/build/pickn_place/install.log --single-version-externally-managed install_data
