[0.254s] Invoking command in '/home/erds/barns_ws/build/dobot_gazebo': CMAKE_PREFIX_PATH=${CMAKE_PREFIX_PATH}:/home/erds/barns_ws/install/servo_action:/home/erds/barns_ws/install/pickn_place:/home/erds/barns_ws/install/dobot_bringup_v3:/home/erds/barns_ws/install/dobot_moveit:/home/erds/barns_ws/install/dobot_demo:/opt/ros/humble /usr/bin/cmake --build /home/erds/barns_ws/build/dobot_gazebo -- -j16 -l16
[0.731s] Invoked command in '/home/erds/barns_ws/build/dobot_gazebo' returned '0': CMAKE_PREFIX_PATH=${CMAKE_PREFIX_PATH}:/home/erds/barns_ws/install/servo_action:/home/erds/barns_ws/install/pickn_place:/home/erds/barns_ws/install/dobot_bringup_v3:/home/erds/barns_ws/install/dobot_moveit:/home/erds/barns_ws/install/dobot_demo:/opt/ros/humble /usr/bin/cmake --build /home/erds/barns_ws/build/dobot_gazebo -- -j16 -l16
[0.742s] Invoking command in '/home/erds/barns_ws/build/dobot_gazebo': CMAKE_PREFIX_PATH=${CMAKE_PREFIX_PATH}:/home/erds/barns_ws/install/servo_action:/home/erds/barns_ws/install/pickn_place:/home/erds/barns_ws/install/dobot_bringup_v3:/home/erds/barns_ws/install/dobot_moveit:/home/erds/barns_ws/install/dobot_demo:/opt/ros/humble /usr/bin/cmake --install /home/erds/barns_ws/build/dobot_gazebo
[0.971s] -- Install configuration: ""
[0.971s] -- Up-to-date: /home/erds/barns_ws/install/dobot_gazebo/share/dobot_gazebo/launch
[0.971s] -- Up-to-date: /home/erds/barns_ws/install/dobot_gazebo/share/dobot_gazebo/launch/gazebo_moveit.launch.py
[0.972s] -- Up-to-date: /home/erds/barns_ws/install/dobot_gazebo/share/dobot_gazebo/launch/dobot_gazebo.launch.py
[0.972s] -- Up-to-date: /home/erds/barns_ws/install/dobot_gazebo/share/dobot_gazebo/worlds
[0.972s] -- Up-to-date: /home/erds/barns_ws/install/dobot_gazebo/share/dobot_gazebo/worlds/ur10.world
[0.972s] -- Up-to-date: /home/erds/barns_ws/install/dobot_gazebo/share/dobot_gazebo/config
[0.972s] -- Up-to-date: /home/erds/barns_ws/install/dobot_gazebo/share/dobot_gazebo/config/moveitcpp.rviz
[0.972s] -- Up-to-date: /home/erds/barns_ws/install/dobot_gazebo/share/ament_index/resource_index/package_run_dependencies/dobot_gazebo
[0.972s] -- Up-to-date: /home/erds/barns_ws/install/dobot_gazebo/share/ament_index/resource_index/parent_prefix_path/dobot_gazebo
[0.972s] -- Up-to-date: /home/erds/barns_ws/install/dobot_gazebo/share/dobot_gazebo/environment/ament_prefix_path.sh
[0.972s] -- Up-to-date: /home/erds/barns_ws/install/dobot_gazebo/share/dobot_gazebo/environment/ament_prefix_path.dsv
[0.972s] -- Up-to-date: /home/erds/barns_ws/install/dobot_gazebo/share/dobot_gazebo/environment/path.sh
[0.973s] -- Up-to-date: /home/erds/barns_ws/install/dobot_gazebo/share/dobot_gazebo/environment/path.dsv
[0.973s] -- Up-to-date: /home/erds/barns_ws/install/dobot_gazebo/share/dobot_gazebo/local_setup.bash
[0.973s] -- Up-to-date: /home/erds/barns_ws/install/dobot_gazebo/share/dobot_gazebo/local_setup.sh
[0.973s] -- Up-to-date: /home/erds/barns_ws/install/dobot_gazebo/share/dobot_gazebo/local_setup.zsh
[0.974s] -- Up-to-date: /home/erds/barns_ws/install/dobot_gazebo/share/dobot_gazebo/local_setup.dsv
[0.974s] -- Installing: /home/erds/barns_ws/install/dobot_gazebo/share/dobot_gazebo/package.dsv
[0.974s] -- Up-to-date: /home/erds/barns_ws/install/dobot_gazebo/share/ament_index/resource_index/packages/dobot_gazebo
[0.974s] -- Up-to-date: /home/erds/barns_ws/install/dobot_gazebo/share/dobot_gazebo/cmake/dobot_gazeboConfig.cmake
[0.975s] -- Up-to-date: /home/erds/barns_ws/install/dobot_gazebo/share/dobot_gazebo/cmake/dobot_gazeboConfig-version.cmake
[0.975s] -- Up-to-date: /home/erds/barns_ws/install/dobot_gazebo/share/dobot_gazebo/package.xml
[1.008s] Invoked command in '/home/erds/barns_ws/build/dobot_gazebo' returned '0': CMAKE_PREFIX_PATH=${CMAKE_PREFIX_PATH}:/home/erds/barns_ws/install/servo_action:/home/erds/barns_ws/install/pickn_place:/home/erds/barns_ws/install/dobot_bringup_v3:/home/erds/barns_ws/install/dobot_moveit:/home/erds/barns_ws/install/dobot_demo:/opt/ros/humble /usr/bin/cmake --install /home/erds/barns_ws/build/dobot_gazebo
