[0.008s] Invoking command in '/home/erds/barns_ws/build/nova5_moveit': AMENT_PREFIX_PATH=/home/erds/barns_ws/install/dobot_rviz:${AMENT_PREFIX_PATH} CMAKE_PREFIX_PATH=/home/erds/barns_ws/install/dobot_rviz:/home/erds/ws_moveit/install/srdfdom:/home/erds/ws_moveit/install/moveit_resources_prbt_support:/home/erds/ws_moveit/install/moveit_resources_pr2_description:/home/erds/ws_moveit/install/moveit_resources_panda_description:/home/erds/ws_moveit/install/moveit_resources_fanuc_moveit_config:/home/erds/ws_moveit/install/moveit_resources_fanuc_description:/home/erds/ws_moveit/install/moveit_common:/home/erds/ros2_ws/install/realsense2_description:/home/erds/ros2_ws/install/realsense2_camera:/home/erds/ros2_ws/install/realsense2_camera_msgs:/home/erds/ws_moveit/install/launch_param_builder:/opt/ros/humble /usr/bin/cmake /home/erds/barns_ws/src/nova5_moveit -DCMAKE_INSTALL_PREFIX=/home/erds/barns_ws/install/nova5_moveit
[0.053s] -- The C compiler identification is GNU 11.4.0
[0.098s] -- The CXX compiler identification is GNU 11.4.0
[0.104s] -- Detecting C compiler ABI info
[0.165s] -- Detecting C compiler ABI info - done
[0.170s] -- Check for working C compiler: /usr/bin/cc - skipped
[0.171s] -- Detecting C compile features
[0.171s] -- Detecting C compile features - done
[0.173s] -- Detecting CXX compiler ABI info
[0.245s] -- Detecting CXX compiler ABI info - done
[0.251s] -- Check for working CXX compiler: /usr/bin/c++ - skipped
[0.251s] -- Detecting CXX compile features
[0.251s] -- Detecting CXX compile features - done
[0.254s] -- Found ament_cmake: 1.3.11 (/opt/ros/humble/share/ament_cmake/cmake)
[0.382s] -- Found Python3: /usr/bin/python3 (found version "3.10.12") found components: Interpreter 
[0.516s] -- Configuring done
[0.518s] -- Generating done
[0.519s] -- Build files have been written to: /home/erds/barns_ws/build/nova5_moveit
[0.523s] Invoked command in '/home/erds/barns_ws/build/nova5_moveit' returned '0': AMENT_PREFIX_PATH=/home/erds/barns_ws/install/dobot_rviz:${AMENT_PREFIX_PATH} CMAKE_PREFIX_PATH=/home/erds/barns_ws/install/dobot_rviz:/home/erds/ws_moveit/install/srdfdom:/home/erds/ws_moveit/install/moveit_resources_prbt_support:/home/erds/ws_moveit/install/moveit_resources_pr2_description:/home/erds/ws_moveit/install/moveit_resources_panda_description:/home/erds/ws_moveit/install/moveit_resources_fanuc_moveit_config:/home/erds/ws_moveit/install/moveit_resources_fanuc_description:/home/erds/ws_moveit/install/moveit_common:/home/erds/ros2_ws/install/realsense2_description:/home/erds/ros2_ws/install/realsense2_camera:/home/erds/ros2_ws/install/realsense2_camera_msgs:/home/erds/ws_moveit/install/launch_param_builder:/opt/ros/humble /usr/bin/cmake /home/erds/barns_ws/src/nova5_moveit -DCMAKE_INSTALL_PREFIX=/home/erds/barns_ws/install/nova5_moveit
[0.524s] Invoking command in '/home/erds/barns_ws/build/nova5_moveit': AMENT_PREFIX_PATH=/home/erds/barns_ws/install/dobot_rviz:${AMENT_PREFIX_PATH} CMAKE_PREFIX_PATH=/home/erds/barns_ws/install/dobot_rviz:/home/erds/ws_moveit/install/srdfdom:/home/erds/ws_moveit/install/moveit_resources_prbt_support:/home/erds/ws_moveit/install/moveit_resources_pr2_description:/home/erds/ws_moveit/install/moveit_resources_panda_description:/home/erds/ws_moveit/install/moveit_resources_fanuc_moveit_config:/home/erds/ws_moveit/install/moveit_resources_fanuc_description:/home/erds/ws_moveit/install/moveit_common:/home/erds/ros2_ws/install/realsense2_description:/home/erds/ros2_ws/install/realsense2_camera:/home/erds/ros2_ws/install/realsense2_camera_msgs:/home/erds/ws_moveit/install/launch_param_builder:/opt/ros/humble /usr/bin/cmake --build /home/erds/barns_ws/build/nova5_moveit -- -j16 -l16
[0.556s] Invoked command in '/home/erds/barns_ws/build/nova5_moveit' returned '0': AMENT_PREFIX_PATH=/home/erds/barns_ws/install/dobot_rviz:${AMENT_PREFIX_PATH} CMAKE_PREFIX_PATH=/home/erds/barns_ws/install/dobot_rviz:/home/erds/ws_moveit/install/srdfdom:/home/erds/ws_moveit/install/moveit_resources_prbt_support:/home/erds/ws_moveit/install/moveit_resources_pr2_description:/home/erds/ws_moveit/install/moveit_resources_panda_description:/home/erds/ws_moveit/install/moveit_resources_fanuc_moveit_config:/home/erds/ws_moveit/install/moveit_resources_fanuc_description:/home/erds/ws_moveit/install/moveit_common:/home/erds/ros2_ws/install/realsense2_description:/home/erds/ros2_ws/install/realsense2_camera:/home/erds/ros2_ws/install/realsense2_camera_msgs:/home/erds/ws_moveit/install/launch_param_builder:/opt/ros/humble /usr/bin/cmake --build /home/erds/barns_ws/build/nova5_moveit -- -j16 -l16
[0.557s] Invoking command in '/home/erds/barns_ws/build/nova5_moveit': AMENT_PREFIX_PATH=/home/erds/barns_ws/install/dobot_rviz:${AMENT_PREFIX_PATH} CMAKE_PREFIX_PATH=/home/erds/barns_ws/install/dobot_rviz:/home/erds/ws_moveit/install/srdfdom:/home/erds/ws_moveit/install/moveit_resources_prbt_support:/home/erds/ws_moveit/install/moveit_resources_pr2_description:/home/erds/ws_moveit/install/moveit_resources_panda_description:/home/erds/ws_moveit/install/moveit_resources_fanuc_moveit_config:/home/erds/ws_moveit/install/moveit_resources_fanuc_description:/home/erds/ws_moveit/install/moveit_common:/home/erds/ros2_ws/install/realsense2_description:/home/erds/ros2_ws/install/realsense2_camera:/home/erds/ros2_ws/install/realsense2_camera_msgs:/home/erds/ws_moveit/install/launch_param_builder:/opt/ros/humble /usr/bin/cmake --install /home/erds/barns_ws/build/nova5_moveit
[0.563s] -- Install configuration: ""
[0.563s] -- Installing: /home/erds/barns_ws/install/nova5_moveit/share/ament_index/resource_index/package_run_dependencies/nova5_moveit
[0.564s] -- Installing: /home/erds/barns_ws/install/nova5_moveit/share/ament_index/resource_index/parent_prefix_path/nova5_moveit
[0.564s] -- Installing: /home/erds/barns_ws/install/nova5_moveit/share/nova5_moveit/environment/ament_prefix_path.sh
[0.564s] -- Installing: /home/erds/barns_ws/install/nova5_moveit/share/nova5_moveit/environment/ament_prefix_path.dsv
[0.564s] -- Installing: /home/erds/barns_ws/install/nova5_moveit/share/nova5_moveit/environment/path.sh
[0.564s] -- Installing: /home/erds/barns_ws/install/nova5_moveit/share/nova5_moveit/environment/path.dsv
[0.564s] -- Installing: /home/erds/barns_ws/install/nova5_moveit/share/nova5_moveit/local_setup.bash
[0.564s] -- Installing: /home/erds/barns_ws/install/nova5_moveit/share/nova5_moveit/local_setup.sh
[0.564s] -- Installing: /home/erds/barns_ws/install/nova5_moveit/share/nova5_moveit/local_setup.zsh
[0.565s] -- Installing: /home/erds/barns_ws/install/nova5_moveit/share/nova5_moveit/local_setup.dsv
[0.565s] -- Installing: /home/erds/barns_ws/install/nova5_moveit/share/nova5_moveit/package.dsv
[0.565s] -- Installing: /home/erds/barns_ws/install/nova5_moveit/share/ament_index/resource_index/packages/nova5_moveit
[0.565s] -- Installing: /home/erds/barns_ws/install/nova5_moveit/share/nova5_moveit/cmake/nova5_moveitConfig.cmake
[0.565s] -- Installing: /home/erds/barns_ws/install/nova5_moveit/share/nova5_moveit/cmake/nova5_moveitConfig-version.cmake
[0.565s] -- Installing: /home/erds/barns_ws/install/nova5_moveit/share/nova5_moveit/package.xml
[0.565s] -- Installing: /home/erds/barns_ws/install/nova5_moveit/share/nova5_moveit/launch
[0.565s] -- Installing: /home/erds/barns_ws/install/nova5_moveit/share/nova5_moveit/launch/rsp.launch.py
[0.566s] -- Installing: /home/erds/barns_ws/install/nova5_moveit/share/nova5_moveit/launch/move_group.launch.py
[0.566s] -- Installing: /home/erds/barns_ws/install/nova5_moveit/share/nova5_moveit/launch/moveit_rviz.launch.py
[0.566s] -- Installing: /home/erds/barns_ws/install/nova5_moveit/share/nova5_moveit/launch/setup_assistant.launch.py
[0.566s] -- Installing: /home/erds/barns_ws/install/nova5_moveit/share/nova5_moveit/launch/warehouse_db.launch.py
[0.566s] -- Installing: /home/erds/barns_ws/install/nova5_moveit/share/nova5_moveit/launch/spawn_controllers.launch.py
[0.566s] -- Installing: /home/erds/barns_ws/install/nova5_moveit/share/nova5_moveit/launch/demo.launch.py
[0.566s] -- Installing: /home/erds/barns_ws/install/nova5_moveit/share/nova5_moveit/launch/static_virtual_joint_tfs.launch.py
[0.566s] -- Installing: /home/erds/barns_ws/install/nova5_moveit/share/nova5_moveit/config
[0.566s] -- Installing: /home/erds/barns_ws/install/nova5_moveit/share/nova5_moveit/config/ros2_controllers.yaml
[0.566s] -- Installing: /home/erds/barns_ws/install/nova5_moveit/share/nova5_moveit/config/nova5_robot.ros2_control.xacro
[0.567s] -- Installing: /home/erds/barns_ws/install/nova5_moveit/share/nova5_moveit/config/nova5_robot.urdf.xacro
[0.567s] -- Installing: /home/erds/barns_ws/install/nova5_moveit/share/nova5_moveit/config/nova5_robot.srdf
[0.567s] -- Installing: /home/erds/barns_ws/install/nova5_moveit/share/nova5_moveit/config/joint_limits.yaml
[0.567s] -- Installing: /home/erds/barns_ws/install/nova5_moveit/share/nova5_moveit/config/kinematics.yaml
[0.567s] -- Installing: /home/erds/barns_ws/install/nova5_moveit/share/nova5_moveit/config/initial_positions.yaml
[0.567s] -- Installing: /home/erds/barns_ws/install/nova5_moveit/share/nova5_moveit/config/moveit_controllers.yaml
[0.567s] -- Installing: /home/erds/barns_ws/install/nova5_moveit/share/nova5_moveit/config/moveit.rviz
[0.567s] -- Installing: /home/erds/barns_ws/install/nova5_moveit/share/nova5_moveit/config/pilz_cartesian_limits.yaml
[0.567s] -- Installing: /home/erds/barns_ws/install/nova5_moveit/share/nova5_moveit/.setup_assistant
[0.569s] Invoked command in '/home/erds/barns_ws/build/nova5_moveit' returned '0': AMENT_PREFIX_PATH=/home/erds/barns_ws/install/dobot_rviz:${AMENT_PREFIX_PATH} CMAKE_PREFIX_PATH=/home/erds/barns_ws/install/dobot_rviz:/home/erds/ws_moveit/install/srdfdom:/home/erds/ws_moveit/install/moveit_resources_prbt_support:/home/erds/ws_moveit/install/moveit_resources_pr2_description:/home/erds/ws_moveit/install/moveit_resources_panda_description:/home/erds/ws_moveit/install/moveit_resources_fanuc_moveit_config:/home/erds/ws_moveit/install/moveit_resources_fanuc_description:/home/erds/ws_moveit/install/moveit_common:/home/erds/ros2_ws/install/realsense2_description:/home/erds/ros2_ws/install/realsense2_camera:/home/erds/ros2_ws/install/realsense2_camera_msgs:/home/erds/ws_moveit/install/launch_param_builder:/opt/ros/humble /usr/bin/cmake --install /home/erds/barns_ws/build/nova5_moveit
