[1.066s] Invoking command in '/home/erds/barns_ws/src/dobot_bringup_v3': CMAKE_PREFIX_PATH=/home/erds/barns_ws/install/dobot_msgs_v3:/home/erds/ws_moveit2/install:/home/erds/ros2_ws/install/realsense2_description:/home/erds/ros2_ws/install/realsense2_camera:/home/erds/ros2_ws/install/realsense2_camera_msgs:/home/erds/barns_ws/install/nova5_moveit:/home/erds/barns_ws/install/dobot_rviz:/home/erds/barns_ws/install/dobot_gazebo LD_LIBRARY_PATH=/home/erds/barns_ws/install/dobot_msgs_v3/lib:/usr/local/cuda/lib64:/home/erds/ws_moveit2/install/lib:/home/erds/ros2_ws/install/realsense2_camera/lib:/home/erds/ros2_ws/install/realsense2_camera_msgs/lib:/usr/lib/x86_64-linux-gnu/gazebo-11/plugins:/opt/ros/humble/opt/rviz_ogre_vendor/lib:/opt/ros/humble/lib/x86_64-linux-gnu:/opt/ros/humble/lib PYTHONPATH=/home/erds/barns_ws/build/dobot_bringup_v3/prefix_override:/usr/lib/python3/dist-packages/colcon_core/task/python/colcon_distutils_commands:/home/erds/barns_ws/install/dobot_bringup_v3/lib/python3.10/site-packages:${PYTHONPATH} /usr/bin/python3 -W ignore:setup.py install is deprecated -W ignore:easy_install command is deprecated setup.py egg_info --egg-base ../../build/dobot_bringup_v3 build --build-base /home/erds/barns_ws/build/dobot_bringup_v3/build install --record /home/erds/barns_ws/build/dobot_bringup_v3/install.log --single-version-externally-managed install_data
[1.296s] /home/erds/.local/lib/python3.10/site-packages/setuptools/_distutils/dist.py:270: UserWarning: Unknown distribution option: 'tests_require'
[1.296s]   warnings.warn(msg)
[1.424s] running egg_info
[1.446s] writing ../../build/dobot_bringup_v3/dobot_bringup_v3.egg-info/PKG-INFO
[1.447s] writing dependency_links to ../../build/dobot_bringup_v3/dobot_bringup_v3.egg-info/dependency_links.txt
[1.447s] writing entry points to ../../build/dobot_bringup_v3/dobot_bringup_v3.egg-info/entry_points.txt
[1.447s] writing requirements to ../../build/dobot_bringup_v3/dobot_bringup_v3.egg-info/requires.txt
[1.447s] writing top-level names to ../../build/dobot_bringup_v3/dobot_bringup_v3.egg-info/top_level.txt
[1.487s] reading manifest file '../../build/dobot_bringup_v3/dobot_bringup_v3.egg-info/SOURCES.txt'
[1.489s] writing manifest file '../../build/dobot_bringup_v3/dobot_bringup_v3.egg-info/SOURCES.txt'
[1.489s] running build
[1.489s] running build_py
[1.489s] running install
[1.494s] running install_lib
[1.513s] running install_data
[1.514s] running install_egg_info
[1.530s] removing '/home/erds/barns_ws/install/dobot_bringup_v3/lib/python3.10/site-packages/dobot_bringup_v3-0.0.0-py3.10.egg-info' (and everything under it)
[1.531s] Copying ../../build/dobot_bringup_v3/dobot_bringup_v3.egg-info to /home/erds/barns_ws/install/dobot_bringup_v3/lib/python3.10/site-packages/dobot_bringup_v3-0.0.0-py3.10.egg-info
[1.531s] running install_scripts
[1.679s] Installing dobot_bringup script to /home/erds/barns_ws/install/dobot_bringup_v3/lib/dobot_bringup_v3
[1.679s] Installing feedback script to /home/erds/barns_ws/install/dobot_bringup_v3/lib/dobot_bringup_v3
[1.679s] writing list of installed files to '/home/erds/barns_ws/build/dobot_bringup_v3/install.log'
[1.730s] Invoked command in '/home/erds/barns_ws/src/dobot_bringup_v3' returned '0': CMAKE_PREFIX_PATH=/home/erds/barns_ws/install/dobot_msgs_v3:/home/erds/ws_moveit2/install:/home/erds/ros2_ws/install/realsense2_description:/home/erds/ros2_ws/install/realsense2_camera:/home/erds/ros2_ws/install/realsense2_camera_msgs:/home/erds/barns_ws/install/nova5_moveit:/home/erds/barns_ws/install/dobot_rviz:/home/erds/barns_ws/install/dobot_gazebo LD_LIBRARY_PATH=/home/erds/barns_ws/install/dobot_msgs_v3/lib:/usr/local/cuda/lib64:/home/erds/ws_moveit2/install/lib:/home/erds/ros2_ws/install/realsense2_camera/lib:/home/erds/ros2_ws/install/realsense2_camera_msgs/lib:/usr/lib/x86_64-linux-gnu/gazebo-11/plugins:/opt/ros/humble/opt/rviz_ogre_vendor/lib:/opt/ros/humble/lib/x86_64-linux-gnu:/opt/ros/humble/lib PYTHONPATH=/home/erds/barns_ws/build/dobot_bringup_v3/prefix_override:/usr/lib/python3/dist-packages/colcon_core/task/python/colcon_distutils_commands:/home/erds/barns_ws/install/dobot_bringup_v3/lib/python3.10/site-packages:${PYTHONPATH} /usr/bin/python3 -W ignore:setup.py install is deprecated -W ignore:easy_install command is deprecated setup.py egg_info --egg-base ../../build/dobot_bringup_v3 build --build-base /home/erds/barns_ws/build/dobot_bringup_v3/build install --record /home/erds/barns_ws/build/dobot_bringup_v3/install.log --single-version-externally-managed install_data
