[0.112s] DEBUG:colcon:Command line arguments: ['/usr/bin/colcon', 'build']
[0.112s] DEBUG:colcon:Parsed command line arguments: Namespace(log_base=None, log_level=None, verb_name='build', build_base='build', install_base='install', merge_install=False, symlink_install=False, test_result_base=None, continue_on_error=False, executor='parallel', parallel_workers=16, event_handlers=None, ignore_user_meta=False, metas=['./colcon.meta'], base_paths=['.'], packages_ignore=None, packages_ignore_regex=None, paths=None, packages_up_to=None, packages_up_to_regex=None, packages_above=None, packages_above_and_dependencies=None, packages_above_depth=None, packages_select_by_dep=None, packages_skip_by_dep=None, packages_skip_up_to=None, packages_select_build_failed=False, packages_skip_build_finished=False, packages_select_test_failures=False, packages_skip_test_passed=False, packages_select=None, packages_skip=None, packages_select_regex=None, packages_skip_regex=None, packages_start=None, packages_end=None, allow_overriding=[], cmake_args=None, cmake_target=None, cmake_target_skip_unavailable=False, cmake_clean_cache=False, cmake_clean_first=False, cmake_force_configure=False, ament_cmake_args=None, catkin_cmake_args=None, catkin_skip_building_tests=False, mixin_files=None, mixin=None, verb_parser=<colcon_mixin.mixin.mixin_argument.MixinArgumentDecorator object at 0x7c4a2f1587c0>, verb_extension=<colcon_core.verb.build.BuildVerb object at 0x7c4a2f123d30>, main=<bound method BuildVerb.main of <colcon_core.verb.build.BuildVerb object at 0x7c4a2f123d30>>, mixin_verb=('build',))
[0.144s] Level 1:colcon.colcon_core.package_discovery:discover_packages(colcon_meta) check parameters
[0.144s] Level 1:colcon.colcon_core.package_discovery:discover_packages(recursive) check parameters
[0.144s] Level 1:colcon.colcon_core.package_discovery:discover_packages(ignore) check parameters
[0.144s] Level 1:colcon.colcon_core.package_discovery:discover_packages(path) check parameters
[0.144s] Level 1:colcon.colcon_core.package_discovery:discover_packages(colcon_meta) discover
[0.144s] Level 1:colcon.colcon_core.package_discovery:discover_packages(recursive) discover
[0.144s] INFO:colcon.colcon_core.package_discovery:Crawling recursively for packages in '/home/erds/barns_ws'
[0.144s] Level 1:colcon.colcon_core.package_identification:_identify(.) by extensions ['ignore', 'ignore_ament_install']
[0.145s] Level 1:colcon.colcon_core.package_identification:_identify(.) by extension 'ignore'
[0.145s] Level 1:colcon.colcon_core.package_identification:_identify(.) by extension 'ignore_ament_install'
[0.145s] Level 1:colcon.colcon_core.package_identification:_identify(.) by extensions ['colcon_pkg']
[0.145s] Level 1:colcon.colcon_core.package_identification:_identify(.) by extension 'colcon_pkg'
[0.145s] Level 1:colcon.colcon_core.package_identification:_identify(.) by extensions ['colcon_meta']
[0.145s] Level 1:colcon.colcon_core.package_identification:_identify(.) by extension 'colcon_meta'
[0.145s] Level 1:colcon.colcon_core.package_identification:_identify(.) by extensions ['ros']
[0.145s] Level 1:colcon.colcon_core.package_identification:_identify(.) by extension 'ros'
[0.159s] Level 1:colcon.colcon_core.package_identification:_identify(.) by extensions ['cmake', 'python']
[0.159s] Level 1:colcon.colcon_core.package_identification:_identify(.) by extension 'cmake'
[0.159s] Level 1:colcon.colcon_core.package_identification:_identify(.) by extension 'python'
[0.159s] Level 1:colcon.colcon_core.package_identification:_identify(.) by extensions ['python_setup_py']
[0.160s] Level 1:colcon.colcon_core.package_identification:_identify(.) by extension 'python_setup_py'
[0.160s] Level 1:colcon.colcon_core.package_identification:_identify(build) by extensions ['ignore', 'ignore_ament_install']
[0.160s] Level 1:colcon.colcon_core.package_identification:_identify(build) by extension 'ignore'
[0.160s] Level 1:colcon.colcon_core.package_identification:_identify(build) ignored
[0.160s] Level 1:colcon.colcon_core.package_identification:_identify(install) by extensions ['ignore', 'ignore_ament_install']
[0.160s] Level 1:colcon.colcon_core.package_identification:_identify(install) by extension 'ignore'
[0.160s] Level 1:colcon.colcon_core.package_identification:_identify(install) ignored
[0.160s] Level 1:colcon.colcon_core.package_identification:_identify(log) by extensions ['ignore', 'ignore_ament_install']
[0.160s] Level 1:colcon.colcon_core.package_identification:_identify(log) by extension 'ignore'
[0.160s] Level 1:colcon.colcon_core.package_identification:_identify(log) ignored
[0.160s] Level 1:colcon.colcon_core.package_identification:_identify(src) by extensions ['ignore', 'ignore_ament_install']
[0.161s] Level 1:colcon.colcon_core.package_identification:_identify(src) by extension 'ignore'
[0.161s] Level 1:colcon.colcon_core.package_identification:_identify(src) by extension 'ignore_ament_install'
[0.161s] Level 1:colcon.colcon_core.package_identification:_identify(src) by extensions ['colcon_pkg']
[0.161s] Level 1:colcon.colcon_core.package_identification:_identify(src) by extension 'colcon_pkg'
[0.161s] Level 1:colcon.colcon_core.package_identification:_identify(src) by extensions ['colcon_meta']
[0.161s] Level 1:colcon.colcon_core.package_identification:_identify(src) by extension 'colcon_meta'
[0.161s] Level 1:colcon.colcon_core.package_identification:_identify(src) by extensions ['ros']
[0.161s] Level 1:colcon.colcon_core.package_identification:_identify(src) by extension 'ros'
[0.161s] Level 1:colcon.colcon_core.package_identification:_identify(src) by extensions ['cmake', 'python']
[0.161s] Level 1:colcon.colcon_core.package_identification:_identify(src) by extension 'cmake'
[0.161s] Level 1:colcon.colcon_core.package_identification:_identify(src) by extension 'python'
[0.161s] Level 1:colcon.colcon_core.package_identification:_identify(src) by extensions ['python_setup_py']
[0.161s] Level 1:colcon.colcon_core.package_identification:_identify(src) by extension 'python_setup_py'
[0.161s] Level 1:colcon.colcon_core.package_identification:_identify(src/dobot_bringup_v3) by extensions ['ignore', 'ignore_ament_install']
[0.161s] Level 1:colcon.colcon_core.package_identification:_identify(src/dobot_bringup_v3) by extension 'ignore'
[0.161s] Level 1:colcon.colcon_core.package_identification:_identify(src/dobot_bringup_v3) by extension 'ignore_ament_install'
[0.161s] Level 1:colcon.colcon_core.package_identification:_identify(src/dobot_bringup_v3) by extensions ['colcon_pkg']
[0.161s] Level 1:colcon.colcon_core.package_identification:_identify(src/dobot_bringup_v3) by extension 'colcon_pkg'
[0.161s] Level 1:colcon.colcon_core.package_identification:_identify(src/dobot_bringup_v3) by extensions ['colcon_meta']
[0.161s] Level 1:colcon.colcon_core.package_identification:_identify(src/dobot_bringup_v3) by extension 'colcon_meta'
[0.161s] Level 1:colcon.colcon_core.package_identification:_identify(src/dobot_bringup_v3) by extensions ['ros']
[0.161s] Level 1:colcon.colcon_core.package_identification:_identify(src/dobot_bringup_v3) by extension 'ros'
[0.163s] DEBUG:colcon.colcon_core.package_identification:Package 'src/dobot_bringup_v3' with type 'ros.ament_python' and name 'dobot_bringup_v3'
[0.163s] Level 1:colcon.colcon_core.package_identification:_identify(src/dobot_demo) by extensions ['ignore', 'ignore_ament_install']
[0.164s] Level 1:colcon.colcon_core.package_identification:_identify(src/dobot_demo) by extension 'ignore'
[0.164s] Level 1:colcon.colcon_core.package_identification:_identify(src/dobot_demo) by extension 'ignore_ament_install'
[0.164s] Level 1:colcon.colcon_core.package_identification:_identify(src/dobot_demo) by extensions ['colcon_pkg']
[0.164s] Level 1:colcon.colcon_core.package_identification:_identify(src/dobot_demo) by extension 'colcon_pkg'
[0.164s] Level 1:colcon.colcon_core.package_identification:_identify(src/dobot_demo) by extensions ['colcon_meta']
[0.164s] Level 1:colcon.colcon_core.package_identification:_identify(src/dobot_demo) by extension 'colcon_meta'
[0.164s] Level 1:colcon.colcon_core.package_identification:_identify(src/dobot_demo) by extensions ['ros']
[0.164s] Level 1:colcon.colcon_core.package_identification:_identify(src/dobot_demo) by extension 'ros'
[0.164s] DEBUG:colcon.colcon_core.package_identification:Package 'src/dobot_demo' with type 'ros.ament_python' and name 'dobot_demo'
[0.164s] Level 1:colcon.colcon_core.package_identification:_identify(src/dobot_gazebo) by extensions ['ignore', 'ignore_ament_install']
[0.164s] Level 1:colcon.colcon_core.package_identification:_identify(src/dobot_gazebo) by extension 'ignore'
[0.165s] Level 1:colcon.colcon_core.package_identification:_identify(src/dobot_gazebo) by extension 'ignore_ament_install'
[0.165s] Level 1:colcon.colcon_core.package_identification:_identify(src/dobot_gazebo) by extensions ['colcon_pkg']
[0.165s] Level 1:colcon.colcon_core.package_identification:_identify(src/dobot_gazebo) by extension 'colcon_pkg'
[0.165s] Level 1:colcon.colcon_core.package_identification:_identify(src/dobot_gazebo) by extensions ['colcon_meta']
[0.165s] Level 1:colcon.colcon_core.package_identification:_identify(src/dobot_gazebo) by extension 'colcon_meta'
[0.165s] Level 1:colcon.colcon_core.package_identification:_identify(src/dobot_gazebo) by extensions ['ros']
[0.165s] Level 1:colcon.colcon_core.package_identification:_identify(src/dobot_gazebo) by extension 'ros'
[0.165s] DEBUG:colcon.colcon_core.package_identification:Package 'src/dobot_gazebo' with type 'ros.ament_cmake' and name 'dobot_gazebo'
[0.165s] Level 1:colcon.colcon_core.package_identification:_identify(src/dobot_moveit) by extensions ['ignore', 'ignore_ament_install']
[0.165s] Level 1:colcon.colcon_core.package_identification:_identify(src/dobot_moveit) by extension 'ignore'
[0.165s] Level 1:colcon.colcon_core.package_identification:_identify(src/dobot_moveit) by extension 'ignore_ament_install'
[0.165s] Level 1:colcon.colcon_core.package_identification:_identify(src/dobot_moveit) by extensions ['colcon_pkg']
[0.165s] Level 1:colcon.colcon_core.package_identification:_identify(src/dobot_moveit) by extension 'colcon_pkg'
[0.165s] Level 1:colcon.colcon_core.package_identification:_identify(src/dobot_moveit) by extensions ['colcon_meta']
[0.165s] Level 1:colcon.colcon_core.package_identification:_identify(src/dobot_moveit) by extension 'colcon_meta'
[0.165s] Level 1:colcon.colcon_core.package_identification:_identify(src/dobot_moveit) by extensions ['ros']
[0.166s] Level 1:colcon.colcon_core.package_identification:_identify(src/dobot_moveit) by extension 'ros'
[0.166s] DEBUG:colcon.colcon_core.package_identification:Package 'src/dobot_moveit' with type 'ros.ament_python' and name 'dobot_moveit'
[0.166s] Level 1:colcon.colcon_core.package_identification:_identify(src/dobot_msgs_v3) by extensions ['ignore', 'ignore_ament_install']
[0.166s] Level 1:colcon.colcon_core.package_identification:_identify(src/dobot_msgs_v3) by extension 'ignore'
[0.166s] Level 1:colcon.colcon_core.package_identification:_identify(src/dobot_msgs_v3) by extension 'ignore_ament_install'
[0.166s] Level 1:colcon.colcon_core.package_identification:_identify(src/dobot_msgs_v3) by extensions ['colcon_pkg']
[0.166s] Level 1:colcon.colcon_core.package_identification:_identify(src/dobot_msgs_v3) by extension 'colcon_pkg'
[0.166s] Level 1:colcon.colcon_core.package_identification:_identify(src/dobot_msgs_v3) by extensions ['colcon_meta']
[0.166s] Level 1:colcon.colcon_core.package_identification:_identify(src/dobot_msgs_v3) by extension 'colcon_meta'
[0.166s] Level 1:colcon.colcon_core.package_identification:_identify(src/dobot_msgs_v3) by extensions ['ros']
[0.166s] Level 1:colcon.colcon_core.package_identification:_identify(src/dobot_msgs_v3) by extension 'ros'
[0.167s] DEBUG:colcon.colcon_core.package_identification:Package 'src/dobot_msgs_v3' with type 'ros.ament_cmake' and name 'dobot_msgs_v3'
[0.167s] Level 1:colcon.colcon_core.package_identification:_identify(src/dobot_rviz) by extensions ['ignore', 'ignore_ament_install']
[0.167s] Level 1:colcon.colcon_core.package_identification:_identify(src/dobot_rviz) by extension 'ignore'
[0.167s] Level 1:colcon.colcon_core.package_identification:_identify(src/dobot_rviz) by extension 'ignore_ament_install'
[0.167s] Level 1:colcon.colcon_core.package_identification:_identify(src/dobot_rviz) by extensions ['colcon_pkg']
[0.167s] Level 1:colcon.colcon_core.package_identification:_identify(src/dobot_rviz) by extension 'colcon_pkg'
[0.167s] Level 1:colcon.colcon_core.package_identification:_identify(src/dobot_rviz) by extensions ['colcon_meta']
[0.167s] Level 1:colcon.colcon_core.package_identification:_identify(src/dobot_rviz) by extension 'colcon_meta'
[0.167s] Level 1:colcon.colcon_core.package_identification:_identify(src/dobot_rviz) by extensions ['ros']
[0.167s] Level 1:colcon.colcon_core.package_identification:_identify(src/dobot_rviz) by extension 'ros'
[0.168s] DEBUG:colcon.colcon_core.package_identification:Package 'src/dobot_rviz' with type 'ros.ament_cmake' and name 'dobot_rviz'
[0.168s] Level 1:colcon.colcon_core.package_identification:_identify(src/nova5_moveit) by extensions ['ignore', 'ignore_ament_install']
[0.168s] Level 1:colcon.colcon_core.package_identification:_identify(src/nova5_moveit) by extension 'ignore'
[0.168s] Level 1:colcon.colcon_core.package_identification:_identify(src/nova5_moveit) by extension 'ignore_ament_install'
[0.168s] Level 1:colcon.colcon_core.package_identification:_identify(src/nova5_moveit) by extensions ['colcon_pkg']
[0.168s] Level 1:colcon.colcon_core.package_identification:_identify(src/nova5_moveit) by extension 'colcon_pkg'
[0.168s] Level 1:colcon.colcon_core.package_identification:_identify(src/nova5_moveit) by extensions ['colcon_meta']
[0.168s] Level 1:colcon.colcon_core.package_identification:_identify(src/nova5_moveit) by extension 'colcon_meta'
[0.168s] Level 1:colcon.colcon_core.package_identification:_identify(src/nova5_moveit) by extensions ['ros']
[0.168s] Level 1:colcon.colcon_core.package_identification:_identify(src/nova5_moveit) by extension 'ros'
[0.168s] DEBUG:colcon.colcon_core.package_identification:Package 'src/nova5_moveit' with type 'ros.ament_cmake' and name 'nova5_moveit'
[0.169s] Level 1:colcon.colcon_core.package_identification:_identify(src/pickn_place) by extensions ['ignore', 'ignore_ament_install']
[0.169s] Level 1:colcon.colcon_core.package_identification:_identify(src/pickn_place) by extension 'ignore'
[0.169s] Level 1:colcon.colcon_core.package_identification:_identify(src/pickn_place) by extension 'ignore_ament_install'
[0.169s] Level 1:colcon.colcon_core.package_identification:_identify(src/pickn_place) by extensions ['colcon_pkg']
[0.169s] Level 1:colcon.colcon_core.package_identification:_identify(src/pickn_place) by extension 'colcon_pkg'
[0.169s] Level 1:colcon.colcon_core.package_identification:_identify(src/pickn_place) by extensions ['colcon_meta']
[0.169s] Level 1:colcon.colcon_core.package_identification:_identify(src/pickn_place) by extension 'colcon_meta'
[0.169s] Level 1:colcon.colcon_core.package_identification:_identify(src/pickn_place) by extensions ['ros']
[0.169s] Level 1:colcon.colcon_core.package_identification:_identify(src/pickn_place) by extension 'ros'
[0.170s] DEBUG:colcon.colcon_core.package_identification:Package 'src/pickn_place' with type 'ros.ament_python' and name 'pickn_place'
[0.170s] Level 1:colcon.colcon_core.package_identification:_identify(src/servo_action) by extensions ['ignore', 'ignore_ament_install']
[0.170s] Level 1:colcon.colcon_core.package_identification:_identify(src/servo_action) by extension 'ignore'
[0.170s] Level 1:colcon.colcon_core.package_identification:_identify(src/servo_action) by extension 'ignore_ament_install'
[0.170s] Level 1:colcon.colcon_core.package_identification:_identify(src/servo_action) by extensions ['colcon_pkg']
[0.170s] Level 1:colcon.colcon_core.package_identification:_identify(src/servo_action) by extension 'colcon_pkg'
[0.170s] Level 1:colcon.colcon_core.package_identification:_identify(src/servo_action) by extensions ['colcon_meta']
[0.170s] Level 1:colcon.colcon_core.package_identification:_identify(src/servo_action) by extension 'colcon_meta'
[0.170s] Level 1:colcon.colcon_core.package_identification:_identify(src/servo_action) by extensions ['ros']
[0.170s] Level 1:colcon.colcon_core.package_identification:_identify(src/servo_action) by extension 'ros'
[0.170s] DEBUG:colcon.colcon_core.package_identification:Package 'src/servo_action' with type 'ros.ament_python' and name 'servo_action'
[0.170s] Level 1:colcon.colcon_core.package_discovery:discover_packages(recursive) using defaults
[0.170s] Level 1:colcon.colcon_core.package_discovery:discover_packages(ignore) discover
[0.170s] Level 1:colcon.colcon_core.package_discovery:discover_packages(ignore) using defaults
[0.170s] Level 1:colcon.colcon_core.package_discovery:discover_packages(path) discover
[0.170s] Level 1:colcon.colcon_core.package_discovery:discover_packages(path) using defaults
[0.192s] Level 1:colcon.colcon_core.package_discovery:discover_packages(prefix_path) check parameters
[0.193s] Level 1:colcon.colcon_core.package_discovery:discover_packages(prefix_path) discover
[0.197s] DEBUG:colcon.colcon_installed_package_information.package_discovery:Found 46 installed packages in /home/erds/ws_moveit/install
[0.198s] DEBUG:colcon.colcon_installed_package_information.package_discovery:Found 9 installed packages in /home/erds/barns_ws/install
[0.198s] DEBUG:colcon.colcon_installed_package_information.package_discovery:Found 6 installed packages in /home/erds/ros2_ws/install
[0.200s] DEBUG:colcon.colcon_installed_package_information.package_discovery:Found 360 installed packages in /opt/ros/humble
[0.202s] Level 1:colcon.colcon_core.package_discovery:discover_packages(prefix_path) using defaults
[0.248s] Level 5:colcon.colcon_core.verb:set package 'dobot_demo' build argument 'cmake_args' from command line to 'None'
[0.248s] Level 5:colcon.colcon_core.verb:set package 'dobot_demo' build argument 'cmake_target' from command line to 'None'
[0.248s] Level 5:colcon.colcon_core.verb:set package 'dobot_demo' build argument 'cmake_target_skip_unavailable' from command line to 'False'
[0.248s] Level 5:colcon.colcon_core.verb:set package 'dobot_demo' build argument 'cmake_clean_cache' from command line to 'False'
[0.248s] Level 5:colcon.colcon_core.verb:set package 'dobot_demo' build argument 'cmake_clean_first' from command line to 'False'
[0.248s] Level 5:colcon.colcon_core.verb:set package 'dobot_demo' build argument 'cmake_force_configure' from command line to 'False'
[0.248s] Level 5:colcon.colcon_core.verb:set package 'dobot_demo' build argument 'ament_cmake_args' from command line to 'None'
[0.248s] Level 5:colcon.colcon_core.verb:set package 'dobot_demo' build argument 'catkin_cmake_args' from command line to 'None'
[0.248s] Level 5:colcon.colcon_core.verb:set package 'dobot_demo' build argument 'catkin_skip_building_tests' from command line to 'False'
[0.248s] DEBUG:colcon.colcon_core.verb:Building package 'dobot_demo' with the following arguments: {'ament_cmake_args': None, 'build_base': '/home/erds/barns_ws/build/dobot_demo', 'catkin_cmake_args': None, 'catkin_skip_building_tests': False, 'cmake_args': None, 'cmake_clean_cache': False, 'cmake_clean_first': False, 'cmake_force_configure': False, 'cmake_target': None, 'cmake_target_skip_unavailable': False, 'install_base': '/home/erds/barns_ws/install/dobot_demo', 'merge_install': False, 'path': '/home/erds/barns_ws/src/dobot_demo', 'symlink_install': False, 'test_result_base': None}
[0.249s] Level 5:colcon.colcon_core.verb:set package 'dobot_gazebo' build argument 'cmake_args' from command line to 'None'
[0.249s] Level 5:colcon.colcon_core.verb:set package 'dobot_gazebo' build argument 'cmake_target' from command line to 'None'
[0.249s] Level 5:colcon.colcon_core.verb:set package 'dobot_gazebo' build argument 'cmake_target_skip_unavailable' from command line to 'False'
[0.249s] Level 5:colcon.colcon_core.verb:set package 'dobot_gazebo' build argument 'cmake_clean_cache' from command line to 'False'
[0.249s] Level 5:colcon.colcon_core.verb:set package 'dobot_gazebo' build argument 'cmake_clean_first' from command line to 'False'
[0.249s] Level 5:colcon.colcon_core.verb:set package 'dobot_gazebo' build argument 'cmake_force_configure' from command line to 'False'
[0.249s] Level 5:colcon.colcon_core.verb:set package 'dobot_gazebo' build argument 'ament_cmake_args' from command line to 'None'
[0.249s] Level 5:colcon.colcon_core.verb:set package 'dobot_gazebo' build argument 'catkin_cmake_args' from command line to 'None'
[0.249s] Level 5:colcon.colcon_core.verb:set package 'dobot_gazebo' build argument 'catkin_skip_building_tests' from command line to 'False'
[0.249s] DEBUG:colcon.colcon_core.verb:Building package 'dobot_gazebo' with the following arguments: {'ament_cmake_args': None, 'build_base': '/home/erds/barns_ws/build/dobot_gazebo', 'catkin_cmake_args': None, 'catkin_skip_building_tests': False, 'cmake_args': None, 'cmake_clean_cache': False, 'cmake_clean_first': False, 'cmake_force_configure': False, 'cmake_target': None, 'cmake_target_skip_unavailable': False, 'install_base': '/home/erds/barns_ws/install/dobot_gazebo', 'merge_install': False, 'path': '/home/erds/barns_ws/src/dobot_gazebo', 'symlink_install': False, 'test_result_base': None}
[0.249s] Level 5:colcon.colcon_core.verb:set package 'dobot_moveit' build argument 'cmake_args' from command line to 'None'
[0.249s] Level 5:colcon.colcon_core.verb:set package 'dobot_moveit' build argument 'cmake_target' from command line to 'None'
[0.249s] Level 5:colcon.colcon_core.verb:set package 'dobot_moveit' build argument 'cmake_target_skip_unavailable' from command line to 'False'
[0.249s] Level 5:colcon.colcon_core.verb:set package 'dobot_moveit' build argument 'cmake_clean_cache' from command line to 'False'
[0.249s] Level 5:colcon.colcon_core.verb:set package 'dobot_moveit' build argument 'cmake_clean_first' from command line to 'False'
[0.249s] Level 5:colcon.colcon_core.verb:set package 'dobot_moveit' build argument 'cmake_force_configure' from command line to 'False'
[0.249s] Level 5:colcon.colcon_core.verb:set package 'dobot_moveit' build argument 'ament_cmake_args' from command line to 'None'
[0.249s] Level 5:colcon.colcon_core.verb:set package 'dobot_moveit' build argument 'catkin_cmake_args' from command line to 'None'
[0.249s] Level 5:colcon.colcon_core.verb:set package 'dobot_moveit' build argument 'catkin_skip_building_tests' from command line to 'False'
[0.250s] DEBUG:colcon.colcon_core.verb:Building package 'dobot_moveit' with the following arguments: {'ament_cmake_args': None, 'build_base': '/home/erds/barns_ws/build/dobot_moveit', 'catkin_cmake_args': None, 'catkin_skip_building_tests': False, 'cmake_args': None, 'cmake_clean_cache': False, 'cmake_clean_first': False, 'cmake_force_configure': False, 'cmake_target': None, 'cmake_target_skip_unavailable': False, 'install_base': '/home/erds/barns_ws/install/dobot_moveit', 'merge_install': False, 'path': '/home/erds/barns_ws/src/dobot_moveit', 'symlink_install': False, 'test_result_base': None}
[0.250s] Level 5:colcon.colcon_core.verb:set package 'dobot_msgs_v3' build argument 'cmake_args' from command line to 'None'
[0.250s] Level 5:colcon.colcon_core.verb:set package 'dobot_msgs_v3' build argument 'cmake_target' from command line to 'None'
[0.250s] Level 5:colcon.colcon_core.verb:set package 'dobot_msgs_v3' build argument 'cmake_target_skip_unavailable' from command line to 'False'
[0.250s] Level 5:colcon.colcon_core.verb:set package 'dobot_msgs_v3' build argument 'cmake_clean_cache' from command line to 'False'
[0.250s] Level 5:colcon.colcon_core.verb:set package 'dobot_msgs_v3' build argument 'cmake_clean_first' from command line to 'False'
[0.250s] Level 5:colcon.colcon_core.verb:set package 'dobot_msgs_v3' build argument 'cmake_force_configure' from command line to 'False'
[0.250s] Level 5:colcon.colcon_core.verb:set package 'dobot_msgs_v3' build argument 'ament_cmake_args' from command line to 'None'
[0.250s] Level 5:colcon.colcon_core.verb:set package 'dobot_msgs_v3' build argument 'catkin_cmake_args' from command line to 'None'
[0.250s] Level 5:colcon.colcon_core.verb:set package 'dobot_msgs_v3' build argument 'catkin_skip_building_tests' from command line to 'False'
[0.250s] DEBUG:colcon.colcon_core.verb:Building package 'dobot_msgs_v3' with the following arguments: {'ament_cmake_args': None, 'build_base': '/home/erds/barns_ws/build/dobot_msgs_v3', 'catkin_cmake_args': None, 'catkin_skip_building_tests': False, 'cmake_args': None, 'cmake_clean_cache': False, 'cmake_clean_first': False, 'cmake_force_configure': False, 'cmake_target': None, 'cmake_target_skip_unavailable': False, 'install_base': '/home/erds/barns_ws/install/dobot_msgs_v3', 'merge_install': False, 'path': '/home/erds/barns_ws/src/dobot_msgs_v3', 'symlink_install': False, 'test_result_base': None}
[0.250s] Level 5:colcon.colcon_core.verb:set package 'dobot_rviz' build argument 'cmake_args' from command line to 'None'
[0.250s] Level 5:colcon.colcon_core.verb:set package 'dobot_rviz' build argument 'cmake_target' from command line to 'None'
[0.250s] Level 5:colcon.colcon_core.verb:set package 'dobot_rviz' build argument 'cmake_target_skip_unavailable' from command line to 'False'
[0.250s] Level 5:colcon.colcon_core.verb:set package 'dobot_rviz' build argument 'cmake_clean_cache' from command line to 'False'
[0.250s] Level 5:colcon.colcon_core.verb:set package 'dobot_rviz' build argument 'cmake_clean_first' from command line to 'False'
[0.250s] Level 5:colcon.colcon_core.verb:set package 'dobot_rviz' build argument 'cmake_force_configure' from command line to 'False'
[0.250s] Level 5:colcon.colcon_core.verb:set package 'dobot_rviz' build argument 'ament_cmake_args' from command line to 'None'
[0.250s] Level 5:colcon.colcon_core.verb:set package 'dobot_rviz' build argument 'catkin_cmake_args' from command line to 'None'
[0.250s] Level 5:colcon.colcon_core.verb:set package 'dobot_rviz' build argument 'catkin_skip_building_tests' from command line to 'False'
[0.250s] DEBUG:colcon.colcon_core.verb:Building package 'dobot_rviz' with the following arguments: {'ament_cmake_args': None, 'build_base': '/home/erds/barns_ws/build/dobot_rviz', 'catkin_cmake_args': None, 'catkin_skip_building_tests': False, 'cmake_args': None, 'cmake_clean_cache': False, 'cmake_clean_first': False, 'cmake_force_configure': False, 'cmake_target': None, 'cmake_target_skip_unavailable': False, 'install_base': '/home/erds/barns_ws/install/dobot_rviz', 'merge_install': False, 'path': '/home/erds/barns_ws/src/dobot_rviz', 'symlink_install': False, 'test_result_base': None}
[0.251s] Level 5:colcon.colcon_core.verb:set package 'pickn_place' build argument 'cmake_args' from command line to 'None'
[0.251s] Level 5:colcon.colcon_core.verb:set package 'pickn_place' build argument 'cmake_target' from command line to 'None'
[0.251s] Level 5:colcon.colcon_core.verb:set package 'pickn_place' build argument 'cmake_target_skip_unavailable' from command line to 'False'
[0.251s] Level 5:colcon.colcon_core.verb:set package 'pickn_place' build argument 'cmake_clean_cache' from command line to 'False'
[0.251s] Level 5:colcon.colcon_core.verb:set package 'pickn_place' build argument 'cmake_clean_first' from command line to 'False'
[0.251s] Level 5:colcon.colcon_core.verb:set package 'pickn_place' build argument 'cmake_force_configure' from command line to 'False'
[0.251s] Level 5:colcon.colcon_core.verb:set package 'pickn_place' build argument 'ament_cmake_args' from command line to 'None'
[0.251s] Level 5:colcon.colcon_core.verb:set package 'pickn_place' build argument 'catkin_cmake_args' from command line to 'None'
[0.251s] Level 5:colcon.colcon_core.verb:set package 'pickn_place' build argument 'catkin_skip_building_tests' from command line to 'False'
[0.251s] DEBUG:colcon.colcon_core.verb:Building package 'pickn_place' with the following arguments: {'ament_cmake_args': None, 'build_base': '/home/erds/barns_ws/build/pickn_place', 'catkin_cmake_args': None, 'catkin_skip_building_tests': False, 'cmake_args': None, 'cmake_clean_cache': False, 'cmake_clean_first': False, 'cmake_force_configure': False, 'cmake_target': None, 'cmake_target_skip_unavailable': False, 'install_base': '/home/erds/barns_ws/install/pickn_place', 'merge_install': False, 'path': '/home/erds/barns_ws/src/pickn_place', 'symlink_install': False, 'test_result_base': None}
[0.251s] Level 5:colcon.colcon_core.verb:set package 'servo_action' build argument 'cmake_args' from command line to 'None'
[0.251s] Level 5:colcon.colcon_core.verb:set package 'servo_action' build argument 'cmake_target' from command line to 'None'
[0.251s] Level 5:colcon.colcon_core.verb:set package 'servo_action' build argument 'cmake_target_skip_unavailable' from command line to 'False'
[0.251s] Level 5:colcon.colcon_core.verb:set package 'servo_action' build argument 'cmake_clean_cache' from command line to 'False'
[0.251s] Level 5:colcon.colcon_core.verb:set package 'servo_action' build argument 'cmake_clean_first' from command line to 'False'
[0.251s] Level 5:colcon.colcon_core.verb:set package 'servo_action' build argument 'cmake_force_configure' from command line to 'False'
[0.251s] Level 5:colcon.colcon_core.verb:set package 'servo_action' build argument 'ament_cmake_args' from command line to 'None'
[0.251s] Level 5:colcon.colcon_core.verb:set package 'servo_action' build argument 'catkin_cmake_args' from command line to 'None'
[0.251s] Level 5:colcon.colcon_core.verb:set package 'servo_action' build argument 'catkin_skip_building_tests' from command line to 'False'
[0.251s] DEBUG:colcon.colcon_core.verb:Building package 'servo_action' with the following arguments: {'ament_cmake_args': None, 'build_base': '/home/erds/barns_ws/build/servo_action', 'catkin_cmake_args': None, 'catkin_skip_building_tests': False, 'cmake_args': None, 'cmake_clean_cache': False, 'cmake_clean_first': False, 'cmake_force_configure': False, 'cmake_target': None, 'cmake_target_skip_unavailable': False, 'install_base': '/home/erds/barns_ws/install/servo_action', 'merge_install': False, 'path': '/home/erds/barns_ws/src/servo_action', 'symlink_install': False, 'test_result_base': None}
[0.252s] Level 5:colcon.colcon_core.verb:set package 'dobot_bringup_v3' build argument 'cmake_args' from command line to 'None'
[0.252s] Level 5:colcon.colcon_core.verb:set package 'dobot_bringup_v3' build argument 'cmake_target' from command line to 'None'
[0.252s] Level 5:colcon.colcon_core.verb:set package 'dobot_bringup_v3' build argument 'cmake_target_skip_unavailable' from command line to 'False'
[0.252s] Level 5:colcon.colcon_core.verb:set package 'dobot_bringup_v3' build argument 'cmake_clean_cache' from command line to 'False'
[0.252s] Level 5:colcon.colcon_core.verb:set package 'dobot_bringup_v3' build argument 'cmake_clean_first' from command line to 'False'
[0.252s] Level 5:colcon.colcon_core.verb:set package 'dobot_bringup_v3' build argument 'cmake_force_configure' from command line to 'False'
[0.252s] Level 5:colcon.colcon_core.verb:set package 'dobot_bringup_v3' build argument 'ament_cmake_args' from command line to 'None'
[0.252s] Level 5:colcon.colcon_core.verb:set package 'dobot_bringup_v3' build argument 'catkin_cmake_args' from command line to 'None'
[0.252s] Level 5:colcon.colcon_core.verb:set package 'dobot_bringup_v3' build argument 'catkin_skip_building_tests' from command line to 'False'
[0.252s] DEBUG:colcon.colcon_core.verb:Building package 'dobot_bringup_v3' with the following arguments: {'ament_cmake_args': None, 'build_base': '/home/erds/barns_ws/build/dobot_bringup_v3', 'catkin_cmake_args': None, 'catkin_skip_building_tests': False, 'cmake_args': None, 'cmake_clean_cache': False, 'cmake_clean_first': False, 'cmake_force_configure': False, 'cmake_target': None, 'cmake_target_skip_unavailable': False, 'install_base': '/home/erds/barns_ws/install/dobot_bringup_v3', 'merge_install': False, 'path': '/home/erds/barns_ws/src/dobot_bringup_v3', 'symlink_install': False, 'test_result_base': None}
[0.252s] Level 5:colcon.colcon_core.verb:set package 'nova5_moveit' build argument 'cmake_args' from command line to 'None'
[0.252s] Level 5:colcon.colcon_core.verb:set package 'nova5_moveit' build argument 'cmake_target' from command line to 'None'
[0.252s] Level 5:colcon.colcon_core.verb:set package 'nova5_moveit' build argument 'cmake_target_skip_unavailable' from command line to 'False'
[0.252s] Level 5:colcon.colcon_core.verb:set package 'nova5_moveit' build argument 'cmake_clean_cache' from command line to 'False'
[0.252s] Level 5:colcon.colcon_core.verb:set package 'nova5_moveit' build argument 'cmake_clean_first' from command line to 'False'
[0.252s] Level 5:colcon.colcon_core.verb:set package 'nova5_moveit' build argument 'cmake_force_configure' from command line to 'False'
[0.252s] Level 5:colcon.colcon_core.verb:set package 'nova5_moveit' build argument 'ament_cmake_args' from command line to 'None'
[0.252s] Level 5:colcon.colcon_core.verb:set package 'nova5_moveit' build argument 'catkin_cmake_args' from command line to 'None'
[0.252s] Level 5:colcon.colcon_core.verb:set package 'nova5_moveit' build argument 'catkin_skip_building_tests' from command line to 'False'
[0.252s] DEBUG:colcon.colcon_core.verb:Building package 'nova5_moveit' with the following arguments: {'ament_cmake_args': None, 'build_base': '/home/erds/barns_ws/build/nova5_moveit', 'catkin_cmake_args': None, 'catkin_skip_building_tests': False, 'cmake_args': None, 'cmake_clean_cache': False, 'cmake_clean_first': False, 'cmake_force_configure': False, 'cmake_target': None, 'cmake_target_skip_unavailable': False, 'install_base': '/home/erds/barns_ws/install/nova5_moveit', 'merge_install': False, 'path': '/home/erds/barns_ws/src/nova5_moveit', 'symlink_install': False, 'test_result_base': None}
[0.252s] INFO:colcon.colcon_core.executor:Executing jobs using 'parallel' executor
[0.254s] DEBUG:colcon.colcon_parallel_executor.executor.parallel:run_until_complete
[0.254s] INFO:colcon.colcon_ros.task.ament_cmake.build:Building ROS package in '/home/erds/barns_ws/src/dobot_msgs_v3' with build type 'ament_cmake'
[0.254s] INFO:colcon.colcon_cmake.task.cmake.build:Building CMake package in '/home/erds/barns_ws/src/dobot_msgs_v3'
[0.256s] INFO:colcon.colcon_core.plugin_system:Skipping extension 'colcon_core.shell.bat': Not used on non-Windows systems
[0.256s] INFO:colcon.colcon_core.shell:Skip shell extension 'powershell' for command environment: Not usable outside of PowerShell
[0.256s] DEBUG:colcon.colcon_core.shell:Skip shell extension 'dsv' for command environment
[0.263s] INFO:colcon.colcon_ros.task.ament_cmake.build:Building ROS package in '/home/erds/barns_ws/src/dobot_rviz' with build type 'ament_cmake'
[0.263s] INFO:colcon.colcon_cmake.task.cmake.build:Building CMake package in '/home/erds/barns_ws/src/dobot_rviz'
[0.264s] INFO:colcon.colcon_core.shell:Skip shell extension 'powershell' for command environment: Not usable outside of PowerShell
[0.264s] DEBUG:colcon.colcon_core.shell:Skip shell extension 'dsv' for command environment
[0.271s] INFO:colcon.colcon_ros.task.ament_python.build:Building ROS package in '/home/erds/barns_ws/src/dobot_demo' with build type 'ament_python'
[0.271s] Level 1:colcon.colcon_core.shell:create_environment_hook('dobot_demo', 'ament_prefix_path')
[0.272s] INFO:colcon.colcon_core.shell:Creating environment hook '/home/erds/barns_ws/install/dobot_demo/share/dobot_demo/hook/ament_prefix_path.ps1'
[0.273s] INFO:colcon.colcon_core.shell:Creating environment descriptor '/home/erds/barns_ws/install/dobot_demo/share/dobot_demo/hook/ament_prefix_path.dsv'
[0.273s] INFO:colcon.colcon_core.shell:Creating environment hook '/home/erds/barns_ws/install/dobot_demo/share/dobot_demo/hook/ament_prefix_path.sh'
[0.274s] INFO:colcon.colcon_core.shell:Skip shell extension 'powershell' for command environment: Not usable outside of PowerShell
[0.274s] DEBUG:colcon.colcon_core.shell:Skip shell extension 'dsv' for command environment
[0.281s] INFO:colcon.colcon_ros.task.ament_cmake.build:Building ROS package in '/home/erds/barns_ws/src/dobot_gazebo' with build type 'ament_cmake'
[0.282s] INFO:colcon.colcon_cmake.task.cmake.build:Building CMake package in '/home/erds/barns_ws/src/dobot_gazebo'
[0.282s] INFO:colcon.colcon_core.shell:Skip shell extension 'powershell' for command environment: Not usable outside of PowerShell
[0.282s] DEBUG:colcon.colcon_core.shell:Skip shell extension 'dsv' for command environment
[0.289s] INFO:colcon.colcon_ros.task.ament_python.build:Building ROS package in '/home/erds/barns_ws/src/dobot_moveit' with build type 'ament_python'
[0.290s] Level 1:colcon.colcon_core.shell:create_environment_hook('dobot_moveit', 'ament_prefix_path')
[0.290s] INFO:colcon.colcon_core.shell:Creating environment hook '/home/erds/barns_ws/install/dobot_moveit/share/dobot_moveit/hook/ament_prefix_path.ps1'
[0.291s] INFO:colcon.colcon_core.shell:Creating environment descriptor '/home/erds/barns_ws/install/dobot_moveit/share/dobot_moveit/hook/ament_prefix_path.dsv'
[0.291s] INFO:colcon.colcon_core.shell:Creating environment hook '/home/erds/barns_ws/install/dobot_moveit/share/dobot_moveit/hook/ament_prefix_path.sh'
[0.292s] INFO:colcon.colcon_core.shell:Skip shell extension 'powershell' for command environment: Not usable outside of PowerShell
[0.292s] DEBUG:colcon.colcon_core.shell:Skip shell extension 'dsv' for command environment
[0.299s] INFO:colcon.colcon_ros.task.ament_python.build:Building ROS package in '/home/erds/barns_ws/src/pickn_place' with build type 'ament_python'
[0.299s] Level 1:colcon.colcon_core.shell:create_environment_hook('pickn_place', 'ament_prefix_path')
[0.300s] INFO:colcon.colcon_core.shell:Creating environment hook '/home/erds/barns_ws/install/pickn_place/share/pickn_place/hook/ament_prefix_path.ps1'
[0.300s] INFO:colcon.colcon_core.shell:Creating environment descriptor '/home/erds/barns_ws/install/pickn_place/share/pickn_place/hook/ament_prefix_path.dsv'
[0.301s] INFO:colcon.colcon_core.shell:Creating environment hook '/home/erds/barns_ws/install/pickn_place/share/pickn_place/hook/ament_prefix_path.sh'
[0.301s] INFO:colcon.colcon_core.shell:Skip shell extension 'powershell' for command environment: Not usable outside of PowerShell
[0.301s] DEBUG:colcon.colcon_core.shell:Skip shell extension 'dsv' for command environment
[0.309s] INFO:colcon.colcon_ros.task.ament_python.build:Building ROS package in '/home/erds/barns_ws/src/servo_action' with build type 'ament_python'
[0.309s] Level 1:colcon.colcon_core.shell:create_environment_hook('servo_action', 'ament_prefix_path')
[0.309s] INFO:colcon.colcon_core.shell:Creating environment hook '/home/erds/barns_ws/install/servo_action/share/servo_action/hook/ament_prefix_path.ps1'
[0.310s] INFO:colcon.colcon_core.shell:Creating environment descriptor '/home/erds/barns_ws/install/servo_action/share/servo_action/hook/ament_prefix_path.dsv'
[0.310s] INFO:colcon.colcon_core.shell:Creating environment hook '/home/erds/barns_ws/install/servo_action/share/servo_action/hook/ament_prefix_path.sh'
[0.311s] INFO:colcon.colcon_core.shell:Skip shell extension 'powershell' for command environment: Not usable outside of PowerShell
[0.311s] DEBUG:colcon.colcon_core.shell:Skip shell extension 'dsv' for command environment
[0.328s] DEBUG:colcon.colcon_core.event_handler.log_command:Invoking command in '/home/erds/barns_ws/build/dobot_msgs_v3': CMAKE_PREFIX_PATH=${CMAKE_PREFIX_PATH}:/home/erds/barns_ws/install/servo_action:/home/erds/barns_ws/install/pickn_place:/home/erds/barns_ws/install/dobot_bringup_v3:/home/erds/barns_ws/install/dobot_moveit:/home/erds/barns_ws/install/dobot_demo:/home/erds/ws_moveit/install/moveit_configs_utils:/opt/ros/humble /usr/bin/cmake --build /home/erds/barns_ws/build/dobot_msgs_v3 -- -j16 -l16
[0.332s] DEBUG:colcon.colcon_core.event_handler.log_command:Invoking command in '/home/erds/barns_ws/build/dobot_rviz': CMAKE_PREFIX_PATH=${CMAKE_PREFIX_PATH}:/home/erds/barns_ws/install/servo_action:/home/erds/barns_ws/install/pickn_place:/home/erds/barns_ws/install/dobot_bringup_v3:/home/erds/barns_ws/install/dobot_moveit:/home/erds/barns_ws/install/dobot_demo:/home/erds/ws_moveit/install/moveit_configs_utils:/opt/ros/humble /usr/bin/cmake --build /home/erds/barns_ws/build/dobot_rviz -- -j16 -l16
[0.563s] INFO:colcon.colcon_core.task.python.build:Building Python package in '/home/erds/barns_ws/src/dobot_demo'
[0.564s] INFO:colcon.colcon_core.shell:Skip shell extension 'powershell' for command environment: Not usable outside of PowerShell
[0.564s] DEBUG:colcon.colcon_core.shell:Skip shell extension 'dsv' for command environment
[0.576s] DEBUG:colcon.colcon_core.event_handler.log_command:Invoking command in '/home/erds/barns_ws/build/dobot_gazebo': CMAKE_PREFIX_PATH=${CMAKE_PREFIX_PATH}:/home/erds/barns_ws/install/servo_action:/home/erds/barns_ws/install/pickn_place:/home/erds/barns_ws/install/dobot_bringup_v3:/home/erds/barns_ws/install/dobot_moveit:/home/erds/barns_ws/install/dobot_demo:/home/erds/ws_moveit/install/moveit_configs_utils:/opt/ros/humble /usr/bin/cmake --build /home/erds/barns_ws/build/dobot_gazebo -- -j16 -l16
[0.842s] INFO:colcon.colcon_core.task.python.build:Building Python package in '/home/erds/barns_ws/src/dobot_moveit'
[0.842s] INFO:colcon.colcon_core.shell:Skip shell extension 'powershell' for command environment: Not usable outside of PowerShell
[0.842s] DEBUG:colcon.colcon_core.shell:Skip shell extension 'dsv' for command environment
[1.074s] INFO:colcon.colcon_core.task.python.build:Building Python package in '/home/erds/barns_ws/src/pickn_place'
[1.075s] INFO:colcon.colcon_core.shell:Skip shell extension 'powershell' for command environment: Not usable outside of PowerShell
[1.075s] DEBUG:colcon.colcon_core.shell:Skip shell extension 'dsv' for command environment
[1.086s] DEBUG:colcon.colcon_core.event_handler.log_command:Invoked command in '/home/erds/barns_ws/build/dobot_rviz' returned '0': CMAKE_PREFIX_PATH=${CMAKE_PREFIX_PATH}:/home/erds/barns_ws/install/servo_action:/home/erds/barns_ws/install/pickn_place:/home/erds/barns_ws/install/dobot_bringup_v3:/home/erds/barns_ws/install/dobot_moveit:/home/erds/barns_ws/install/dobot_demo:/home/erds/ws_moveit/install/moveit_configs_utils:/opt/ros/humble /usr/bin/cmake --build /home/erds/barns_ws/build/dobot_rviz -- -j16 -l16
[1.100s] DEBUG:colcon.colcon_core.event_handler.log_command:Invoking command in '/home/erds/barns_ws/build/dobot_rviz': CMAKE_PREFIX_PATH=${CMAKE_PREFIX_PATH}:/home/erds/barns_ws/install/servo_action:/home/erds/barns_ws/install/pickn_place:/home/erds/barns_ws/install/dobot_bringup_v3:/home/erds/barns_ws/install/dobot_moveit:/home/erds/barns_ws/install/dobot_demo:/home/erds/ws_moveit/install/moveit_configs_utils:/opt/ros/humble /usr/bin/cmake --install /home/erds/barns_ws/build/dobot_rviz
[1.100s] DEBUG:colcon.colcon_core.event_handler.log_command:Invoked command in '/home/erds/barns_ws/build/dobot_gazebo' returned '0': CMAKE_PREFIX_PATH=${CMAKE_PREFIX_PATH}:/home/erds/barns_ws/install/servo_action:/home/erds/barns_ws/install/pickn_place:/home/erds/barns_ws/install/dobot_bringup_v3:/home/erds/barns_ws/install/dobot_moveit:/home/erds/barns_ws/install/dobot_demo:/home/erds/ws_moveit/install/moveit_configs_utils:/opt/ros/humble /usr/bin/cmake --build /home/erds/barns_ws/build/dobot_gazebo -- -j16 -l16
[1.102s] DEBUG:colcon.colcon_core.event_handler.log_command:Invoking command in '/home/erds/barns_ws/build/dobot_gazebo': CMAKE_PREFIX_PATH=${CMAKE_PREFIX_PATH}:/home/erds/barns_ws/install/servo_action:/home/erds/barns_ws/install/pickn_place:/home/erds/barns_ws/install/dobot_bringup_v3:/home/erds/barns_ws/install/dobot_moveit:/home/erds/barns_ws/install/dobot_demo:/home/erds/ws_moveit/install/moveit_configs_utils:/opt/ros/humble /usr/bin/cmake --install /home/erds/barns_ws/build/dobot_gazebo
[1.317s] INFO:colcon.colcon_core.task.python.build:Building Python package in '/home/erds/barns_ws/src/servo_action'
[1.318s] INFO:colcon.colcon_core.shell:Skip shell extension 'powershell' for command environment: Not usable outside of PowerShell
[1.318s] DEBUG:colcon.colcon_core.shell:Skip shell extension 'dsv' for command environment
[1.330s] DEBUG:colcon.colcon_core.event_handler.log_command:Invoked command in '/home/erds/barns_ws/build/dobot_msgs_v3' returned '0': CMAKE_PREFIX_PATH=${CMAKE_PREFIX_PATH}:/home/erds/barns_ws/install/servo_action:/home/erds/barns_ws/install/pickn_place:/home/erds/barns_ws/install/dobot_bringup_v3:/home/erds/barns_ws/install/dobot_moveit:/home/erds/barns_ws/install/dobot_demo:/home/erds/ws_moveit/install/moveit_configs_utils:/opt/ros/humble /usr/bin/cmake --build /home/erds/barns_ws/build/dobot_msgs_v3 -- -j16 -l16
[1.333s] DEBUG:colcon.colcon_core.event_handler.log_command:Invoking command in '/home/erds/barns_ws/build/dobot_msgs_v3': CMAKE_PREFIX_PATH=${CMAKE_PREFIX_PATH}:/home/erds/barns_ws/install/servo_action:/home/erds/barns_ws/install/pickn_place:/home/erds/barns_ws/install/dobot_bringup_v3:/home/erds/barns_ws/install/dobot_moveit:/home/erds/barns_ws/install/dobot_demo:/home/erds/ws_moveit/install/moveit_configs_utils:/opt/ros/humble /usr/bin/cmake --install /home/erds/barns_ws/build/dobot_msgs_v3
[1.374s] Level 1:colcon.colcon_core.environment:create_environment_scripts_only(dobot_rviz)
[1.387s] Level 1:colcon.colcon_core.environment:checking '/home/erds/barns_ws/install/dobot_rviz' for CMake module files
[1.388s] Level 1:colcon.colcon_core.environment:checking '/home/erds/barns_ws/install/dobot_rviz' for CMake config files
[1.390s] Level 1:colcon.colcon_core.shell:create_environment_hook('dobot_rviz', 'cmake_prefix_path')
[1.391s] INFO:colcon.colcon_core.shell:Creating environment hook '/home/erds/barns_ws/install/dobot_rviz/share/dobot_rviz/hook/cmake_prefix_path.ps1'
[1.393s] INFO:colcon.colcon_core.shell:Creating environment descriptor '/home/erds/barns_ws/install/dobot_rviz/share/dobot_rviz/hook/cmake_prefix_path.dsv'
[1.397s] INFO:colcon.colcon_core.shell:Creating environment hook '/home/erds/barns_ws/install/dobot_rviz/share/dobot_rviz/hook/cmake_prefix_path.sh'
[1.401s] Level 1:colcon.colcon_core.environment:checking '/home/erds/barns_ws/install/dobot_rviz/bin'
[1.401s] Level 1:colcon.colcon_core.environment:checking '/home/erds/barns_ws/install/dobot_rviz/lib/pkgconfig/dobot_rviz.pc'
[1.401s] Level 1:colcon.colcon_core.environment:checking '/home/erds/barns_ws/install/dobot_rviz/lib/python3.10/site-packages'
[1.402s] Level 1:colcon.colcon_core.environment:checking '/home/erds/barns_ws/install/dobot_rviz/bin'
[1.403s] INFO:colcon.colcon_core.shell:Creating package script '/home/erds/barns_ws/install/dobot_rviz/share/dobot_rviz/package.ps1'
[1.407s] INFO:colcon.colcon_core.shell:Creating package descriptor '/home/erds/barns_ws/install/dobot_rviz/share/dobot_rviz/package.dsv'
[1.410s] INFO:colcon.colcon_core.shell:Creating package script '/home/erds/barns_ws/install/dobot_rviz/share/dobot_rviz/package.sh'
[1.413s] INFO:colcon.colcon_core.shell:Creating package script '/home/erds/barns_ws/install/dobot_rviz/share/dobot_rviz/package.bash'
[1.416s] INFO:colcon.colcon_core.shell:Creating package script '/home/erds/barns_ws/install/dobot_rviz/share/dobot_rviz/package.zsh'
[1.420s] Level 1:colcon.colcon_core.environment:create_file_with_runtime_dependencies(/home/erds/barns_ws/install/dobot_rviz/share/colcon-core/packages/dobot_rviz)
[1.424s] Level 1:colcon.colcon_core.environment:create_environment_scripts_only(dobot_rviz)
[1.424s] Level 1:colcon.colcon_core.environment:checking '/home/erds/barns_ws/install/dobot_rviz' for CMake module files
[1.427s] Level 1:colcon.colcon_core.environment:checking '/home/erds/barns_ws/install/dobot_rviz' for CMake config files
[1.435s] Level 1:colcon.colcon_core.shell:create_environment_hook('dobot_rviz', 'cmake_prefix_path')
[1.435s] INFO:colcon.colcon_core.shell:Creating environment hook '/home/erds/barns_ws/install/dobot_rviz/share/dobot_rviz/hook/cmake_prefix_path.ps1'
[1.437s] INFO:colcon.colcon_core.shell:Creating environment descriptor '/home/erds/barns_ws/install/dobot_rviz/share/dobot_rviz/hook/cmake_prefix_path.dsv'
[1.438s] INFO:colcon.colcon_core.shell:Creating environment hook '/home/erds/barns_ws/install/dobot_rviz/share/dobot_rviz/hook/cmake_prefix_path.sh'
[1.441s] Level 1:colcon.colcon_core.environment:checking '/home/erds/barns_ws/install/dobot_rviz/bin'
[1.441s] Level 1:colcon.colcon_core.environment:checking '/home/erds/barns_ws/install/dobot_rviz/lib/pkgconfig/dobot_rviz.pc'
[1.441s] Level 1:colcon.colcon_core.environment:checking '/home/erds/barns_ws/install/dobot_rviz/lib/python3.10/site-packages'
[1.442s] Level 1:colcon.colcon_core.environment:checking '/home/erds/barns_ws/install/dobot_rviz/bin'
[1.442s] INFO:colcon.colcon_core.shell:Creating package script '/home/erds/barns_ws/install/dobot_rviz/share/dobot_rviz/package.ps1'
[1.443s] INFO:colcon.colcon_core.shell:Creating package descriptor '/home/erds/barns_ws/install/dobot_rviz/share/dobot_rviz/package.dsv'
[1.445s] INFO:colcon.colcon_core.shell:Creating package script '/home/erds/barns_ws/install/dobot_rviz/share/dobot_rviz/package.sh'
[1.446s] INFO:colcon.colcon_core.shell:Creating package script '/home/erds/barns_ws/install/dobot_rviz/share/dobot_rviz/package.bash'
[1.450s] INFO:colcon.colcon_core.shell:Creating package script '/home/erds/barns_ws/install/dobot_rviz/share/dobot_rviz/package.zsh'
[1.452s] Level 1:colcon.colcon_core.environment:create_file_with_runtime_dependencies(/home/erds/barns_ws/install/dobot_rviz/share/colcon-core/packages/dobot_rviz)
[1.452s] Level 1:colcon.colcon_core.environment:create_environment_scripts_only(dobot_gazebo)
[1.453s] Level 1:colcon.colcon_core.environment:checking '/home/erds/barns_ws/install/dobot_gazebo' for CMake module files
[1.456s] Level 1:colcon.colcon_core.environment:checking '/home/erds/barns_ws/install/dobot_gazebo' for CMake config files
[1.459s] Level 1:colcon.colcon_core.shell:create_environment_hook('dobot_gazebo', 'cmake_prefix_path')
[1.460s] INFO:colcon.colcon_core.shell:Creating environment hook '/home/erds/barns_ws/install/dobot_gazebo/share/dobot_gazebo/hook/cmake_prefix_path.ps1'
[1.466s] INFO:colcon.colcon_core.shell:Creating environment descriptor '/home/erds/barns_ws/install/dobot_gazebo/share/dobot_gazebo/hook/cmake_prefix_path.dsv'
[1.471s] INFO:colcon.colcon_core.shell:Creating environment hook '/home/erds/barns_ws/install/dobot_gazebo/share/dobot_gazebo/hook/cmake_prefix_path.sh'
[1.477s] Level 1:colcon.colcon_core.environment:checking '/home/erds/barns_ws/install/dobot_gazebo/bin'
[1.477s] Level 1:colcon.colcon_core.environment:checking '/home/erds/barns_ws/install/dobot_gazebo/lib/pkgconfig/dobot_gazebo.pc'
[1.477s] Level 1:colcon.colcon_core.environment:checking '/home/erds/barns_ws/install/dobot_gazebo/lib/python3.10/site-packages'
[1.477s] Level 1:colcon.colcon_core.environment:checking '/home/erds/barns_ws/install/dobot_gazebo/bin'
[1.478s] INFO:colcon.colcon_core.shell:Creating package script '/home/erds/barns_ws/install/dobot_gazebo/share/dobot_gazebo/package.ps1'
[1.478s] INFO:colcon.colcon_core.shell:Creating package descriptor '/home/erds/barns_ws/install/dobot_gazebo/share/dobot_gazebo/package.dsv'
[1.479s] INFO:colcon.colcon_core.shell:Creating package script '/home/erds/barns_ws/install/dobot_gazebo/share/dobot_gazebo/package.sh'
[1.480s] INFO:colcon.colcon_core.shell:Creating package script '/home/erds/barns_ws/install/dobot_gazebo/share/dobot_gazebo/package.bash'
[1.480s] INFO:colcon.colcon_core.shell:Creating package script '/home/erds/barns_ws/install/dobot_gazebo/share/dobot_gazebo/package.zsh'
[1.485s] Level 1:colcon.colcon_core.environment:create_file_with_runtime_dependencies(/home/erds/barns_ws/install/dobot_gazebo/share/colcon-core/packages/dobot_gazebo)
[1.489s] Level 1:colcon.colcon_core.environment:create_environment_scripts_only(dobot_gazebo)
[1.490s] Level 1:colcon.colcon_core.environment:checking '/home/erds/barns_ws/install/dobot_gazebo' for CMake module files
[1.490s] Level 1:colcon.colcon_core.environment:checking '/home/erds/barns_ws/install/dobot_gazebo' for CMake config files
[1.491s] Level 1:colcon.colcon_core.shell:create_environment_hook('dobot_gazebo', 'cmake_prefix_path')
[1.491s] INFO:colcon.colcon_core.shell:Creating environment hook '/home/erds/barns_ws/install/dobot_gazebo/share/dobot_gazebo/hook/cmake_prefix_path.ps1'
[1.493s] INFO:colcon.colcon_core.shell:Creating environment descriptor '/home/erds/barns_ws/install/dobot_gazebo/share/dobot_gazebo/hook/cmake_prefix_path.dsv'
[1.497s] INFO:colcon.colcon_core.shell:Creating environment hook '/home/erds/barns_ws/install/dobot_gazebo/share/dobot_gazebo/hook/cmake_prefix_path.sh'
[1.499s] DEBUG:colcon.colcon_core.event_handler.log_command:Invoked command in '/home/erds/barns_ws/build/dobot_rviz' returned '0': CMAKE_PREFIX_PATH=${CMAKE_PREFIX_PATH}:/home/erds/barns_ws/install/servo_action:/home/erds/barns_ws/install/pickn_place:/home/erds/barns_ws/install/dobot_bringup_v3:/home/erds/barns_ws/install/dobot_moveit:/home/erds/barns_ws/install/dobot_demo:/home/erds/ws_moveit/install/moveit_configs_utils:/opt/ros/humble /usr/bin/cmake --install /home/erds/barns_ws/build/dobot_rviz
[1.502s] Level 1:colcon.colcon_core.environment:checking '/home/erds/barns_ws/install/dobot_gazebo/bin'
[1.502s] Level 1:colcon.colcon_core.environment:checking '/home/erds/barns_ws/install/dobot_gazebo/lib/pkgconfig/dobot_gazebo.pc'
[1.502s] Level 1:colcon.colcon_core.environment:checking '/home/erds/barns_ws/install/dobot_gazebo/lib/python3.10/site-packages'
[1.503s] Level 1:colcon.colcon_core.environment:checking '/home/erds/barns_ws/install/dobot_gazebo/bin'
[1.503s] INFO:colcon.colcon_core.shell:Creating package script '/home/erds/barns_ws/install/dobot_gazebo/share/dobot_gazebo/package.ps1'
[1.507s] INFO:colcon.colcon_core.shell:Creating package descriptor '/home/erds/barns_ws/install/dobot_gazebo/share/dobot_gazebo/package.dsv'
[1.509s] INFO:colcon.colcon_core.shell:Creating package script '/home/erds/barns_ws/install/dobot_gazebo/share/dobot_gazebo/package.sh'
[1.511s] INFO:colcon.colcon_core.shell:Creating package script '/home/erds/barns_ws/install/dobot_gazebo/share/dobot_gazebo/package.bash'
[1.516s] INFO:colcon.colcon_core.shell:Creating package script '/home/erds/barns_ws/install/dobot_gazebo/share/dobot_gazebo/package.zsh'
[1.518s] Level 1:colcon.colcon_core.environment:create_file_with_runtime_dependencies(/home/erds/barns_ws/install/dobot_gazebo/share/colcon-core/packages/dobot_gazebo)
[1.518s] INFO:colcon.colcon_ros.task.ament_cmake.build:Building ROS package in '/home/erds/barns_ws/src/nova5_moveit' with build type 'ament_cmake'
[1.519s] INFO:colcon.colcon_cmake.task.cmake.build:Building CMake package in '/home/erds/barns_ws/src/nova5_moveit'
[1.519s] INFO:colcon.colcon_core.shell:Skip shell extension 'powershell' for command environment: Not usable outside of PowerShell
[1.519s] DEBUG:colcon.colcon_core.shell:Skip shell extension 'dsv' for command environment
[1.625s] Level 1:colcon.colcon_core.environment:create_environment_scripts_only(dobot_msgs_v3)
[1.626s] Level 1:colcon.colcon_core.environment:checking '/home/erds/barns_ws/install/dobot_msgs_v3' for CMake module files
[1.629s] Level 1:colcon.colcon_core.environment:checking '/home/erds/barns_ws/install/dobot_msgs_v3' for CMake config files
[1.640s] Level 1:colcon.colcon_core.shell:create_environment_hook('dobot_msgs_v3', 'cmake_prefix_path')
[1.640s] INFO:colcon.colcon_core.shell:Creating environment hook '/home/erds/barns_ws/install/dobot_msgs_v3/share/dobot_msgs_v3/hook/cmake_prefix_path.ps1'
[1.642s] INFO:colcon.colcon_core.shell:Creating environment descriptor '/home/erds/barns_ws/install/dobot_msgs_v3/share/dobot_msgs_v3/hook/cmake_prefix_path.dsv'
[1.644s] INFO:colcon.colcon_core.shell:Creating environment hook '/home/erds/barns_ws/install/dobot_msgs_v3/share/dobot_msgs_v3/hook/cmake_prefix_path.sh'
[1.650s] Level 1:colcon.colcon_core.environment:checking '/home/erds/barns_ws/install/dobot_msgs_v3/lib'
[1.652s] Level 1:colcon.colcon_core.shell:create_environment_hook('dobot_msgs_v3', 'ld_library_path_lib')
[1.654s] INFO:colcon.colcon_core.shell:Creating environment hook '/home/erds/barns_ws/install/dobot_msgs_v3/share/dobot_msgs_v3/hook/ld_library_path_lib.ps1'
[1.656s] INFO:colcon.colcon_core.shell:Creating environment descriptor '/home/erds/barns_ws/install/dobot_msgs_v3/share/dobot_msgs_v3/hook/ld_library_path_lib.dsv'
[1.658s] INFO:colcon.colcon_core.shell:Creating environment hook '/home/erds/barns_ws/install/dobot_msgs_v3/share/dobot_msgs_v3/hook/ld_library_path_lib.sh'
[1.660s] Level 1:colcon.colcon_core.environment:checking '/home/erds/barns_ws/install/dobot_msgs_v3/bin'
[1.661s] Level 1:colcon.colcon_core.environment:checking '/home/erds/barns_ws/install/dobot_msgs_v3/lib/pkgconfig/dobot_msgs_v3.pc'
[1.661s] Level 1:colcon.colcon_core.environment:checking '/home/erds/barns_ws/install/dobot_msgs_v3/lib/python3.10/site-packages'
[1.662s] Level 1:colcon.colcon_core.environment:checking '/home/erds/barns_ws/install/dobot_msgs_v3/bin'
[1.662s] INFO:colcon.colcon_core.shell:Creating package script '/home/erds/barns_ws/install/dobot_msgs_v3/share/dobot_msgs_v3/package.ps1'
[1.665s] INFO:colcon.colcon_core.shell:Creating package descriptor '/home/erds/barns_ws/install/dobot_msgs_v3/share/dobot_msgs_v3/package.dsv'
[1.667s] INFO:colcon.colcon_core.shell:Creating package script '/home/erds/barns_ws/install/dobot_msgs_v3/share/dobot_msgs_v3/package.sh'
[1.669s] INFO:colcon.colcon_core.shell:Creating package script '/home/erds/barns_ws/install/dobot_msgs_v3/share/dobot_msgs_v3/package.bash'
[1.671s] INFO:colcon.colcon_core.shell:Creating package script '/home/erds/barns_ws/install/dobot_msgs_v3/share/dobot_msgs_v3/package.zsh'
[1.672s] Level 1:colcon.colcon_core.environment:create_file_with_runtime_dependencies(/home/erds/barns_ws/install/dobot_msgs_v3/share/colcon-core/packages/dobot_msgs_v3)
[1.675s] Level 1:colcon.colcon_core.environment:create_environment_scripts_only(dobot_msgs_v3)
[1.675s] Level 1:colcon.colcon_core.environment:checking '/home/erds/barns_ws/install/dobot_msgs_v3' for CMake module files
[1.683s] Level 1:colcon.colcon_core.environment:checking '/home/erds/barns_ws/install/dobot_msgs_v3' for CMake config files
[1.690s] Level 1:colcon.colcon_core.shell:create_environment_hook('dobot_msgs_v3', 'cmake_prefix_path')
[1.691s] INFO:colcon.colcon_core.shell:Creating environment hook '/home/erds/barns_ws/install/dobot_msgs_v3/share/dobot_msgs_v3/hook/cmake_prefix_path.ps1'
[1.694s] INFO:colcon.colcon_core.shell:Creating environment descriptor '/home/erds/barns_ws/install/dobot_msgs_v3/share/dobot_msgs_v3/hook/cmake_prefix_path.dsv'
[1.696s] INFO:colcon.colcon_core.shell:Creating environment hook '/home/erds/barns_ws/install/dobot_msgs_v3/share/dobot_msgs_v3/hook/cmake_prefix_path.sh'
[1.699s] Level 1:colcon.colcon_core.environment:checking '/home/erds/barns_ws/install/dobot_msgs_v3/lib'
[1.699s] Level 1:colcon.colcon_core.shell:create_environment_hook('dobot_msgs_v3', 'ld_library_path_lib')
[1.699s] INFO:colcon.colcon_core.shell:Creating environment hook '/home/erds/barns_ws/install/dobot_msgs_v3/share/dobot_msgs_v3/hook/ld_library_path_lib.ps1'
[1.700s] DEBUG:colcon.colcon_core.event_handler.log_command:Invoked command in '/home/erds/barns_ws/build/dobot_gazebo' returned '0': CMAKE_PREFIX_PATH=${CMAKE_PREFIX_PATH}:/home/erds/barns_ws/install/servo_action:/home/erds/barns_ws/install/pickn_place:/home/erds/barns_ws/install/dobot_bringup_v3:/home/erds/barns_ws/install/dobot_moveit:/home/erds/barns_ws/install/dobot_demo:/home/erds/ws_moveit/install/moveit_configs_utils:/opt/ros/humble /usr/bin/cmake --install /home/erds/barns_ws/build/dobot_gazebo
[1.701s] INFO:colcon.colcon_core.shell:Creating environment descriptor '/home/erds/barns_ws/install/dobot_msgs_v3/share/dobot_msgs_v3/hook/ld_library_path_lib.dsv'
[1.701s] INFO:colcon.colcon_core.shell:Creating environment hook '/home/erds/barns_ws/install/dobot_msgs_v3/share/dobot_msgs_v3/hook/ld_library_path_lib.sh'
[1.703s] Level 1:colcon.colcon_core.environment:checking '/home/erds/barns_ws/install/dobot_msgs_v3/bin'
[1.703s] Level 1:colcon.colcon_core.environment:checking '/home/erds/barns_ws/install/dobot_msgs_v3/lib/pkgconfig/dobot_msgs_v3.pc'
[1.703s] Level 1:colcon.colcon_core.environment:checking '/home/erds/barns_ws/install/dobot_msgs_v3/lib/python3.10/site-packages'
[1.704s] Level 1:colcon.colcon_core.environment:checking '/home/erds/barns_ws/install/dobot_msgs_v3/bin'
[1.704s] INFO:colcon.colcon_core.shell:Creating package script '/home/erds/barns_ws/install/dobot_msgs_v3/share/dobot_msgs_v3/package.ps1'
[1.706s] INFO:colcon.colcon_core.shell:Creating package descriptor '/home/erds/barns_ws/install/dobot_msgs_v3/share/dobot_msgs_v3/package.dsv'
[1.709s] INFO:colcon.colcon_core.shell:Creating package script '/home/erds/barns_ws/install/dobot_msgs_v3/share/dobot_msgs_v3/package.sh'
[1.711s] INFO:colcon.colcon_core.shell:Creating package script '/home/erds/barns_ws/install/dobot_msgs_v3/share/dobot_msgs_v3/package.bash'
[1.713s] INFO:colcon.colcon_core.shell:Creating package script '/home/erds/barns_ws/install/dobot_msgs_v3/share/dobot_msgs_v3/package.zsh'
[1.714s] Level 1:colcon.colcon_core.environment:create_file_with_runtime_dependencies(/home/erds/barns_ws/install/dobot_msgs_v3/share/colcon-core/packages/dobot_msgs_v3)
[1.715s] INFO:colcon.colcon_ros.task.ament_python.build:Building ROS package in '/home/erds/barns_ws/src/dobot_bringup_v3' with build type 'ament_python'
[1.716s] Level 1:colcon.colcon_core.shell:create_environment_hook('dobot_bringup_v3', 'ament_prefix_path')
[1.716s] INFO:colcon.colcon_core.shell:Creating environment hook '/home/erds/barns_ws/install/dobot_bringup_v3/share/dobot_bringup_v3/hook/ament_prefix_path.ps1'
[1.717s] INFO:colcon.colcon_core.shell:Creating environment descriptor '/home/erds/barns_ws/install/dobot_bringup_v3/share/dobot_bringup_v3/hook/ament_prefix_path.dsv'
[1.719s] INFO:colcon.colcon_core.shell:Creating environment hook '/home/erds/barns_ws/install/dobot_bringup_v3/share/dobot_bringup_v3/hook/ament_prefix_path.sh'
[1.720s] INFO:colcon.colcon_core.shell:Skip shell extension 'powershell' for command environment: Not usable outside of PowerShell
[1.720s] DEBUG:colcon.colcon_core.shell:Skip shell extension 'dsv' for command environment
[1.744s] DEBUG:colcon.colcon_core.event_handler.log_command:Invoking command in '/home/erds/barns_ws/build/nova5_moveit': CMAKE_PREFIX_PATH=/home/erds/barns_ws/install/dobot_rviz:/home/erds/ros2_ws/install/realsense2_description:/home/erds/ros2_ws/install/realsense2_camera:/home/erds/ros2_ws/install/realsense2_camera_msgs:/home/erds/barns_ws/install/nova5_moveit:/home/erds/barns_ws/install/dobot_msgs_v3:/home/erds/barns_ws/install/dobot_gazebo:/home/erds/ws_moveit/install/pymoveit2:/home/erds/ws_moveit/install/pilz_industrial_motion_planner_testutils:/home/erds/ws_moveit/install/moveit_runtime:/home/erds/ws_moveit/install/moveit:/home/erds/ws_moveit/install/moveit_planners:/home/erds/ws_moveit/install/pilz_industrial_motion_planner:/home/erds/ws_moveit/install/moveit_ros_control_interface:/home/erds/ws_moveit/install/moveit_plugins:/home/erds/ws_moveit/install/moveit_simple_controller_manager:/home/erds/ws_moveit/install/moveit_setup_assistant:/home/erds/ws_moveit/install/moveit_setup_srdf_plugins:/home/erds/ws_moveit/install/moveit_setup_core_plugins:/home/erds/ws_moveit/install/moveit_setup_controllers:/home/erds/ws_moveit/install/moveit_setup_app_plugins:/home/erds/ws_moveit/install/moveit_setup_framework:/home/erds/ws_moveit/install/moveit_servo:/home/erds/ws_moveit/install/moveit_ros:/home/erds/ws_moveit/install/moveit_ros_visualization:/home/erds/ws_moveit/install/moveit_hybrid_planning:/home/erds/ws_moveit/install/moveit_ros_planning_interface:/home/erds/ws_moveit/install/moveit_ros_benchmarks:/home/erds/ws_moveit/install/moveit_ros_warehouse:/home/erds/ws_moveit/install/moveit_ros_robot_interaction:/home/erds/ws_moveit/install/moveit_ros_perception:/home/erds/ws_moveit/install/moveit_resources_prbt_pg70_support:/home/erds/ws_moveit/install/moveit_resources_prbt_moveit_config:/home/erds/ws_moveit/install/moveit_ros_move_group:/home/erds/ws_moveit/install/moveit_planners_ompl:/home/erds/ws_moveit/install/moveit_ros_planning:/home/erds/ws_moveit/install/moveit_ros_occupancy_map_monitor:/home/erds/ws_moveit/install/moveit_resources_prbt_support:/home/erds/ws_moveit/install/moveit_resources_prbt_ikfast_manipulator_plugin:/home/erds/ws_moveit/install/moveit_resources:/home/erds/ws_moveit/install/moveit_resources_pr2_description:/home/erds/ws_moveit/install/moveit_resources_panda_moveit_config:/home/erds/ws_moveit/install/moveit_resources_panda_description:/home/erds/ws_moveit/install/moveit_resources_fanuc_moveit_config:/home/erds/ws_moveit/install/moveit_resources_fanuc_description:/home/erds/ws_moveit/install/moveit_planners_chomp:/home/erds/ws_moveit/install/moveit_kinematics:/home/erds/ws_moveit/install/moveit_chomp_optimizer_adapter:/home/erds/ws_moveit/install/chomp_motion_planner:/home/erds/ws_moveit/install/moveit_core:/home/erds/ws_moveit/install/moveit_msgs:/home/erds/ws_moveit/install/moveit_common:/home/erds/barns_ws/install/servo_action:/home/erds/barns_ws/install/pickn_place:/home/erds/barns_ws/install/dobot_bringup_v3:/home/erds/barns_ws/install/dobot_moveit:/home/erds/barns_ws/install/dobot_demo:/home/erds/ws_moveit/install/moveit_configs_utils:/opt/ros/humble /usr/bin/cmake --build /home/erds/barns_ws/build/nova5_moveit -- -j16 -l16
[1.750s] DEBUG:colcon.colcon_core.event_handler.log_command:Invoked command in '/home/erds/barns_ws/build/dobot_msgs_v3' returned '0': CMAKE_PREFIX_PATH=${CMAKE_PREFIX_PATH}:/home/erds/barns_ws/install/servo_action:/home/erds/barns_ws/install/pickn_place:/home/erds/barns_ws/install/dobot_bringup_v3:/home/erds/barns_ws/install/dobot_moveit:/home/erds/barns_ws/install/dobot_demo:/home/erds/ws_moveit/install/moveit_configs_utils:/opt/ros/humble /usr/bin/cmake --install /home/erds/barns_ws/build/dobot_msgs_v3
[1.760s] DEBUG:colcon.colcon_core.event_handler.log_command:Invoked command in '/home/erds/barns_ws/build/nova5_moveit' returned '0': CMAKE_PREFIX_PATH=/home/erds/barns_ws/install/dobot_rviz:/home/erds/ros2_ws/install/realsense2_description:/home/erds/ros2_ws/install/realsense2_camera:/home/erds/ros2_ws/install/realsense2_camera_msgs:/home/erds/barns_ws/install/nova5_moveit:/home/erds/barns_ws/install/dobot_msgs_v3:/home/erds/barns_ws/install/dobot_gazebo:/home/erds/ws_moveit/install/pymoveit2:/home/erds/ws_moveit/install/pilz_industrial_motion_planner_testutils:/home/erds/ws_moveit/install/moveit_runtime:/home/erds/ws_moveit/install/moveit:/home/erds/ws_moveit/install/moveit_planners:/home/erds/ws_moveit/install/pilz_industrial_motion_planner:/home/erds/ws_moveit/install/moveit_ros_control_interface:/home/erds/ws_moveit/install/moveit_plugins:/home/erds/ws_moveit/install/moveit_simple_controller_manager:/home/erds/ws_moveit/install/moveit_setup_assistant:/home/erds/ws_moveit/install/moveit_setup_srdf_plugins:/home/erds/ws_moveit/install/moveit_setup_core_plugins:/home/erds/ws_moveit/install/moveit_setup_controllers:/home/erds/ws_moveit/install/moveit_setup_app_plugins:/home/erds/ws_moveit/install/moveit_setup_framework:/home/erds/ws_moveit/install/moveit_servo:/home/erds/ws_moveit/install/moveit_ros:/home/erds/ws_moveit/install/moveit_ros_visualization:/home/erds/ws_moveit/install/moveit_hybrid_planning:/home/erds/ws_moveit/install/moveit_ros_planning_interface:/home/erds/ws_moveit/install/moveit_ros_benchmarks:/home/erds/ws_moveit/install/moveit_ros_warehouse:/home/erds/ws_moveit/install/moveit_ros_robot_interaction:/home/erds/ws_moveit/install/moveit_ros_perception:/home/erds/ws_moveit/install/moveit_resources_prbt_pg70_support:/home/erds/ws_moveit/install/moveit_resources_prbt_moveit_config:/home/erds/ws_moveit/install/moveit_ros_move_group:/home/erds/ws_moveit/install/moveit_planners_ompl:/home/erds/ws_moveit/install/moveit_ros_planning:/home/erds/ws_moveit/install/moveit_ros_occupancy_map_monitor:/home/erds/ws_moveit/install/moveit_resources_prbt_support:/home/erds/ws_moveit/install/moveit_resources_prbt_ikfast_manipulator_plugin:/home/erds/ws_moveit/install/moveit_resources:/home/erds/ws_moveit/install/moveit_resources_pr2_description:/home/erds/ws_moveit/install/moveit_resources_panda_moveit_config:/home/erds/ws_moveit/install/moveit_resources_panda_description:/home/erds/ws_moveit/install/moveit_resources_fanuc_moveit_config:/home/erds/ws_moveit/install/moveit_resources_fanuc_description:/home/erds/ws_moveit/install/moveit_planners_chomp:/home/erds/ws_moveit/install/moveit_kinematics:/home/erds/ws_moveit/install/moveit_chomp_optimizer_adapter:/home/erds/ws_moveit/install/chomp_motion_planner:/home/erds/ws_moveit/install/moveit_core:/home/erds/ws_moveit/install/moveit_msgs:/home/erds/ws_moveit/install/moveit_common:/home/erds/barns_ws/install/servo_action:/home/erds/barns_ws/install/pickn_place:/home/erds/barns_ws/install/dobot_bringup_v3:/home/erds/barns_ws/install/dobot_moveit:/home/erds/barns_ws/install/dobot_demo:/home/erds/ws_moveit/install/moveit_configs_utils:/opt/ros/humble /usr/bin/cmake --build /home/erds/barns_ws/build/nova5_moveit -- -j16 -l16
[1.763s] DEBUG:colcon.colcon_core.event_handler.log_command:Invoking command in '/home/erds/barns_ws/build/nova5_moveit': CMAKE_PREFIX_PATH=/home/erds/barns_ws/install/dobot_rviz:/home/erds/ros2_ws/install/realsense2_description:/home/erds/ros2_ws/install/realsense2_camera:/home/erds/ros2_ws/install/realsense2_camera_msgs:/home/erds/barns_ws/install/nova5_moveit:/home/erds/barns_ws/install/dobot_msgs_v3:/home/erds/barns_ws/install/dobot_gazebo:/home/erds/ws_moveit/install/pymoveit2:/home/erds/ws_moveit/install/pilz_industrial_motion_planner_testutils:/home/erds/ws_moveit/install/moveit_runtime:/home/erds/ws_moveit/install/moveit:/home/erds/ws_moveit/install/moveit_planners:/home/erds/ws_moveit/install/pilz_industrial_motion_planner:/home/erds/ws_moveit/install/moveit_ros_control_interface:/home/erds/ws_moveit/install/moveit_plugins:/home/erds/ws_moveit/install/moveit_simple_controller_manager:/home/erds/ws_moveit/install/moveit_setup_assistant:/home/erds/ws_moveit/install/moveit_setup_srdf_plugins:/home/erds/ws_moveit/install/moveit_setup_core_plugins:/home/erds/ws_moveit/install/moveit_setup_controllers:/home/erds/ws_moveit/install/moveit_setup_app_plugins:/home/erds/ws_moveit/install/moveit_setup_framework:/home/erds/ws_moveit/install/moveit_servo:/home/erds/ws_moveit/install/moveit_ros:/home/erds/ws_moveit/install/moveit_ros_visualization:/home/erds/ws_moveit/install/moveit_hybrid_planning:/home/erds/ws_moveit/install/moveit_ros_planning_interface:/home/erds/ws_moveit/install/moveit_ros_benchmarks:/home/erds/ws_moveit/install/moveit_ros_warehouse:/home/erds/ws_moveit/install/moveit_ros_robot_interaction:/home/erds/ws_moveit/install/moveit_ros_perception:/home/erds/ws_moveit/install/moveit_resources_prbt_pg70_support:/home/erds/ws_moveit/install/moveit_resources_prbt_moveit_config:/home/erds/ws_moveit/install/moveit_ros_move_group:/home/erds/ws_moveit/install/moveit_planners_ompl:/home/erds/ws_moveit/install/moveit_ros_planning:/home/erds/ws_moveit/install/moveit_ros_occupancy_map_monitor:/home/erds/ws_moveit/install/moveit_resources_prbt_support:/home/erds/ws_moveit/install/moveit_resources_prbt_ikfast_manipulator_plugin:/home/erds/ws_moveit/install/moveit_resources:/home/erds/ws_moveit/install/moveit_resources_pr2_description:/home/erds/ws_moveit/install/moveit_resources_panda_moveit_config:/home/erds/ws_moveit/install/moveit_resources_panda_description:/home/erds/ws_moveit/install/moveit_resources_fanuc_moveit_config:/home/erds/ws_moveit/install/moveit_resources_fanuc_description:/home/erds/ws_moveit/install/moveit_planners_chomp:/home/erds/ws_moveit/install/moveit_kinematics:/home/erds/ws_moveit/install/moveit_chomp_optimizer_adapter:/home/erds/ws_moveit/install/chomp_motion_planner:/home/erds/ws_moveit/install/moveit_core:/home/erds/ws_moveit/install/moveit_msgs:/home/erds/ws_moveit/install/moveit_common:/home/erds/barns_ws/install/servo_action:/home/erds/barns_ws/install/pickn_place:/home/erds/barns_ws/install/dobot_bringup_v3:/home/erds/barns_ws/install/dobot_moveit:/home/erds/barns_ws/install/dobot_demo:/home/erds/ws_moveit/install/moveit_configs_utils:/opt/ros/humble /usr/bin/cmake --install /home/erds/barns_ws/build/nova5_moveit
[2.077s] INFO:colcon.colcon_core.task.python.build:Building Python package in '/home/erds/barns_ws/src/dobot_bringup_v3'
[2.078s] INFO:colcon.colcon_core.shell:Skip shell extension 'powershell' for command environment: Not usable outside of PowerShell
[2.078s] DEBUG:colcon.colcon_core.shell:Skip shell extension 'dsv' for command environment
[2.090s] Level 1:colcon.colcon_core.environment:create_environment_scripts_only(nova5_moveit)
[2.091s] Level 1:colcon.colcon_core.environment:checking '/home/erds/barns_ws/install/nova5_moveit' for CMake module files
[2.092s] DEBUG:colcon.colcon_core.event_handler.log_command:Invoked command in '/home/erds/barns_ws/build/nova5_moveit' returned '0': CMAKE_PREFIX_PATH=/home/erds/barns_ws/install/dobot_rviz:/home/erds/ros2_ws/install/realsense2_description:/home/erds/ros2_ws/install/realsense2_camera:/home/erds/ros2_ws/install/realsense2_camera_msgs:/home/erds/barns_ws/install/nova5_moveit:/home/erds/barns_ws/install/dobot_msgs_v3:/home/erds/barns_ws/install/dobot_gazebo:/home/erds/ws_moveit/install/pymoveit2:/home/erds/ws_moveit/install/pilz_industrial_motion_planner_testutils:/home/erds/ws_moveit/install/moveit_runtime:/home/erds/ws_moveit/install/moveit:/home/erds/ws_moveit/install/moveit_planners:/home/erds/ws_moveit/install/pilz_industrial_motion_planner:/home/erds/ws_moveit/install/moveit_ros_control_interface:/home/erds/ws_moveit/install/moveit_plugins:/home/erds/ws_moveit/install/moveit_simple_controller_manager:/home/erds/ws_moveit/install/moveit_setup_assistant:/home/erds/ws_moveit/install/moveit_setup_srdf_plugins:/home/erds/ws_moveit/install/moveit_setup_core_plugins:/home/erds/ws_moveit/install/moveit_setup_controllers:/home/erds/ws_moveit/install/moveit_setup_app_plugins:/home/erds/ws_moveit/install/moveit_setup_framework:/home/erds/ws_moveit/install/moveit_servo:/home/erds/ws_moveit/install/moveit_ros:/home/erds/ws_moveit/install/moveit_ros_visualization:/home/erds/ws_moveit/install/moveit_hybrid_planning:/home/erds/ws_moveit/install/moveit_ros_planning_interface:/home/erds/ws_moveit/install/moveit_ros_benchmarks:/home/erds/ws_moveit/install/moveit_ros_warehouse:/home/erds/ws_moveit/install/moveit_ros_robot_interaction:/home/erds/ws_moveit/install/moveit_ros_perception:/home/erds/ws_moveit/install/moveit_resources_prbt_pg70_support:/home/erds/ws_moveit/install/moveit_resources_prbt_moveit_config:/home/erds/ws_moveit/install/moveit_ros_move_group:/home/erds/ws_moveit/install/moveit_planners_ompl:/home/erds/ws_moveit/install/moveit_ros_planning:/home/erds/ws_moveit/install/moveit_ros_occupancy_map_monitor:/home/erds/ws_moveit/install/moveit_resources_prbt_support:/home/erds/ws_moveit/install/moveit_resources_prbt_ikfast_manipulator_plugin:/home/erds/ws_moveit/install/moveit_resources:/home/erds/ws_moveit/install/moveit_resources_pr2_description:/home/erds/ws_moveit/install/moveit_resources_panda_moveit_config:/home/erds/ws_moveit/install/moveit_resources_panda_description:/home/erds/ws_moveit/install/moveit_resources_fanuc_moveit_config:/home/erds/ws_moveit/install/moveit_resources_fanuc_description:/home/erds/ws_moveit/install/moveit_planners_chomp:/home/erds/ws_moveit/install/moveit_kinematics:/home/erds/ws_moveit/install/moveit_chomp_optimizer_adapter:/home/erds/ws_moveit/install/chomp_motion_planner:/home/erds/ws_moveit/install/moveit_core:/home/erds/ws_moveit/install/moveit_msgs:/home/erds/ws_moveit/install/moveit_common:/home/erds/barns_ws/install/servo_action:/home/erds/barns_ws/install/pickn_place:/home/erds/barns_ws/install/dobot_bringup_v3:/home/erds/barns_ws/install/dobot_moveit:/home/erds/barns_ws/install/dobot_demo:/home/erds/ws_moveit/install/moveit_configs_utils:/opt/ros/humble /usr/bin/cmake --install /home/erds/barns_ws/build/nova5_moveit
[2.092s] Level 1:colcon.colcon_core.environment:checking '/home/erds/barns_ws/install/nova5_moveit' for CMake config files
[2.092s] Level 1:colcon.colcon_core.shell:create_environment_hook('nova5_moveit', 'cmake_prefix_path')
[2.093s] INFO:colcon.colcon_core.shell:Creating environment hook '/home/erds/barns_ws/install/nova5_moveit/share/nova5_moveit/hook/cmake_prefix_path.ps1'
[2.093s] INFO:colcon.colcon_core.shell:Creating environment descriptor '/home/erds/barns_ws/install/nova5_moveit/share/nova5_moveit/hook/cmake_prefix_path.dsv'
[2.094s] INFO:colcon.colcon_core.shell:Creating environment hook '/home/erds/barns_ws/install/nova5_moveit/share/nova5_moveit/hook/cmake_prefix_path.sh'
[2.094s] Level 1:colcon.colcon_core.environment:checking '/home/erds/barns_ws/install/nova5_moveit/bin'
[2.095s] Level 1:colcon.colcon_core.environment:checking '/home/erds/barns_ws/install/nova5_moveit/lib/pkgconfig/nova5_moveit.pc'
[2.095s] Level 1:colcon.colcon_core.environment:checking '/home/erds/barns_ws/install/nova5_moveit/lib/python3.10/site-packages'
[2.095s] Level 1:colcon.colcon_core.environment:checking '/home/erds/barns_ws/install/nova5_moveit/bin'
[2.095s] INFO:colcon.colcon_core.shell:Creating package script '/home/erds/barns_ws/install/nova5_moveit/share/nova5_moveit/package.ps1'
[2.096s] INFO:colcon.colcon_core.shell:Creating package descriptor '/home/erds/barns_ws/install/nova5_moveit/share/nova5_moveit/package.dsv'
[2.096s] INFO:colcon.colcon_core.shell:Creating package script '/home/erds/barns_ws/install/nova5_moveit/share/nova5_moveit/package.sh'
[2.097s] INFO:colcon.colcon_core.shell:Creating package script '/home/erds/barns_ws/install/nova5_moveit/share/nova5_moveit/package.bash'
[2.097s] INFO:colcon.colcon_core.shell:Creating package script '/home/erds/barns_ws/install/nova5_moveit/share/nova5_moveit/package.zsh'
[2.098s] Level 1:colcon.colcon_core.environment:create_file_with_runtime_dependencies(/home/erds/barns_ws/install/nova5_moveit/share/colcon-core/packages/nova5_moveit)
[2.098s] Level 1:colcon.colcon_core.environment:create_environment_scripts_only(nova5_moveit)
[2.099s] Level 1:colcon.colcon_core.environment:checking '/home/erds/barns_ws/install/nova5_moveit' for CMake module files
[2.099s] Level 1:colcon.colcon_core.environment:checking '/home/erds/barns_ws/install/nova5_moveit' for CMake config files
[2.099s] Level 1:colcon.colcon_core.shell:create_environment_hook('nova5_moveit', 'cmake_prefix_path')
[2.099s] INFO:colcon.colcon_core.shell:Creating environment hook '/home/erds/barns_ws/install/nova5_moveit/share/nova5_moveit/hook/cmake_prefix_path.ps1'
[2.100s] INFO:colcon.colcon_core.shell:Creating environment descriptor '/home/erds/barns_ws/install/nova5_moveit/share/nova5_moveit/hook/cmake_prefix_path.dsv'
[2.100s] INFO:colcon.colcon_core.shell:Creating environment hook '/home/erds/barns_ws/install/nova5_moveit/share/nova5_moveit/hook/cmake_prefix_path.sh'
[2.101s] Level 1:colcon.colcon_core.environment:checking '/home/erds/barns_ws/install/nova5_moveit/bin'
[2.101s] Level 1:colcon.colcon_core.environment:checking '/home/erds/barns_ws/install/nova5_moveit/lib/pkgconfig/nova5_moveit.pc'
[2.101s] Level 1:colcon.colcon_core.environment:checking '/home/erds/barns_ws/install/nova5_moveit/lib/python3.10/site-packages'
[2.101s] Level 1:colcon.colcon_core.environment:checking '/home/erds/barns_ws/install/nova5_moveit/bin'
[2.102s] INFO:colcon.colcon_core.shell:Creating package script '/home/erds/barns_ws/install/nova5_moveit/share/nova5_moveit/package.ps1'
[2.102s] INFO:colcon.colcon_core.shell:Creating package descriptor '/home/erds/barns_ws/install/nova5_moveit/share/nova5_moveit/package.dsv'
[2.103s] INFO:colcon.colcon_core.shell:Creating package script '/home/erds/barns_ws/install/nova5_moveit/share/nova5_moveit/package.sh'
[2.103s] INFO:colcon.colcon_core.shell:Creating package script '/home/erds/barns_ws/install/nova5_moveit/share/nova5_moveit/package.bash'
[2.103s] INFO:colcon.colcon_core.shell:Creating package script '/home/erds/barns_ws/install/nova5_moveit/share/nova5_moveit/package.zsh'
[2.104s] Level 1:colcon.colcon_core.environment:create_file_with_runtime_dependencies(/home/erds/barns_ws/install/nova5_moveit/share/colcon-core/packages/nova5_moveit)
[2.124s] DEBUG:colcon.colcon_core.event_handler.log_command:Invoking command in '/home/erds/barns_ws/src/dobot_demo': PYTHONPATH=/home/erds/barns_ws/build/dobot_demo/prefix_override:/usr/lib/python3/dist-packages/colcon_core/task/python/colcon_distutils_commands:/home/erds/barns_ws/install/dobot_demo/lib/python3.10/site-packages:${PYTHONPATH} /usr/bin/python3 -W ignore:setup.py install is deprecated -W ignore:easy_install command is deprecated setup.py egg_info --egg-base ../../build/dobot_demo build --build-base /home/erds/barns_ws/build/dobot_demo/build install --record /home/erds/barns_ws/build/dobot_demo/install.log --single-version-externally-managed install_data
[2.130s] DEBUG:colcon.colcon_core.event_handler.log_command:Invoking command in '/home/erds/barns_ws/src/dobot_moveit': PYTHONPATH=/home/erds/barns_ws/build/dobot_moveit/prefix_override:/usr/lib/python3/dist-packages/colcon_core/task/python/colcon_distutils_commands:/home/erds/barns_ws/install/dobot_moveit/lib/python3.10/site-packages:${PYTHONPATH} /usr/bin/python3 -W ignore:setup.py install is deprecated -W ignore:easy_install command is deprecated setup.py egg_info --egg-base ../../build/dobot_moveit build --build-base /home/erds/barns_ws/build/dobot_moveit/build install --record /home/erds/barns_ws/build/dobot_moveit/install.log --single-version-externally-managed install_data
[2.142s] DEBUG:colcon.colcon_core.event_handler.log_command:Invoking command in '/home/erds/barns_ws/src/pickn_place': PYTHONPATH=/home/erds/barns_ws/build/pickn_place/prefix_override:/usr/lib/python3/dist-packages/colcon_core/task/python/colcon_distutils_commands:/home/erds/barns_ws/install/pickn_place/lib/python3.10/site-packages:${PYTHONPATH} /usr/bin/python3 -W ignore:setup.py install is deprecated -W ignore:easy_install command is deprecated setup.py egg_info --egg-base ../../build/pickn_place build --build-base /home/erds/barns_ws/build/pickn_place/build install --record /home/erds/barns_ws/build/pickn_place/install.log --single-version-externally-managed install_data
[2.170s] DEBUG:colcon.colcon_core.event_handler.log_command:Invoking command in '/home/erds/barns_ws/src/servo_action': PYTHONPATH=/home/erds/barns_ws/build/servo_action/prefix_override:/usr/lib/python3/dist-packages/colcon_core/task/python/colcon_distutils_commands:/home/erds/barns_ws/install/servo_action/lib/python3.10/site-packages:${PYTHONPATH} /usr/bin/python3 -W ignore:setup.py install is deprecated -W ignore:easy_install command is deprecated setup.py egg_info --egg-base ../../build/servo_action build --build-base /home/erds/barns_ws/build/servo_action/build install --record /home/erds/barns_ws/build/servo_action/install.log --single-version-externally-managed install_data
[2.704s] DEBUG:colcon.colcon_core.event_handler.log_command:Invoked command in '/home/erds/barns_ws/src/pickn_place' returned '1': PYTHONPATH=/home/erds/barns_ws/build/pickn_place/prefix_override:/usr/lib/python3/dist-packages/colcon_core/task/python/colcon_distutils_commands:/home/erds/barns_ws/install/pickn_place/lib/python3.10/site-packages:${PYTHONPATH} /usr/bin/python3 -W ignore:setup.py install is deprecated -W ignore:easy_install command is deprecated setup.py egg_info --egg-base ../../build/pickn_place build --build-base /home/erds/barns_ws/build/pickn_place/build install --record /home/erds/barns_ws/build/pickn_place/install.log --single-version-externally-managed install_data
[3.007s] DEBUG:colcon.colcon_parallel_executor.executor.parallel:closing loop
[3.008s] DEBUG:colcon.colcon_parallel_executor.executor.parallel:loop closed
[3.008s] DEBUG:colcon.colcon_parallel_executor.executor.parallel:run_until_complete finished with '1'
[3.008s] DEBUG:colcon.colcon_core.event_reactor:joining thread
[3.017s] INFO:colcon.colcon_core.plugin_system:Skipping extension 'colcon_notification.desktop_notification.terminal_notifier': Not used on non-Darwin systems
[3.017s] INFO:colcon.colcon_core.plugin_system:Skipping extension 'colcon_notification.desktop_notification.win32': Not used on non-Windows systems
[3.017s] INFO:colcon.colcon_notification.desktop_notification:Sending desktop notification using 'notify2'
[3.043s] DEBUG:colcon.colcon_core.event_reactor:joined thread
[3.044s] INFO:colcon.colcon_core.shell:Creating prefix script '/home/erds/barns_ws/install/local_setup.ps1'
[3.046s] INFO:colcon.colcon_core.shell:Creating prefix util module '/home/erds/barns_ws/install/_local_setup_util_ps1.py'
[3.048s] INFO:colcon.colcon_core.shell:Creating prefix chain script '/home/erds/barns_ws/install/setup.ps1'
[3.053s] INFO:colcon.colcon_core.shell:Creating prefix script '/home/erds/barns_ws/install/local_setup.sh'
[3.054s] INFO:colcon.colcon_core.shell:Creating prefix util module '/home/erds/barns_ws/install/_local_setup_util_sh.py'
[3.055s] INFO:colcon.colcon_core.shell:Creating prefix chain script '/home/erds/barns_ws/install/setup.sh'
[3.062s] INFO:colcon.colcon_core.shell:Creating prefix script '/home/erds/barns_ws/install/local_setup.bash'
[3.063s] INFO:colcon.colcon_core.shell:Creating prefix chain script '/home/erds/barns_ws/install/setup.bash'
[3.069s] INFO:colcon.colcon_core.shell:Creating prefix script '/home/erds/barns_ws/install/local_setup.zsh'
[3.070s] INFO:colcon.colcon_core.shell:Creating prefix chain script '/home/erds/barns_ws/install/setup.zsh'
