[1.302s] Invoking command in '/home/erds/barns_ws/src/dobot_demo': PYTHONPATH=/home/erds/barns_ws/build/dobot_demo/prefix_override:/usr/lib/python3/dist-packages/colcon_core/task/python/colcon_distutils_commands:/home/erds/barns_ws/install/dobot_demo/lib/python3.10/site-packages:${PYTHONPATH} /usr/bin/python3 -W ignore:setup.py install is deprecated -W ignore:easy_install command is deprecated setup.py egg_info --egg-base ../../build/dobot_demo build --build-base /home/erds/barns_ws/build/dobot_demo/build install --record /home/erds/barns_ws/build/dobot_demo/install.log --single-version-externally-managed install_data
[1.429s] /home/erds/.local/lib/python3.10/site-packages/setuptools/_distutils/dist.py:270: UserWarning: Unknown distribution option: 'tests_require'
[1.429s]   warnings.warn(msg)
[1.511s] running egg_info
[1.524s] writing ../../build/dobot_demo/dobot_demo.egg-info/PKG-INFO
[1.532s] writing dependency_links to ../../build/dobot_demo/dobot_demo.egg-info/dependency_links.txt
[1.533s] writing entry points to ../../build/dobot_demo/dobot_demo.egg-info/entry_points.txt
[1.533s] writing requirements to ../../build/dobot_demo/dobot_demo.egg-info/requires.txt
[1.533s] writing top-level names to ../../build/dobot_demo/dobot_demo.egg-info/top_level.txt
[1.561s] reading manifest file '../../build/dobot_demo/dobot_demo.egg-info/SOURCES.txt'
[1.562s] writing manifest file '../../build/dobot_demo/dobot_demo.egg-info/SOURCES.txt'
[1.562s] running build
[1.562s] running build_py
[1.563s] running install
[1.566s] running install_lib
[1.581s] running install_data
[1.581s] running install_egg_info
[1.595s] removing '/home/erds/barns_ws/install/dobot_demo/lib/python3.10/site-packages/dobot_demo-0.0.0-py3.10.egg-info' (and everything under it)
[1.596s] Copying ../../build/dobot_demo/dobot_demo.egg-info to /home/erds/barns_ws/install/dobot_demo/lib/python3.10/site-packages/dobot_demo-0.0.0-py3.10.egg-info
[1.596s] running install_scripts
[1.714s] Installing demo script to /home/erds/barns_ws/install/dobot_demo/lib/dobot_demo
[1.722s] writing list of installed files to '/home/erds/barns_ws/build/dobot_demo/install.log'
[1.755s] Invoked command in '/home/erds/barns_ws/src/dobot_demo' returned '0': PYTHONPATH=/home/erds/barns_ws/build/dobot_demo/prefix_override:/usr/lib/python3/dist-packages/colcon_core/task/python/colcon_distutils_commands:/home/erds/barns_ws/install/dobot_demo/lib/python3.10/site-packages:${PYTHONPATH} /usr/bin/python3 -W ignore:setup.py install is deprecated -W ignore:easy_install command is deprecated setup.py egg_info --egg-base ../../build/dobot_demo build --build-base /home/erds/barns_ws/build/dobot_demo/build install --record /home/erds/barns_ws/build/dobot_demo/install.log --single-version-externally-managed install_data
