[0.052s] Invoking command in '/home/erds/barns_ws/build/dobot_rviz': CMAKE_PREFIX_PATH=${CMAKE_PREFIX_PATH}:/home/erds/barns_ws/install/servo_action:/home/erds/barns_ws/install/pickn_place:/home/erds/barns_ws/install/dobot_bringup_v3:/home/erds/barns_ws/install/dobot_moveit:/home/erds/barns_ws/install/dobot_demo:/home/erds/ws_moveit/install/moveit_configs_utils:/opt/ros/humble /usr/bin/cmake --build /home/erds/barns_ws/build/dobot_rviz -- -j16 -l16
[0.678s] Invoked command in '/home/erds/barns_ws/build/dobot_rviz' returned '0': CMAKE_PREFIX_PATH=${CMAKE_PREFIX_PATH}:/home/erds/barns_ws/install/servo_action:/home/erds/barns_ws/install/pickn_place:/home/erds/barns_ws/install/dobot_bringup_v3:/home/erds/barns_ws/install/dobot_moveit:/home/erds/barns_ws/install/dobot_demo:/home/erds/ws_moveit/install/moveit_configs_utils:/opt/ros/humble /usr/bin/cmake --build /home/erds/barns_ws/build/dobot_rviz -- -j16 -l16
[0.691s] Invoking command in '/home/erds/barns_ws/build/dobot_rviz': CMAKE_PREFIX_PATH=${CMAKE_PREFIX_PATH}:/home/erds/barns_ws/install/servo_action:/home/erds/barns_ws/install/pickn_place:/home/erds/barns_ws/install/dobot_bringup_v3:/home/erds/barns_ws/install/dobot_moveit:/home/erds/barns_ws/install/dobot_demo:/home/erds/ws_moveit/install/moveit_configs_utils:/opt/ros/humble /usr/bin/cmake --install /home/erds/barns_ws/build/dobot_rviz
[0.898s] -- Install configuration: ""
[0.899s] -- Up-to-date: /home/erds/barns_ws/install/dobot_rviz/share/dobot_rviz/launch
[0.899s] -- Up-to-date: /home/erds/barns_ws/install/dobot_rviz/share/dobot_rviz/launch/dobot_rviz.launch.py
[0.899s] -- Up-to-date: /home/erds/barns_ws/install/dobot_rviz/share/dobot_rviz/urdf
[0.899s] -- Up-to-date: /home/erds/barns_ws/install/dobot_rviz/share/dobot_rviz/urdf/nova5_robot.urdf
[0.900s] -- Up-to-date: /home/erds/barns_ws/install/dobot_rviz/share/dobot_rviz/rviz
[0.900s] -- Up-to-date: /home/erds/barns_ws/install/dobot_rviz/share/dobot_rviz/rviz/urdf.rviz
[0.900s] -- Up-to-date: /home/erds/barns_ws/install/dobot_rviz/share/dobot_rviz/meshes
[0.900s] -- Up-to-date: /home/erds/barns_ws/install/dobot_rviz/share/dobot_rviz/meshes/robotiq2f85
[0.900s] -- Up-to-date: /home/erds/barns_ws/install/dobot_rviz/share/dobot_rviz/meshes/robotiq2f85/outer_knuckle_fine.STL
[0.900s] -- Up-to-date: /home/erds/barns_ws/install/dobot_rviz/share/dobot_rviz/meshes/robotiq2f85/d435.dae
[0.900s] -- Up-to-date: /home/erds/barns_ws/install/dobot_rviz/share/dobot_rviz/meshes/robotiq2f85/outer_knuckle_coarse.STL
[0.900s] -- Up-to-date: /home/erds/barns_ws/install/dobot_rviz/share/dobot_rviz/meshes/robotiq2f85/outer_finger_fine.STL
[0.900s] -- Up-to-date: /home/erds/barns_ws/install/dobot_rviz/share/dobot_rviz/meshes/robotiq2f85/robotiq_85_base_link_coarse.STL
[0.900s] -- Up-to-date: /home/erds/barns_ws/install/dobot_rviz/share/dobot_rviz/meshes/robotiq2f85/inner_knuckle_fine.STL
[0.900s] -- Up-to-date: /home/erds/barns_ws/install/dobot_rviz/share/dobot_rviz/meshes/robotiq2f85/inner_knuckle_coarse.STL
[0.900s] -- Up-to-date: /home/erds/barns_ws/install/dobot_rviz/share/dobot_rviz/meshes/robotiq2f85/camera_mount.STL
[0.900s] -- Up-to-date: /home/erds/barns_ws/install/dobot_rviz/share/dobot_rviz/meshes/robotiq2f85/inner_finger_fine.STL
[0.901s] -- Up-to-date: /home/erds/barns_ws/install/dobot_rviz/share/dobot_rviz/meshes/robotiq2f85/realsense_345.STL
[0.901s] -- Up-to-date: /home/erds/barns_ws/install/dobot_rviz/share/dobot_rviz/meshes/robotiq2f85/inner_finger_coarse.STL
[0.901s] -- Up-to-date: /home/erds/barns_ws/install/dobot_rviz/share/dobot_rviz/meshes/robotiq2f85/fingertips_R.STL
[0.901s] -- Up-to-date: /home/erds/barns_ws/install/dobot_rviz/share/dobot_rviz/meshes/robotiq2f85/fingertips_L.STL
[0.901s] -- Up-to-date: /home/erds/barns_ws/install/dobot_rviz/share/dobot_rviz/meshes/robotiq2f85/outer_finger_coarse.STL
[0.901s] -- Up-to-date: /home/erds/barns_ws/install/dobot_rviz/share/dobot_rviz/meshes/robotiq2f85/robotiq_85_base_link_fine.STL
[0.901s] -- Up-to-date: /home/erds/barns_ws/install/dobot_rviz/share/dobot_rviz/meshes/nova2
[0.901s] -- Up-to-date: /home/erds/barns_ws/install/dobot_rviz/share/dobot_rviz/meshes/nova2/Link2.STL
[0.901s] -- Up-to-date: /home/erds/barns_ws/install/dobot_rviz/share/dobot_rviz/meshes/nova2/Link1.STL
[0.901s] -- Up-to-date: /home/erds/barns_ws/install/dobot_rviz/share/dobot_rviz/meshes/nova2/base_link.STL
[0.902s] -- Up-to-date: /home/erds/barns_ws/install/dobot_rviz/share/dobot_rviz/meshes/nova2/Link6.STL
[0.902s] -- Up-to-date: /home/erds/barns_ws/install/dobot_rviz/share/dobot_rviz/meshes/nova2/Link3.STL
[0.902s] -- Up-to-date: /home/erds/barns_ws/install/dobot_rviz/share/dobot_rviz/meshes/nova2/Link4.STL
[0.902s] -- Up-to-date: /home/erds/barns_ws/install/dobot_rviz/share/dobot_rviz/meshes/nova2/Link5.STL
[0.902s] -- Up-to-date: /home/erds/barns_ws/install/dobot_rviz/share/dobot_rviz/meshes/nova5
[0.902s] -- Up-to-date: /home/erds/barns_ws/install/dobot_rviz/share/dobot_rviz/meshes/nova5/Link2.STL
[0.902s] -- Up-to-date: /home/erds/barns_ws/install/dobot_rviz/share/dobot_rviz/meshes/nova5/Link1.STL
[0.902s] -- Up-to-date: /home/erds/barns_ws/install/dobot_rviz/share/dobot_rviz/meshes/nova5/base_link.STL
[0.902s] -- Up-to-date: /home/erds/barns_ws/install/dobot_rviz/share/dobot_rviz/meshes/nova5/Link6.STL
[0.903s] -- Up-to-date: /home/erds/barns_ws/install/dobot_rviz/share/dobot_rviz/meshes/nova5/gripper_coupler.STL
[0.903s] -- Up-to-date: /home/erds/barns_ws/install/dobot_rviz/share/dobot_rviz/meshes/nova5/Link3.STL
[0.903s] -- Up-to-date: /home/erds/barns_ws/install/dobot_rviz/share/dobot_rviz/meshes/nova5/Link4.STL
[0.903s] -- Up-to-date: /home/erds/barns_ws/install/dobot_rviz/share/dobot_rviz/meshes/nova5/Link5.STL
[0.903s] -- Up-to-date: /home/erds/barns_ws/install/dobot_rviz/share/ament_index/resource_index/package_run_dependencies/dobot_rviz
[0.903s] -- Up-to-date: /home/erds/barns_ws/install/dobot_rviz/share/ament_index/resource_index/parent_prefix_path/dobot_rviz
[0.903s] -- Up-to-date: /home/erds/barns_ws/install/dobot_rviz/share/dobot_rviz/environment/ament_prefix_path.sh
[0.904s] -- Up-to-date: /home/erds/barns_ws/install/dobot_rviz/share/dobot_rviz/environment/ament_prefix_path.dsv
[0.904s] -- Up-to-date: /home/erds/barns_ws/install/dobot_rviz/share/dobot_rviz/environment/path.sh
[0.904s] -- Up-to-date: /home/erds/barns_ws/install/dobot_rviz/share/dobot_rviz/environment/path.dsv
[0.904s] -- Up-to-date: /home/erds/barns_ws/install/dobot_rviz/share/dobot_rviz/local_setup.bash
[0.904s] -- Up-to-date: /home/erds/barns_ws/install/dobot_rviz/share/dobot_rviz/local_setup.sh
[0.904s] -- Up-to-date: /home/erds/barns_ws/install/dobot_rviz/share/dobot_rviz/local_setup.zsh
[0.904s] -- Up-to-date: /home/erds/barns_ws/install/dobot_rviz/share/dobot_rviz/local_setup.dsv
[0.905s] -- Installing: /home/erds/barns_ws/install/dobot_rviz/share/dobot_rviz/package.dsv
[0.905s] -- Up-to-date: /home/erds/barns_ws/install/dobot_rviz/share/ament_index/resource_index/packages/dobot_rviz
[0.905s] -- Up-to-date: /home/erds/barns_ws/install/dobot_rviz/share/dobot_rviz/cmake/dobot_rvizConfig.cmake
[0.905s] -- Up-to-date: /home/erds/barns_ws/install/dobot_rviz/share/dobot_rviz/cmake/dobot_rvizConfig-version.cmake
[0.905s] -- Up-to-date: /home/erds/barns_ws/install/dobot_rviz/share/dobot_rviz/package.xml
[1.106s] Invoked command in '/home/erds/barns_ws/build/dobot_rviz' returned '0': CMAKE_PREFIX_PATH=${CMAKE_PREFIX_PATH}:/home/erds/barns_ws/install/servo_action:/home/erds/barns_ws/install/pickn_place:/home/erds/barns_ws/install/dobot_bringup_v3:/home/erds/barns_ws/install/dobot_moveit:/home/erds/barns_ws/install/dobot_demo:/home/erds/ws_moveit/install/moveit_configs_utils:/opt/ros/humble /usr/bin/cmake --install /home/erds/barns_ws/build/dobot_rviz
