[0.218s] Invoking command in '/home/erds/barns_ws/build/dobot_gazebo': CMAKE_PREFIX_PATH=${CMAKE_PREFIX_PATH}:/home/erds/ws_moveit/install/launch_param_builder:/opt/ros/humble /usr/bin/cmake /home/erds/barns_ws/src/dobot_gazebo -DCMAKE_INSTALL_PREFIX=/home/erds/barns_ws/install/dobot_gazebo
[0.421s] -- The C compiler identification is GNU 11.4.0
[0.422s] -- The CXX compiler identification is GNU 11.4.0
[0.422s] -- Detecting C compiler ABI info
[0.422s] -- Detecting C compiler ABI info - done
[0.422s] -- Check for working C compiler: /usr/bin/cc - skipped
[0.422s] -- Detecting C compile features
[0.422s] -- Detecting C compile features - done
[0.422s] -- Detecting CXX compiler ABI info
[0.449s] -- Detecting CXX compiler ABI info - done
[0.454s] -- Check for working CXX compiler: /usr/bin/c++ - skipped
[0.454s] -- Detecting CXX compile features
[0.455s] -- Detecting CXX compile features - done
[0.458s] -- Found ament_cmake: 1.3.11 (/opt/ros/humble/share/ament_cmake/cmake)
[0.582s] -- Found Python3: /usr/bin/python3 (found version "3.10.12") found components: Interpreter 
[0.716s] -- Configuring done
[0.719s] -- Generating done
[0.720s] -- Build files have been written to: /home/erds/barns_ws/build/dobot_gazebo
[0.733s] Invoked command in '/home/erds/barns_ws/build/dobot_gazebo' returned '0': CMAKE_PREFIX_PATH=${CMAKE_PREFIX_PATH}:/home/erds/ws_moveit/install/launch_param_builder:/opt/ros/humble /usr/bin/cmake /home/erds/barns_ws/src/dobot_gazebo -DCMAKE_INSTALL_PREFIX=/home/erds/barns_ws/install/dobot_gazebo
[0.734s] Invoking command in '/home/erds/barns_ws/build/dobot_gazebo': CMAKE_PREFIX_PATH=${CMAKE_PREFIX_PATH}:/home/erds/ws_moveit/install/launch_param_builder:/opt/ros/humble /usr/bin/cmake --build /home/erds/barns_ws/build/dobot_gazebo -- -j16 -l16
[0.768s] Invoked command in '/home/erds/barns_ws/build/dobot_gazebo' returned '0': CMAKE_PREFIX_PATH=${CMAKE_PREFIX_PATH}:/home/erds/ws_moveit/install/launch_param_builder:/opt/ros/humble /usr/bin/cmake --build /home/erds/barns_ws/build/dobot_gazebo -- -j16 -l16
[0.769s] Invoking command in '/home/erds/barns_ws/build/dobot_gazebo': CMAKE_PREFIX_PATH=${CMAKE_PREFIX_PATH}:/home/erds/ws_moveit/install/launch_param_builder:/opt/ros/humble /usr/bin/cmake --install /home/erds/barns_ws/build/dobot_gazebo
[0.775s] -- Install configuration: ""
[0.775s] -- Installing: /home/erds/barns_ws/install/dobot_gazebo/share/dobot_gazebo/launch
[0.775s] -- Installing: /home/erds/barns_ws/install/dobot_gazebo/share/dobot_gazebo/launch/gazebo_moveit.launch.py
[0.776s] -- Installing: /home/erds/barns_ws/install/dobot_gazebo/share/dobot_gazebo/launch/dobot_gazebo.launch.py
[0.776s] -- Installing: /home/erds/barns_ws/install/dobot_gazebo/share/dobot_gazebo/worlds
[0.776s] -- Installing: /home/erds/barns_ws/install/dobot_gazebo/share/dobot_gazebo/worlds/ur10.world
[0.776s] -- Installing: /home/erds/barns_ws/install/dobot_gazebo/share/dobot_gazebo/config
[0.776s] -- Installing: /home/erds/barns_ws/install/dobot_gazebo/share/dobot_gazebo/config/moveitcpp.rviz
[0.776s] -- Installing: /home/erds/barns_ws/install/dobot_gazebo/share/ament_index/resource_index/package_run_dependencies/dobot_gazebo
[0.776s] -- Installing: /home/erds/barns_ws/install/dobot_gazebo/share/ament_index/resource_index/parent_prefix_path/dobot_gazebo
[0.776s] -- Installing: /home/erds/barns_ws/install/dobot_gazebo/share/dobot_gazebo/environment/ament_prefix_path.sh
[0.777s] -- Installing: /home/erds/barns_ws/install/dobot_gazebo/share/dobot_gazebo/environment/ament_prefix_path.dsv
[0.777s] -- Installing: /home/erds/barns_ws/install/dobot_gazebo/share/dobot_gazebo/environment/path.sh
[0.777s] -- Installing: /home/erds/barns_ws/install/dobot_gazebo/share/dobot_gazebo/environment/path.dsv
[0.777s] -- Installing: /home/erds/barns_ws/install/dobot_gazebo/share/dobot_gazebo/local_setup.bash
[0.777s] -- Installing: /home/erds/barns_ws/install/dobot_gazebo/share/dobot_gazebo/local_setup.sh
[0.777s] -- Installing: /home/erds/barns_ws/install/dobot_gazebo/share/dobot_gazebo/local_setup.zsh
[0.777s] -- Installing: /home/erds/barns_ws/install/dobot_gazebo/share/dobot_gazebo/local_setup.dsv
[0.777s] -- Installing: /home/erds/barns_ws/install/dobot_gazebo/share/dobot_gazebo/package.dsv
[0.778s] -- Installing: /home/erds/barns_ws/install/dobot_gazebo/share/ament_index/resource_index/packages/dobot_gazebo
[0.778s] -- Installing: /home/erds/barns_ws/install/dobot_gazebo/share/dobot_gazebo/cmake/dobot_gazeboConfig.cmake
[0.778s] -- Installing: /home/erds/barns_ws/install/dobot_gazebo/share/dobot_gazebo/cmake/dobot_gazeboConfig-version.cmake
[0.778s] -- Installing: /home/erds/barns_ws/install/dobot_gazebo/share/dobot_gazebo/package.xml
[0.780s] Invoked command in '/home/erds/barns_ws/build/dobot_gazebo' returned '0': CMAKE_PREFIX_PATH=${CMAKE_PREFIX_PATH}:/home/erds/ws_moveit/install/launch_param_builder:/opt/ros/humble /usr/bin/cmake --install /home/erds/barns_ws/build/dobot_gazebo
