[1.860s] Invoking command in '/home/erds/barns_ws/src/servo_action': PYTHONPATH=/home/erds/barns_ws/build/servo_action/prefix_override:/usr/lib/python3/dist-packages/colcon_core/task/python/colcon_distutils_commands:/home/erds/barns_ws/install/servo_action/lib/python3.10/site-packages:${PYTHONPATH} /usr/bin/python3 -W ignore:setup.py install is deprecated -W ignore:easy_install command is deprecated setup.py egg_info --egg-base ../../build/servo_action build --build-base /home/erds/barns_ws/build/servo_action/build install --record /home/erds/barns_ws/build/servo_action/install.log --single-version-externally-managed install_data
[2.090s] /home/erds/.local/lib/python3.10/site-packages/setuptools/_distutils/dist.py:270: UserWarning: Unknown distribution option: 'tests_require'
[2.092s]   warnings.warn(msg)
[2.248s] running egg_info
[2.273s] writing ../../build/servo_action/servo_action.egg-info/PKG-INFO
[2.274s] writing dependency_links to ../../build/servo_action/servo_action.egg-info/dependency_links.txt
[2.274s] writing entry points to ../../build/servo_action/servo_action.egg-info/entry_points.txt
[2.275s] writing requirements to ../../build/servo_action/servo_action.egg-info/requires.txt
[2.275s] writing top-level names to ../../build/servo_action/servo_action.egg-info/top_level.txt
[2.335s] reading manifest file '../../build/servo_action/servo_action.egg-info/SOURCES.txt'
[2.340s] writing manifest file '../../build/servo_action/servo_action.egg-info/SOURCES.txt'
[2.340s] running build
[2.340s] running build_py
[2.341s] copying servo_action/action_move_server_reality.py -> /home/erds/barns_ws/build/servo_action/build/lib/servo_action
[2.341s] copying servo_action/action_move_client_reality.py -> /home/erds/barns_ws/build/servo_action/build/lib/servo_action
[2.341s] running install
[2.351s] running install_lib
[2.378s] running install_data
[2.378s] running install_egg_info
[2.407s] removing '/home/erds/barns_ws/install/servo_action/lib/python3.10/site-packages/servo_action-0.0.0-py3.10.egg-info' (and everything under it)
[2.407s] Copying ../../build/servo_action/servo_action.egg-info to /home/erds/barns_ws/install/servo_action/lib/python3.10/site-packages/servo_action-0.0.0-py3.10.egg-info
[2.407s] running install_scripts
[2.626s] Installing Joint_Position script to /home/erds/barns_ws/install/servo_action/lib/servo_action
[2.626s] Installing action_move_client script to /home/erds/barns_ws/install/servo_action/lib/servo_action
[2.626s] Installing action_move_client_reality script to /home/erds/barns_ws/install/servo_action/lib/servo_action
[2.627s] Installing action_move_server script to /home/erds/barns_ws/install/servo_action/lib/servo_action
[2.627s] Installing action_move_server_reality script to /home/erds/barns_ws/install/servo_action/lib/servo_action
[2.628s] writing list of installed files to '/home/erds/barns_ws/build/servo_action/install.log'
