[0.700s] Invoking command in '/home/erds/barns_ws/src/dobot_bringup_v3': CMAKE_PREFIX_PATH=/home/erds/barns_ws/install/dobot_msgs_v3:/home/erds/ws_moveit2/install:/home/erds/ros2_ws/install/realsense2_description:/home/erds/ros2_ws/install/realsense2_camera:/home/erds/ros2_ws/install/realsense2_camera_msgs:/home/erds/barns_ws/install/nova5_moveit:/home/erds/barns_ws/install/dobot_rviz:/home/erds/barns_ws/install/dobot_gazebo LD_LIBRARY_PATH=/home/erds/barns_ws/install/dobot_msgs_v3/lib:/usr/local/cuda/lib64:/home/erds/ws_moveit2/install/lib:/home/erds/ros2_ws/install/realsense2_camera/lib:/home/erds/ros2_ws/install/realsense2_camera_msgs/lib:/usr/lib/x86_64-linux-gnu/gazebo-11/plugins:/opt/ros/humble/opt/rviz_ogre_vendor/lib:/opt/ros/humble/lib/x86_64-linux-gnu:/opt/ros/humble/lib PYTHONPATH=/home/erds/barns_ws/build/dobot_bringup_v3/prefix_override:/usr/lib/python3/dist-packages/colcon_core/task/python/colcon_distutils_commands:/home/erds/barns_ws/install/dobot_bringup_v3/lib/python3.10/site-packages:${PYTHONPATH} /usr/bin/python3 -W ignore:setup.py install is deprecated -W ignore:easy_install command is deprecated setup.py egg_info --egg-base ../../build/dobot_bringup_v3 build --build-base /home/erds/barns_ws/build/dobot_bringup_v3/build install --record /home/erds/barns_ws/build/dobot_bringup_v3/install.log --single-version-externally-managed install_data
[0.832s] /home/erds/.local/lib/python3.10/site-packages/setuptools/_distutils/dist.py:270: UserWarning: Unknown distribution option: 'tests_require'
[0.832s]   warnings.warn(msg)
[0.918s] running egg_info
[0.932s] creating ../../build/dobot_bringup_v3/dobot_bringup_v3.egg-info
[0.932s] writing ../../build/dobot_bringup_v3/dobot_bringup_v3.egg-info/PKG-INFO
[0.932s] writing dependency_links to ../../build/dobot_bringup_v3/dobot_bringup_v3.egg-info/dependency_links.txt
[0.932s] writing entry points to ../../build/dobot_bringup_v3/dobot_bringup_v3.egg-info/entry_points.txt
[0.933s] writing requirements to ../../build/dobot_bringup_v3/dobot_bringup_v3.egg-info/requires.txt
[0.933s] writing top-level names to ../../build/dobot_bringup_v3/dobot_bringup_v3.egg-info/top_level.txt
[0.933s] writing manifest file '../../build/dobot_bringup_v3/dobot_bringup_v3.egg-info/SOURCES.txt'
[0.961s] reading manifest file '../../build/dobot_bringup_v3/dobot_bringup_v3.egg-info/SOURCES.txt'
[0.962s] writing manifest file '../../build/dobot_bringup_v3/dobot_bringup_v3.egg-info/SOURCES.txt'
[0.962s] running build
[0.962s] running build_py
[0.963s] creating /home/erds/barns_ws/build/dobot_bringup_v3/build/lib/dobot_bringup_v3
[0.963s] copying dobot_bringup_v3/dobot_api.py -> /home/erds/barns_ws/build/dobot_bringup_v3/build/lib/dobot_bringup_v3
[0.963s] copying dobot_bringup_v3/__init__.py -> /home/erds/barns_ws/build/dobot_bringup_v3/build/lib/dobot_bringup_v3
[0.963s] copying dobot_bringup_v3/dobot_bringup.py -> /home/erds/barns_ws/build/dobot_bringup_v3/build/lib/dobot_bringup_v3
[0.963s] copying dobot_bringup_v3/feedback.py -> /home/erds/barns_ws/build/dobot_bringup_v3/build/lib/dobot_bringup_v3
[0.963s] running install
[0.967s] running install_lib
[0.981s] creating /home/erds/barns_ws/install/dobot_bringup_v3/lib/python3.10/site-packages/dobot_bringup_v3
[0.981s] copying /home/erds/barns_ws/build/dobot_bringup_v3/build/lib/dobot_bringup_v3/dobot_api.py -> /home/erds/barns_ws/install/dobot_bringup_v3/lib/python3.10/site-packages/dobot_bringup_v3
[0.981s] copying /home/erds/barns_ws/build/dobot_bringup_v3/build/lib/dobot_bringup_v3/__init__.py -> /home/erds/barns_ws/install/dobot_bringup_v3/lib/python3.10/site-packages/dobot_bringup_v3
[0.981s] copying /home/erds/barns_ws/build/dobot_bringup_v3/build/lib/dobot_bringup_v3/dobot_bringup.py -> /home/erds/barns_ws/install/dobot_bringup_v3/lib/python3.10/site-packages/dobot_bringup_v3
[0.981s] copying /home/erds/barns_ws/build/dobot_bringup_v3/build/lib/dobot_bringup_v3/feedback.py -> /home/erds/barns_ws/install/dobot_bringup_v3/lib/python3.10/site-packages/dobot_bringup_v3
[0.982s] byte-compiling /home/erds/barns_ws/install/dobot_bringup_v3/lib/python3.10/site-packages/dobot_bringup_v3/dobot_api.py to dobot_api.cpython-310.pyc
[0.986s] byte-compiling /home/erds/barns_ws/install/dobot_bringup_v3/lib/python3.10/site-packages/dobot_bringup_v3/__init__.py to __init__.cpython-310.pyc
[0.986s] byte-compiling /home/erds/barns_ws/install/dobot_bringup_v3/lib/python3.10/site-packages/dobot_bringup_v3/dobot_bringup.py to dobot_bringup.cpython-310.pyc
[0.989s] byte-compiling /home/erds/barns_ws/install/dobot_bringup_v3/lib/python3.10/site-packages/dobot_bringup_v3/feedback.py to feedback.cpython-310.pyc
[0.990s] running install_data
[0.990s] creating /home/erds/barns_ws/install/dobot_bringup_v3/share/ament_index/resource_index/packages
[0.990s] copying resource/dobot_bringup_v3 -> /home/erds/barns_ws/install/dobot_bringup_v3/share/ament_index/resource_index/packages
[0.990s] copying package.xml -> /home/erds/barns_ws/install/dobot_bringup_v3/share/dobot_bringup_v3
[0.991s] creating /home/erds/barns_ws/install/dobot_bringup_v3/share/dobot_bringup_v3/launch
[0.991s] copying launch/dobot_bringup_ros2.launch.py -> /home/erds/barns_ws/install/dobot_bringup_v3/share/dobot_bringup_v3/launch
[0.991s] running install_egg_info
[1.006s] Copying ../../build/dobot_bringup_v3/dobot_bringup_v3.egg-info to /home/erds/barns_ws/install/dobot_bringup_v3/lib/python3.10/site-packages/dobot_bringup_v3-0.0.0-py3.10.egg-info
[1.007s] running install_scripts
[1.130s] Installing dobot_bringup script to /home/erds/barns_ws/install/dobot_bringup_v3/lib/dobot_bringup_v3
[1.130s] Installing feedback script to /home/erds/barns_ws/install/dobot_bringup_v3/lib/dobot_bringup_v3
[1.130s] writing list of installed files to '/home/erds/barns_ws/build/dobot_bringup_v3/install.log'
[1.155s] Invoked command in '/home/erds/barns_ws/src/dobot_bringup_v3' returned '0': CMAKE_PREFIX_PATH=/home/erds/barns_ws/install/dobot_msgs_v3:/home/erds/ws_moveit2/install:/home/erds/ros2_ws/install/realsense2_description:/home/erds/ros2_ws/install/realsense2_camera:/home/erds/ros2_ws/install/realsense2_camera_msgs:/home/erds/barns_ws/install/nova5_moveit:/home/erds/barns_ws/install/dobot_rviz:/home/erds/barns_ws/install/dobot_gazebo LD_LIBRARY_PATH=/home/erds/barns_ws/install/dobot_msgs_v3/lib:/usr/local/cuda/lib64:/home/erds/ws_moveit2/install/lib:/home/erds/ros2_ws/install/realsense2_camera/lib:/home/erds/ros2_ws/install/realsense2_camera_msgs/lib:/usr/lib/x86_64-linux-gnu/gazebo-11/plugins:/opt/ros/humble/opt/rviz_ogre_vendor/lib:/opt/ros/humble/lib/x86_64-linux-gnu:/opt/ros/humble/lib PYTHONPATH=/home/erds/barns_ws/build/dobot_bringup_v3/prefix_override:/usr/lib/python3/dist-packages/colcon_core/task/python/colcon_distutils_commands:/home/erds/barns_ws/install/dobot_bringup_v3/lib/python3.10/site-packages:${PYTHONPATH} /usr/bin/python3 -W ignore:setup.py install is deprecated -W ignore:easy_install command is deprecated setup.py egg_info --egg-base ../../build/dobot_bringup_v3 build --build-base /home/erds/barns_ws/build/dobot_bringup_v3/build install --record /home/erds/barns_ws/build/dobot_bringup_v3/install.log --single-version-externally-managed install_data
