-- Install configuration: ""
-- Up-to-date: /home/erds/barns_ws/install/pickn_place/share/pickn_place/launch
-- Installing: /home/erds/barns_ws/install/pickn_place/share/pickn_place/launch/display_urdf.launch.py
-- Up-to-date: /home/erds/barns_ws/install/pickn_place/share/pickn_place/physical_things/urdf
-- Up-to-date: /home/erds/barns_ws/install/pickn_place/share/pickn_place/physical_things/urdf/portafilter.urdf
-- Up-to-date: /home/erds/barns_ws/install/pickn_place/share/pickn_place/physical_things/mesh
-- Up-to-date: /home/erds/barns_ws/install/pickn_place/share/pickn_place/physical_things/mesh/portafilter.stl
-- Up-to-date: /home/erds/barns_ws/install/pickn_place/share/ament_index/resource_index/package_run_dependencies/pickn_place
-- Up-to-date: /home/erds/barns_ws/install/pickn_place/share/ament_index/resource_index/parent_prefix_path/pickn_place
-- Up-to-date: /home/erds/barns_ws/install/pickn_place/share/pickn_place/environment/ament_prefix_path.sh
-- Up-to-date: /home/erds/barns_ws/install/pickn_place/share/pickn_place/environment/ament_prefix_path.dsv
-- Up-to-date: /home/erds/barns_ws/install/pickn_place/share/pickn_place/environment/path.sh
-- Up-to-date: /home/erds/barns_ws/install/pickn_place/share/pickn_place/environment/path.dsv
-- Up-to-date: /home/erds/barns_ws/install/pickn_place/share/pickn_place/local_setup.bash
-- Up-to-date: /home/erds/barns_ws/install/pickn_place/share/pickn_place/local_setup.sh
-- Up-to-date: /home/erds/barns_ws/install/pickn_place/share/pickn_place/local_setup.zsh
-- Up-to-date: /home/erds/barns_ws/install/pickn_place/share/pickn_place/local_setup.dsv
-- Installing: /home/erds/barns_ws/install/pickn_place/share/pickn_place/package.dsv
-- Up-to-date: /home/erds/barns_ws/install/pickn_place/share/ament_index/resource_index/packages/pickn_place
-- Up-to-date: /home/erds/barns_ws/install/pickn_place/share/pickn_place/cmake/pickn_placeConfig.cmake
-- Up-to-date: /home/erds/barns_ws/install/pickn_place/share/pickn_place/cmake/pickn_placeConfig-version.cmake
-- Up-to-date: /home/erds/barns_ws/install/pickn_place/share/pickn_place/package.xml
