[0.089s] DEBUG:colcon:Command line arguments: ['/usr/bin/colcon', 'build']
[0.089s] DEBUG:colcon:Parsed command line arguments: Namespace(log_base=None, log_level=None, verb_name='build', build_base='build', install_base='install', merge_install=False, symlink_install=False, test_result_base=None, continue_on_error=False, executor='parallel', parallel_workers=16, event_handlers=None, ignore_user_meta=False, metas=['./colcon.meta'], base_paths=['.'], packages_ignore=None, packages_ignore_regex=None, paths=None, packages_up_to=None, packages_up_to_regex=None, packages_above=None, packages_above_and_dependencies=None, packages_above_depth=None, packages_select_by_dep=None, packages_skip_by_dep=None, packages_skip_up_to=None, packages_select_build_failed=False, packages_skip_build_finished=False, packages_select_test_failures=False, packages_skip_test_passed=False, packages_select=None, packages_skip=None, packages_select_regex=None, packages_skip_regex=None, packages_start=None, packages_end=None, allow_overriding=[], cmake_args=None, cmake_target=None, cmake_target_skip_unavailable=False, cmake_clean_cache=False, cmake_clean_first=False, cmake_force_configure=False, ament_cmake_args=None, catkin_cmake_args=None, catkin_skip_building_tests=False, mixin_files=None, mixin=None, verb_parser=<colcon_mixin.mixin.mixin_argument.MixinArgumentDecorator object at 0x78d298e50820>, verb_extension=<colcon_core.verb.build.BuildVerb object at 0x78d298e1fd90>, main=<bound method BuildVerb.main of <colcon_core.verb.build.BuildVerb object at 0x78d298e1fd90>>, mixin_verb=('build',))
[0.117s] Level 1:colcon.colcon_core.package_discovery:discover_packages(colcon_meta) check parameters
[0.117s] Level 1:colcon.colcon_core.package_discovery:discover_packages(recursive) check parameters
[0.117s] Level 1:colcon.colcon_core.package_discovery:discover_packages(ignore) check parameters
[0.117s] Level 1:colcon.colcon_core.package_discovery:discover_packages(path) check parameters
[0.117s] Level 1:colcon.colcon_core.package_discovery:discover_packages(colcon_meta) discover
[0.117s] Level 1:colcon.colcon_core.package_discovery:discover_packages(recursive) discover
[0.117s] INFO:colcon.colcon_core.package_discovery:Crawling recursively for packages in '/home/erds/barns_ws'
[0.117s] Level 1:colcon.colcon_core.package_identification:_identify(.) by extensions ['ignore', 'ignore_ament_install']
[0.117s] Level 1:colcon.colcon_core.package_identification:_identify(.) by extension 'ignore'
[0.117s] Level 1:colcon.colcon_core.package_identification:_identify(.) by extension 'ignore_ament_install'
[0.117s] Level 1:colcon.colcon_core.package_identification:_identify(.) by extensions ['colcon_pkg']
[0.117s] Level 1:colcon.colcon_core.package_identification:_identify(.) by extension 'colcon_pkg'
[0.117s] Level 1:colcon.colcon_core.package_identification:_identify(.) by extensions ['colcon_meta']
[0.117s] Level 1:colcon.colcon_core.package_identification:_identify(.) by extension 'colcon_meta'
[0.117s] Level 1:colcon.colcon_core.package_identification:_identify(.) by extensions ['ros']
[0.117s] Level 1:colcon.colcon_core.package_identification:_identify(.) by extension 'ros'
[0.128s] Level 1:colcon.colcon_core.package_identification:_identify(.) by extensions ['cmake', 'python']
[0.128s] Level 1:colcon.colcon_core.package_identification:_identify(.) by extension 'cmake'
[0.128s] Level 1:colcon.colcon_core.package_identification:_identify(.) by extension 'python'
[0.128s] Level 1:colcon.colcon_core.package_identification:_identify(.) by extensions ['python_setup_py']
[0.128s] Level 1:colcon.colcon_core.package_identification:_identify(.) by extension 'python_setup_py'
[0.128s] Level 1:colcon.colcon_core.package_identification:_identify(build) by extensions ['ignore', 'ignore_ament_install']
[0.128s] Level 1:colcon.colcon_core.package_identification:_identify(build) by extension 'ignore'
[0.128s] Level 1:colcon.colcon_core.package_identification:_identify(build) ignored
[0.128s] Level 1:colcon.colcon_core.package_identification:_identify(install) by extensions ['ignore', 'ignore_ament_install']
[0.128s] Level 1:colcon.colcon_core.package_identification:_identify(install) by extension 'ignore'
[0.128s] Level 1:colcon.colcon_core.package_identification:_identify(install) ignored
[0.128s] Level 1:colcon.colcon_core.package_identification:_identify(log) by extensions ['ignore', 'ignore_ament_install']
[0.128s] Level 1:colcon.colcon_core.package_identification:_identify(log) by extension 'ignore'
[0.128s] Level 1:colcon.colcon_core.package_identification:_identify(log) ignored
[0.128s] Level 1:colcon.colcon_core.package_identification:_identify(src) by extensions ['ignore', 'ignore_ament_install']
[0.128s] Level 1:colcon.colcon_core.package_identification:_identify(src) by extension 'ignore'
[0.128s] Level 1:colcon.colcon_core.package_identification:_identify(src) by extension 'ignore_ament_install'
[0.128s] Level 1:colcon.colcon_core.package_identification:_identify(src) by extensions ['colcon_pkg']
[0.129s] Level 1:colcon.colcon_core.package_identification:_identify(src) by extension 'colcon_pkg'
[0.129s] Level 1:colcon.colcon_core.package_identification:_identify(src) by extensions ['colcon_meta']
[0.129s] Level 1:colcon.colcon_core.package_identification:_identify(src) by extension 'colcon_meta'
[0.129s] Level 1:colcon.colcon_core.package_identification:_identify(src) by extensions ['ros']
[0.129s] Level 1:colcon.colcon_core.package_identification:_identify(src) by extension 'ros'
[0.129s] Level 1:colcon.colcon_core.package_identification:_identify(src) by extensions ['cmake', 'python']
[0.129s] Level 1:colcon.colcon_core.package_identification:_identify(src) by extension 'cmake'
[0.129s] Level 1:colcon.colcon_core.package_identification:_identify(src) by extension 'python'
[0.129s] Level 1:colcon.colcon_core.package_identification:_identify(src) by extensions ['python_setup_py']
[0.129s] Level 1:colcon.colcon_core.package_identification:_identify(src) by extension 'python_setup_py'
[0.129s] Level 1:colcon.colcon_core.package_identification:_identify(src/dobot_bringup_v3) by extensions ['ignore', 'ignore_ament_install']
[0.129s] Level 1:colcon.colcon_core.package_identification:_identify(src/dobot_bringup_v3) by extension 'ignore'
[0.129s] Level 1:colcon.colcon_core.package_identification:_identify(src/dobot_bringup_v3) by extension 'ignore_ament_install'
[0.129s] Level 1:colcon.colcon_core.package_identification:_identify(src/dobot_bringup_v3) by extensions ['colcon_pkg']
[0.129s] Level 1:colcon.colcon_core.package_identification:_identify(src/dobot_bringup_v3) by extension 'colcon_pkg'
[0.129s] Level 1:colcon.colcon_core.package_identification:_identify(src/dobot_bringup_v3) by extensions ['colcon_meta']
[0.129s] Level 1:colcon.colcon_core.package_identification:_identify(src/dobot_bringup_v3) by extension 'colcon_meta'
[0.129s] Level 1:colcon.colcon_core.package_identification:_identify(src/dobot_bringup_v3) by extensions ['ros']
[0.129s] Level 1:colcon.colcon_core.package_identification:_identify(src/dobot_bringup_v3) by extension 'ros'
[0.131s] DEBUG:colcon.colcon_core.package_identification:Package 'src/dobot_bringup_v3' with type 'ros.ament_python' and name 'dobot_bringup_v3'
[0.131s] Level 1:colcon.colcon_core.package_identification:_identify(src/dobot_demo) by extensions ['ignore', 'ignore_ament_install']
[0.131s] Level 1:colcon.colcon_core.package_identification:_identify(src/dobot_demo) by extension 'ignore'
[0.131s] Level 1:colcon.colcon_core.package_identification:_identify(src/dobot_demo) by extension 'ignore_ament_install'
[0.131s] Level 1:colcon.colcon_core.package_identification:_identify(src/dobot_demo) by extensions ['colcon_pkg']
[0.131s] Level 1:colcon.colcon_core.package_identification:_identify(src/dobot_demo) by extension 'colcon_pkg'
[0.131s] Level 1:colcon.colcon_core.package_identification:_identify(src/dobot_demo) by extensions ['colcon_meta']
[0.131s] Level 1:colcon.colcon_core.package_identification:_identify(src/dobot_demo) by extension 'colcon_meta'
[0.131s] Level 1:colcon.colcon_core.package_identification:_identify(src/dobot_demo) by extensions ['ros']
[0.131s] Level 1:colcon.colcon_core.package_identification:_identify(src/dobot_demo) by extension 'ros'
[0.131s] DEBUG:colcon.colcon_core.package_identification:Package 'src/dobot_demo' with type 'ros.ament_python' and name 'dobot_demo'
[0.131s] Level 1:colcon.colcon_core.package_identification:_identify(src/dobot_gazebo) by extensions ['ignore', 'ignore_ament_install']
[0.132s] Level 1:colcon.colcon_core.package_identification:_identify(src/dobot_gazebo) by extension 'ignore'
[0.132s] Level 1:colcon.colcon_core.package_identification:_identify(src/dobot_gazebo) by extension 'ignore_ament_install'
[0.132s] Level 1:colcon.colcon_core.package_identification:_identify(src/dobot_gazebo) by extensions ['colcon_pkg']
[0.132s] Level 1:colcon.colcon_core.package_identification:_identify(src/dobot_gazebo) by extension 'colcon_pkg'
[0.132s] Level 1:colcon.colcon_core.package_identification:_identify(src/dobot_gazebo) by extensions ['colcon_meta']
[0.132s] Level 1:colcon.colcon_core.package_identification:_identify(src/dobot_gazebo) by extension 'colcon_meta'
[0.132s] Level 1:colcon.colcon_core.package_identification:_identify(src/dobot_gazebo) by extensions ['ros']
[0.132s] Level 1:colcon.colcon_core.package_identification:_identify(src/dobot_gazebo) by extension 'ros'
[0.132s] DEBUG:colcon.colcon_core.package_identification:Package 'src/dobot_gazebo' with type 'ros.ament_cmake' and name 'dobot_gazebo'
[0.132s] Level 1:colcon.colcon_core.package_identification:_identify(src/dobot_moveit) by extensions ['ignore', 'ignore_ament_install']
[0.132s] Level 1:colcon.colcon_core.package_identification:_identify(src/dobot_moveit) by extension 'ignore'
[0.132s] Level 1:colcon.colcon_core.package_identification:_identify(src/dobot_moveit) by extension 'ignore_ament_install'
[0.132s] Level 1:colcon.colcon_core.package_identification:_identify(src/dobot_moveit) by extensions ['colcon_pkg']
[0.132s] Level 1:colcon.colcon_core.package_identification:_identify(src/dobot_moveit) by extension 'colcon_pkg'
[0.132s] Level 1:colcon.colcon_core.package_identification:_identify(src/dobot_moveit) by extensions ['colcon_meta']
[0.132s] Level 1:colcon.colcon_core.package_identification:_identify(src/dobot_moveit) by extension 'colcon_meta'
[0.132s] Level 1:colcon.colcon_core.package_identification:_identify(src/dobot_moveit) by extensions ['ros']
[0.132s] Level 1:colcon.colcon_core.package_identification:_identify(src/dobot_moveit) by extension 'ros'
[0.133s] DEBUG:colcon.colcon_core.package_identification:Package 'src/dobot_moveit' with type 'ros.ament_python' and name 'dobot_moveit'
[0.133s] Level 1:colcon.colcon_core.package_identification:_identify(src/dobot_msgs_v3) by extensions ['ignore', 'ignore_ament_install']
[0.133s] Level 1:colcon.colcon_core.package_identification:_identify(src/dobot_msgs_v3) by extension 'ignore'
[0.133s] Level 1:colcon.colcon_core.package_identification:_identify(src/dobot_msgs_v3) by extension 'ignore_ament_install'
[0.133s] Level 1:colcon.colcon_core.package_identification:_identify(src/dobot_msgs_v3) by extensions ['colcon_pkg']
[0.133s] Level 1:colcon.colcon_core.package_identification:_identify(src/dobot_msgs_v3) by extension 'colcon_pkg'
[0.133s] Level 1:colcon.colcon_core.package_identification:_identify(src/dobot_msgs_v3) by extensions ['colcon_meta']
[0.133s] Level 1:colcon.colcon_core.package_identification:_identify(src/dobot_msgs_v3) by extension 'colcon_meta'
[0.133s] Level 1:colcon.colcon_core.package_identification:_identify(src/dobot_msgs_v3) by extensions ['ros']
[0.133s] Level 1:colcon.colcon_core.package_identification:_identify(src/dobot_msgs_v3) by extension 'ros'
[0.134s] DEBUG:colcon.colcon_core.package_identification:Package 'src/dobot_msgs_v3' with type 'ros.ament_cmake' and name 'dobot_msgs_v3'
[0.134s] Level 1:colcon.colcon_core.package_identification:_identify(src/dobot_rviz) by extensions ['ignore', 'ignore_ament_install']
[0.134s] Level 1:colcon.colcon_core.package_identification:_identify(src/dobot_rviz) by extension 'ignore'
[0.134s] Level 1:colcon.colcon_core.package_identification:_identify(src/dobot_rviz) by extension 'ignore_ament_install'
[0.134s] Level 1:colcon.colcon_core.package_identification:_identify(src/dobot_rviz) by extensions ['colcon_pkg']
[0.134s] Level 1:colcon.colcon_core.package_identification:_identify(src/dobot_rviz) by extension 'colcon_pkg'
[0.134s] Level 1:colcon.colcon_core.package_identification:_identify(src/dobot_rviz) by extensions ['colcon_meta']
[0.134s] Level 1:colcon.colcon_core.package_identification:_identify(src/dobot_rviz) by extension 'colcon_meta'
[0.134s] Level 1:colcon.colcon_core.package_identification:_identify(src/dobot_rviz) by extensions ['ros']
[0.134s] Level 1:colcon.colcon_core.package_identification:_identify(src/dobot_rviz) by extension 'ros'
[0.134s] DEBUG:colcon.colcon_core.package_identification:Package 'src/dobot_rviz' with type 'ros.ament_cmake' and name 'dobot_rviz'
[0.134s] Level 1:colcon.colcon_core.package_identification:_identify(src/nova5_moveit) by extensions ['ignore', 'ignore_ament_install']
[0.134s] Level 1:colcon.colcon_core.package_identification:_identify(src/nova5_moveit) by extension 'ignore'
[0.134s] Level 1:colcon.colcon_core.package_identification:_identify(src/nova5_moveit) by extension 'ignore_ament_install'
[0.134s] Level 1:colcon.colcon_core.package_identification:_identify(src/nova5_moveit) by extensions ['colcon_pkg']
[0.134s] Level 1:colcon.colcon_core.package_identification:_identify(src/nova5_moveit) by extension 'colcon_pkg'
[0.135s] Level 1:colcon.colcon_core.package_identification:_identify(src/nova5_moveit) by extensions ['colcon_meta']
[0.135s] Level 1:colcon.colcon_core.package_identification:_identify(src/nova5_moveit) by extension 'colcon_meta'
[0.135s] Level 1:colcon.colcon_core.package_identification:_identify(src/nova5_moveit) by extensions ['ros']
[0.135s] Level 1:colcon.colcon_core.package_identification:_identify(src/nova5_moveit) by extension 'ros'
[0.135s] DEBUG:colcon.colcon_core.package_identification:Package 'src/nova5_moveit' with type 'ros.ament_cmake' and name 'nova5_moveit'
[0.135s] Level 1:colcon.colcon_core.package_identification:_identify(src/pickn_place) by extensions ['ignore', 'ignore_ament_install']
[0.135s] Level 1:colcon.colcon_core.package_identification:_identify(src/pickn_place) by extension 'ignore'
[0.135s] Level 1:colcon.colcon_core.package_identification:_identify(src/pickn_place) by extension 'ignore_ament_install'
[0.135s] Level 1:colcon.colcon_core.package_identification:_identify(src/pickn_place) by extensions ['colcon_pkg']
[0.135s] Level 1:colcon.colcon_core.package_identification:_identify(src/pickn_place) by extension 'colcon_pkg'
[0.135s] Level 1:colcon.colcon_core.package_identification:_identify(src/pickn_place) by extensions ['colcon_meta']
[0.135s] Level 1:colcon.colcon_core.package_identification:_identify(src/pickn_place) by extension 'colcon_meta'
[0.135s] Level 1:colcon.colcon_core.package_identification:_identify(src/pickn_place) by extensions ['ros']
[0.136s] Level 1:colcon.colcon_core.package_identification:_identify(src/pickn_place) by extension 'ros'
[0.136s] DEBUG:colcon.colcon_core.package_identification:Package 'src/pickn_place' with type 'ros.ament_python' and name 'pickn_place'
[0.136s] Level 1:colcon.colcon_core.package_identification:_identify(src/servo_action) by extensions ['ignore', 'ignore_ament_install']
[0.136s] Level 1:colcon.colcon_core.package_identification:_identify(src/servo_action) by extension 'ignore'
[0.136s] Level 1:colcon.colcon_core.package_identification:_identify(src/servo_action) by extension 'ignore_ament_install'
[0.136s] Level 1:colcon.colcon_core.package_identification:_identify(src/servo_action) by extensions ['colcon_pkg']
[0.136s] Level 1:colcon.colcon_core.package_identification:_identify(src/servo_action) by extension 'colcon_pkg'
[0.136s] Level 1:colcon.colcon_core.package_identification:_identify(src/servo_action) by extensions ['colcon_meta']
[0.136s] Level 1:colcon.colcon_core.package_identification:_identify(src/servo_action) by extension 'colcon_meta'
[0.136s] Level 1:colcon.colcon_core.package_identification:_identify(src/servo_action) by extensions ['ros']
[0.136s] Level 1:colcon.colcon_core.package_identification:_identify(src/servo_action) by extension 'ros'
[0.137s] DEBUG:colcon.colcon_core.package_identification:Package 'src/servo_action' with type 'ros.ament_python' and name 'servo_action'
[0.137s] Level 1:colcon.colcon_core.package_discovery:discover_packages(recursive) using defaults
[0.137s] Level 1:colcon.colcon_core.package_discovery:discover_packages(ignore) discover
[0.137s] Level 1:colcon.colcon_core.package_discovery:discover_packages(ignore) using defaults
[0.137s] Level 1:colcon.colcon_core.package_discovery:discover_packages(path) discover
[0.137s] Level 1:colcon.colcon_core.package_discovery:discover_packages(path) using defaults
[0.152s] Level 1:colcon.colcon_core.package_discovery:discover_packages(prefix_path) check parameters
[0.152s] Level 1:colcon.colcon_core.package_discovery:discover_packages(prefix_path) discover
[0.154s] DEBUG:colcon.colcon_installed_package_information.package_discovery:Found 46 installed packages in /home/erds/ws_moveit2/install
[0.155s] DEBUG:colcon.colcon_installed_package_information.package_discovery:Found 9 installed packages in /home/erds/barns_ws/install
[0.155s] DEBUG:colcon.colcon_installed_package_information.package_discovery:Found 6 installed packages in /home/erds/ros2_ws/install
[0.157s] DEBUG:colcon.colcon_installed_package_information.package_discovery:Found 360 installed packages in /opt/ros/humble
[0.159s] Level 1:colcon.colcon_core.package_discovery:discover_packages(prefix_path) using defaults
[0.195s] Level 5:colcon.colcon_core.verb:set package 'dobot_demo' build argument 'cmake_args' from command line to 'None'
[0.195s] Level 5:colcon.colcon_core.verb:set package 'dobot_demo' build argument 'cmake_target' from command line to 'None'
[0.195s] Level 5:colcon.colcon_core.verb:set package 'dobot_demo' build argument 'cmake_target_skip_unavailable' from command line to 'False'
[0.195s] Level 5:colcon.colcon_core.verb:set package 'dobot_demo' build argument 'cmake_clean_cache' from command line to 'False'
[0.195s] Level 5:colcon.colcon_core.verb:set package 'dobot_demo' build argument 'cmake_clean_first' from command line to 'False'
[0.195s] Level 5:colcon.colcon_core.verb:set package 'dobot_demo' build argument 'cmake_force_configure' from command line to 'False'
[0.195s] Level 5:colcon.colcon_core.verb:set package 'dobot_demo' build argument 'ament_cmake_args' from command line to 'None'
[0.195s] Level 5:colcon.colcon_core.verb:set package 'dobot_demo' build argument 'catkin_cmake_args' from command line to 'None'
[0.195s] Level 5:colcon.colcon_core.verb:set package 'dobot_demo' build argument 'catkin_skip_building_tests' from command line to 'False'
[0.195s] DEBUG:colcon.colcon_core.verb:Building package 'dobot_demo' with the following arguments: {'ament_cmake_args': None, 'build_base': '/home/erds/barns_ws/build/dobot_demo', 'catkin_cmake_args': None, 'catkin_skip_building_tests': False, 'cmake_args': None, 'cmake_clean_cache': False, 'cmake_clean_first': False, 'cmake_force_configure': False, 'cmake_target': None, 'cmake_target_skip_unavailable': False, 'install_base': '/home/erds/barns_ws/install/dobot_demo', 'merge_install': False, 'path': '/home/erds/barns_ws/src/dobot_demo', 'symlink_install': False, 'test_result_base': None}
[0.195s] Level 5:colcon.colcon_core.verb:set package 'dobot_gazebo' build argument 'cmake_args' from command line to 'None'
[0.195s] Level 5:colcon.colcon_core.verb:set package 'dobot_gazebo' build argument 'cmake_target' from command line to 'None'
[0.195s] Level 5:colcon.colcon_core.verb:set package 'dobot_gazebo' build argument 'cmake_target_skip_unavailable' from command line to 'False'
[0.195s] Level 5:colcon.colcon_core.verb:set package 'dobot_gazebo' build argument 'cmake_clean_cache' from command line to 'False'
[0.195s] Level 5:colcon.colcon_core.verb:set package 'dobot_gazebo' build argument 'cmake_clean_first' from command line to 'False'
[0.195s] Level 5:colcon.colcon_core.verb:set package 'dobot_gazebo' build argument 'cmake_force_configure' from command line to 'False'
[0.195s] Level 5:colcon.colcon_core.verb:set package 'dobot_gazebo' build argument 'ament_cmake_args' from command line to 'None'
[0.195s] Level 5:colcon.colcon_core.verb:set package 'dobot_gazebo' build argument 'catkin_cmake_args' from command line to 'None'
[0.195s] Level 5:colcon.colcon_core.verb:set package 'dobot_gazebo' build argument 'catkin_skip_building_tests' from command line to 'False'
[0.195s] DEBUG:colcon.colcon_core.verb:Building package 'dobot_gazebo' with the following arguments: {'ament_cmake_args': None, 'build_base': '/home/erds/barns_ws/build/dobot_gazebo', 'catkin_cmake_args': None, 'catkin_skip_building_tests': False, 'cmake_args': None, 'cmake_clean_cache': False, 'cmake_clean_first': False, 'cmake_force_configure': False, 'cmake_target': None, 'cmake_target_skip_unavailable': False, 'install_base': '/home/erds/barns_ws/install/dobot_gazebo', 'merge_install': False, 'path': '/home/erds/barns_ws/src/dobot_gazebo', 'symlink_install': False, 'test_result_base': None}
[0.195s] Level 5:colcon.colcon_core.verb:set package 'dobot_moveit' build argument 'cmake_args' from command line to 'None'
[0.195s] Level 5:colcon.colcon_core.verb:set package 'dobot_moveit' build argument 'cmake_target' from command line to 'None'
[0.195s] Level 5:colcon.colcon_core.verb:set package 'dobot_moveit' build argument 'cmake_target_skip_unavailable' from command line to 'False'
[0.195s] Level 5:colcon.colcon_core.verb:set package 'dobot_moveit' build argument 'cmake_clean_cache' from command line to 'False'
[0.195s] Level 5:colcon.colcon_core.verb:set package 'dobot_moveit' build argument 'cmake_clean_first' from command line to 'False'
[0.195s] Level 5:colcon.colcon_core.verb:set package 'dobot_moveit' build argument 'cmake_force_configure' from command line to 'False'
[0.195s] Level 5:colcon.colcon_core.verb:set package 'dobot_moveit' build argument 'ament_cmake_args' from command line to 'None'
[0.195s] Level 5:colcon.colcon_core.verb:set package 'dobot_moveit' build argument 'catkin_cmake_args' from command line to 'None'
[0.196s] Level 5:colcon.colcon_core.verb:set package 'dobot_moveit' build argument 'catkin_skip_building_tests' from command line to 'False'
[0.196s] DEBUG:colcon.colcon_core.verb:Building package 'dobot_moveit' with the following arguments: {'ament_cmake_args': None, 'build_base': '/home/erds/barns_ws/build/dobot_moveit', 'catkin_cmake_args': None, 'catkin_skip_building_tests': False, 'cmake_args': None, 'cmake_clean_cache': False, 'cmake_clean_first': False, 'cmake_force_configure': False, 'cmake_target': None, 'cmake_target_skip_unavailable': False, 'install_base': '/home/erds/barns_ws/install/dobot_moveit', 'merge_install': False, 'path': '/home/erds/barns_ws/src/dobot_moveit', 'symlink_install': False, 'test_result_base': None}
[0.196s] Level 5:colcon.colcon_core.verb:set package 'dobot_msgs_v3' build argument 'cmake_args' from command line to 'None'
[0.196s] Level 5:colcon.colcon_core.verb:set package 'dobot_msgs_v3' build argument 'cmake_target' from command line to 'None'
[0.196s] Level 5:colcon.colcon_core.verb:set package 'dobot_msgs_v3' build argument 'cmake_target_skip_unavailable' from command line to 'False'
[0.196s] Level 5:colcon.colcon_core.verb:set package 'dobot_msgs_v3' build argument 'cmake_clean_cache' from command line to 'False'
[0.196s] Level 5:colcon.colcon_core.verb:set package 'dobot_msgs_v3' build argument 'cmake_clean_first' from command line to 'False'
[0.196s] Level 5:colcon.colcon_core.verb:set package 'dobot_msgs_v3' build argument 'cmake_force_configure' from command line to 'False'
[0.196s] Level 5:colcon.colcon_core.verb:set package 'dobot_msgs_v3' build argument 'ament_cmake_args' from command line to 'None'
[0.196s] Level 5:colcon.colcon_core.verb:set package 'dobot_msgs_v3' build argument 'catkin_cmake_args' from command line to 'None'
[0.196s] Level 5:colcon.colcon_core.verb:set package 'dobot_msgs_v3' build argument 'catkin_skip_building_tests' from command line to 'False'
[0.196s] DEBUG:colcon.colcon_core.verb:Building package 'dobot_msgs_v3' with the following arguments: {'ament_cmake_args': None, 'build_base': '/home/erds/barns_ws/build/dobot_msgs_v3', 'catkin_cmake_args': None, 'catkin_skip_building_tests': False, 'cmake_args': None, 'cmake_clean_cache': False, 'cmake_clean_first': False, 'cmake_force_configure': False, 'cmake_target': None, 'cmake_target_skip_unavailable': False, 'install_base': '/home/erds/barns_ws/install/dobot_msgs_v3', 'merge_install': False, 'path': '/home/erds/barns_ws/src/dobot_msgs_v3', 'symlink_install': False, 'test_result_base': None}
[0.196s] Level 5:colcon.colcon_core.verb:set package 'dobot_rviz' build argument 'cmake_args' from command line to 'None'
[0.196s] Level 5:colcon.colcon_core.verb:set package 'dobot_rviz' build argument 'cmake_target' from command line to 'None'
[0.196s] Level 5:colcon.colcon_core.verb:set package 'dobot_rviz' build argument 'cmake_target_skip_unavailable' from command line to 'False'
[0.196s] Level 5:colcon.colcon_core.verb:set package 'dobot_rviz' build argument 'cmake_clean_cache' from command line to 'False'
[0.196s] Level 5:colcon.colcon_core.verb:set package 'dobot_rviz' build argument 'cmake_clean_first' from command line to 'False'
[0.196s] Level 5:colcon.colcon_core.verb:set package 'dobot_rviz' build argument 'cmake_force_configure' from command line to 'False'
[0.196s] Level 5:colcon.colcon_core.verb:set package 'dobot_rviz' build argument 'ament_cmake_args' from command line to 'None'
[0.196s] Level 5:colcon.colcon_core.verb:set package 'dobot_rviz' build argument 'catkin_cmake_args' from command line to 'None'
[0.196s] Level 5:colcon.colcon_core.verb:set package 'dobot_rviz' build argument 'catkin_skip_building_tests' from command line to 'False'
[0.196s] DEBUG:colcon.colcon_core.verb:Building package 'dobot_rviz' with the following arguments: {'ament_cmake_args': None, 'build_base': '/home/erds/barns_ws/build/dobot_rviz', 'catkin_cmake_args': None, 'catkin_skip_building_tests': False, 'cmake_args': None, 'cmake_clean_cache': False, 'cmake_clean_first': False, 'cmake_force_configure': False, 'cmake_target': None, 'cmake_target_skip_unavailable': False, 'install_base': '/home/erds/barns_ws/install/dobot_rviz', 'merge_install': False, 'path': '/home/erds/barns_ws/src/dobot_rviz', 'symlink_install': False, 'test_result_base': None}
[0.197s] Level 5:colcon.colcon_core.verb:set package 'pickn_place' build argument 'cmake_args' from command line to 'None'
[0.197s] Level 5:colcon.colcon_core.verb:set package 'pickn_place' build argument 'cmake_target' from command line to 'None'
[0.197s] Level 5:colcon.colcon_core.verb:set package 'pickn_place' build argument 'cmake_target_skip_unavailable' from command line to 'False'
[0.197s] Level 5:colcon.colcon_core.verb:set package 'pickn_place' build argument 'cmake_clean_cache' from command line to 'False'
[0.197s] Level 5:colcon.colcon_core.verb:set package 'pickn_place' build argument 'cmake_clean_first' from command line to 'False'
[0.197s] Level 5:colcon.colcon_core.verb:set package 'pickn_place' build argument 'cmake_force_configure' from command line to 'False'
[0.197s] Level 5:colcon.colcon_core.verb:set package 'pickn_place' build argument 'ament_cmake_args' from command line to 'None'
[0.197s] Level 5:colcon.colcon_core.verb:set package 'pickn_place' build argument 'catkin_cmake_args' from command line to 'None'
[0.197s] Level 5:colcon.colcon_core.verb:set package 'pickn_place' build argument 'catkin_skip_building_tests' from command line to 'False'
[0.197s] DEBUG:colcon.colcon_core.verb:Building package 'pickn_place' with the following arguments: {'ament_cmake_args': None, 'build_base': '/home/erds/barns_ws/build/pickn_place', 'catkin_cmake_args': None, 'catkin_skip_building_tests': False, 'cmake_args': None, 'cmake_clean_cache': False, 'cmake_clean_first': False, 'cmake_force_configure': False, 'cmake_target': None, 'cmake_target_skip_unavailable': False, 'install_base': '/home/erds/barns_ws/install/pickn_place', 'merge_install': False, 'path': '/home/erds/barns_ws/src/pickn_place', 'symlink_install': False, 'test_result_base': None}
[0.197s] Level 5:colcon.colcon_core.verb:set package 'servo_action' build argument 'cmake_args' from command line to 'None'
[0.197s] Level 5:colcon.colcon_core.verb:set package 'servo_action' build argument 'cmake_target' from command line to 'None'
[0.197s] Level 5:colcon.colcon_core.verb:set package 'servo_action' build argument 'cmake_target_skip_unavailable' from command line to 'False'
[0.197s] Level 5:colcon.colcon_core.verb:set package 'servo_action' build argument 'cmake_clean_cache' from command line to 'False'
[0.197s] Level 5:colcon.colcon_core.verb:set package 'servo_action' build argument 'cmake_clean_first' from command line to 'False'
[0.197s] Level 5:colcon.colcon_core.verb:set package 'servo_action' build argument 'cmake_force_configure' from command line to 'False'
[0.197s] Level 5:colcon.colcon_core.verb:set package 'servo_action' build argument 'ament_cmake_args' from command line to 'None'
[0.197s] Level 5:colcon.colcon_core.verb:set package 'servo_action' build argument 'catkin_cmake_args' from command line to 'None'
[0.197s] Level 5:colcon.colcon_core.verb:set package 'servo_action' build argument 'catkin_skip_building_tests' from command line to 'False'
[0.197s] DEBUG:colcon.colcon_core.verb:Building package 'servo_action' with the following arguments: {'ament_cmake_args': None, 'build_base': '/home/erds/barns_ws/build/servo_action', 'catkin_cmake_args': None, 'catkin_skip_building_tests': False, 'cmake_args': None, 'cmake_clean_cache': False, 'cmake_clean_first': False, 'cmake_force_configure': False, 'cmake_target': None, 'cmake_target_skip_unavailable': False, 'install_base': '/home/erds/barns_ws/install/servo_action', 'merge_install': False, 'path': '/home/erds/barns_ws/src/servo_action', 'symlink_install': False, 'test_result_base': None}
[0.197s] Level 5:colcon.colcon_core.verb:set package 'dobot_bringup_v3' build argument 'cmake_args' from command line to 'None'
[0.197s] Level 5:colcon.colcon_core.verb:set package 'dobot_bringup_v3' build argument 'cmake_target' from command line to 'None'
[0.197s] Level 5:colcon.colcon_core.verb:set package 'dobot_bringup_v3' build argument 'cmake_target_skip_unavailable' from command line to 'False'
[0.197s] Level 5:colcon.colcon_core.verb:set package 'dobot_bringup_v3' build argument 'cmake_clean_cache' from command line to 'False'
[0.197s] Level 5:colcon.colcon_core.verb:set package 'dobot_bringup_v3' build argument 'cmake_clean_first' from command line to 'False'
[0.197s] Level 5:colcon.colcon_core.verb:set package 'dobot_bringup_v3' build argument 'cmake_force_configure' from command line to 'False'
[0.197s] Level 5:colcon.colcon_core.verb:set package 'dobot_bringup_v3' build argument 'ament_cmake_args' from command line to 'None'
[0.197s] Level 5:colcon.colcon_core.verb:set package 'dobot_bringup_v3' build argument 'catkin_cmake_args' from command line to 'None'
[0.197s] Level 5:colcon.colcon_core.verb:set package 'dobot_bringup_v3' build argument 'catkin_skip_building_tests' from command line to 'False'
[0.197s] DEBUG:colcon.colcon_core.verb:Building package 'dobot_bringup_v3' with the following arguments: {'ament_cmake_args': None, 'build_base': '/home/erds/barns_ws/build/dobot_bringup_v3', 'catkin_cmake_args': None, 'catkin_skip_building_tests': False, 'cmake_args': None, 'cmake_clean_cache': False, 'cmake_clean_first': False, 'cmake_force_configure': False, 'cmake_target': None, 'cmake_target_skip_unavailable': False, 'install_base': '/home/erds/barns_ws/install/dobot_bringup_v3', 'merge_install': False, 'path': '/home/erds/barns_ws/src/dobot_bringup_v3', 'symlink_install': False, 'test_result_base': None}
[0.198s] Level 5:colcon.colcon_core.verb:set package 'nova5_moveit' build argument 'cmake_args' from command line to 'None'
[0.198s] Level 5:colcon.colcon_core.verb:set package 'nova5_moveit' build argument 'cmake_target' from command line to 'None'
[0.198s] Level 5:colcon.colcon_core.verb:set package 'nova5_moveit' build argument 'cmake_target_skip_unavailable' from command line to 'False'
[0.198s] Level 5:colcon.colcon_core.verb:set package 'nova5_moveit' build argument 'cmake_clean_cache' from command line to 'False'
[0.198s] Level 5:colcon.colcon_core.verb:set package 'nova5_moveit' build argument 'cmake_clean_first' from command line to 'False'
[0.198s] Level 5:colcon.colcon_core.verb:set package 'nova5_moveit' build argument 'cmake_force_configure' from command line to 'False'
[0.198s] Level 5:colcon.colcon_core.verb:set package 'nova5_moveit' build argument 'ament_cmake_args' from command line to 'None'
[0.198s] Level 5:colcon.colcon_core.verb:set package 'nova5_moveit' build argument 'catkin_cmake_args' from command line to 'None'
[0.198s] Level 5:colcon.colcon_core.verb:set package 'nova5_moveit' build argument 'catkin_skip_building_tests' from command line to 'False'
[0.198s] DEBUG:colcon.colcon_core.verb:Building package 'nova5_moveit' with the following arguments: {'ament_cmake_args': None, 'build_base': '/home/erds/barns_ws/build/nova5_moveit', 'catkin_cmake_args': None, 'catkin_skip_building_tests': False, 'cmake_args': None, 'cmake_clean_cache': False, 'cmake_clean_first': False, 'cmake_force_configure': False, 'cmake_target': None, 'cmake_target_skip_unavailable': False, 'install_base': '/home/erds/barns_ws/install/nova5_moveit', 'merge_install': False, 'path': '/home/erds/barns_ws/src/nova5_moveit', 'symlink_install': False, 'test_result_base': None}
[0.198s] INFO:colcon.colcon_core.executor:Executing jobs using 'parallel' executor
[0.199s] DEBUG:colcon.colcon_parallel_executor.executor.parallel:run_until_complete
[0.199s] INFO:colcon.colcon_ros.task.ament_cmake.build:Building ROS package in '/home/erds/barns_ws/src/dobot_msgs_v3' with build type 'ament_cmake'
[0.199s] INFO:colcon.colcon_cmake.task.cmake.build:Building CMake package in '/home/erds/barns_ws/src/dobot_msgs_v3'
[0.201s] INFO:colcon.colcon_core.plugin_system:Skipping extension 'colcon_core.shell.bat': Not used on non-Windows systems
[0.201s] INFO:colcon.colcon_core.shell:Skip shell extension 'powershell' for command environment: Not usable outside of PowerShell
[0.201s] DEBUG:colcon.colcon_core.shell:Skip shell extension 'dsv' for command environment
[0.205s] INFO:colcon.colcon_ros.task.ament_cmake.build:Building ROS package in '/home/erds/barns_ws/src/dobot_rviz' with build type 'ament_cmake'
[0.205s] INFO:colcon.colcon_cmake.task.cmake.build:Building CMake package in '/home/erds/barns_ws/src/dobot_rviz'
[0.205s] INFO:colcon.colcon_core.shell:Skip shell extension 'powershell' for command environment: Not usable outside of PowerShell
[0.206s] DEBUG:colcon.colcon_core.shell:Skip shell extension 'dsv' for command environment
[0.210s] INFO:colcon.colcon_ros.task.ament_python.build:Building ROS package in '/home/erds/barns_ws/src/dobot_demo' with build type 'ament_python'
[0.210s] Level 1:colcon.colcon_core.shell:create_environment_hook('dobot_demo', 'ament_prefix_path')
[0.210s] INFO:colcon.colcon_core.shell:Creating environment hook '/home/erds/barns_ws/install/dobot_demo/share/dobot_demo/hook/ament_prefix_path.ps1'
[0.211s] INFO:colcon.colcon_core.shell:Creating environment descriptor '/home/erds/barns_ws/install/dobot_demo/share/dobot_demo/hook/ament_prefix_path.dsv'
[0.211s] INFO:colcon.colcon_core.shell:Creating environment hook '/home/erds/barns_ws/install/dobot_demo/share/dobot_demo/hook/ament_prefix_path.sh'
[0.211s] INFO:colcon.colcon_core.shell:Skip shell extension 'powershell' for command environment: Not usable outside of PowerShell
[0.211s] DEBUG:colcon.colcon_core.shell:Skip shell extension 'dsv' for command environment
[0.216s] INFO:colcon.colcon_ros.task.ament_cmake.build:Building ROS package in '/home/erds/barns_ws/src/dobot_gazebo' with build type 'ament_cmake'
[0.216s] INFO:colcon.colcon_cmake.task.cmake.build:Building CMake package in '/home/erds/barns_ws/src/dobot_gazebo'
[0.216s] INFO:colcon.colcon_core.shell:Skip shell extension 'powershell' for command environment: Not usable outside of PowerShell
[0.216s] DEBUG:colcon.colcon_core.shell:Skip shell extension 'dsv' for command environment
[0.220s] INFO:colcon.colcon_ros.task.ament_python.build:Building ROS package in '/home/erds/barns_ws/src/dobot_moveit' with build type 'ament_python'
[0.220s] Level 1:colcon.colcon_core.shell:create_environment_hook('dobot_moveit', 'ament_prefix_path')
[0.220s] INFO:colcon.colcon_core.shell:Creating environment hook '/home/erds/barns_ws/install/dobot_moveit/share/dobot_moveit/hook/ament_prefix_path.ps1'
[0.221s] INFO:colcon.colcon_core.shell:Creating environment descriptor '/home/erds/barns_ws/install/dobot_moveit/share/dobot_moveit/hook/ament_prefix_path.dsv'
[0.221s] INFO:colcon.colcon_core.shell:Creating environment hook '/home/erds/barns_ws/install/dobot_moveit/share/dobot_moveit/hook/ament_prefix_path.sh'
[0.221s] INFO:colcon.colcon_core.shell:Skip shell extension 'powershell' for command environment: Not usable outside of PowerShell
[0.221s] DEBUG:colcon.colcon_core.shell:Skip shell extension 'dsv' for command environment
[0.226s] INFO:colcon.colcon_ros.task.ament_python.build:Building ROS package in '/home/erds/barns_ws/src/pickn_place' with build type 'ament_python'
[0.226s] Level 1:colcon.colcon_core.shell:create_environment_hook('pickn_place', 'ament_prefix_path')
[0.226s] INFO:colcon.colcon_core.shell:Creating environment hook '/home/erds/barns_ws/install/pickn_place/share/pickn_place/hook/ament_prefix_path.ps1'
[0.226s] INFO:colcon.colcon_core.shell:Creating environment descriptor '/home/erds/barns_ws/install/pickn_place/share/pickn_place/hook/ament_prefix_path.dsv'
[0.226s] INFO:colcon.colcon_core.shell:Creating environment hook '/home/erds/barns_ws/install/pickn_place/share/pickn_place/hook/ament_prefix_path.sh'
[0.227s] INFO:colcon.colcon_core.shell:Skip shell extension 'powershell' for command environment: Not usable outside of PowerShell
[0.227s] DEBUG:colcon.colcon_core.shell:Skip shell extension 'dsv' for command environment
[0.231s] INFO:colcon.colcon_ros.task.ament_python.build:Building ROS package in '/home/erds/barns_ws/src/servo_action' with build type 'ament_python'
[0.231s] Level 1:colcon.colcon_core.shell:create_environment_hook('servo_action', 'ament_prefix_path')
[0.231s] INFO:colcon.colcon_core.shell:Creating environment hook '/home/erds/barns_ws/install/servo_action/share/servo_action/hook/ament_prefix_path.ps1'
[0.231s] INFO:colcon.colcon_core.shell:Creating environment descriptor '/home/erds/barns_ws/install/servo_action/share/servo_action/hook/ament_prefix_path.dsv'
[0.232s] INFO:colcon.colcon_core.shell:Creating environment hook '/home/erds/barns_ws/install/servo_action/share/servo_action/hook/ament_prefix_path.sh'
[0.232s] INFO:colcon.colcon_core.shell:Skip shell extension 'powershell' for command environment: Not usable outside of PowerShell
[0.232s] DEBUG:colcon.colcon_core.shell:Skip shell extension 'dsv' for command environment
[0.241s] DEBUG:colcon.colcon_core.event_handler.log_command:Invoking command in '/home/erds/barns_ws/build/dobot_msgs_v3': CMAKE_PREFIX_PATH=${CMAKE_PREFIX_PATH}:/home/erds/barns_ws/install/servo_action:/home/erds/barns_ws/install/pickn_place:/home/erds/barns_ws/install/dobot_bringup_v3:/home/erds/barns_ws/install/dobot_moveit:/home/erds/barns_ws/install/dobot_demo:/opt/ros/humble /usr/bin/cmake --build /home/erds/barns_ws/build/dobot_msgs_v3 -- -j16 -l16
[0.243s] DEBUG:colcon.colcon_core.event_handler.log_command:Invoking command in '/home/erds/barns_ws/build/dobot_rviz': CMAKE_PREFIX_PATH=${CMAKE_PREFIX_PATH}:/home/erds/barns_ws/install/servo_action:/home/erds/barns_ws/install/pickn_place:/home/erds/barns_ws/install/dobot_bringup_v3:/home/erds/barns_ws/install/dobot_moveit:/home/erds/barns_ws/install/dobot_demo:/opt/ros/humble /usr/bin/cmake --build /home/erds/barns_ws/build/dobot_rviz -- -j16 -l16
[0.409s] INFO:colcon.colcon_core.task.python.build:Building Python package in '/home/erds/barns_ws/src/dobot_demo'
[0.410s] INFO:colcon.colcon_core.shell:Skip shell extension 'powershell' for command environment: Not usable outside of PowerShell
[0.410s] DEBUG:colcon.colcon_core.shell:Skip shell extension 'dsv' for command environment
[0.417s] DEBUG:colcon.colcon_core.event_handler.log_command:Invoking command in '/home/erds/barns_ws/build/dobot_gazebo': CMAKE_PREFIX_PATH=${CMAKE_PREFIX_PATH}:/home/erds/barns_ws/install/servo_action:/home/erds/barns_ws/install/pickn_place:/home/erds/barns_ws/install/dobot_bringup_v3:/home/erds/barns_ws/install/dobot_moveit:/home/erds/barns_ws/install/dobot_demo:/opt/ros/humble /usr/bin/cmake --build /home/erds/barns_ws/build/dobot_gazebo -- -j16 -l16
[0.581s] INFO:colcon.colcon_core.task.python.build:Building Python package in '/home/erds/barns_ws/src/dobot_moveit'
[0.581s] INFO:colcon.colcon_core.shell:Skip shell extension 'powershell' for command environment: Not usable outside of PowerShell
[0.581s] DEBUG:colcon.colcon_core.shell:Skip shell extension 'dsv' for command environment
[0.752s] INFO:colcon.colcon_core.task.python.build:Building Python package in '/home/erds/barns_ws/src/pickn_place'
[0.752s] INFO:colcon.colcon_core.shell:Skip shell extension 'powershell' for command environment: Not usable outside of PowerShell
[0.752s] DEBUG:colcon.colcon_core.shell:Skip shell extension 'dsv' for command environment
[0.762s] DEBUG:colcon.colcon_core.event_handler.log_command:Invoked command in '/home/erds/barns_ws/build/dobot_gazebo' returned '0': CMAKE_PREFIX_PATH=${CMAKE_PREFIX_PATH}:/home/erds/barns_ws/install/servo_action:/home/erds/barns_ws/install/pickn_place:/home/erds/barns_ws/install/dobot_bringup_v3:/home/erds/barns_ws/install/dobot_moveit:/home/erds/barns_ws/install/dobot_demo:/opt/ros/humble /usr/bin/cmake --build /home/erds/barns_ws/build/dobot_gazebo -- -j16 -l16
[0.771s] DEBUG:colcon.colcon_core.event_handler.log_command:Invoking command in '/home/erds/barns_ws/build/dobot_gazebo': CMAKE_PREFIX_PATH=${CMAKE_PREFIX_PATH}:/home/erds/barns_ws/install/servo_action:/home/erds/barns_ws/install/pickn_place:/home/erds/barns_ws/install/dobot_bringup_v3:/home/erds/barns_ws/install/dobot_moveit:/home/erds/barns_ws/install/dobot_demo:/opt/ros/humble /usr/bin/cmake --install /home/erds/barns_ws/build/dobot_gazebo
[0.771s] DEBUG:colcon.colcon_core.event_handler.log_command:Invoked command in '/home/erds/barns_ws/build/dobot_msgs_v3' returned '0': CMAKE_PREFIX_PATH=${CMAKE_PREFIX_PATH}:/home/erds/barns_ws/install/servo_action:/home/erds/barns_ws/install/pickn_place:/home/erds/barns_ws/install/dobot_bringup_v3:/home/erds/barns_ws/install/dobot_moveit:/home/erds/barns_ws/install/dobot_demo:/opt/ros/humble /usr/bin/cmake --build /home/erds/barns_ws/build/dobot_msgs_v3 -- -j16 -l16
[0.773s] DEBUG:colcon.colcon_core.event_handler.log_command:Invoking command in '/home/erds/barns_ws/build/dobot_msgs_v3': CMAKE_PREFIX_PATH=${CMAKE_PREFIX_PATH}:/home/erds/barns_ws/install/servo_action:/home/erds/barns_ws/install/pickn_place:/home/erds/barns_ws/install/dobot_bringup_v3:/home/erds/barns_ws/install/dobot_moveit:/home/erds/barns_ws/install/dobot_demo:/opt/ros/humble /usr/bin/cmake --install /home/erds/barns_ws/build/dobot_msgs_v3
[0.933s] INFO:colcon.colcon_core.task.python.build:Building Python package in '/home/erds/barns_ws/src/servo_action'
[0.933s] INFO:colcon.colcon_core.shell:Skip shell extension 'powershell' for command environment: Not usable outside of PowerShell
[0.933s] DEBUG:colcon.colcon_core.shell:Skip shell extension 'dsv' for command environment
[0.938s] DEBUG:colcon.colcon_core.event_handler.log_command:Invoked command in '/home/erds/barns_ws/build/dobot_rviz' returned '0': CMAKE_PREFIX_PATH=${CMAKE_PREFIX_PATH}:/home/erds/barns_ws/install/servo_action:/home/erds/barns_ws/install/pickn_place:/home/erds/barns_ws/install/dobot_bringup_v3:/home/erds/barns_ws/install/dobot_moveit:/home/erds/barns_ws/install/dobot_demo:/opt/ros/humble /usr/bin/cmake --build /home/erds/barns_ws/build/dobot_rviz -- -j16 -l16
[0.941s] DEBUG:colcon.colcon_core.event_handler.log_command:Invoking command in '/home/erds/barns_ws/build/dobot_rviz': CMAKE_PREFIX_PATH=${CMAKE_PREFIX_PATH}:/home/erds/barns_ws/install/servo_action:/home/erds/barns_ws/install/pickn_place:/home/erds/barns_ws/install/dobot_bringup_v3:/home/erds/barns_ws/install/dobot_moveit:/home/erds/barns_ws/install/dobot_demo:/opt/ros/humble /usr/bin/cmake --install /home/erds/barns_ws/build/dobot_rviz
[0.953s] Level 1:colcon.colcon_core.environment:create_environment_scripts_only(dobot_gazebo)
[0.965s] Level 1:colcon.colcon_core.environment:checking '/home/erds/barns_ws/install/dobot_gazebo' for CMake module files
[0.971s] Level 1:colcon.colcon_core.environment:checking '/home/erds/barns_ws/install/dobot_gazebo' for CMake config files
[0.978s] Level 1:colcon.colcon_core.shell:create_environment_hook('dobot_gazebo', 'cmake_prefix_path')
[0.978s] INFO:colcon.colcon_core.shell:Creating environment hook '/home/erds/barns_ws/install/dobot_gazebo/share/dobot_gazebo/hook/cmake_prefix_path.ps1'
[0.979s] INFO:colcon.colcon_core.shell:Creating environment descriptor '/home/erds/barns_ws/install/dobot_gazebo/share/dobot_gazebo/hook/cmake_prefix_path.dsv'
[0.982s] INFO:colcon.colcon_core.shell:Creating environment hook '/home/erds/barns_ws/install/dobot_gazebo/share/dobot_gazebo/hook/cmake_prefix_path.sh'
[0.989s] Level 1:colcon.colcon_core.environment:checking '/home/erds/barns_ws/install/dobot_gazebo/bin'
[0.989s] Level 1:colcon.colcon_core.environment:checking '/home/erds/barns_ws/install/dobot_gazebo/lib/pkgconfig/dobot_gazebo.pc'
[0.989s] Level 1:colcon.colcon_core.environment:checking '/home/erds/barns_ws/install/dobot_gazebo/lib/python3.10/site-packages'
[0.991s] Level 1:colcon.colcon_core.environment:checking '/home/erds/barns_ws/install/dobot_gazebo/bin'
[0.991s] INFO:colcon.colcon_core.shell:Creating package script '/home/erds/barns_ws/install/dobot_gazebo/share/dobot_gazebo/package.ps1'
[0.994s] INFO:colcon.colcon_core.shell:Creating package descriptor '/home/erds/barns_ws/install/dobot_gazebo/share/dobot_gazebo/package.dsv'
[0.996s] INFO:colcon.colcon_core.shell:Creating package script '/home/erds/barns_ws/install/dobot_gazebo/share/dobot_gazebo/package.sh'
[0.999s] INFO:colcon.colcon_core.shell:Creating package script '/home/erds/barns_ws/install/dobot_gazebo/share/dobot_gazebo/package.bash'
[1.002s] INFO:colcon.colcon_core.shell:Creating package script '/home/erds/barns_ws/install/dobot_gazebo/share/dobot_gazebo/package.zsh'
[1.007s] Level 1:colcon.colcon_core.environment:create_file_with_runtime_dependencies(/home/erds/barns_ws/install/dobot_gazebo/share/colcon-core/packages/dobot_gazebo)
[1.008s] Level 1:colcon.colcon_core.environment:create_environment_scripts_only(dobot_gazebo)
[1.008s] Level 1:colcon.colcon_core.environment:checking '/home/erds/barns_ws/install/dobot_gazebo' for CMake module files
[1.009s] Level 1:colcon.colcon_core.environment:checking '/home/erds/barns_ws/install/dobot_gazebo' for CMake config files
[1.011s] Level 1:colcon.colcon_core.shell:create_environment_hook('dobot_gazebo', 'cmake_prefix_path')
[1.011s] INFO:colcon.colcon_core.shell:Creating environment hook '/home/erds/barns_ws/install/dobot_gazebo/share/dobot_gazebo/hook/cmake_prefix_path.ps1'
[1.012s] DEBUG:colcon.colcon_core.event_handler.log_command:Invoked command in '/home/erds/barns_ws/build/dobot_gazebo' returned '0': CMAKE_PREFIX_PATH=${CMAKE_PREFIX_PATH}:/home/erds/barns_ws/install/servo_action:/home/erds/barns_ws/install/pickn_place:/home/erds/barns_ws/install/dobot_bringup_v3:/home/erds/barns_ws/install/dobot_moveit:/home/erds/barns_ws/install/dobot_demo:/opt/ros/humble /usr/bin/cmake --install /home/erds/barns_ws/build/dobot_gazebo
[1.013s] INFO:colcon.colcon_core.shell:Creating environment descriptor '/home/erds/barns_ws/install/dobot_gazebo/share/dobot_gazebo/hook/cmake_prefix_path.dsv'
[1.014s] INFO:colcon.colcon_core.shell:Creating environment hook '/home/erds/barns_ws/install/dobot_gazebo/share/dobot_gazebo/hook/cmake_prefix_path.sh'
[1.015s] Level 1:colcon.colcon_core.environment:checking '/home/erds/barns_ws/install/dobot_gazebo/bin'
[1.015s] Level 1:colcon.colcon_core.environment:checking '/home/erds/barns_ws/install/dobot_gazebo/lib/pkgconfig/dobot_gazebo.pc'
[1.015s] Level 1:colcon.colcon_core.environment:checking '/home/erds/barns_ws/install/dobot_gazebo/lib/python3.10/site-packages'
[1.015s] Level 1:colcon.colcon_core.environment:checking '/home/erds/barns_ws/install/dobot_gazebo/bin'
[1.015s] INFO:colcon.colcon_core.shell:Creating package script '/home/erds/barns_ws/install/dobot_gazebo/share/dobot_gazebo/package.ps1'
[1.016s] INFO:colcon.colcon_core.shell:Creating package descriptor '/home/erds/barns_ws/install/dobot_gazebo/share/dobot_gazebo/package.dsv'
[1.018s] INFO:colcon.colcon_core.shell:Creating package script '/home/erds/barns_ws/install/dobot_gazebo/share/dobot_gazebo/package.sh'
[1.019s] INFO:colcon.colcon_core.shell:Creating package script '/home/erds/barns_ws/install/dobot_gazebo/share/dobot_gazebo/package.bash'
[1.020s] INFO:colcon.colcon_core.shell:Creating package script '/home/erds/barns_ws/install/dobot_gazebo/share/dobot_gazebo/package.zsh'
[1.021s] Level 1:colcon.colcon_core.environment:create_file_with_runtime_dependencies(/home/erds/barns_ws/install/dobot_gazebo/share/colcon-core/packages/dobot_gazebo)
[1.027s] Level 1:colcon.colcon_core.environment:create_environment_scripts_only(dobot_rviz)
[1.028s] Level 1:colcon.colcon_core.environment:checking '/home/erds/barns_ws/install/dobot_rviz' for CMake module files
[1.030s] Level 1:colcon.colcon_core.environment:checking '/home/erds/barns_ws/install/dobot_rviz' for CMake config files
[1.035s] Level 1:colcon.colcon_core.shell:create_environment_hook('dobot_rviz', 'cmake_prefix_path')
[1.035s] INFO:colcon.colcon_core.shell:Creating environment hook '/home/erds/barns_ws/install/dobot_rviz/share/dobot_rviz/hook/cmake_prefix_path.ps1'
[1.036s] INFO:colcon.colcon_core.shell:Creating environment descriptor '/home/erds/barns_ws/install/dobot_rviz/share/dobot_rviz/hook/cmake_prefix_path.dsv'
[1.037s] INFO:colcon.colcon_core.shell:Creating environment hook '/home/erds/barns_ws/install/dobot_rviz/share/dobot_rviz/hook/cmake_prefix_path.sh'
[1.039s] Level 1:colcon.colcon_core.environment:checking '/home/erds/barns_ws/install/dobot_rviz/bin'
[1.039s] Level 1:colcon.colcon_core.environment:checking '/home/erds/barns_ws/install/dobot_rviz/lib/pkgconfig/dobot_rviz.pc'
[1.039s] Level 1:colcon.colcon_core.environment:checking '/home/erds/barns_ws/install/dobot_rviz/lib/python3.10/site-packages'
[1.039s] Level 1:colcon.colcon_core.environment:checking '/home/erds/barns_ws/install/dobot_rviz/bin'
[1.039s] INFO:colcon.colcon_core.shell:Creating package script '/home/erds/barns_ws/install/dobot_rviz/share/dobot_rviz/package.ps1'
[1.041s] INFO:colcon.colcon_core.shell:Creating package descriptor '/home/erds/barns_ws/install/dobot_rviz/share/dobot_rviz/package.dsv'
[1.042s] INFO:colcon.colcon_core.shell:Creating package script '/home/erds/barns_ws/install/dobot_rviz/share/dobot_rviz/package.sh'
[1.043s] INFO:colcon.colcon_core.shell:Creating package script '/home/erds/barns_ws/install/dobot_rviz/share/dobot_rviz/package.bash'
[1.044s] INFO:colcon.colcon_core.shell:Creating package script '/home/erds/barns_ws/install/dobot_rviz/share/dobot_rviz/package.zsh'
[1.044s] Level 1:colcon.colcon_core.environment:create_file_with_runtime_dependencies(/home/erds/barns_ws/install/dobot_rviz/share/colcon-core/packages/dobot_rviz)
[1.045s] Level 1:colcon.colcon_core.environment:create_environment_scripts_only(dobot_rviz)
[1.045s] Level 1:colcon.colcon_core.environment:checking '/home/erds/barns_ws/install/dobot_rviz' for CMake module files
[1.048s] Level 1:colcon.colcon_core.environment:checking '/home/erds/barns_ws/install/dobot_rviz' for CMake config files
[1.052s] Level 1:colcon.colcon_core.shell:create_environment_hook('dobot_rviz', 'cmake_prefix_path')
[1.052s] INFO:colcon.colcon_core.shell:Creating environment hook '/home/erds/barns_ws/install/dobot_rviz/share/dobot_rviz/hook/cmake_prefix_path.ps1'
[1.053s] INFO:colcon.colcon_core.shell:Creating environment descriptor '/home/erds/barns_ws/install/dobot_rviz/share/dobot_rviz/hook/cmake_prefix_path.dsv'
[1.054s] INFO:colcon.colcon_core.shell:Creating environment hook '/home/erds/barns_ws/install/dobot_rviz/share/dobot_rviz/hook/cmake_prefix_path.sh'
[1.055s] Level 1:colcon.colcon_core.environment:checking '/home/erds/barns_ws/install/dobot_rviz/bin'
[1.056s] Level 1:colcon.colcon_core.environment:checking '/home/erds/barns_ws/install/dobot_rviz/lib/pkgconfig/dobot_rviz.pc'
[1.056s] Level 1:colcon.colcon_core.environment:checking '/home/erds/barns_ws/install/dobot_rviz/lib/python3.10/site-packages'
[1.056s] Level 1:colcon.colcon_core.environment:checking '/home/erds/barns_ws/install/dobot_rviz/bin'
[1.056s] INFO:colcon.colcon_core.shell:Creating package script '/home/erds/barns_ws/install/dobot_rviz/share/dobot_rviz/package.ps1'
[1.057s] INFO:colcon.colcon_core.shell:Creating package descriptor '/home/erds/barns_ws/install/dobot_rviz/share/dobot_rviz/package.dsv'
[1.059s] INFO:colcon.colcon_core.shell:Creating package script '/home/erds/barns_ws/install/dobot_rviz/share/dobot_rviz/package.sh'
[1.060s] INFO:colcon.colcon_core.shell:Creating package script '/home/erds/barns_ws/install/dobot_rviz/share/dobot_rviz/package.bash'
[1.061s] INFO:colcon.colcon_core.shell:Creating package script '/home/erds/barns_ws/install/dobot_rviz/share/dobot_rviz/package.zsh'
[1.062s] Level 1:colcon.colcon_core.environment:create_file_with_runtime_dependencies(/home/erds/barns_ws/install/dobot_rviz/share/colcon-core/packages/dobot_rviz)
[1.063s] INFO:colcon.colcon_ros.task.ament_cmake.build:Building ROS package in '/home/erds/barns_ws/src/nova5_moveit' with build type 'ament_cmake'
[1.063s] INFO:colcon.colcon_cmake.task.cmake.build:Building CMake package in '/home/erds/barns_ws/src/nova5_moveit'
[1.063s] INFO:colcon.colcon_core.shell:Skip shell extension 'powershell' for command environment: Not usable outside of PowerShell
[1.063s] DEBUG:colcon.colcon_core.shell:Skip shell extension 'dsv' for command environment
[1.099s] DEBUG:colcon.colcon_core.event_handler.log_command:Invoked command in '/home/erds/barns_ws/build/dobot_rviz' returned '0': CMAKE_PREFIX_PATH=${CMAKE_PREFIX_PATH}:/home/erds/barns_ws/install/servo_action:/home/erds/barns_ws/install/pickn_place:/home/erds/barns_ws/install/dobot_bringup_v3:/home/erds/barns_ws/install/dobot_moveit:/home/erds/barns_ws/install/dobot_demo:/opt/ros/humble /usr/bin/cmake --install /home/erds/barns_ws/build/dobot_rviz
[1.102s] Level 1:colcon.colcon_core.environment:create_environment_scripts_only(dobot_msgs_v3)
[1.103s] Level 1:colcon.colcon_core.environment:checking '/home/erds/barns_ws/install/dobot_msgs_v3' for CMake module files
[1.109s] Level 1:colcon.colcon_core.environment:checking '/home/erds/barns_ws/install/dobot_msgs_v3' for CMake config files
[1.115s] Level 1:colcon.colcon_core.shell:create_environment_hook('dobot_msgs_v3', 'cmake_prefix_path')
[1.116s] INFO:colcon.colcon_core.shell:Creating environment hook '/home/erds/barns_ws/install/dobot_msgs_v3/share/dobot_msgs_v3/hook/cmake_prefix_path.ps1'
[1.120s] INFO:colcon.colcon_core.shell:Creating environment descriptor '/home/erds/barns_ws/install/dobot_msgs_v3/share/dobot_msgs_v3/hook/cmake_prefix_path.dsv'
[1.122s] INFO:colcon.colcon_core.shell:Creating environment hook '/home/erds/barns_ws/install/dobot_msgs_v3/share/dobot_msgs_v3/hook/cmake_prefix_path.sh'
[1.125s] DEBUG:colcon.colcon_core.event_handler.log_command:Invoked command in '/home/erds/barns_ws/build/dobot_msgs_v3' returned '0': CMAKE_PREFIX_PATH=${CMAKE_PREFIX_PATH}:/home/erds/barns_ws/install/servo_action:/home/erds/barns_ws/install/pickn_place:/home/erds/barns_ws/install/dobot_bringup_v3:/home/erds/barns_ws/install/dobot_moveit:/home/erds/barns_ws/install/dobot_demo:/opt/ros/humble /usr/bin/cmake --install /home/erds/barns_ws/build/dobot_msgs_v3
[1.125s] Level 1:colcon.colcon_core.environment:checking '/home/erds/barns_ws/install/dobot_msgs_v3/lib'
[1.126s] Level 1:colcon.colcon_core.shell:create_environment_hook('dobot_msgs_v3', 'ld_library_path_lib')
[1.126s] INFO:colcon.colcon_core.shell:Creating environment hook '/home/erds/barns_ws/install/dobot_msgs_v3/share/dobot_msgs_v3/hook/ld_library_path_lib.ps1'
[1.126s] INFO:colcon.colcon_core.shell:Creating environment descriptor '/home/erds/barns_ws/install/dobot_msgs_v3/share/dobot_msgs_v3/hook/ld_library_path_lib.dsv'
[1.126s] INFO:colcon.colcon_core.shell:Creating environment hook '/home/erds/barns_ws/install/dobot_msgs_v3/share/dobot_msgs_v3/hook/ld_library_path_lib.sh'
[1.127s] Level 1:colcon.colcon_core.environment:checking '/home/erds/barns_ws/install/dobot_msgs_v3/bin'
[1.127s] Level 1:colcon.colcon_core.environment:checking '/home/erds/barns_ws/install/dobot_msgs_v3/lib/pkgconfig/dobot_msgs_v3.pc'
[1.127s] Level 1:colcon.colcon_core.environment:checking '/home/erds/barns_ws/install/dobot_msgs_v3/lib/python3.10/site-packages'
[1.127s] Level 1:colcon.colcon_core.environment:checking '/home/erds/barns_ws/install/dobot_msgs_v3/bin'
[1.127s] INFO:colcon.colcon_core.shell:Creating package script '/home/erds/barns_ws/install/dobot_msgs_v3/share/dobot_msgs_v3/package.ps1'
[1.128s] INFO:colcon.colcon_core.shell:Creating package descriptor '/home/erds/barns_ws/install/dobot_msgs_v3/share/dobot_msgs_v3/package.dsv'
[1.128s] INFO:colcon.colcon_core.shell:Creating package script '/home/erds/barns_ws/install/dobot_msgs_v3/share/dobot_msgs_v3/package.sh'
[1.128s] INFO:colcon.colcon_core.shell:Creating package script '/home/erds/barns_ws/install/dobot_msgs_v3/share/dobot_msgs_v3/package.bash'
[1.129s] INFO:colcon.colcon_core.shell:Creating package script '/home/erds/barns_ws/install/dobot_msgs_v3/share/dobot_msgs_v3/package.zsh'
[1.129s] Level 1:colcon.colcon_core.environment:create_file_with_runtime_dependencies(/home/erds/barns_ws/install/dobot_msgs_v3/share/colcon-core/packages/dobot_msgs_v3)
[1.130s] Level 1:colcon.colcon_core.environment:create_environment_scripts_only(dobot_msgs_v3)
[1.130s] Level 1:colcon.colcon_core.environment:checking '/home/erds/barns_ws/install/dobot_msgs_v3' for CMake module files
[1.130s] Level 1:colcon.colcon_core.environment:checking '/home/erds/barns_ws/install/dobot_msgs_v3' for CMake config files
[1.130s] Level 1:colcon.colcon_core.shell:create_environment_hook('dobot_msgs_v3', 'cmake_prefix_path')
[1.131s] INFO:colcon.colcon_core.shell:Creating environment hook '/home/erds/barns_ws/install/dobot_msgs_v3/share/dobot_msgs_v3/hook/cmake_prefix_path.ps1'
[1.131s] INFO:colcon.colcon_core.shell:Creating environment descriptor '/home/erds/barns_ws/install/dobot_msgs_v3/share/dobot_msgs_v3/hook/cmake_prefix_path.dsv'
[1.131s] INFO:colcon.colcon_core.shell:Creating environment hook '/home/erds/barns_ws/install/dobot_msgs_v3/share/dobot_msgs_v3/hook/cmake_prefix_path.sh'
[1.132s] Level 1:colcon.colcon_core.environment:checking '/home/erds/barns_ws/install/dobot_msgs_v3/lib'
[1.132s] Level 1:colcon.colcon_core.shell:create_environment_hook('dobot_msgs_v3', 'ld_library_path_lib')
[1.132s] INFO:colcon.colcon_core.shell:Creating environment hook '/home/erds/barns_ws/install/dobot_msgs_v3/share/dobot_msgs_v3/hook/ld_library_path_lib.ps1'
[1.132s] INFO:colcon.colcon_core.shell:Creating environment descriptor '/home/erds/barns_ws/install/dobot_msgs_v3/share/dobot_msgs_v3/hook/ld_library_path_lib.dsv'
[1.132s] INFO:colcon.colcon_core.shell:Creating environment hook '/home/erds/barns_ws/install/dobot_msgs_v3/share/dobot_msgs_v3/hook/ld_library_path_lib.sh'
[1.133s] Level 1:colcon.colcon_core.environment:checking '/home/erds/barns_ws/install/dobot_msgs_v3/bin'
[1.133s] Level 1:colcon.colcon_core.environment:checking '/home/erds/barns_ws/install/dobot_msgs_v3/lib/pkgconfig/dobot_msgs_v3.pc'
[1.133s] Level 1:colcon.colcon_core.environment:checking '/home/erds/barns_ws/install/dobot_msgs_v3/lib/python3.10/site-packages'
[1.133s] Level 1:colcon.colcon_core.environment:checking '/home/erds/barns_ws/install/dobot_msgs_v3/bin'
[1.133s] INFO:colcon.colcon_core.shell:Creating package script '/home/erds/barns_ws/install/dobot_msgs_v3/share/dobot_msgs_v3/package.ps1'
[1.134s] INFO:colcon.colcon_core.shell:Creating package descriptor '/home/erds/barns_ws/install/dobot_msgs_v3/share/dobot_msgs_v3/package.dsv'
[1.134s] INFO:colcon.colcon_core.shell:Creating package script '/home/erds/barns_ws/install/dobot_msgs_v3/share/dobot_msgs_v3/package.sh'
[1.134s] INFO:colcon.colcon_core.shell:Creating package script '/home/erds/barns_ws/install/dobot_msgs_v3/share/dobot_msgs_v3/package.bash'
[1.135s] INFO:colcon.colcon_core.shell:Creating package script '/home/erds/barns_ws/install/dobot_msgs_v3/share/dobot_msgs_v3/package.zsh'
[1.135s] Level 1:colcon.colcon_core.environment:create_file_with_runtime_dependencies(/home/erds/barns_ws/install/dobot_msgs_v3/share/colcon-core/packages/dobot_msgs_v3)
[1.136s] INFO:colcon.colcon_ros.task.ament_python.build:Building ROS package in '/home/erds/barns_ws/src/dobot_bringup_v3' with build type 'ament_python'
[1.136s] Level 1:colcon.colcon_core.shell:create_environment_hook('dobot_bringup_v3', 'ament_prefix_path')
[1.136s] INFO:colcon.colcon_core.shell:Creating environment hook '/home/erds/barns_ws/install/dobot_bringup_v3/share/dobot_bringup_v3/hook/ament_prefix_path.ps1'
[1.136s] INFO:colcon.colcon_core.shell:Creating environment descriptor '/home/erds/barns_ws/install/dobot_bringup_v3/share/dobot_bringup_v3/hook/ament_prefix_path.dsv'
[1.137s] INFO:colcon.colcon_core.shell:Creating environment hook '/home/erds/barns_ws/install/dobot_bringup_v3/share/dobot_bringup_v3/hook/ament_prefix_path.sh'
[1.137s] INFO:colcon.colcon_core.shell:Skip shell extension 'powershell' for command environment: Not usable outside of PowerShell
[1.137s] DEBUG:colcon.colcon_core.shell:Skip shell extension 'dsv' for command environment
[1.144s] DEBUG:colcon.colcon_core.event_handler.log_command:Invoking command in '/home/erds/barns_ws/build/nova5_moveit': CMAKE_PREFIX_PATH=/home/erds/barns_ws/install/dobot_rviz:/home/erds/ws_moveit2/install:/home/erds/ros2_ws/install/realsense2_description:/home/erds/ros2_ws/install/realsense2_camera:/home/erds/ros2_ws/install/realsense2_camera_msgs:/home/erds/barns_ws/install/nova5_moveit:/home/erds/barns_ws/install/dobot_msgs_v3:/home/erds/barns_ws/install/dobot_gazebo:/home/erds/barns_ws/install/servo_action:/home/erds/barns_ws/install/pickn_place:/home/erds/barns_ws/install/dobot_bringup_v3:/home/erds/barns_ws/install/dobot_moveit:/home/erds/barns_ws/install/dobot_demo:/opt/ros/humble /usr/bin/cmake --build /home/erds/barns_ws/build/nova5_moveit -- -j16 -l16
[1.316s] INFO:colcon.colcon_core.task.python.build:Building Python package in '/home/erds/barns_ws/src/dobot_bringup_v3'
[1.316s] INFO:colcon.colcon_core.shell:Skip shell extension 'powershell' for command environment: Not usable outside of PowerShell
[1.316s] DEBUG:colcon.colcon_core.shell:Skip shell extension 'dsv' for command environment
[1.322s] DEBUG:colcon.colcon_core.event_handler.log_command:Invoked command in '/home/erds/barns_ws/build/nova5_moveit' returned '0': CMAKE_PREFIX_PATH=/home/erds/barns_ws/install/dobot_rviz:/home/erds/ws_moveit2/install:/home/erds/ros2_ws/install/realsense2_description:/home/erds/ros2_ws/install/realsense2_camera:/home/erds/ros2_ws/install/realsense2_camera_msgs:/home/erds/barns_ws/install/nova5_moveit:/home/erds/barns_ws/install/dobot_msgs_v3:/home/erds/barns_ws/install/dobot_gazebo:/home/erds/barns_ws/install/servo_action:/home/erds/barns_ws/install/pickn_place:/home/erds/barns_ws/install/dobot_bringup_v3:/home/erds/barns_ws/install/dobot_moveit:/home/erds/barns_ws/install/dobot_demo:/opt/ros/humble /usr/bin/cmake --build /home/erds/barns_ws/build/nova5_moveit -- -j16 -l16
[1.323s] DEBUG:colcon.colcon_core.event_handler.log_command:Invoking command in '/home/erds/barns_ws/build/nova5_moveit': CMAKE_PREFIX_PATH=/home/erds/barns_ws/install/dobot_rviz:/home/erds/ws_moveit2/install:/home/erds/ros2_ws/install/realsense2_description:/home/erds/ros2_ws/install/realsense2_camera:/home/erds/ros2_ws/install/realsense2_camera_msgs:/home/erds/barns_ws/install/nova5_moveit:/home/erds/barns_ws/install/dobot_msgs_v3:/home/erds/barns_ws/install/dobot_gazebo:/home/erds/barns_ws/install/servo_action:/home/erds/barns_ws/install/pickn_place:/home/erds/barns_ws/install/dobot_bringup_v3:/home/erds/barns_ws/install/dobot_moveit:/home/erds/barns_ws/install/dobot_demo:/opt/ros/humble /usr/bin/cmake --install /home/erds/barns_ws/build/nova5_moveit
[1.333s] Level 1:colcon.colcon_core.environment:create_environment_scripts_only(nova5_moveit)
[1.334s] Level 1:colcon.colcon_core.environment:checking '/home/erds/barns_ws/install/nova5_moveit' for CMake module files
[1.334s] DEBUG:colcon.colcon_core.event_handler.log_command:Invoked command in '/home/erds/barns_ws/build/nova5_moveit' returned '0': CMAKE_PREFIX_PATH=/home/erds/barns_ws/install/dobot_rviz:/home/erds/ws_moveit2/install:/home/erds/ros2_ws/install/realsense2_description:/home/erds/ros2_ws/install/realsense2_camera:/home/erds/ros2_ws/install/realsense2_camera_msgs:/home/erds/barns_ws/install/nova5_moveit:/home/erds/barns_ws/install/dobot_msgs_v3:/home/erds/barns_ws/install/dobot_gazebo:/home/erds/barns_ws/install/servo_action:/home/erds/barns_ws/install/pickn_place:/home/erds/barns_ws/install/dobot_bringup_v3:/home/erds/barns_ws/install/dobot_moveit:/home/erds/barns_ws/install/dobot_demo:/opt/ros/humble /usr/bin/cmake --install /home/erds/barns_ws/build/nova5_moveit
[1.334s] Level 1:colcon.colcon_core.environment:checking '/home/erds/barns_ws/install/nova5_moveit' for CMake config files
[1.335s] Level 1:colcon.colcon_core.shell:create_environment_hook('nova5_moveit', 'cmake_prefix_path')
[1.335s] INFO:colcon.colcon_core.shell:Creating environment hook '/home/erds/barns_ws/install/nova5_moveit/share/nova5_moveit/hook/cmake_prefix_path.ps1'
[1.335s] INFO:colcon.colcon_core.shell:Creating environment descriptor '/home/erds/barns_ws/install/nova5_moveit/share/nova5_moveit/hook/cmake_prefix_path.dsv'
[1.335s] INFO:colcon.colcon_core.shell:Creating environment hook '/home/erds/barns_ws/install/nova5_moveit/share/nova5_moveit/hook/cmake_prefix_path.sh'
[1.336s] Level 1:colcon.colcon_core.environment:checking '/home/erds/barns_ws/install/nova5_moveit/bin'
[1.336s] Level 1:colcon.colcon_core.environment:checking '/home/erds/barns_ws/install/nova5_moveit/lib/pkgconfig/nova5_moveit.pc'
[1.336s] Level 1:colcon.colcon_core.environment:checking '/home/erds/barns_ws/install/nova5_moveit/lib/python3.10/site-packages'
[1.336s] Level 1:colcon.colcon_core.environment:checking '/home/erds/barns_ws/install/nova5_moveit/bin'
[1.336s] INFO:colcon.colcon_core.shell:Creating package script '/home/erds/barns_ws/install/nova5_moveit/share/nova5_moveit/package.ps1'
[1.337s] INFO:colcon.colcon_core.shell:Creating package descriptor '/home/erds/barns_ws/install/nova5_moveit/share/nova5_moveit/package.dsv'
[1.337s] INFO:colcon.colcon_core.shell:Creating package script '/home/erds/barns_ws/install/nova5_moveit/share/nova5_moveit/package.sh'
[1.337s] INFO:colcon.colcon_core.shell:Creating package script '/home/erds/barns_ws/install/nova5_moveit/share/nova5_moveit/package.bash'
[1.338s] INFO:colcon.colcon_core.shell:Creating package script '/home/erds/barns_ws/install/nova5_moveit/share/nova5_moveit/package.zsh'
[1.338s] Level 1:colcon.colcon_core.environment:create_file_with_runtime_dependencies(/home/erds/barns_ws/install/nova5_moveit/share/colcon-core/packages/nova5_moveit)
[1.338s] Level 1:colcon.colcon_core.environment:create_environment_scripts_only(nova5_moveit)
[1.338s] Level 1:colcon.colcon_core.environment:checking '/home/erds/barns_ws/install/nova5_moveit' for CMake module files
[1.339s] Level 1:colcon.colcon_core.environment:checking '/home/erds/barns_ws/install/nova5_moveit' for CMake config files
[1.339s] Level 1:colcon.colcon_core.shell:create_environment_hook('nova5_moveit', 'cmake_prefix_path')
[1.339s] INFO:colcon.colcon_core.shell:Creating environment hook '/home/erds/barns_ws/install/nova5_moveit/share/nova5_moveit/hook/cmake_prefix_path.ps1'
[1.339s] INFO:colcon.colcon_core.shell:Creating environment descriptor '/home/erds/barns_ws/install/nova5_moveit/share/nova5_moveit/hook/cmake_prefix_path.dsv'
[1.340s] INFO:colcon.colcon_core.shell:Creating environment hook '/home/erds/barns_ws/install/nova5_moveit/share/nova5_moveit/hook/cmake_prefix_path.sh'
[1.340s] Level 1:colcon.colcon_core.environment:checking '/home/erds/barns_ws/install/nova5_moveit/bin'
[1.340s] Level 1:colcon.colcon_core.environment:checking '/home/erds/barns_ws/install/nova5_moveit/lib/pkgconfig/nova5_moveit.pc'
[1.340s] Level 1:colcon.colcon_core.environment:checking '/home/erds/barns_ws/install/nova5_moveit/lib/python3.10/site-packages'
[1.340s] Level 1:colcon.colcon_core.environment:checking '/home/erds/barns_ws/install/nova5_moveit/bin'
[1.341s] INFO:colcon.colcon_core.shell:Creating package script '/home/erds/barns_ws/install/nova5_moveit/share/nova5_moveit/package.ps1'
[1.341s] INFO:colcon.colcon_core.shell:Creating package descriptor '/home/erds/barns_ws/install/nova5_moveit/share/nova5_moveit/package.dsv'
[1.341s] INFO:colcon.colcon_core.shell:Creating package script '/home/erds/barns_ws/install/nova5_moveit/share/nova5_moveit/package.sh'
[1.342s] INFO:colcon.colcon_core.shell:Creating package script '/home/erds/barns_ws/install/nova5_moveit/share/nova5_moveit/package.bash'
[1.342s] INFO:colcon.colcon_core.shell:Creating package script '/home/erds/barns_ws/install/nova5_moveit/share/nova5_moveit/package.zsh'
[1.342s] Level 1:colcon.colcon_core.environment:create_file_with_runtime_dependencies(/home/erds/barns_ws/install/nova5_moveit/share/colcon-core/packages/nova5_moveit)
[1.386s] DEBUG:colcon.colcon_core.event_handler.log_command:Invoking command in '/home/erds/barns_ws/src/dobot_moveit': PYTHONPATH=/home/erds/barns_ws/build/dobot_moveit/prefix_override:/usr/lib/python3/dist-packages/colcon_core/task/python/colcon_distutils_commands:/home/erds/barns_ws/install/dobot_moveit/lib/python3.10/site-packages:${PYTHONPATH} /usr/bin/python3 -W ignore:setup.py install is deprecated -W ignore:easy_install command is deprecated setup.py egg_info --egg-base ../../build/dobot_moveit build --build-base /home/erds/barns_ws/build/dobot_moveit/build install --record /home/erds/barns_ws/build/dobot_moveit/install.log --single-version-externally-managed install_data
[1.389s] DEBUG:colcon.colcon_core.event_handler.log_command:Invoking command in '/home/erds/barns_ws/src/dobot_demo': PYTHONPATH=/home/erds/barns_ws/build/dobot_demo/prefix_override:/usr/lib/python3/dist-packages/colcon_core/task/python/colcon_distutils_commands:/home/erds/barns_ws/install/dobot_demo/lib/python3.10/site-packages:${PYTHONPATH} /usr/bin/python3 -W ignore:setup.py install is deprecated -W ignore:easy_install command is deprecated setup.py egg_info --egg-base ../../build/dobot_demo build --build-base /home/erds/barns_ws/build/dobot_demo/build install --record /home/erds/barns_ws/build/dobot_demo/install.log --single-version-externally-managed install_data
[1.398s] DEBUG:colcon.colcon_core.event_handler.log_command:Invoking command in '/home/erds/barns_ws/src/pickn_place': PYTHONPATH=/home/erds/barns_ws/build/pickn_place/prefix_override:/usr/lib/python3/dist-packages/colcon_core/task/python/colcon_distutils_commands:/home/erds/barns_ws/install/pickn_place/lib/python3.10/site-packages:${PYTHONPATH} /usr/bin/python3 -W ignore:setup.py install is deprecated -W ignore:easy_install command is deprecated setup.py egg_info --egg-base ../../build/pickn_place build --build-base /home/erds/barns_ws/build/pickn_place/build install --record /home/erds/barns_ws/build/pickn_place/install.log --single-version-externally-managed install_data
[1.477s] DEBUG:colcon.colcon_core.event_handler.log_command:Invoking command in '/home/erds/barns_ws/src/servo_action': PYTHONPATH=/home/erds/barns_ws/build/servo_action/prefix_override:/usr/lib/python3/dist-packages/colcon_core/task/python/colcon_distutils_commands:/home/erds/barns_ws/install/servo_action/lib/python3.10/site-packages:${PYTHONPATH} /usr/bin/python3 -W ignore:setup.py install is deprecated -W ignore:easy_install command is deprecated setup.py egg_info --egg-base ../../build/servo_action build --build-base /home/erds/barns_ws/build/servo_action/build install --record /home/erds/barns_ws/build/servo_action/install.log --single-version-externally-managed install_data
[1.759s] DEBUG:colcon.colcon_core.event_handler.log_command:Invoking command in '/home/erds/barns_ws/src/dobot_bringup_v3': CMAKE_PREFIX_PATH=/home/erds/barns_ws/install/dobot_msgs_v3:/home/erds/ws_moveit2/install:/home/erds/ros2_ws/install/realsense2_description:/home/erds/ros2_ws/install/realsense2_camera:/home/erds/ros2_ws/install/realsense2_camera_msgs:/home/erds/barns_ws/install/nova5_moveit:/home/erds/barns_ws/install/dobot_rviz:/home/erds/barns_ws/install/dobot_gazebo LD_LIBRARY_PATH=/home/erds/barns_ws/install/dobot_msgs_v3/lib:/usr/local/cuda/lib64:/home/erds/ws_moveit2/install/lib:/home/erds/ros2_ws/install/realsense2_camera/lib:/home/erds/ros2_ws/install/realsense2_camera_msgs/lib:/usr/lib/x86_64-linux-gnu/gazebo-11/plugins:/opt/ros/humble/opt/rviz_ogre_vendor/lib:/opt/ros/humble/lib/x86_64-linux-gnu:/opt/ros/humble/lib PYTHONPATH=/home/erds/barns_ws/build/dobot_bringup_v3/prefix_override:/usr/lib/python3/dist-packages/colcon_core/task/python/colcon_distutils_commands:/home/erds/barns_ws/install/dobot_bringup_v3/lib/python3.10/site-packages:${PYTHONPATH} /usr/bin/python3 -W ignore:setup.py install is deprecated -W ignore:easy_install command is deprecated setup.py egg_info --egg-base ../../build/dobot_bringup_v3 build --build-base /home/erds/barns_ws/build/dobot_bringup_v3/build install --record /home/erds/barns_ws/build/dobot_bringup_v3/install.log --single-version-externally-managed install_data
[1.827s] Level 1:colcon.colcon_core.environment:checking '/home/erds/barns_ws/install/dobot_moveit' for CMake module files
[1.828s] DEBUG:colcon.colcon_core.event_handler.log_command:Invoked command in '/home/erds/barns_ws/src/dobot_moveit' returned '0': PYTHONPATH=/home/erds/barns_ws/build/dobot_moveit/prefix_override:/usr/lib/python3/dist-packages/colcon_core/task/python/colcon_distutils_commands:/home/erds/barns_ws/install/dobot_moveit/lib/python3.10/site-packages:${PYTHONPATH} /usr/bin/python3 -W ignore:setup.py install is deprecated -W ignore:easy_install command is deprecated setup.py egg_info --egg-base ../../build/dobot_moveit build --build-base /home/erds/barns_ws/build/dobot_moveit/build install --record /home/erds/barns_ws/build/dobot_moveit/install.log --single-version-externally-managed install_data
[1.828s] Level 1:colcon.colcon_core.environment:checking '/home/erds/barns_ws/install/dobot_moveit' for CMake config files
[1.829s] Level 1:colcon.colcon_core.environment:checking '/home/erds/barns_ws/install/dobot_moveit/lib'
[1.829s] Level 1:colcon.colcon_core.environment:checking '/home/erds/barns_ws/install/dobot_moveit/bin'
[1.829s] Level 1:colcon.colcon_core.environment:checking '/home/erds/barns_ws/install/dobot_moveit/lib/pkgconfig/dobot_moveit.pc'
[1.829s] Level 1:colcon.colcon_core.environment:checking '/home/erds/barns_ws/install/dobot_moveit/lib/python3.10/site-packages'
[1.829s] Level 1:colcon.colcon_core.shell:create_environment_hook('dobot_moveit', 'pythonpath')
[1.829s] INFO:colcon.colcon_core.shell:Creating environment hook '/home/erds/barns_ws/install/dobot_moveit/share/dobot_moveit/hook/pythonpath.ps1'
[1.830s] INFO:colcon.colcon_core.shell:Creating environment descriptor '/home/erds/barns_ws/install/dobot_moveit/share/dobot_moveit/hook/pythonpath.dsv'
[1.830s] INFO:colcon.colcon_core.shell:Creating environment hook '/home/erds/barns_ws/install/dobot_moveit/share/dobot_moveit/hook/pythonpath.sh'
[1.830s] Level 1:colcon.colcon_core.environment:checking '/home/erds/barns_ws/install/dobot_moveit/bin'
[1.830s] Level 1:colcon.colcon_core.environment:create_environment_scripts_only(dobot_moveit)
[1.831s] INFO:colcon.colcon_core.shell:Creating package script '/home/erds/barns_ws/install/dobot_moveit/share/dobot_moveit/package.ps1'
[1.831s] INFO:colcon.colcon_core.shell:Creating package descriptor '/home/erds/barns_ws/install/dobot_moveit/share/dobot_moveit/package.dsv'
[1.831s] INFO:colcon.colcon_core.shell:Creating package script '/home/erds/barns_ws/install/dobot_moveit/share/dobot_moveit/package.sh'
[1.832s] INFO:colcon.colcon_core.shell:Creating package script '/home/erds/barns_ws/install/dobot_moveit/share/dobot_moveit/package.bash'
[1.832s] INFO:colcon.colcon_core.shell:Creating package script '/home/erds/barns_ws/install/dobot_moveit/share/dobot_moveit/package.zsh'
[1.832s] Level 1:colcon.colcon_core.environment:create_file_with_runtime_dependencies(/home/erds/barns_ws/install/dobot_moveit/share/colcon-core/packages/dobot_moveit)
[1.833s] Level 1:colcon.colcon_core.environment:checking '/home/erds/barns_ws/install/dobot_demo' for CMake module files
[1.834s] DEBUG:colcon.colcon_core.event_handler.log_command:Invoked command in '/home/erds/barns_ws/src/dobot_demo' returned '0': PYTHONPATH=/home/erds/barns_ws/build/dobot_demo/prefix_override:/usr/lib/python3/dist-packages/colcon_core/task/python/colcon_distutils_commands:/home/erds/barns_ws/install/dobot_demo/lib/python3.10/site-packages:${PYTHONPATH} /usr/bin/python3 -W ignore:setup.py install is deprecated -W ignore:easy_install command is deprecated setup.py egg_info --egg-base ../../build/dobot_demo build --build-base /home/erds/barns_ws/build/dobot_demo/build install --record /home/erds/barns_ws/build/dobot_demo/install.log --single-version-externally-managed install_data
[1.834s] Level 1:colcon.colcon_core.environment:checking '/home/erds/barns_ws/install/dobot_demo' for CMake config files
[1.835s] Level 1:colcon.colcon_core.environment:checking '/home/erds/barns_ws/install/dobot_demo/lib'
[1.835s] Level 1:colcon.colcon_core.environment:checking '/home/erds/barns_ws/install/dobot_demo/bin'
[1.835s] Level 1:colcon.colcon_core.environment:checking '/home/erds/barns_ws/install/dobot_demo/lib/pkgconfig/dobot_demo.pc'
[1.835s] Level 1:colcon.colcon_core.environment:checking '/home/erds/barns_ws/install/dobot_demo/lib/python3.10/site-packages'
[1.835s] Level 1:colcon.colcon_core.shell:create_environment_hook('dobot_demo', 'pythonpath')
[1.835s] INFO:colcon.colcon_core.shell:Creating environment hook '/home/erds/barns_ws/install/dobot_demo/share/dobot_demo/hook/pythonpath.ps1'
[1.835s] INFO:colcon.colcon_core.shell:Creating environment descriptor '/home/erds/barns_ws/install/dobot_demo/share/dobot_demo/hook/pythonpath.dsv'
[1.836s] INFO:colcon.colcon_core.shell:Creating environment hook '/home/erds/barns_ws/install/dobot_demo/share/dobot_demo/hook/pythonpath.sh'
[1.836s] Level 1:colcon.colcon_core.environment:checking '/home/erds/barns_ws/install/dobot_demo/bin'
[1.836s] Level 1:colcon.colcon_core.environment:create_environment_scripts_only(dobot_demo)
[1.836s] INFO:colcon.colcon_core.shell:Creating package script '/home/erds/barns_ws/install/dobot_demo/share/dobot_demo/package.ps1'
[1.837s] INFO:colcon.colcon_core.shell:Creating package descriptor '/home/erds/barns_ws/install/dobot_demo/share/dobot_demo/package.dsv'
[1.837s] INFO:colcon.colcon_core.shell:Creating package script '/home/erds/barns_ws/install/dobot_demo/share/dobot_demo/package.sh'
[1.837s] INFO:colcon.colcon_core.shell:Creating package script '/home/erds/barns_ws/install/dobot_demo/share/dobot_demo/package.bash'
[1.838s] INFO:colcon.colcon_core.shell:Creating package script '/home/erds/barns_ws/install/dobot_demo/share/dobot_demo/package.zsh'
[1.838s] Level 1:colcon.colcon_core.environment:create_file_with_runtime_dependencies(/home/erds/barns_ws/install/dobot_demo/share/colcon-core/packages/dobot_demo)
[1.842s] Level 1:colcon.colcon_core.environment:checking '/home/erds/barns_ws/install/pickn_place' for CMake module files
[1.842s] DEBUG:colcon.colcon_core.event_handler.log_command:Invoked command in '/home/erds/barns_ws/src/pickn_place' returned '0': PYTHONPATH=/home/erds/barns_ws/build/pickn_place/prefix_override:/usr/lib/python3/dist-packages/colcon_core/task/python/colcon_distutils_commands:/home/erds/barns_ws/install/pickn_place/lib/python3.10/site-packages:${PYTHONPATH} /usr/bin/python3 -W ignore:setup.py install is deprecated -W ignore:easy_install command is deprecated setup.py egg_info --egg-base ../../build/pickn_place build --build-base /home/erds/barns_ws/build/pickn_place/build install --record /home/erds/barns_ws/build/pickn_place/install.log --single-version-externally-managed install_data
[1.843s] Level 1:colcon.colcon_core.environment:checking '/home/erds/barns_ws/install/pickn_place' for CMake config files
[1.843s] Level 1:colcon.colcon_core.environment:checking '/home/erds/barns_ws/install/pickn_place/lib'
[1.843s] Level 1:colcon.colcon_core.environment:checking '/home/erds/barns_ws/install/pickn_place/bin'
[1.843s] Level 1:colcon.colcon_core.environment:checking '/home/erds/barns_ws/install/pickn_place/lib/pkgconfig/pickn_place.pc'
[1.843s] Level 1:colcon.colcon_core.environment:checking '/home/erds/barns_ws/install/pickn_place/lib/python3.10/site-packages'
[1.843s] Level 1:colcon.colcon_core.shell:create_environment_hook('pickn_place', 'pythonpath')
[1.844s] INFO:colcon.colcon_core.shell:Creating environment hook '/home/erds/barns_ws/install/pickn_place/share/pickn_place/hook/pythonpath.ps1'
[1.844s] INFO:colcon.colcon_core.shell:Creating environment descriptor '/home/erds/barns_ws/install/pickn_place/share/pickn_place/hook/pythonpath.dsv'
[1.844s] INFO:colcon.colcon_core.shell:Creating environment hook '/home/erds/barns_ws/install/pickn_place/share/pickn_place/hook/pythonpath.sh'
[1.845s] Level 1:colcon.colcon_core.environment:checking '/home/erds/barns_ws/install/pickn_place/bin'
[1.845s] Level 1:colcon.colcon_core.environment:create_environment_scripts_only(pickn_place)
[1.845s] INFO:colcon.colcon_core.shell:Creating package script '/home/erds/barns_ws/install/pickn_place/share/pickn_place/package.ps1'
[1.845s] INFO:colcon.colcon_core.shell:Creating package descriptor '/home/erds/barns_ws/install/pickn_place/share/pickn_place/package.dsv'
[1.846s] INFO:colcon.colcon_core.shell:Creating package script '/home/erds/barns_ws/install/pickn_place/share/pickn_place/package.sh'
[1.846s] INFO:colcon.colcon_core.shell:Creating package script '/home/erds/barns_ws/install/pickn_place/share/pickn_place/package.bash'
[1.846s] INFO:colcon.colcon_core.shell:Creating package script '/home/erds/barns_ws/install/pickn_place/share/pickn_place/package.zsh'
[1.846s] Level 1:colcon.colcon_core.environment:create_file_with_runtime_dependencies(/home/erds/barns_ws/install/pickn_place/share/colcon-core/packages/pickn_place)
[1.903s] Level 1:colcon.colcon_core.environment:checking '/home/erds/barns_ws/install/servo_action' for CMake module files
[1.904s] DEBUG:colcon.colcon_core.event_handler.log_command:Invoked command in '/home/erds/barns_ws/src/servo_action' returned '0': PYTHONPATH=/home/erds/barns_ws/build/servo_action/prefix_override:/usr/lib/python3/dist-packages/colcon_core/task/python/colcon_distutils_commands:/home/erds/barns_ws/install/servo_action/lib/python3.10/site-packages:${PYTHONPATH} /usr/bin/python3 -W ignore:setup.py install is deprecated -W ignore:easy_install command is deprecated setup.py egg_info --egg-base ../../build/servo_action build --build-base /home/erds/barns_ws/build/servo_action/build install --record /home/erds/barns_ws/build/servo_action/install.log --single-version-externally-managed install_data
[1.904s] Level 1:colcon.colcon_core.environment:checking '/home/erds/barns_ws/install/servo_action' for CMake config files
[1.904s] Level 1:colcon.colcon_core.environment:checking '/home/erds/barns_ws/install/servo_action/lib'
[1.904s] Level 1:colcon.colcon_core.environment:checking '/home/erds/barns_ws/install/servo_action/bin'
[1.905s] Level 1:colcon.colcon_core.environment:checking '/home/erds/barns_ws/install/servo_action/lib/pkgconfig/servo_action.pc'
[1.905s] Level 1:colcon.colcon_core.environment:checking '/home/erds/barns_ws/install/servo_action/lib/python3.10/site-packages'
[1.905s] Level 1:colcon.colcon_core.shell:create_environment_hook('servo_action', 'pythonpath')
[1.905s] INFO:colcon.colcon_core.shell:Creating environment hook '/home/erds/barns_ws/install/servo_action/share/servo_action/hook/pythonpath.ps1'
[1.905s] INFO:colcon.colcon_core.shell:Creating environment descriptor '/home/erds/barns_ws/install/servo_action/share/servo_action/hook/pythonpath.dsv'
[1.906s] INFO:colcon.colcon_core.shell:Creating environment hook '/home/erds/barns_ws/install/servo_action/share/servo_action/hook/pythonpath.sh'
[1.906s] Level 1:colcon.colcon_core.environment:checking '/home/erds/barns_ws/install/servo_action/bin'
[1.906s] Level 1:colcon.colcon_core.environment:create_environment_scripts_only(servo_action)
[1.906s] INFO:colcon.colcon_core.shell:Creating package script '/home/erds/barns_ws/install/servo_action/share/servo_action/package.ps1'
[1.907s] INFO:colcon.colcon_core.shell:Creating package descriptor '/home/erds/barns_ws/install/servo_action/share/servo_action/package.dsv'
[1.907s] INFO:colcon.colcon_core.shell:Creating package script '/home/erds/barns_ws/install/servo_action/share/servo_action/package.sh'
[1.907s] INFO:colcon.colcon_core.shell:Creating package script '/home/erds/barns_ws/install/servo_action/share/servo_action/package.bash'
[1.908s] INFO:colcon.colcon_core.shell:Creating package script '/home/erds/barns_ws/install/servo_action/share/servo_action/package.zsh'
[1.908s] Level 1:colcon.colcon_core.environment:create_file_with_runtime_dependencies(/home/erds/barns_ws/install/servo_action/share/colcon-core/packages/servo_action)
[2.173s] Level 1:colcon.colcon_core.environment:checking '/home/erds/barns_ws/install/dobot_bringup_v3' for CMake module files
[2.173s] DEBUG:colcon.colcon_core.event_handler.log_command:Invoked command in '/home/erds/barns_ws/src/dobot_bringup_v3' returned '0': CMAKE_PREFIX_PATH=/home/erds/barns_ws/install/dobot_msgs_v3:/home/erds/ws_moveit2/install:/home/erds/ros2_ws/install/realsense2_description:/home/erds/ros2_ws/install/realsense2_camera:/home/erds/ros2_ws/install/realsense2_camera_msgs:/home/erds/barns_ws/install/nova5_moveit:/home/erds/barns_ws/install/dobot_rviz:/home/erds/barns_ws/install/dobot_gazebo LD_LIBRARY_PATH=/home/erds/barns_ws/install/dobot_msgs_v3/lib:/usr/local/cuda/lib64:/home/erds/ws_moveit2/install/lib:/home/erds/ros2_ws/install/realsense2_camera/lib:/home/erds/ros2_ws/install/realsense2_camera_msgs/lib:/usr/lib/x86_64-linux-gnu/gazebo-11/plugins:/opt/ros/humble/opt/rviz_ogre_vendor/lib:/opt/ros/humble/lib/x86_64-linux-gnu:/opt/ros/humble/lib PYTHONPATH=/home/erds/barns_ws/build/dobot_bringup_v3/prefix_override:/usr/lib/python3/dist-packages/colcon_core/task/python/colcon_distutils_commands:/home/erds/barns_ws/install/dobot_bringup_v3/lib/python3.10/site-packages:${PYTHONPATH} /usr/bin/python3 -W ignore:setup.py install is deprecated -W ignore:easy_install command is deprecated setup.py egg_info --egg-base ../../build/dobot_bringup_v3 build --build-base /home/erds/barns_ws/build/dobot_bringup_v3/build install --record /home/erds/barns_ws/build/dobot_bringup_v3/install.log --single-version-externally-managed install_data
[2.174s] Level 1:colcon.colcon_core.environment:checking '/home/erds/barns_ws/install/dobot_bringup_v3' for CMake config files
[2.174s] Level 1:colcon.colcon_core.environment:checking '/home/erds/barns_ws/install/dobot_bringup_v3/lib'
[2.174s] Level 1:colcon.colcon_core.environment:checking '/home/erds/barns_ws/install/dobot_bringup_v3/bin'
[2.174s] Level 1:colcon.colcon_core.environment:checking '/home/erds/barns_ws/install/dobot_bringup_v3/lib/pkgconfig/dobot_bringup_v3.pc'
[2.174s] Level 1:colcon.colcon_core.environment:checking '/home/erds/barns_ws/install/dobot_bringup_v3/lib/python3.10/site-packages'
[2.174s] Level 1:colcon.colcon_core.shell:create_environment_hook('dobot_bringup_v3', 'pythonpath')
[2.175s] INFO:colcon.colcon_core.shell:Creating environment hook '/home/erds/barns_ws/install/dobot_bringup_v3/share/dobot_bringup_v3/hook/pythonpath.ps1'
[2.175s] INFO:colcon.colcon_core.shell:Creating environment descriptor '/home/erds/barns_ws/install/dobot_bringup_v3/share/dobot_bringup_v3/hook/pythonpath.dsv'
[2.175s] INFO:colcon.colcon_core.shell:Creating environment hook '/home/erds/barns_ws/install/dobot_bringup_v3/share/dobot_bringup_v3/hook/pythonpath.sh'
[2.176s] Level 1:colcon.colcon_core.environment:checking '/home/erds/barns_ws/install/dobot_bringup_v3/bin'
[2.176s] Level 1:colcon.colcon_core.environment:create_environment_scripts_only(dobot_bringup_v3)
[2.176s] INFO:colcon.colcon_core.shell:Creating package script '/home/erds/barns_ws/install/dobot_bringup_v3/share/dobot_bringup_v3/package.ps1'
[2.176s] INFO:colcon.colcon_core.shell:Creating package descriptor '/home/erds/barns_ws/install/dobot_bringup_v3/share/dobot_bringup_v3/package.dsv'
[2.176s] INFO:colcon.colcon_core.shell:Creating package script '/home/erds/barns_ws/install/dobot_bringup_v3/share/dobot_bringup_v3/package.sh'
[2.177s] INFO:colcon.colcon_core.shell:Creating package script '/home/erds/barns_ws/install/dobot_bringup_v3/share/dobot_bringup_v3/package.bash'
[2.177s] INFO:colcon.colcon_core.shell:Creating package script '/home/erds/barns_ws/install/dobot_bringup_v3/share/dobot_bringup_v3/package.zsh'
[2.177s] Level 1:colcon.colcon_core.environment:create_file_with_runtime_dependencies(/home/erds/barns_ws/install/dobot_bringup_v3/share/colcon-core/packages/dobot_bringup_v3)
[2.178s] DEBUG:colcon.colcon_parallel_executor.executor.parallel:closing loop
[2.178s] DEBUG:colcon.colcon_parallel_executor.executor.parallel:loop closed
[2.178s] DEBUG:colcon.colcon_parallel_executor.executor.parallel:run_until_complete finished with '0'
[2.178s] DEBUG:colcon.colcon_core.event_reactor:joining thread
[2.182s] INFO:colcon.colcon_core.plugin_system:Skipping extension 'colcon_notification.desktop_notification.terminal_notifier': Not used on non-Darwin systems
[2.182s] INFO:colcon.colcon_core.plugin_system:Skipping extension 'colcon_notification.desktop_notification.win32': Not used on non-Windows systems
[2.182s] INFO:colcon.colcon_notification.desktop_notification:Sending desktop notification using 'notify2'
[2.191s] DEBUG:colcon.colcon_core.event_reactor:joined thread
[2.191s] INFO:colcon.colcon_core.shell:Creating prefix script '/home/erds/barns_ws/install/local_setup.ps1'
[2.192s] INFO:colcon.colcon_core.shell:Creating prefix util module '/home/erds/barns_ws/install/_local_setup_util_ps1.py'
[2.193s] INFO:colcon.colcon_core.shell:Creating prefix chain script '/home/erds/barns_ws/install/setup.ps1'
[2.194s] INFO:colcon.colcon_core.shell:Creating prefix script '/home/erds/barns_ws/install/local_setup.sh'
[2.194s] INFO:colcon.colcon_core.shell:Creating prefix util module '/home/erds/barns_ws/install/_local_setup_util_sh.py'
[2.195s] INFO:colcon.colcon_core.shell:Creating prefix chain script '/home/erds/barns_ws/install/setup.sh'
[2.196s] INFO:colcon.colcon_core.shell:Creating prefix script '/home/erds/barns_ws/install/local_setup.bash'
[2.196s] INFO:colcon.colcon_core.shell:Creating prefix chain script '/home/erds/barns_ws/install/setup.bash'
[2.197s] INFO:colcon.colcon_core.shell:Creating prefix script '/home/erds/barns_ws/install/local_setup.zsh'
[2.197s] INFO:colcon.colcon_core.shell:Creating prefix chain script '/home/erds/barns_ws/install/setup.zsh'
