[1.270s] Invoking command in '/home/erds/barns_ws/src/dobot_moveit': PYTHONPATH=/home/erds/barns_ws/build/dobot_moveit/prefix_override:/usr/lib/python3/dist-packages/colcon_core/task/python/colcon_distutils_commands:/home/erds/barns_ws/install/dobot_moveit/lib/python3.10/site-packages:${PYTHONPATH} /usr/bin/python3 -W ignore:setup.py install is deprecated -W ignore:easy_install command is deprecated setup.py egg_info --egg-base ../../build/dobot_moveit build --build-base /home/erds/barns_ws/build/dobot_moveit/build install --record /home/erds/barns_ws/build/dobot_moveit/install.log --single-version-externally-managed install_data
[1.459s] running egg_info
[1.459s] writing ../../build/dobot_moveit/dobot_moveit.egg-info/PKG-INFO
[1.459s] writing dependency_links to ../../build/dobot_moveit/dobot_moveit.egg-info/dependency_links.txt
[1.459s] writing entry points to ../../build/dobot_moveit/dobot_moveit.egg-info/entry_points.txt
[1.459s] writing requirements to ../../build/dobot_moveit/dobot_moveit.egg-info/requires.txt
[1.459s] writing top-level names to ../../build/dobot_moveit/dobot_moveit.egg-info/top_level.txt
[1.461s] reading manifest file '../../build/dobot_moveit/dobot_moveit.egg-info/SOURCES.txt'
[1.461s] writing manifest file '../../build/dobot_moveit/dobot_moveit.egg-info/SOURCES.txt'
[1.462s] running build
[1.462s] running build_py
[1.462s] running install
[1.462s] running install_lib
[1.463s] running install_data
[1.463s] running install_egg_info
[1.464s] removing '/home/erds/barns_ws/install/dobot_moveit/lib/python3.10/site-packages/dobot_moveit-0.0.0-py3.10.egg-info' (and everything under it)
[1.464s] Copying ../../build/dobot_moveit/dobot_moveit.egg-info to /home/erds/barns_ws/install/dobot_moveit/lib/python3.10/site-packages/dobot_moveit-0.0.0-py3.10.egg-info
[1.465s] running install_scripts
[1.482s] writing list of installed files to '/home/erds/barns_ws/build/dobot_moveit/install.log'
[1.505s] Invoked command in '/home/erds/barns_ws/src/dobot_moveit' returned '0': PYTHONPATH=/home/erds/barns_ws/build/dobot_moveit/prefix_override:/usr/lib/python3/dist-packages/colcon_core/task/python/colcon_distutils_commands:/home/erds/barns_ws/install/dobot_moveit/lib/python3.10/site-packages:${PYTHONPATH} /usr/bin/python3 -W ignore:setup.py install is deprecated -W ignore:easy_install command is deprecated setup.py egg_info --egg-base ../../build/dobot_moveit build --build-base /home/erds/barns_ws/build/dobot_moveit/build install --record /home/erds/barns_ws/build/dobot_moveit/install.log --single-version-externally-managed install_data
