[0.435s] Invoking command in '/home/erds/barns_ws/build/pickn_place': CMAKE_PREFIX_PATH=${CMAKE_PREFIX_PATH}:/home/erds/ws_moveit/install/launch_param_builder:/home/erds/barns_ws/install/servo_action:/home/erds/barns_ws/install/dobot_bringup_v3:/home/erds/barns_ws/install/dobot_moveit:/home/erds/barns_ws/install/dobot_demo:/opt/ros/humble /usr/bin/cmake --build /home/erds/barns_ws/build/pickn_place -- -j16 -l16
[0.452s] -- Found ament_cmake: 1.3.11 (/opt/ros/humble/share/ament_cmake/cmake)
[0.556s] -- Found ament_index_cpp: 1.4.0 (/opt/ros/humble/share/ament_index_cpp/cmake)
[0.560s] -- Found rclcpp: 16.0.11 (/opt/ros/humble/share/rclcpp/cmake)
[0.618s] -- Found rosidl_generator_c: 3.1.6 (/opt/ros/humble/share/rosidl_generator_c/cmake)
[0.627s] -- Found rosidl_adapter: 3.1.6 (/opt/ros/humble/share/rosidl_adapter/cmake)
[0.639s] -- Found rosidl_generator_cpp: 3.1.6 (/opt/ros/humble/share/rosidl_generator_cpp/cmake)
[0.656s] -- Using all available rosidl_typesupport_c: rosidl_typesupport_fastrtps_c;rosidl_typesupport_introspection_c
[0.743s] -- Using all available rosidl_typesupport_cpp: rosidl_typesupport_fastrtps_cpp;rosidl_typesupport_introspection_cpp
[0.814s] -- Found rmw_implementation_cmake: 6.1.2 (/opt/ros/humble/share/rmw_implementation_cmake/cmake)
[0.819s] -- Found rmw_fastrtps_cpp: 6.2.7 (/opt/ros/humble/share/rmw_fastrtps_cpp/cmake)
[0.865s] -- Found OpenSSL: /usr/lib/x86_64-linux-gnu/libcrypto.so (found version "3.0.2")  
[0.893s] -- Found FastRTPS: /opt/ros/humble/include  
[0.937s] -- Using RMW implementation 'rmw_fastrtps_cpp' as default
[0.952s] -- Looking for pthread.h
[1.022s] -- Looking for pthread.h - found
[1.022s] -- Performing Test CMAKE_HAVE_LIBC_PTHREAD
[1.087s] -- Performing Test CMAKE_HAVE_LIBC_PTHREAD - Success
[1.088s] -- Found Threads: TRUE  
[1.199s] -- Configuring done
[1.203s] -- Generating done
[1.205s] -- Build files have been written to: /home/erds/barns_ws/build/pickn_place
[1.230s] Invoked command in '/home/erds/barns_ws/build/pickn_place' returned '0': CMAKE_PREFIX_PATH=${CMAKE_PREFIX_PATH}:/home/erds/ws_moveit/install/launch_param_builder:/home/erds/barns_ws/install/servo_action:/home/erds/barns_ws/install/dobot_bringup_v3:/home/erds/barns_ws/install/dobot_moveit:/home/erds/barns_ws/install/dobot_demo:/opt/ros/humble /usr/bin/cmake --build /home/erds/barns_ws/build/pickn_place -- -j16 -l16
[1.231s] Invoking command in '/home/erds/barns_ws/build/pickn_place': CMAKE_PREFIX_PATH=${CMAKE_PREFIX_PATH}:/home/erds/ws_moveit/install/launch_param_builder:/home/erds/barns_ws/install/servo_action:/home/erds/barns_ws/install/dobot_bringup_v3:/home/erds/barns_ws/install/dobot_moveit:/home/erds/barns_ws/install/dobot_demo:/opt/ros/humble /usr/bin/cmake --install /home/erds/barns_ws/build/pickn_place
[1.238s] -- Install configuration: ""
[1.238s] -- Installing: /home/erds/barns_ws/install/pickn_place/share/pickn_place/launch
[1.238s] -- Installing: /home/erds/barns_ws/install/pickn_place/share/pickn_place/launch/display_urdf.launch.py
[1.238s] -- Installing: /home/erds/barns_ws/install/pickn_place/share/pickn_place/urdf
[1.238s] -- Installing: /home/erds/barns_ws/install/pickn_place/share/pickn_place/urdf/portafilter.urdf
[1.238s] -- Installing: /home/erds/barns_ws/install/pickn_place/share/pickn_place/mesh
[1.238s] -- Installing: /home/erds/barns_ws/install/pickn_place/share/pickn_place/mesh/portafilter.STL
[1.240s] -- Up-to-date: /home/erds/barns_ws/install/pickn_place/share/ament_index/resource_index/package_run_dependencies/pickn_place
[1.240s] -- Installing: /home/erds/barns_ws/install/pickn_place/share/ament_index/resource_index/parent_prefix_path/pickn_place
[1.240s] -- Up-to-date: /home/erds/barns_ws/install/pickn_place/share/pickn_place/environment/ament_prefix_path.sh
[1.240s] -- Installing: /home/erds/barns_ws/install/pickn_place/share/pickn_place/environment/ament_prefix_path.dsv
[1.240s] -- Up-to-date: /home/erds/barns_ws/install/pickn_place/share/pickn_place/environment/path.sh
[1.240s] -- Installing: /home/erds/barns_ws/install/pickn_place/share/pickn_place/environment/path.dsv
[1.240s] -- Up-to-date: /home/erds/barns_ws/install/pickn_place/share/pickn_place/local_setup.bash
[1.240s] -- Up-to-date: /home/erds/barns_ws/install/pickn_place/share/pickn_place/local_setup.sh
[1.240s] -- Up-to-date: /home/erds/barns_ws/install/pickn_place/share/pickn_place/local_setup.zsh
[1.240s] -- Installing: /home/erds/barns_ws/install/pickn_place/share/pickn_place/local_setup.dsv
[1.240s] -- Installing: /home/erds/barns_ws/install/pickn_place/share/pickn_place/package.dsv
[1.241s] -- Up-to-date: /home/erds/barns_ws/install/pickn_place/share/ament_index/resource_index/packages/pickn_place
[1.241s] -- Up-to-date: /home/erds/barns_ws/install/pickn_place/share/pickn_place/cmake/pickn_placeConfig.cmake
[1.241s] -- Up-to-date: /home/erds/barns_ws/install/pickn_place/share/pickn_place/cmake/pickn_placeConfig-version.cmake
[1.241s] -- Installing: /home/erds/barns_ws/install/pickn_place/share/pickn_place/package.xml
[1.243s] Invoked command in '/home/erds/barns_ws/build/pickn_place' returned '0': CMAKE_PREFIX_PATH=${CMAKE_PREFIX_PATH}:/home/erds/ws_moveit/install/launch_param_builder:/home/erds/barns_ws/install/servo_action:/home/erds/barns_ws/install/dobot_bringup_v3:/home/erds/barns_ws/install/dobot_moveit:/home/erds/barns_ws/install/dobot_demo:/opt/ros/humble /usr/bin/cmake --install /home/erds/barns_ws/build/pickn_place
